0.030635833740234375,744
0.05914616584777832,743
0.06006479263305664,742
0.06339788436889648,741
0.06849193572998047,740
0.0687251091003418,739
0.12225699424743652,738
0.12969517707824707,737
0.14807581901550293,736
0.1667768955230713,735
0.17404699325561523,734
0.18271088600158691,733
0.18367385864257812,732
0.2111070156097412,731
0.2172861099243164,730
0.2439439296722412,729
0.26131105422973633,728
0.26157712936401367,727
0.2794210910797119,726
0.35917091369628906,725
0.371074914932251,724
0.46793413162231445,723
0.6148040294647217,722
0.6918160915374756,721
0.7065770626068115,720
0.8035879135131836,719
0.8316879272460938,718
0.9225239753723145,717
0.9335761070251465,716
1.0113601684570312,715
1.0698609352111816,714
1.0739638805389404,713
1.3286559581756592,712
1.5697240829467773,711
1.6560258865356445,710
1.914534091949463,709
1.9752228260040283,708
2.5546090602874756,707
4.3709259033203125,706
6.695745944976807,705
11.112297058105469,704
