0.030476093292236328,744
0.05256199836730957,743
0.06022500991821289,742
0.062399864196777344,741
0.06626415252685547,740
0.07741379737854004,739
0.09091401100158691,738
0.10119509696960449,737
0.14717793464660645,736
0.20191097259521484,735
0.21278095245361328,734
0.24022197723388672,733
0.24341082572937012,732
0.2497420310974121,731
0.2692759037017822,730
0.27440309524536133,729
0.29674482345581055,728
0.2998669147491455,727
0.4384419918060303,726
0.6133220195770264,725
0.6550579071044922,724
0.7018470764160156,723
0.729280948638916,722
0.7468090057373047,721
0.7691309452056885,720
1.015247106552124,719
1.024043083190918,718
1.3819048404693604,717
1.4736571311950684,716
1.5513148307800293,715
1.6497290134429932,714
1.744894027709961,713
1.799894094467163,712
2.531237840652466,711
2.5909271240234375,710
2.8017258644104004,709
2.93388295173645,708
4.91064190864563,707
6.447020053863525,706
19.005527019500732,705
62.42587900161743,704
166.58325600624084,703
