0.03020477294921875,744
0.03672170639038086,743
0.04065299034118652,742
0.042572975158691406,741
0.04848289489746094,740
0.06205582618713379,739
0.07120609283447266,738
0.08161401748657227,737
0.11078190803527832,736
0.12142586708068848,735
0.17196202278137207,734
0.18030571937561035,733
0.19458603858947754,732
0.1988658905029297,731
0.2429509162902832,730
0.24567604064941406,729
0.2520008087158203,728
0.2838749885559082,727
0.29231977462768555,726
0.37043190002441406,725
0.37748074531555176,724
0.37885475158691406,723
0.43605494499206543,722
0.457535982131958,721
0.5411958694458008,720
0.648643970489502,719
0.6524200439453125,718
0.8335659503936768,717
0.8384089469909668,716
0.9395298957824707,715
1.0983238220214844,714
1.3083009719848633,713
1.336897850036621,712
1.3894498348236084,711
1.5458769798278809,710
2.2352380752563477,709
2.3406031131744385,708
2.42887806892395,707
3.4848580360412598,706
12.642587900161743,705
38.669142961502075,704
109.9742648601532,703
