0.03149080276489258,744
0.055159807205200195,743
0.06284713745117188,742
0.07136201858520508,741
0.09148406982421875,740
0.09474587440490723,739
0.10914111137390137,738
0.1113119125366211,737
0.1149141788482666,736
0.12040209770202637,735
0.13777899742126465,734
0.14756202697753906,733
0.19382905960083008,732
0.20993304252624512,731
0.23270606994628906,730
0.265139102935791,729
0.2987940311431885,728
0.3150520324707031,727
0.3192441463470459,726
0.40257811546325684,725
0.564612865447998,724
0.6137270927429199,723
0.6203970909118652,722
0.7025940418243408,721
0.7413361072540283,720
0.7815811634063721,719
0.9766640663146973,718
0.9904131889343262,717
1.100909948348999,716
1.3713481426239014,715
1.4623439311981201,714
1.548962116241455,713
2.047173023223877,712
2.073859930038452,711
2.2157840728759766,710
2.3884999752044678,709
6.043625116348267,708
7.2569580078125,707
7.756228923797607,706
10.070516109466553,705
19.643614053726196,704
122.00006794929504,703
