0.030568838119506836,744
0.04652285575866699,743
0.06120872497558594,742
0.07614493370056152,741
0.08396077156066895,740
0.0986640453338623,739
0.12117981910705566,738
0.12356781959533691,737
0.13582801818847656,736
0.14396381378173828,735
0.1467897891998291,734
0.1670069694519043,733
0.17034077644348145,732
0.20264291763305664,731
0.2194077968597412,730
0.2364060878753662,729
0.2556297779083252,728
0.26171278953552246,727
0.2893078327178955,726
0.3268728256225586,725
0.344484806060791,724
0.3540627956390381,723
0.3747987747192383,722
0.4102489948272705,721
0.41411590576171875,720
0.4219667911529541,719
0.47229909896850586,718
0.549375057220459,717
0.6747877597808838,716
0.7562389373779297,715
0.7978277206420898,714
0.8185038566589355,713
0.8878316879272461,712
0.9249908924102783,711
0.9960169792175293,710
2.5247130393981934,709
3.1080338954925537,708
4.478224992752075,707
4.756704092025757,706
4.956193685531616,705
23.749475717544556,704
105.49741697311401,703
