0.03063797950744629,744
0.0384829044342041,743
0.048963069915771484,742
0.07253098487854004,741
0.08678102493286133,740
0.09492993354797363,739
0.1102149486541748,738
0.11767292022705078,737
0.12025904655456543,736
0.12035107612609863,735
0.13589191436767578,734
0.13876104354858398,733
0.14129090309143066,732
0.16782593727111816,731
0.2213890552520752,730
0.3091609477996826,729
0.3451828956604004,728
0.38808608055114746,727
0.4656360149383545,726
0.49494409561157227,725
0.5094058513641357,724
0.5278458595275879,723
0.5492908954620361,722
0.6685729026794434,721
0.7129521369934082,720
0.7931830883026123,719
0.7988321781158447,718
0.9550750255584717,717
1.0083560943603516,716
1.0103092193603516,715
1.3283309936523438,714
1.9284698963165283,713
2.0335240364074707,712
2.5602340698242188,711
3.028346061706543,710
3.115294933319092,709
4.193304061889648,708
4.365913152694702,707
4.847829103469849,706
5.368320941925049,705
92.14226984977722,704
553.5239658355713,703
