0.030621767044067383,744
0.06678462028503418,743
0.06897163391113281,742
0.07736968994140625,741
0.08151388168334961,740
0.09289669990539551,739
0.11089158058166504,738
0.13727164268493652,737
0.1393287181854248,736
0.1424849033355713,735
0.1453087329864502,734
0.15253376960754395,733
0.18929362297058105,732
0.19204378128051758,731
0.20356988906860352,730
0.21328997611999512,729
0.21482372283935547,728
0.2201688289642334,727
0.2275557518005371,726
0.25678181648254395,725
0.34298086166381836,724
0.44448375701904297,723
0.47803592681884766,722
0.5812697410583496,721
0.6107356548309326,720
0.6683907508850098,719
0.6735007762908936,718
0.7932369709014893,717
0.806222677230835,716
0.846071720123291,715
1.073408603668213,714
1.0796067714691162,713
1.3276057243347168,712
1.398871660232544,711
1.5413386821746826,710
1.8466527462005615,709
2.0339746475219727,708
2.809229612350464,707
2.882307767868042,706
9.558674812316895,705
126.10838580131531,704
257.9343249797821,703
