0.030737876892089844,744
0.05007195472717285,743
0.05152392387390137,742
0.05661487579345703,741
0.05962991714477539,740
0.07295107841491699,739
0.10641789436340332,738
0.10693192481994629,737
0.1075749397277832,736
0.1127479076385498,735
0.12468981742858887,734
0.13145804405212402,733
0.1418168544769287,732
0.19327187538146973,731
0.20206379890441895,730
0.2088918685913086,729
0.24262189865112305,728
0.2574620246887207,727
0.2773880958557129,726
0.29056286811828613,725
0.3307819366455078,724
0.3550300598144531,723
0.3872339725494385,722
0.42610788345336914,721
0.45868802070617676,720
0.5326189994812012,719
0.5951259136199951,718
0.6910920143127441,717
0.7952239513397217,716
0.9977390766143799,715
1.1464440822601318,714
1.57194185256958,713
2.1675379276275635,712
2.1705679893493652,711
2.929680824279785,710
3.2100517749786377,709
3.802297830581665,708
6.289703845977783,707
17.62614393234253,706
24.589199781417847,705
54.31390190124512,704
86.88090491294861,703
