0.0310821533203125,744
0.03943586349487305,743
0.051611900329589844,742
0.05344390869140625,741
0.05477476119995117,740
0.06647682189941406,739
0.08281612396240234,738
0.0908360481262207,737
0.11659812927246094,736
0.1237940788269043,735
0.12824797630310059,734
0.1362462043762207,733
0.13929200172424316,732
0.19574308395385742,731
0.19653987884521484,730
0.2232060432434082,729
0.24618792533874512,728
0.28787803649902344,727
0.30407190322875977,726
0.33960986137390137,725
0.37599897384643555,724
0.39345383644104004,723
0.45402097702026367,722
0.5252487659454346,721
0.55619215965271,720
0.6375479698181152,719
0.7185540199279785,718
0.7704060077667236,717
0.8225271701812744,716
0.8390429019927979,715
0.8468461036682129,714
0.8628697395324707,713
0.9052879810333252,712
1.1686038970947266,711
1.3234939575195312,710
1.4144411087036133,709
2.42448091506958,708
7.233108043670654,707
8.698341846466064,706
16.7739679813385,705
39.587504863739014,704
53.49458289146423,703
