0.03045821189880371,744
0.05657029151916504,743
0.060198307037353516,742
0.06383633613586426,741
0.06898212432861328,740
0.09106111526489258,739
0.10343313217163086,738
0.10814428329467773,737
0.11233115196228027,736
0.12338709831237793,735
0.13111209869384766,734
0.14360404014587402,733
0.17356324195861816,732
0.20558524131774902,731
0.2058870792388916,730
0.24748516082763672,729
0.25182008743286133,728
0.28825807571411133,727
0.29264211654663086,726
0.3151841163635254,725
0.343080997467041,724
0.45511913299560547,723
0.549170970916748,722
0.6190662384033203,721
0.6560561656951904,720
0.8551101684570312,719
0.8555891513824463,718
1.0084259510040283,717
1.0363361835479736,716
1.0502331256866455,715
1.0659592151641846,714
1.336184024810791,713
1.6382341384887695,712
3.0778539180755615,711
3.8528010845184326,710
3.8740880489349365,709
5.064371109008789,708
5.1340460777282715,707
6.505711078643799,706
7.660198211669922,705
73.62497115135193,704
106.57087731361389,703
