0.03053903579711914,744
0.03972816467285156,743
0.05679011344909668,742
0.06457710266113281,741
0.08306503295898438,740
0.09845495223999023,739
0.0994729995727539,738
0.13924622535705566,737
0.14660310745239258,736
0.14899206161499023,735
0.1497819423675537,734
0.15372800827026367,733
0.19094610214233398,732
0.23053312301635742,731
0.2453320026397705,730
0.2624020576477051,729
0.26494312286376953,728
0.31049299240112305,727
0.3274209499359131,726
0.3559081554412842,725
0.41150426864624023,724
0.43004894256591797,723
0.6102049350738525,722
0.6639261245727539,721
0.6747519969940186,720
0.6990280151367188,719
0.7037429809570312,718
0.7845230102539062,717
0.8787720203399658,716
0.931333065032959,715
1.0081501007080078,714
1.3513410091400146,713
2.1311848163604736,712
2.799232006072998,711
3.4796791076660156,710
3.9781579971313477,709
4.828041076660156,708
5.947734117507935,707
7.212929010391235,706
12.351076126098633,705
22.14634108543396,704
