0.030595064163208008,744
0.05504798889160156,743
0.07492899894714355,742
0.09339189529418945,741
0.09551215171813965,740
0.11726999282836914,739
0.13742375373840332,738
0.1572868824005127,737
0.1619420051574707,736
0.18799686431884766,735
0.2078700065612793,734
0.23102498054504395,733
0.24274396896362305,732
0.3053569793701172,731
0.3317990303039551,730
0.3428778648376465,729
0.38551878929138184,728
0.3883347511291504,727
0.4248378276824951,726
0.4716627597808838,725
0.5654120445251465,724
0.5974898338317871,723
0.6035897731781006,722
0.6082718372344971,721
0.728546142578125,720
0.9240899085998535,719
0.9919309616088867,718
1.2230558395385742,717
1.3682339191436768,716
1.4678380489349365,715
1.5643870830535889,714
1.5814940929412842,713
1.626889944076538,712
1.9024379253387451,711
2.256830930709839,710
3.5266928672790527,709
4.448724031448364,708
5.004982948303223,707
5.127227783203125,706
6.0830769538879395,705
31.589107990264893,704
