0.030256986618041992,744
0.035037994384765625,743
0.04705691337585449,742
0.060281991958618164,741
0.07281208038330078,740
0.08324503898620605,739
0.09667110443115234,738
0.09988093376159668,737
0.10154390335083008,736
0.10859489440917969,735
0.12712407112121582,734
0.13059401512145996,733
0.15527987480163574,732
0.16686296463012695,731
0.17403292655944824,730
0.19516491889953613,729
0.2005479335784912,728
0.2134101390838623,727
0.22410917282104492,726
0.23244690895080566,725
0.2663381099700928,724
0.27556514739990234,723
0.2949807643890381,722
0.3045518398284912,721
0.5549890995025635,720
0.5952229499816895,719
0.620283842086792,718
0.636260986328125,717
0.6442699432373047,716
0.6576759815216064,715
0.8250160217285156,714
0.8695387840270996,713
0.9489569664001465,712
1.0929479598999023,711
1.2468149662017822,710
1.8010969161987305,709
2.5483219623565674,708
8.397330045700073,707
10.205929040908813,706
11.30709981918335,705
12.375127077102661,704
43.18036508560181,703
