0.030299901962280273,744
0.049807071685791016,743
0.0519869327545166,742
0.06052803993225098,741
0.0691380500793457,740
0.07383990287780762,739
0.09502220153808594,738
0.10806107521057129,737
0.10809493064880371,736
0.11002206802368164,735
0.12725210189819336,734
0.13791799545288086,733
0.14344501495361328,732
0.1496720314025879,731
0.1989281177520752,730
0.20305204391479492,729
0.21205997467041016,728
0.21461200714111328,727
0.23894095420837402,726
0.270618200302124,725
0.3030989170074463,724
0.3280150890350342,723
0.3814380168914795,722
0.4329569339752197,721
0.5541188716888428,720
0.5842430591583252,719
0.7655911445617676,718
0.7695260047912598,717
0.8689711093902588,716
0.9795651435852051,715
1.027947187423706,714
1.2768762111663818,713
1.4209210872650146,712
1.5624451637268066,711
1.6739771366119385,710
1.8987042903900146,709
2.2664361000061035,708
3.2016351222991943,707
7.638046026229858,706
8.011605024337769,705
44.55491805076599,704
