0.03052377700805664,744
0.03971600532531738,743
0.04427480697631836,742
0.051785945892333984,741
0.05804896354675293,740
0.06438589096069336,739
0.07184672355651855,738
0.0824429988861084,737
0.10002398490905762,736
0.10258889198303223,735
0.12165975570678711,734
0.13237977027893066,733
0.1441798210144043,732
0.19009685516357422,731
0.21542811393737793,730
0.21695208549499512,729
0.22981500625610352,728
0.2558109760284424,727
0.27353501319885254,726
0.31885409355163574,725
0.3253288269042969,724
0.3849020004272461,723
0.39733195304870605,722
0.4644320011138916,721
0.7414917945861816,720
0.7755708694458008,719
0.9428269863128662,718
0.9913840293884277,717
0.9986839294433594,716
1.2074370384216309,715
1.5707149505615234,714
1.883622169494629,713
1.9553158283233643,712
1.96933913230896,711
2.183393955230713,710
2.720750093460083,709
2.982222080230713,708
7.494800090789795,707
8.29006576538086,706
13.75693416595459,705
21.99812912940979,704
132.66345691680908,703
