0.031270742416381836,744
0.06414008140563965,743
0.073638916015625,742
0.0880739688873291,741
0.09226703643798828,740
0.09389185905456543,739
0.09429597854614258,738
0.10058069229125977,737
0.1018378734588623,736
0.11387896537780762,735
0.13736295700073242,734
0.14385104179382324,733
0.15242385864257812,732
0.17303705215454102,731
0.23119282722473145,730
0.3258368968963623,729
0.36960792541503906,728
0.3993709087371826,727
0.4108617305755615,726
0.45391201972961426,725
0.4645047187805176,724
0.5025227069854736,723
0.5248067378997803,722
0.7611799240112305,721
0.831331729888916,720
1.1388719081878662,719
1.3021669387817383,718
1.4580137729644775,717
1.544179916381836,716
1.571424961090088,715
1.6754307746887207,714
1.889366865158081,713
1.9527339935302734,712
2.332559823989868,711
2.748128890991211,710
3.7104079723358154,709
4.1926429271698,708
4.8320817947387695,707
4.896190881729126,706
5.141534805297852,705
8.015269756317139,704
26.180023908615112,703
