0.030581951141357422,744
0.03684711456298828,743
0.03854012489318848,742
0.0586390495300293,741
0.1006472110748291,740
0.10341715812683105,739
0.13306808471679688,738
0.13979697227478027,737
0.17040801048278809,736
0.1833641529083252,735
0.19469213485717773,734
0.2032020092010498,733
0.24118924140930176,732
0.25529909133911133,731
0.27530407905578613,730
0.2835099697113037,729
0.2851600646972656,728
0.3141810894012451,727
0.3656172752380371,726
0.3796238899230957,725
0.3967602252960205,724
0.4215402603149414,723
0.4513893127441406,722
0.47458505630493164,721
0.484572172164917,720
0.6051352024078369,719
0.7295510768890381,718
0.7692830562591553,717
0.8061480522155762,716
0.8836820125579834,715
0.9809331893920898,714
0.9964909553527832,713
1.3270792961120605,712
1.685617208480835,711
1.973356008529663,710
2.4039602279663086,709
2.46832013130188,708
4.8230531215667725,707
5.897783041000366,706
6.069076061248779,705
16.38118028640747,704
33.47856521606445,703
