0.03026890754699707,744
0.03838992118835449,743
0.04662013053894043,742
0.05284595489501953,741
0.0604860782623291,740
0.06571102142333984,739
0.06884002685546875,738
0.07134699821472168,737
0.07743310928344727,736
0.08784794807434082,735
0.09707808494567871,734
0.10741615295410156,733
0.15314197540283203,732
0.16611599922180176,731
0.16888117790222168,730
0.17983412742614746,729
0.18083810806274414,728
0.1821119785308838,727
0.18673992156982422,726
0.18782806396484375,725
0.21558594703674316,724
0.27080488204956055,723
0.3226969242095947,722
0.36844301223754883,721
0.4624300003051758,720
0.7713611125946045,719
0.7819781303405762,718
0.8390340805053711,717
0.8668851852416992,716
1.1401069164276123,715
1.2263548374176025,714
1.500605821609497,713
1.7738890647888184,712
1.9936060905456543,711
2.008397102355957,710
2.9207658767700195,709
5.227284908294678,708
5.420606851577759,707
6.955620050430298,706
33.31089520454407,705
35.03416299819946,704
42.402393102645874,703
