0.03033304214477539,744
0.056626081466674805,743
0.07188105583190918,742
0.09558415412902832,741
0.10599708557128906,740
0.1366100311279297,739
0.14337897300720215,738
0.14831805229187012,737
0.15362310409545898,736
0.159041166305542,735
0.1672379970550537,734
0.17508792877197266,733
0.1961979866027832,732
0.23613810539245605,731
0.2830770015716553,730
0.2952139377593994,729
0.2955291271209717,728
0.3040132522583008,727
0.3916912078857422,726
0.41882801055908203,725
0.5114362239837646,724
0.5178990364074707,723
0.5242609977722168,722
0.6176199913024902,721
0.694094181060791,720
0.8580832481384277,719
0.9854700565338135,718
1.0147449970245361,717
1.1690289974212646,716
1.3356821537017822,715
1.346601963043213,714
1.514096975326538,713
1.9019410610198975,712
2.0912280082702637,711
2.229361057281494,710
2.3788089752197266,709
2.6630210876464844,708
5.756937026977539,707
6.073047161102295,706
6.60575795173645,705
23.418154001235962,704
41.67736196517944,703
