0.030646085739135742,744
0.053157806396484375,743
0.0612790584564209,742
0.06284689903259277,741
0.07623600959777832,740
0.07638406753540039,739
0.08366894721984863,738
0.10451412200927734,737
0.11576080322265625,736
0.12101984024047852,735
0.16588592529296875,734
0.1874067783355713,733
0.19963288307189941,732
0.20331811904907227,731
0.22739577293395996,730
0.28612685203552246,729
0.3009757995605469,728
0.34891390800476074,727
0.35799598693847656,726
0.38039398193359375,725
0.3937380313873291,724
0.40883588790893555,723
0.4566919803619385,722
0.5272018909454346,721
0.5468921661376953,720
0.5649979114532471,719
0.6749451160430908,718
0.7463691234588623,717
0.7538108825683594,716
0.8452250957489014,715
0.8946938514709473,714
0.9900269508361816,713
1.0109388828277588,712
1.4085719585418701,711
1.6403968334197998,710
2.067257881164551,709
2.614447832107544,708
3.29298996925354,707
30.996542930603027,706
33.52875900268555,705
49.555516958236694,704
51.60070085525513,703
