0.29022884368896484,2262
0.37796974182128906,2261
0.4398670196533203,2260
0.45215678215026855,2259
0.4769878387451172,2258
0.5879700183868408,2257
0.6177127361297607,2256
0.6205229759216309,2255
0.6271469593048096,2254
0.6881828308105469,2253
0.814255952835083,2252
0.8631939888000488,2251
0.8635687828063965,2250
0.8829009532928467,2249
0.9060509204864502,2248
1.022902011871338,2247
1.0643718242645264,2246
1.1482617855072021,2245
1.2180237770080566,2244
1.3169269561767578,2243
1.3914029598236084,2242
1.3965439796447754,2241
1.4211077690124512,2240
1.4779307842254639,2239
1.5439977645874023,2238
1.5479037761688232,2237
1.600419044494629,2236
1.667494773864746,2235
1.687483787536621,2234
1.7807748317718506,2233
1.782843828201294,2232
1.8893938064575195,2231
2.107985734939575,2230
2.186042070388794,2229
2.307466983795166,2228
2.411796808242798,2227
2.533707857131958,2226
2.7179770469665527,2225
2.742828845977783,2224
2.7453458309173584,2223
2.9379968643188477,2222
3.514547824859619,2221
3.8888378143310547,2220
3.899930715560913,2219
3.901902914047241,2218
4.341234922409058,2217
4.495866060256958,2216
5.555066108703613,2215
6.472905874252319,2214
7.05657172203064,2213
8.629207849502563,2212
9.198002815246582,2211
9.696837663650513,2210
10.68790602684021,2209
13.8486008644104,2208
17.822847843170166,2207
17.948165893554688,2206
22.070581912994385,2205
70.0861599445343,2204
129.3777859210968,2203
