0.28531885147094727,2262
0.4030780792236328,2261
0.48480677604675293,2260
0.512502908706665,2259
0.6747908592224121,2258
0.6823029518127441,2257
0.7312331199645996,2256
0.758375883102417,2255
0.8530528545379639,2254
0.860518217086792,2253
0.9157860279083252,2252
0.9368429183959961,2251
1.0615050792694092,2250
1.1892421245574951,2249
1.208677053451538,2248
1.2658638954162598,2247
1.2708849906921387,2246
1.2709429264068604,2245
1.338630199432373,2244
1.615004062652588,2243
1.6755990982055664,2242
1.7396690845489502,2241
1.7439532279968262,2240
1.7567410469055176,2239
1.7788448333740234,2238
1.8045339584350586,2237
1.8281500339508057,2236
1.9656360149383545,2235
2.1142170429229736,2234
2.146430015563965,2233
2.474961042404175,2232
2.8252410888671875,2231
2.9792208671569824,2230
3.1896560192108154,2229
3.5791280269622803,2228
3.6496829986572266,2227
4.07701301574707,2226
4.468235015869141,2225
4.731366872787476,2224
4.87071418762207,2223
5.337234020233154,2222
5.401104211807251,2221
5.666321039199829,2220
6.162431001663208,2219
6.602630853652954,2218
7.34254789352417,2217
7.3667919635772705,2216
7.376751184463501,2215
8.142458200454712,2214
8.851935863494873,2213
8.95897102355957,2212
10.258226871490479,2211
10.615596055984497,2210
16.257884979248047,2209
16.401026964187622,2208
16.4566650390625,2207
17.493157148361206,2206
26.932147979736328,2205
38.64919090270996,2204
42.78192210197449,2203
