0.27728700637817383,2262
0.41076087951660156,2261
0.41597986221313477,2260
0.5190439224243164,2259
0.5586740970611572,2258
0.5919170379638672,2257
0.6537220478057861,2256
0.7071437835693359,2255
0.7340562343597412,2254
0.756356954574585,2253
0.7712020874023438,2252
0.7767758369445801,2251
0.787977933883667,2250
0.8658549785614014,2249
0.8946840763092041,2248
0.9819397926330566,2247
1.0572378635406494,2246
1.1128721237182617,2245
1.2002990245819092,2244
1.253967046737671,2243
1.2852699756622314,2242
1.3333580493927002,2241
1.4517931938171387,2240
1.591097116470337,2239
1.6902260780334473,2238
2.1041178703308105,2237
2.1568140983581543,2236
2.190473794937134,2235
2.1983158588409424,2234
2.3034310340881348,2233
2.420914888381958,2232
2.5695478916168213,2231
2.6671829223632812,2230
2.6884310245513916,2229
2.7683491706848145,2228
2.85367488861084,2227
3.10746693611145,2226
3.1211178302764893,2225
3.1407999992370605,2224
3.2418248653411865,2223
3.451058864593506,2222
3.713200092315674,2221
4.027677059173584,2220
4.446145057678223,2219
4.552761077880859,2218
4.849277973175049,2217
5.0321760177612305,2216
5.101725101470947,2215
5.138586044311523,2214
5.329530954360962,2213
7.009140968322754,2212
7.721105098724365,2211
8.225914001464844,2210
8.875954151153564,2209
11.3643319606781,2208
12.837723016738892,2207
15.023391008377075,2206
21.4543719291687,2205
29.02151393890381,2204
59.53422498703003,2203
