0.27899909019470215,2262
0.3051869869232178,2261
0.31951379776000977,2260
0.3695368766784668,2259
0.40218687057495117,2258
0.5395739078521729,2257
0.5957870483398438,2256
0.5988328456878662,2255
0.6095428466796875,2254
0.6173708438873291,2253
0.6292510032653809,2252
0.6491928100585938,2251
0.6539840698242188,2250
0.707085132598877,2249
0.717278003692627,2248
0.8058328628540039,2247
0.8227629661560059,2246
0.9010570049285889,2245
0.9652910232543945,2244
1.1638939380645752,2243
1.2901928424835205,2242
1.4527370929718018,2241
1.455414056777954,2240
1.5258350372314453,2239
1.6029839515686035,2238
1.6652889251708984,2237
1.6774678230285645,2236
1.6980528831481934,2235
1.8485169410705566,2234
1.899148941040039,2233
2.049649953842163,2232
2.1462180614471436,2231
2.1744728088378906,2230
2.4671568870544434,2229
2.773005962371826,2228
2.8333487510681152,2227
2.929764747619629,2226
3.086652994155884,2225
3.530339002609253,2224
3.645296812057495,2223
3.6701629161834717,2222
3.873649835586548,2221
3.960563898086548,2220
4.260759115219116,2219
5.033941030502319,2218
5.229814052581787,2217
5.276402950286865,2216
5.738009929656982,2215
5.797285795211792,2214
5.882990121841431,2213
6.544133901596069,2212
10.433540105819702,2211
10.802103042602539,2210
11.89856481552124,2209
12.515858888626099,2208
13.154729843139648,2207
22.449338912963867,2206
37.23319697380066,2205
61.627445936203,2204
72.5091781616211,2203
