0.2898092269897461,2262
0.3381631374359131,2261
0.3695530891418457,2260
0.4212210178375244,2259
0.459597110748291,2258
0.5659520626068115,2257
0.6301360130310059,2256
0.687481164932251,2255
0.6890621185302734,2254
0.7290990352630615,2253
0.757958173751831,2252
0.7766649723052979,2251
0.8049750328063965,2250
0.8111040592193604,2249
0.84381103515625,2248
0.8687138557434082,2247
0.8870692253112793,2246
0.9970180988311768,2245
1.0325469970703125,2244
1.0396380424499512,2243
1.0521740913391113,2242
1.0804550647735596,2241
1.1243870258331299,2240
1.1653270721435547,2239
1.2311320304870605,2238
1.2713770866394043,2237
1.4381999969482422,2236
1.4457981586456299,2235
1.4692599773406982,2234
1.6050479412078857,2233
1.725811243057251,2232
1.7556641101837158,2231
1.9080839157104492,2230
2.073338031768799,2229
2.274164915084839,2228
2.3677291870117188,2227
2.459095001220703,2226
2.5486130714416504,2225
2.5733139514923096,2224
3.0327889919281006,2223
3.1458311080932617,2222
3.358962059020996,2221
3.692656993865967,2220
4.273459196090698,2219
4.315402984619141,2218
4.522728204727173,2217
4.554344177246094,2216
4.619720935821533,2215
5.693135976791382,2214
6.367491006851196,2213
6.895388126373291,2212
6.92577600479126,2211
7.834594011306763,2210
10.176945209503174,2209
10.310764074325562,2208
13.303720951080322,2207
17.96578097343445,2206
17.98469114303589,2205
28.60022807121277,2204
67.25306582450867,2203
