0.286740779876709,2262
0.4413270950317383,2261
0.4793891906738281,2260
0.5576400756835938,2259
0.5686230659484863,2258
0.6436610221862793,2257
0.6750800609588623,2256
0.6971650123596191,2255
0.7679860591888428,2254
0.7990691661834717,2253
0.8217010498046875,2252
0.8649680614471436,2251
1.0446240901947021,2250
1.1330299377441406,2249
1.1631519794464111,2248
1.2511987686157227,2247
1.3556578159332275,2246
1.361314058303833,2245
1.4199230670928955,2244
1.4680290222167969,2243
1.5124421119689941,2242
1.5879340171813965,2241
1.626147985458374,2240
1.7706809043884277,2239
1.7916059494018555,2238
1.9209718704223633,2237
2.1663808822631836,2236
2.1728320121765137,2235
2.2943971157073975,2234
2.3951311111450195,2233
2.58652400970459,2232
2.588529109954834,2231
2.65852689743042,2230
2.9522018432617188,2229
3.3621108531951904,2228
3.520771026611328,2227
3.7973039150238037,2226
3.8999550342559814,2225
3.958994150161743,2224
4.176472902297974,2223
4.252617835998535,2222
4.434611082077026,2221
4.48539400100708,2220
4.838122844696045,2219
5.086100816726685,2218
5.412798881530762,2217
6.937635898590088,2216
6.969101905822754,2215
7.7458789348602295,2214
7.841562986373901,2213
9.868515968322754,2212
10.629459857940674,2211
11.311285972595215,2210
11.538734912872314,2209
12.85328197479248,2208
19.070098161697388,2207
19.8542640209198,2206
49.75397491455078,2205
113.49575114250183,2204
122.07815384864807,2203
