0.2786710262298584,2262
0.4442880153656006,2261
0.5062038898468018,2260
0.5443501472473145,2259
0.5553228855133057,2258
0.5797080993652344,2257
0.5960090160369873,2256
0.688356876373291,2255
0.6895451545715332,2254
0.9720730781555176,2253
0.9910018444061279,2252
1.0318701267242432,2251
1.137664794921875,2250
1.283019781112671,2249
1.3662018775939941,2248
1.3931097984313965,2247
1.3975989818572998,2246
1.5132150650024414,2245
1.5367839336395264,2244
1.5383639335632324,2243
1.591336965560913,2242
1.6091947555541992,2241
1.7122678756713867,2240
1.7769050598144531,2239
1.866797924041748,2238
2.070424795150757,2237
2.073145866394043,2236
2.0881848335266113,2235
2.211656093597412,2234
2.3063299655914307,2233
2.3511698246002197,2232
2.4060540199279785,2231
2.447540044784546,2230
2.62337589263916,2229
2.7263879776000977,2228
2.8644509315490723,2227
3.2068259716033936,2226
3.42549204826355,2225
3.4754929542541504,2224
3.6770131587982178,2223
3.772757053375244,2222
3.7734570503234863,2221
4.084427833557129,2220
5.5807600021362305,2219
5.882228136062622,2218
5.964077949523926,2217
6.0921900272369385,2216
6.431386947631836,2215
7.316266775131226,2214
7.706641912460327,2213
8.252361059188843,2212
9.410977840423584,2211
11.825978994369507,2210
13.003507137298584,2209
13.020825862884521,2208
13.964460849761963,2207
16.960367918014526,2206
17.400989055633545,2205
27.153024911880493,2204
60.27328395843506,2203
