0.28818821907043457,2262
0.34050822257995605,2261
0.39433717727661133,2260
0.46569228172302246,2259
0.4669351577758789,2258
0.534041166305542,2257
0.5810651779174805,2256
0.6304943561553955,2255
0.6689531803131104,2254
0.7376680374145508,2253
0.756601095199585,2252
0.8164200782775879,2251
0.8284180164337158,2250
0.8574492931365967,2249
0.8601043224334717,2248
0.9247961044311523,2247
0.9268002510070801,2246
0.9465839862823486,2245
0.9542713165283203,2244
0.9563701152801514,2243
1.0495221614837646,2242
1.0658531188964844,2241
1.0753772258758545,2240
1.2832491397857666,2239
1.2918510437011719,2238
1.3177592754364014,2237
1.3413350582122803,2236
1.4102072715759277,2235
1.4415442943572998,2234
1.6590430736541748,2233
1.6793420314788818,2232
1.7671799659729004,2231
1.7908589839935303,2230
1.9227020740509033,2229
2.1309642791748047,2228
2.22027325630188,2227
2.631685256958008,2226
2.70125412940979,2225
2.768620014190674,2224
2.9290192127227783,2223
2.99084210395813,2222
3.1916630268096924,2221
3.3185372352600098,2220
3.4736440181732178,2219
3.5002832412719727,2218
3.7613770961761475,2217
4.359717130661011,2216
4.5468761920928955,2215
4.750508069992065,2214
6.1239001750946045,2213
6.27129602432251,2212
7.1203460693359375,2211
8.749771118164062,2210
9.553972244262695,2209
10.166468143463135,2208
13.097224235534668,2207
15.402430295944214,2206
31.563332080841064,2205
36.57691526412964,2204
81.3155210018158,2203
