0.279710054397583,2262
0.36820483207702637,2261
0.4252040386199951,2260
0.460601806640625,2259
0.500046968460083,2258
0.6205639839172363,2257
0.659243106842041,2256
0.6822648048400879,2255
0.8460218906402588,2254
0.8560080528259277,2253
0.8593628406524658,2252
0.8666989803314209,2251
1.030177116394043,2250
1.1078479290008545,2249
1.147420883178711,2248
1.2652409076690674,2247
1.2744429111480713,2246
1.280817985534668,2245
1.43890380859375,2244
1.5365047454833984,2243
1.657923936843872,2242
1.7126989364624023,2241
1.7528331279754639,2240
1.7681989669799805,2239
1.848578929901123,2238
1.9292597770690918,2237
2.0786139965057373,2236
2.0906057357788086,2235
2.0964810848236084,2234
2.170348882675171,2233
2.266206979751587,2232
2.2751450538635254,2231
2.3795909881591797,2230
2.5730998516082764,2229
2.5772957801818848,2228
2.9168038368225098,2227
3.024260997772217,2226
3.1972129344940186,2225
3.396589756011963,2224
3.421396017074585,2223
3.4412198066711426,2222
3.645199775695801,2221
4.5784618854522705,2220
4.8528220653533936,2219
4.897660970687866,2218
5.189356803894043,2217
5.447276830673218,2216
5.904156923294067,2215
6.50127387046814,2214
6.841876983642578,2213
9.027233123779297,2212
9.36494493484497,2211
9.818978786468506,2210
10.07344388961792,2209
13.734184980392456,2208
14.86530590057373,2207
16.967851877212524,2206
24.87106490135193,2205
28.670670747756958,2204
101.05649280548096,2203
