0.2814140319824219,2262
0.6673500537872314,2261
0.7190649509429932,2260
0.7497901916503906,2259
0.7567532062530518,2258
0.7745380401611328,2257
0.8529109954833984,2256
0.8591558933258057,2255
0.8865010738372803,2254
1.019869089126587,2253
1.041020154953003,2252
1.0515010356903076,2251
1.1471889019012451,2250
1.2424540519714355,2249
1.4681918621063232,2248
1.504392147064209,2247
1.6180572509765625,2246
1.6659009456634521,2245
1.7270491123199463,2244
1.755241870880127,2243
1.8434479236602783,2242
1.8847310543060303,2241
1.890578031539917,2240
2.002639055252075,2239
2.1935300827026367,2238
2.262570858001709,2237
2.334855079650879,2236
2.3835790157318115,2235
2.391763210296631,2234
2.3921689987182617,2233
2.5923681259155273,2232
2.59470796585083,2231
2.722219944000244,2230
2.7521891593933105,2229
3.431273937225342,2228
3.436182975769043,2227
4.024564027786255,2226
4.211064100265503,2225
4.325908899307251,2224
4.368613004684448,2223
4.429736137390137,2222
4.549278259277344,2221
4.750293970108032,2220
5.20679497718811,2219
5.271238088607788,2218
5.436355113983154,2217
5.659046173095703,2216
6.670058012008667,2215
6.946624040603638,2214
7.256217002868652,2213
7.344304084777832,2212
7.901747226715088,2211
10.589798212051392,2210
10.65052318572998,2209
10.741729021072388,2208
16.51885724067688,2207
16.742389917373657,2206
21.921448230743408,2205
25.720632076263428,2204
40.71753215789795,2203
