0.27811408042907715,2262
0.47800302505493164,2261
0.5727212429046631,2260
0.6266911029815674,2259
0.6834890842437744,2258
0.6984639167785645,2257
0.7275571823120117,2256
0.850161075592041,2255
0.8616571426391602,2254
0.8651981353759766,2253
0.9855432510375977,2252
1.0530202388763428,2251
1.0736210346221924,2250
1.1868679523468018,2249
1.1983489990234375,2248
1.307206153869629,2247
1.3268401622772217,2246
1.338474988937378,2245
1.5894620418548584,2244
1.6084060668945312,2243
1.6301219463348389,2242
1.6514880657196045,2241
1.6669611930847168,2240
1.7087202072143555,2239
1.8190178871154785,2238
1.8632419109344482,2237
1.8960230350494385,2236
1.9226670265197754,2235
1.9877979755401611,2234
2.0055410861968994,2233
2.016400098800659,2232
2.043694019317627,2231
2.1928839683532715,2230
2.2914249897003174,2229
2.409776210784912,2228
2.4531900882720947,2227
2.4796769618988037,2226
2.722064256668091,2225
2.8136491775512695,2224
2.830782890319824,2223
3.112936019897461,2222
3.117266893386841,2221
3.2380480766296387,2220
3.3895480632781982,2219
3.4254589080810547,2218
3.7126100063323975,2217
3.844309091567993,2216
3.872955083847046,2215
4.896815061569214,2214
5.427592992782593,2213
8.513258934020996,2212
10.30663013458252,2211
11.460299015045166,2210
12.559491157531738,2209
12.743774890899658,2208
12.80143690109253,2207
13.29201602935791,2206
13.545814037322998,2205
34.9325749874115,2204
58.54807806015015,2203
