0.27855992317199707,2262
0.3917717933654785,2261
0.42346882820129395,2260
0.4466688632965088,2259
0.5234367847442627,2258
0.5941660404205322,2257
0.599172830581665,2256
0.6381409168243408,2255
0.7274487018585205,2254
0.7421939373016357,2253
0.7893187999725342,2252
0.8783717155456543,2251
0.8817217350006104,2250
0.9936597347259521,2249
1.079953908920288,2248
1.217782735824585,2247
1.2419919967651367,2246
1.3044958114624023,2245
1.3542227745056152,2244
1.4189398288726807,2243
1.4424898624420166,2242
1.4425380229949951,2241
1.4694647789001465,2240
1.4803850650787354,2239
1.515298843383789,2238
1.6229019165039062,2237
1.637401819229126,2236
1.6543629169464111,2235
1.7017967700958252,2234
1.7326667308807373,2233
1.8705098628997803,2232
1.9260170459747314,2231
1.9746057987213135,2230
1.9751150608062744,2229
2.0235557556152344,2228
2.108320951461792,2227
2.6514248847961426,2226
2.659000873565674,2225
2.9150798320770264,2224
3.1893467903137207,2223
3.272001028060913,2222
3.2811057567596436,2221
3.6582207679748535,2220
3.8499629497528076,2219
4.0057690143585205,2218
4.236364841461182,2217
4.659678936004639,2216
5.045974016189575,2215
5.24462890625,2214
5.299969673156738,2213
5.6148858070373535,2212
7.766844987869263,2211
8.849340915679932,2210
8.89525580406189,2209
11.00106692314148,2208
18.832560777664185,2207
27.67739176750183,2206
33.34500575065613,2205
47.8927538394928,2204
210.07014679908752,2203
