0.2785820960998535,2262
0.3688392639160156,2261
0.4162561893463135,2260
0.5521893501281738,2259
0.5779190063476562,2258
0.6101722717285156,2257
0.6246962547302246,2256
0.6478071212768555,2255
0.6510031223297119,2254
0.7080593109130859,2253
0.8298251628875732,2252
0.9007081985473633,2251
0.9910173416137695,2250
1.0027263164520264,2249
1.0122990608215332,2248
1.067427158355713,2247
1.1636302471160889,2246
1.3878252506256104,2245
1.4724652767181396,2244
1.4888131618499756,2243
1.5153942108154297,2242
1.5682873725891113,2241
1.6264822483062744,2240
1.6610572338104248,2239
1.7018764019012451,2238
1.8272204399108887,2237
1.8305091857910156,2236
1.903428077697754,2235
1.908069133758545,2234
1.9387731552124023,2233
2.0775082111358643,2232
2.139191150665283,2231
2.225551128387451,2230
2.2413811683654785,2229
2.345031261444092,2228
2.430206298828125,2227
2.482206344604492,2226
2.702709197998047,2225
2.8276381492614746,2224
2.9060580730438232,2223
3.405879020690918,2222
3.7100253105163574,2221
4.152073383331299,2220
4.428323268890381,2219
4.828693151473999,2218
5.363298177719116,2217
5.645093202590942,2216
5.6713361740112305,2215
6.033641338348389,2214
6.253917217254639,2213
6.634817123413086,2212
6.638628244400024,2211
6.726349115371704,2210
7.056122303009033,2209
7.643052101135254,2208
8.329930067062378,2207
9.024967193603516,2206
10.270576238632202,2205
87.43933534622192,2204
169.72442317008972,2203
