0.27901315689086914,2262
0.4346182346343994,2261
0.47158193588256836,2260
0.5273668766021729,2259
0.5821261405944824,2258
0.6997570991516113,2257
0.7208390235900879,2256
0.8135280609130859,2255
0.835899829864502,2254
0.8402390480041504,2253
0.8593430519104004,2252
0.9589939117431641,2251
0.9639098644256592,2250
0.9803609848022461,2249
1.0236639976501465,2248
1.125378131866455,2247
1.1601171493530273,2246
1.182513952255249,2245
1.189697027206421,2244
1.195223093032837,2243
1.2623209953308105,2242
1.308760166168213,2241
1.387624979019165,2240
1.4290821552276611,2239
1.5107970237731934,2238
1.5687129497528076,2237
1.5955431461334229,2236
1.631803035736084,2235
1.648888111114502,2234
1.7435030937194824,2233
1.7518751621246338,2232
1.7977368831634521,2231
1.9060420989990234,2230
1.9689691066741943,2229
2.2078800201416016,2228
2.2474470138549805,2227
2.363590955734253,2226
2.4902679920196533,2225
2.609483003616333,2224
2.81997013092041,2223
2.954453945159912,2222
3.3725152015686035,2221
3.381255865097046,2220
3.399087905883789,2219
3.4497010707855225,2218
4.014678001403809,2217
4.65079402923584,2216
4.840578079223633,2215
4.905313014984131,2214
5.0961291790008545,2213
5.881392955780029,2212
6.251114130020142,2211
6.289514064788818,2210
7.384961128234863,2209
10.61845088005066,2208
11.687166929244995,2207
18.590330839157104,2206
25.42931294441223,2205
29.255228996276855,2204
33.12204122543335,2203
