0.2798190116882324,2262
0.3635437488555908,2261
0.4046189785003662,2260
0.453671932220459,2259
0.4853188991546631,2258
0.6282749176025391,2257
0.7107667922973633,2256
0.7440741062164307,2255
0.8257238864898682,2254
0.8394198417663574,2253
0.8549859523773193,2252
0.9466331005096436,2251
0.9842088222503662,2250
1.0027117729187012,2249
1.04402494430542,2248
1.060992956161499,2247
1.1213619709014893,2246
1.2039508819580078,2245
1.3408010005950928,2244
1.4350018501281738,2243
1.5056869983673096,2242
1.5992021560668945,2241
1.6107409000396729,2240
1.6297779083251953,2239
1.7956428527832031,2238
1.8345191478729248,2237
2.020183801651001,2236
2.096798896789551,2235
2.120133876800537,2234
2.2567811012268066,2233
2.26641583442688,2232
2.3579699993133545,2231
2.6855969429016113,2230
2.770819902420044,2229
2.7961878776550293,2228
2.845170021057129,2227
2.895008087158203,2226
3.0056068897247314,2225
3.018805980682373,2224
3.028743028640747,2223
3.2821340560913086,2222
3.3743209838867188,2221
3.5678939819335938,2220
3.763624906539917,2219
5.746696949005127,2218
5.759913921356201,2217
6.184120178222656,2216
6.449285984039307,2215
6.502794981002808,2214
7.114048004150391,2213
8.550484895706177,2212
8.660715103149414,2211
9.853307962417603,2210
10.175580978393555,2209
13.869495153427124,2208
15.637002944946289,2207
20.162746906280518,2206
20.27264380455017,2205
42.83670496940613,2204
150.68416094779968,2203
