0.278552770614624,2262
0.3590428829193115,2261
0.4295361042022705,2260
0.4744117259979248,2259
0.5611968040466309,2258
0.6126408576965332,2257
0.6550610065460205,2256
0.7351570129394531,2255
0.7519598007202148,2254
1.0077190399169922,2253
1.0577459335327148,2252
1.0711660385131836,2251
1.1215167045593262,2250
1.2279019355773926,2249
1.5448689460754395,2248
1.5944058895111084,2247
1.7335948944091797,2246
1.7541279792785645,2245
1.8207697868347168,2244
1.9290359020233154,2243
1.9811809062957764,2242
2.0601179599761963,2241
2.109524965286255,2240
2.1325278282165527,2239
2.1487298011779785,2238
2.3524317741394043,2237
2.395908832550049,2236
2.477550983428955,2235
2.5293238162994385,2234
2.5982987880706787,2233
2.6114919185638428,2232
2.7900118827819824,2231
2.790742874145508,2230
3.194248914718628,2229
3.306264877319336,2228
3.4720618724823,2227
3.6635079383850098,2226
3.711120843887329,2225
3.896522045135498,2224
4.217928886413574,2223
4.587491750717163,2222
4.7706639766693115,2221
4.897564888000488,2220
5.307567834854126,2219
5.325844049453735,2218
5.34563684463501,2217
5.479843854904175,2216
5.526203870773315,2215
6.985046148300171,2214
7.3553760051727295,2213
7.449779987335205,2212
7.967550039291382,2211
8.194384813308716,2210
10.20264196395874,2209
12.934850931167603,2208
16.666085958480835,2207
17.531648874282837,2206
22.74148988723755,2205
25.341601848602295,2204
29.728842973709106,2203
