0.2795090675354004,2262
0.39966487884521484,2261
0.48812103271484375,2260
0.5104148387908936,2259
0.5148072242736816,2258
0.5172481536865234,2257
0.7430212497711182,2256
0.8801109790802002,2255
0.9000248908996582,2254
0.9312388896942139,2253
1.0541441440582275,2252
1.0712800025939941,2251
1.1689109802246094,2250
1.2102980613708496,2249
1.3263680934906006,2248
1.330989122390747,2247
1.3442351818084717,2246
1.4313631057739258,2245
1.4554529190063477,2244
1.5441648960113525,2243
1.5580480098724365,2242
1.608842134475708,2241
1.7225091457366943,2240
1.9000201225280762,2239
1.916593074798584,2238
1.9743740558624268,2237
2.0721161365509033,2236
2.1000430583953857,2235
2.1199188232421875,2234
2.1701221466064453,2233
2.179943084716797,2232
2.1807780265808105,2231
2.5389740467071533,2230
2.63993501663208,2229
2.6755530834198,2228
2.8700950145721436,2227
2.9627420902252197,2226
3.0617549419403076,2225
3.080899238586426,2224
3.1333582401275635,2223
3.258557081222534,2222
3.706299066543579,2221
3.8052330017089844,2220
5.113257169723511,2219
5.250136852264404,2218
5.621700048446655,2217
5.635639190673828,2216
5.700953006744385,2215
5.724675893783569,2214
5.887593984603882,2213
7.838296175003052,2212
9.165818929672241,2211
9.336515188217163,2210
9.523008108139038,2209
10.692955017089844,2208
11.08744192123413,2207
11.163798093795776,2206
11.503806114196777,2205
12.491990089416504,2204
24.699953079223633,2203
