0.2902851104736328,2262
0.3295159339904785,2261
0.4276087284088135,2260
0.45052075386047363,2259
0.5039608478546143,2258
0.6596968173980713,2257
0.6929669380187988,2256
0.7439308166503906,2255
0.7510378360748291,2254
0.7962498664855957,2253
0.8899688720703125,2252
0.9177289009094238,2251
0.9668128490447998,2250
1.0219447612762451,2249
1.0787849426269531,2248
1.080185890197754,2247
1.1163079738616943,2246
1.2071559429168701,2245
1.3067760467529297,2244
1.351146936416626,2243
1.352607011795044,2242
1.3555400371551514,2241
1.4896979331970215,2240
1.4904730319976807,2239
1.582927942276001,2238
1.68623685836792,2237
1.6894378662109375,2236
1.8819918632507324,2235
1.892725944519043,2234
1.9581151008605957,2233
2.014569044113159,2232
2.059342861175537,2231
2.078589916229248,2230
2.1708149909973145,2229
2.555407762527466,2228
2.7832489013671875,2227
3.240532875061035,2226
3.2824478149414062,2225
3.4292070865631104,2224
3.4294118881225586,2223
3.4757471084594727,2222
3.6237130165100098,2221
4.000097990036011,2220
4.456657886505127,2219
4.654212951660156,2218
4.9795708656311035,2217
5.912399768829346,2216
5.968626022338867,2215
7.100098133087158,2214
7.491611957550049,2213
7.700031042098999,2212
8.020034074783325,2211
8.513609886169434,2210
10.224767923355103,2209
11.804690837860107,2208
12.098121881484985,2207
14.377443075180054,2206
16.9148108959198,2205
17.306626081466675,2204
30.01120090484619,2203
