0.2925832271575928,2262
0.4567751884460449,2261
0.4573090076446533,2260
0.49995899200439453,2259
0.5684878826141357,2258
0.7181460857391357,2257
0.743433952331543,2256
0.8038980960845947,2255
0.8159019947052002,2254
0.8670470714569092,2253
0.87618088722229,2252
0.9464371204376221,2251
0.9753100872039795,2250
1.0759248733520508,2249
1.0792419910430908,2248
1.118807077407837,2247
1.1205041408538818,2246
1.1317760944366455,2245
1.1951611042022705,2244
1.2659239768981934,2243
1.3264508247375488,2242
1.3306548595428467,2241
1.4619970321655273,2240
1.568566083908081,2239
1.7145159244537354,2238
1.8721590042114258,2237
2.0541470050811768,2236
2.1012110710144043,2235
2.1419451236724854,2234
2.1998519897460938,2233
2.301002025604248,2232
2.4221460819244385,2231
2.4640450477600098,2230
2.5029711723327637,2229
2.86141300201416,2228
2.91629695892334,2227
2.9946959018707275,2226
3.0654850006103516,2225
3.138747215270996,2224
3.2789318561553955,2223
3.3587398529052734,2222
3.571154832839966,2221
3.6902031898498535,2220
3.691317081451416,2219
3.7545320987701416,2218
3.831270217895508,2217
3.997138261795044,2216
5.034198045730591,2215
5.083634853363037,2214
5.139451026916504,2213
6.5697340965271,2212
6.807619094848633,2211
8.601269006729126,2210
9.856471061706543,2209
10.070638179779053,2208
13.75809097290039,2207
13.903186082839966,2206
17.64381694793701,2205
24.84732484817505,2204
47.95448112487793,2203
