0.2801940441131592,2262
0.36065220832824707,2261
0.3657710552215576,2260
0.42391514778137207,2259
0.4782233238220215,2258
0.5299472808837891,2257
0.6548752784729004,2256
0.6849701404571533,2255
0.7365281581878662,2254
0.7532203197479248,2253
0.7885892391204834,2252
0.9070310592651367,2251
0.9369490146636963,2250
1.1419861316680908,2249
1.205031394958496,2248
1.32417631149292,2247
1.3697443008422852,2246
1.3716883659362793,2245
1.4434764385223389,2244
1.4724953174591064,2243
1.5297751426696777,2242
1.677469253540039,2241
1.6796531677246094,2240
1.793788194656372,2239
2.052528142929077,2238
2.2102463245391846,2237
2.3161380290985107,2236
2.4562501907348633,2235
2.465792179107666,2234
2.5383102893829346,2233
2.598443031311035,2232
2.6925642490386963,2231
2.804563283920288,2230
3.381737232208252,2229
3.417410135269165,2228
3.716853141784668,2227
3.717402219772339,2226
3.802199125289917,2225
3.942430257797241,2224
3.9432671070098877,2223
4.386674165725708,2222
4.586522102355957,2221
4.668493270874023,2220
4.898802280426025,2219
5.411200046539307,2218
6.015552043914795,2217
6.117220163345337,2216
6.301082134246826,2215
7.71756911277771,2214
7.8900370597839355,2213
8.499443292617798,2212
8.51325535774231,2211
10.438096284866333,2210
12.599178075790405,2209
12.727434158325195,2208
12.99535322189331,2207
13.390611410140991,2206
16.431764364242554,2205
18.5542311668396,2204
19.177009344100952,2203
