5.104707717895508,7038
9.57384967803955,7037
14.7289879322052,7036
16.281714916229248,7035
19.391788959503174,7034
22.61516785621643,7033
25.85177183151245,7032
27.407091856002808,7031
29.730182886123657,7030
32.65358591079712,7029
41.89145493507385,7028
42.63913083076477,7027
53.42543578147888,7026
56.596163749694824,7025
59.001229763031006,7024
64.1822988986969,7023
65.80505704879761,7022
82.62077283859253,7021
83.37369275093079,7020
85.89513397216797,7019
87.13250875473022,7018
93.68035674095154,7017
98.06263494491577,7016
102.58115673065186,7015
103.98256993293762,7014
111.12658405303955,7013
114.5632598400116,7012
118.88857293128967,7011
127.03820085525513,7010
129.55653405189514,7009
131.11856985092163,7008
137.1743938922882,7007
142.80154490470886,7006
142.9722957611084,7005
144.26066303253174,7004
157.6148648262024,7003
165.72770190238953,7002
167.1656458377838,7001
174.16955590248108,7000
178.06013107299805,6999
194.09225177764893,6998
213.88608312606812,6997
234.6425588130951,6996
258.92445492744446,6995
287.73675084114075,6994
294.62083673477173,6993
303.41118478775024,6992
326.1785569190979,6991
370.7733738422394,6990
384.0666449069977,6989
406.35426688194275,6988
416.4540958404541,6987
417.4561598300934,6986
448.66331791877747,6985
452.75445890426636,6984
455.1656320095062,6983
472.2644510269165,6982
488.5548737049103,6981
506.0330948829651,6980
564.9927978515625,6979
581.9764668941498,6978
591.6260757446289,6977
