5.24847412109375,7038
14.15227198600769,7037
18.432965993881226,7036
19.702298164367676,7035
24.362632274627686,7034
27.90410590171814,7033
37.81101107597351,7032
41.9040789604187,7031
46.36198902130127,7030
49.75876808166504,7029
50.62025427818298,7028
55.45577001571655,7027
56.803569078445435,7026
57.021708965301514,7025
57.02238726615906,7024
81.79137396812439,7023
82.24435496330261,7022
82.99360513687134,7021
84.8233551979065,7020
88.75985312461853,7019
103.63471007347107,7018
107.50137424468994,7017
113.5295021533966,7016
116.80566215515137,7015
121.69543504714966,7014
126.60699105262756,7013
133.72961401939392,7012
138.13475108146667,7011
148.16163396835327,7010
161.85973596572876,7009
169.78926515579224,7008
171.0137379169464,7007
173.85945892333984,7006
175.71588015556335,7005
177.8368890285492,7004
182.30591297149658,7003
184.6662781238556,7002
189.93612909317017,7001
194.30917716026306,7000
200.35346293449402,6999
202.7072639465332,6998
206.15423607826233,6997
219.21891617774963,6996
237.4204089641571,6995
239.00639605522156,6994
240.91873812675476,6993
261.2853171825409,6992
268.65417528152466,6991
290.0932500362396,6990
319.2103650569916,6989
319.49623227119446,6988
323.12395906448364,6987
340.8158710002899,6986
342.403657913208,6985
371.176283121109,6984
387.66163086891174,6983
420.40171790122986,6982
451.2859010696411,6981
476.6626670360565,6980
528.2680850028992,6979
569.0387902259827,6978
