10.051316976547241,4856
10.208393096923828,4855
10.54336404800415,4854
10.772034883499146,4853
12.417265176773071,4852
12.596551179885864,4851
13.042633056640625,4850
13.211910009384155,4849
13.859847068786621,4848
14.305204153060913,4847
14.716553211212158,4846
15.100932121276855,4845
15.35706901550293,4844
15.40051007270813,4843
15.635700225830078,4842
15.648437976837158,4841
16.023875951766968,4840
16.64438486099243,4839
16.699105978012085,4838
16.951066970825195,4837
16.96841597557068,4836
16.99752688407898,4835
17.132305145263672,4834
17.13884401321411,4833
17.177929162979126,4832
17.600767850875854,4831
17.798031091690063,4830
17.820868968963623,4829
17.986561059951782,4828
18.351841926574707,4827
18.456439971923828,4826
18.638984203338623,4825
19.132894039154053,4824
19.240684032440186,4823
19.240946054458618,4822
19.713808059692383,4821
19.72748112678528,4820
19.735412120819092,4819
19.803096055984497,4818
20.46939206123352,4817
20.60750412940979,4816
20.64862895011902,4815
20.6525559425354,4814
20.663398027420044,4813
20.671167135238647,4812
20.672593116760254,4811
20.72005009651184,4810
20.833472967147827,4809
20.95087194442749,4808
20.963040828704834,4807
20.99146008491516,4806
21.02500009536743,4805
21.634657859802246,4804
22.021350145339966,4803
22.058027982711792,4802
22.127676010131836,4801
22.235214948654175,4800
22.339257955551147,4799
22.3669490814209,4798
22.710512161254883,4797
23.325065851211548,4796
23.394281148910522,4795
23.646922826766968,4794
23.666531085968018,4793
23.715808868408203,4792
23.898147106170654,4791
24.312078952789307,4790
24.4321608543396,4789
24.700286149978638,4788
24.832834005355835,4787
24.920336961746216,4786
25.15966820716858,4785
25.640703201293945,4784
25.646255016326904,4783
25.82120704650879,4782
26.050852060317993,4781
26.134063005447388,4780
26.320767879486084,4779
26.381024837493896,4778
26.391643047332764,4777
26.593459129333496,4776
27.111309051513672,4775
27.303462028503418,4774
27.31900715827942,4773
27.354434967041016,4772
27.396196126937866,4771
27.497459173202515,4770
27.551550149917603,4769
28.21445608139038,4768
28.33452606201172,4767
28.41406512260437,4766
28.6822190284729,4765
28.682417154312134,4764
28.764634132385254,4763
28.78769302368164,4762
28.798461198806763,4761
29.48538899421692,4760
29.51179003715515,4759
29.526129007339478,4758
29.722207069396973,4757
30.05442190170288,4756
30.773588180541992,4755
30.77504301071167,4754
30.842482089996338,4753
30.85461711883545,4752
30.917673110961914,4751
30.93626308441162,4750
31.26363205909729,4749
31.491549015045166,4748
32.022072076797485,4747
32.06278896331787,4746
32.110538959503174,4745
32.236148834228516,4744
32.46189498901367,4743
32.476195096969604,4742
32.557164907455444,4741
32.657055139541626,4740
32.66487002372742,4739
32.85665202140808,4738
33.140666007995605,4737
33.184362173080444,4736
33.561405181884766,4735
33.92154312133789,4734
34.13438296318054,4733
34.41380000114441,4732
34.54433298110962,4731
35.16882014274597,4730
35.33984923362732,4729
35.69335103034973,4728
35.83218812942505,4727
36.579050064086914,4726
36.600586891174316,4725
36.69214200973511,4724
37.71745705604553,4723
37.76068711280823,4722
37.9890239238739,4721
38.01238203048706,4720
38.098453998565674,4719
38.10043406486511,4718
38.132018089294434,4717
38.20983099937439,4716
38.57740783691406,4715
38.59265398979187,4714
38.96420502662659,4713
39.040210008621216,4712
39.44011211395264,4711
39.50920104980469,4710
40.12635803222656,4709
40.410566091537476,4708
40.62347888946533,4707
40.7007110118866,4706
40.88282299041748,4705
40.946067094802856,4704
40.98275113105774,4703
41.061518907547,4702
41.25173497200012,4701
41.39496421813965,4700
42.640106201171875,4699
43.10508704185486,4698
43.47151803970337,4697
43.52323389053345,4696
44.37732291221619,4695
44.81526207923889,4694
45.056747913360596,4693
45.65827012062073,4692
46.38282012939453,4691
46.467369079589844,4690
46.63417601585388,4689
46.800025939941406,4688
47.728636026382446,4687
47.89785695075989,4686
48.99727392196655,4685
49.04139518737793,4684
49.3138542175293,4683
49.317317962646484,4682
50.06304597854614,4681
50.51704502105713,4680
50.75479602813721,4679
50.80772590637207,4678
50.81024193763733,4677
50.95114994049072,4676
50.98634314537048,4675
51.48175501823425,4674
51.694977045059204,4673
51.74650311470032,4672
52.31725716590881,4671
52.38158416748047,4670
52.56382393836975,4669
52.83344912528992,4668
53.04599905014038,4667
54.69720005989075,4666
56.00422120094299,4665
56.61525917053223,4664
57.253727197647095,4663
57.75505185127258,4662
58.06243705749512,4661
58.08196020126343,4660
58.214900970458984,4659
59.25027918815613,4658
59.84344410896301,4657
60.07365608215332,4656
60.17290997505188,4655
60.273160219192505,4654
60.51381301879883,4653
61.07308506965637,4652
61.941670179367065,4651
62.149062156677246,4650
62.35448098182678,4649
63.090656995773315,4648
63.51342821121216,4647
64.09791612625122,4646
64.44571900367737,4645
64.62509989738464,4644
64.74135303497314,4643
65.53996515274048,4642
66.04273390769958,4641
68.8875060081482,4640
69.0912880897522,4639
69.30220603942871,4638
70.07079315185547,4637
70.47369599342346,4636
70.54315304756165,4635
70.96101498603821,4634
71.13361597061157,4633
71.25227093696594,4632
71.42005205154419,4631
73.45317697525024,4630
73.47434306144714,4629
73.63129806518555,4628
73.91566514968872,4627
74.16753506660461,4626
76.19216513633728,4625
76.27469992637634,4624
76.55967998504639,4623
77.33801412582397,4622
77.34379196166992,4621
77.69794511795044,4620
78.85900616645813,4619
79.04649114608765,4618
80.38338303565979,4617
80.70565223693848,4616
81.86593699455261,4615
81.90044713020325,4614
83.49092388153076,4613
83.8417592048645,4612
84.91122913360596,4611
84.96177911758423,4610
87.93099904060364,4609
88.5631091594696,4608
89.09765601158142,4607
89.77871203422546,4606
90.23423719406128,4605
90.23680806159973,4604
94.19970607757568,4603
95.17009496688843,4602
95.17448115348816,4601
95.84789896011353,4600
96.8978111743927,4599
98.98633003234863,4598
100.61808705329895,4597
100.82265591621399,4596
101.42890214920044,4595
103.1016731262207,4594
103.2203118801117,4593
106.56639504432678,4592
107.80529713630676,4591
107.83499002456665,4590
108.407466173172,4589
115.2633900642395,4588
115.85855984687805,4587
116.23392701148987,4586
123.48364400863647,4585
125.06494998931885,4584
126.41694402694702,4583
134.02966213226318,4582
134.19370007514954,4581
137.46070098876953,4580
140.49685382843018,4579
141.4752471446991,4578
142.97359085083008,4577
146.8099081516266,4576
147.31469988822937,4575
148.56006693840027,4574
149.61416602134705,4573
154.69012117385864,4572
156.92846989631653,4571
160.33694887161255,4570
162.88964796066284,4569
163.07829594612122,4568
163.6123960018158,4567
163.73036313056946,4566
164.1521439552307,4565
169.08320999145508,4564
173.06089115142822,4563
174.6066291332245,4562
177.7345850467682,4561
188.47991800308228,4560
200.6131730079651,4559
227.08698892593384,4558
232.90968799591064,4557
257.63863587379456,4556
262.18720293045044,4555
301.8472030162811,4554
320.32526206970215,4553
351.47795605659485,4552
359.344092130661,4551
372.97816491127014,4550
375.22700214385986,4549
388.85427498817444,4548
493.7769651412964,4547
