5.0681891441345215,7038
14.38988995552063,7037
18.986999988555908,7036
25.717110872268677,7035
27.851706981658936,7034
29.253644943237305,7033
29.623015880584717,7032
34.4487521648407,7031
35.83693504333496,7030
36.425437927246094,7029
38.858500957489014,7028
40.03116798400879,7027
41.5987069606781,7026
41.61652183532715,7025
44.17560005187988,7024
57.12149500846863,7023
61.737431049346924,7022
64.9667329788208,7021
65.69759392738342,7020
66.63230681419373,7019
73.06817388534546,7018
75.00084805488586,7017
87.36577606201172,7016
93.31978011131287,7015
95.96909999847412,7014
105.21168088912964,7013
124.68878293037415,7012
127.4865288734436,7011
142.67648816108704,7010
143.22820401191711,7009
145.0320611000061,7008
145.1856129169464,7007
159.83257603645325,7006
167.89215779304504,7005
194.71953296661377,7004
210.6317799091339,7003
219.10891795158386,7002
220.74336409568787,7001
227.85660004615784,7000
235.71290111541748,6999
248.09652090072632,6998
249.8443260192871,6997
264.58986806869507,6996
266.3239860534668,6995
302.91763401031494,6994
308.0481719970703,6993
314.5799970626831,6992
321.4814829826355,6991
333.7582929134369,6990
346.50782680511475,6989
353.81590485572815,6988
363.84863781929016,6987
388.2385959625244,6986
391.6698179244995,6985
392.9243459701538,6984
400.6275429725647,6983
409.7366518974304,6982
417.2433080673218,6981
420.29738903045654,6980
437.6431829929352,6979
457.7343039512634,6978
483.5218930244446,6977
518.6532139778137,6976
527.7192628383636,6975
529.6198320388794,6974
544.9671468734741,6973
562.2296209335327,6972
564.9518430233002,6971
575.5825037956238,6970
