9.611986875534058,4856
10.535418033599854,4855
10.60852599143982,4854
11.301216125488281,4853
12.029317140579224,4852
12.070480823516846,4851
12.074193000793457,4850
12.231207847595215,4849
12.42731499671936,4848
12.481086015701294,4847
12.622022867202759,4846
12.67625093460083,4845
13.04680609703064,4844
13.670010805130005,4843
13.670988082885742,4842
13.731385231018066,4841
13.792510032653809,4840
13.919930934906006,4839
14.137611150741577,4838
14.138154029846191,4837
14.147528886795044,4836
14.200122833251953,4835
14.422001838684082,4834
14.647198915481567,4833
14.696223974227905,4832
14.697584867477417,4831
15.495877981185913,4830
15.682722091674805,4829
15.947857856750488,4828
15.971976041793823,4827
16.25142502784729,4826
16.27138090133667,4825
16.445120096206665,4824
16.4778151512146,4823
16.481148958206177,4822
16.6042320728302,4821
16.63032293319702,4820
16.64777898788452,4819
16.6669819355011,4818
16.667200088500977,4817
16.667943954467773,4816
16.679351091384888,4815
16.696880102157593,4814
17.13104796409607,4813
17.155224084854126,4812
17.22960591316223,4811
17.2972469329834,4810
17.96677303314209,4809
17.969290018081665,4808
18.173079013824463,4807
18.206883192062378,4806
18.5847749710083,4805
18.617237091064453,4804
18.835244178771973,4803
18.96133303642273,4802
18.972620010375977,4801
19.052424907684326,4800
19.15169405937195,4799
19.718947172164917,4798
19.953598022460938,4797
20.196420192718506,4796
20.199787139892578,4795
20.53358006477356,4794
20.603305101394653,4793
20.9876868724823,4792
21.247346878051758,4791
21.265539169311523,4790
21.380577087402344,4789
21.433349132537842,4788
22.0116229057312,4787
22.01629400253296,4786
22.03133797645569,4785
22.04610300064087,4784
22.14511013031006,4783
22.187793016433716,4782
22.82136297225952,4781
22.82602024078369,4780
22.831812143325806,4779
22.88618016242981,4778
22.88800311088562,4777
23.2046160697937,4776
23.249473094940186,4775
23.320072889328003,4774
23.663378953933716,4773
23.691320180892944,4772
23.73039698600769,4771
23.886844873428345,4770
23.888683080673218,4769
24.175271034240723,4768
24.379448175430298,4767
24.476624011993408,4766
24.522686004638672,4765
24.60800004005432,4764
25.236537218093872,4763
25.54682183265686,4762
26.147082090377808,4761
26.37343692779541,4760
26.396260023117065,4759
26.431770086288452,4758
26.737637042999268,4757
26.88472819328308,4756
27.15305495262146,4755
27.297401189804077,4754
27.430994987487793,4753
27.866981983184814,4752
27.875596046447754,4751
27.934098958969116,4750
28.07458782196045,4749
28.38803791999817,4748
28.728153228759766,4747
28.870553016662598,4746
28.91581106185913,4745
29.061616897583008,4744
29.149832010269165,4743
29.518545866012573,4742
29.518738985061646,4741
29.539376974105835,4740
29.540961980819702,4739
29.541255950927734,4738
29.666555881500244,4737
29.66824698448181,4736
29.78175687789917,4735
30.720444917678833,4734
30.804707050323486,4733
31.076925039291382,4732
31.749852895736694,4731
31.927109956741333,4730
32.428637981414795,4729
32.82426190376282,4728
32.84913516044617,4727
33.22284007072449,4726
33.31373906135559,4725
33.31393885612488,4724
33.32159113883972,4723
33.62288689613342,4722
33.89387011528015,4721
33.909477949142456,4720
34.11328411102295,4719
34.29490900039673,4718
34.447901010513306,4717
34.91737198829651,4716
35.39641714096069,4715
35.398268938064575,4714
36.02981996536255,4713
36.332645893096924,4712
36.35388207435608,4711
36.5644109249115,4710
36.67732501029968,4709
36.87412786483765,4708
37.18367004394531,4707
37.308244943618774,4706
37.971303939819336,4705
38.524452209472656,4704
38.59560298919678,4703
39.50181198120117,4702
39.65901494026184,4701
39.84124803543091,4700
39.92371106147766,4699
40.287108182907104,4698
41.06467413902283,4697
41.089272022247314,4696
41.55372214317322,4695
41.806910037994385,4694
41.881733894348145,4693
42.3855140209198,4692
42.67835283279419,4691
42.691092014312744,4690
43.03194808959961,4689
43.03913402557373,4688
43.04979991912842,4687
43.46182990074158,4686
43.99510192871094,4685
44.13535118103027,4684
44.169942140579224,4683
44.39165687561035,4682
44.42700910568237,4681
44.682132959365845,4680
44.715373039245605,4679
44.73191809654236,4678
45.39014291763306,4677
45.523499965667725,4676
45.66032791137695,4675
45.72645401954651,4674
46.08047318458557,4673
46.198545932769775,4672
46.33204507827759,4671
46.62263083457947,4670
46.91919207572937,4669
47.14102911949158,4668
47.263487100601196,4667
47.363911867141724,4666
47.77604603767395,4665
48.41597390174866,4664
48.73269987106323,4663
49.105713844299316,4662
49.94220590591431,4661
50.38508105278015,4660
50.50842499732971,4659
50.54957389831543,4658
50.717936992645264,4657
50.92657208442688,4656
51.48101997375488,4655
52.35061192512512,4654
52.66996097564697,4653
52.99211287498474,4652
53.1467809677124,4651
53.444401025772095,4650
53.57440114021301,4649
54.290477991104126,4648
54.46548295021057,4647
54.51881289482117,4646
54.83568096160889,4645
54.88646984100342,4644
56.09626603126526,4643
56.260706186294556,4642
56.42706298828125,4641
56.6473228931427,4640
56.68712306022644,4639
57.162940979003906,4638
57.69973301887512,4637
57.853617906570435,4636
58.510348081588745,4635
59.056447982788086,4634
59.29849910736084,4633
59.36888813972473,4632
60.28803992271423,4631
60.47122001647949,4630
61.62170696258545,4629
61.80289578437805,4628
63.26347208023071,4627
63.401222944259644,4626
63.92206692695618,4625
65.58565497398376,4624
65.92680191993713,4623
67.0123929977417,4622
67.1401879787445,4621
67.77385306358337,4620
68.80928897857666,4619
69.12305307388306,4618
69.24625301361084,4617
70.48085498809814,4616
70.99814295768738,4615
72.38195300102234,4614
72.4278609752655,4613
72.70117092132568,4612
73.58136510848999,4611
73.75790500640869,4610
73.92461204528809,4609
74.51471900939941,4608
74.58629393577576,4607
78.0902771949768,4606
78.33557891845703,4605
78.67355298995972,4604
79.10871291160583,4603
79.1628999710083,4602
80.3921320438385,4601
82.87435698509216,4600
83.13645911216736,4599
83.6758451461792,4598
85.671138048172,4597
88.93271708488464,4596
90.04434895515442,4595
90.95432305335999,4594
91.34749484062195,4593
93.20008611679077,4592
93.85355401039124,4591
94.92397594451904,4590
95.82330012321472,4589
97.66084718704224,4588
99.58372807502747,4587
104.32795906066895,4586
106.02503085136414,4585
106.40898513793945,4584
106.88953399658203,4583
108.53003215789795,4582
108.66561508178711,4581
109.30364894866943,4580
114.11422109603882,4579
115.37838697433472,4578
119.05564999580383,4577
122.38639903068542,4576
126.28830599784851,4575
128.4470820426941,4574
131.4071969985962,4573
132.85354590415955,4572
133.54825401306152,4571
137.1747009754181,4570
143.29733395576477,4569
147.67419385910034,4568
152.3782799243927,4567
152.54528403282166,4566
156.75770592689514,4565
157.53154802322388,4564
166.51543402671814,4563
167.81299901008606,4562
170.62352800369263,4561
177.44452810287476,4560
180.64217400550842,4559
192.61912393569946,4558
193.76835799217224,4557
203.47254991531372,4556
204.0630750656128,4555
213.02972102165222,4554
214.31268095970154,4553
219.7418508529663,4552
351.7358319759369,4551
364.74367117881775,4550
421.92629885673523,4549
567.6458969116211,4548
590.8774998188019,4547
