5.116994857788086,7038
11.781299829483032,7037
16.732563972473145,7036
21.299712657928467,7035
35.14133882522583,7034
38.39410161972046,7033
40.65255284309387,7032
52.12966203689575,7031
52.7338387966156,7030
57.83631896972656,7029
74.37269306182861,7028
76.41210603713989,7027
79.90880084037781,7026
89.693856716156,7025
100.57840991020203,7024
105.69003987312317,7023
112.52996683120728,7022
113.13715481758118,7021
114.15902495384216,7020
114.1635410785675,7019
116.94063067436218,7018
118.75839495658875,7017
120.87538576126099,7016
122.12362504005432,7015
132.20281767845154,7014
138.0873007774353,7013
144.70836782455444,7012
145.69961667060852,7011
169.06468200683594,7010
174.0026068687439,7009
192.9704248905182,7008
195.80611085891724,7007
197.8775918483734,7006
204.20031690597534,7005
211.86658573150635,7004
226.55154490470886,7003
231.06092977523804,7002
232.51839804649353,7001
233.6349618434906,7000
258.4206578731537,6999
267.8207278251648,6998
269.0002419948578,6997
273.9128966331482,6996
291.24189496040344,6995
300.0931508541107,6994
310.6939718723297,6993
329.193562746048,6992
347.0136368274689,6991
352.8549988269806,6990
372.97431778907776,6989
374.0467097759247,6988
381.28694581985474,6987
383.7787547111511,6986
384.69356966018677,6985
400.582722902298,6984
405.7017979621887,6983
417.59120178222656,6982
421.834157705307,6981
440.17379570007324,6980
548.5753788948059,6979
552.6969308853149,6978
