5.107341051101685,7038
9.33575701713562,7037
10.57038688659668,7036
10.652737855911255,7035
14.312274932861328,7034
15.010349750518799,7033
16.033822774887085,7032
19.36037278175354,7031
38.13435697555542,7030
42.67358088493347,7029
47.528586864471436,7028
50.70185971260071,7027
63.418071031570435,7026
67.34532189369202,7025
78.66616177558899,7024
78.89031767845154,7023
88.7883927822113,7022
96.11125874519348,7021
96.95851182937622,7020
112.82339787483215,7019
126.22304677963257,7018
127.26992774009705,7017
131.91700983047485,7016
136.3406457901001,7015
144.42970180511475,7014
145.55122089385986,7013
155.61863684654236,7012
155.9657688140869,7011
156.65579271316528,7010
165.86663603782654,7009
169.19680786132812,7008
175.56711173057556,7007
175.99440574645996,7006
187.528746843338,7005
204.7068898677826,7004
209.2651858329773,7003
209.89630794525146,7002
220.9802508354187,7001
222.75666570663452,7000
227.35213994979858,6999
234.51614379882812,6998
235.47666573524475,6997
237.42318677902222,6996
269.40676498413086,6995
270.9565317630768,6994
276.70660972595215,6993
301.3610417842865,6992
306.51433086395264,6991
313.10418581962585,6990
334.62739181518555,6989
343.09069061279297,6988
348.2078399658203,6987
359.18563985824585,6986
365.55011081695557,6985
387.37007093429565,6984
396.62383484840393,6983
413.51768374443054,6982
429.00758481025696,6981
429.7254536151886,6980
432.20613193511963,6979
473.4226906299591,6978
481.5972857475281,6977
482.9678099155426,6976
524.9925029277802,6975
530.0144357681274,6974
532.9369249343872,6973
573.0510866641998,6972
575.1021497249603,6971
581.0878279209137,6970
585.2422027587891,6969
