9.681136131286621,4856
9.807578086853027,4855
10.028879165649414,4854
10.253897905349731,4853
10.846749305725098,4852
10.922014951705933,4851
11.371557235717773,4850
11.908007144927979,4849
12.028507232666016,4848
12.088102102279663,4847
12.203274965286255,4846
12.333087921142578,4845
12.343401908874512,4844
12.385987043380737,4843
12.816725015640259,4842
13.150877237319946,4841
13.202195167541504,4840
13.332000017166138,4839
13.661011934280396,4838
13.692907094955444,4837
14.198569297790527,4836
14.214653253555298,4835
14.253757238388062,4834
14.565582036972046,4833
14.697977066040039,4832
14.903877258300781,4831
15.070734024047852,4830
15.108777284622192,4829
15.203780174255371,4828
15.590462923049927,4827
15.695863008499146,4826
15.771027326583862,4825
16.124406099319458,4824
16.124855995178223,4823
16.355334281921387,4822
16.45026922225952,4821
16.519150018692017,4820
16.5362229347229,4819
16.612382173538208,4818
17.006566286087036,4817
17.496243953704834,4816
17.876622200012207,4815
17.942267179489136,4814
18.039045095443726,4813
18.278470277786255,4812
18.546500205993652,4811
18.99764108657837,4810
19.087727069854736,4809
19.107559204101562,4808
19.230553150177002,4807
19.30048894882202,4806
19.414477109909058,4805
19.502650260925293,4804
19.594030141830444,4803
19.6910240650177,4802
19.852614164352417,4801
19.864325046539307,4800
19.95745611190796,4799
19.980006217956543,4798
19.982415199279785,4797
20.02847719192505,4796
20.190036058425903,4795
20.51526713371277,4794
20.62564206123352,4793
20.82906699180603,4792
21.033684968948364,4791
21.239145278930664,4790
21.253225326538086,4789
21.261160135269165,4788
21.313101053237915,4787
21.405800342559814,4786
21.412190914154053,4785
21.730876207351685,4784
21.747162103652954,4783
21.944616317749023,4782
22.005380153656006,4781
22.728606939315796,4780
22.833795070648193,4779
22.85601830482483,4778
23.11074709892273,4777
23.152159929275513,4776
23.220904111862183,4775
23.236796140670776,4774
23.257959127426147,4773
23.587578058242798,4772
23.608801126480103,4771
23.828917980194092,4770
24.188059091567993,4769
24.213712215423584,4768
24.2690691947937,4767
24.486711978912354,4766
25.018253087997437,4765
25.359983205795288,4764
25.708949089050293,4763
25.759408235549927,4762
26.053085327148438,4761
26.86193823814392,4760
27.038614988327026,4759
27.190237283706665,4758
27.65161108970642,4757
27.654531002044678,4756
27.77290105819702,4755
27.975330114364624,4754
28.112962007522583,4753
28.175228118896484,4752
28.312313079833984,4751
28.312580108642578,4750
28.333640336990356,4749
28.356897115707397,4748
28.613343000411987,4747
28.97211527824402,4746
29.06918215751648,4745
29.647757053375244,4744
29.769201278686523,4743
29.93353509902954,4742
30.008185148239136,4741
30.185964107513428,4740
30.677796125411987,4739
30.873544216156006,4738
31.706464052200317,4737
31.821815013885498,4736
31.86310124397278,4735
32.230743169784546,4734
32.55560493469238,4733
32.61866116523743,4732
32.735209941864014,4731
32.75906705856323,4730
32.88496208190918,4729
33.365851163864136,4728
33.713011264801025,4727
33.77264404296875,4726
34.19317603111267,4725
34.337945222854614,4724
34.39103412628174,4723
34.40296125411987,4722
34.662235260009766,4721
35.01764917373657,4720
36.07869791984558,4719
36.13060021400452,4718
36.62591814994812,4717
36.66399908065796,4716
36.871169090270996,4715
36.907448053359985,4714
37.08306097984314,4713
37.085103034973145,4712
37.141181230545044,4711
37.457805156707764,4710
37.47843313217163,4709
37.70590806007385,4708
37.809760093688965,4707
37.88524413108826,4706
37.88622307777405,4705
37.940781116485596,4704
38.05845928192139,4703
38.0687689781189,4702
38.55942702293396,4701
38.76032829284668,4700
39.07056403160095,4699
39.11999201774597,4698
39.31870913505554,4697
40.58952808380127,4696
40.65775728225708,4695
42.084047079086304,4694
42.19700622558594,4693
42.28796696662903,4692
42.737077951431274,4691
42.81715202331543,4690
42.91006803512573,4689
44.068987131118774,4688
44.26452016830444,4687
44.59842300415039,4686
44.96082305908203,4685
45.20249319076538,4684
45.46366810798645,4683
45.52442693710327,4682
45.81840205192566,4681
45.98536705970764,4680
45.99149012565613,4679
47.13889217376709,4678
47.13926291465759,4677
47.5292181968689,4676
48.02272891998291,4675
48.08917307853699,4674
48.28831219673157,4673
48.29970407485962,4672
48.588566064834595,4671
48.96337103843689,4670
49.71312093734741,4669
49.77045702934265,4668
50.08390808105469,4667
51.24292516708374,4666
51.497153997421265,4665
51.696744203567505,4664
51.83367300033569,4663
52.62726616859436,4662
52.786219120025635,4661
53.06707191467285,4660
53.43905711174011,4659
53.47027015686035,4658
54.002270221710205,4657
54.2146999835968,4656
54.22866916656494,4655
54.25839424133301,4654
55.14723300933838,4653
55.777836084365845,4652
56.903714179992676,4651
57.44858694076538,4650
58.05097818374634,4649
59.118324995040894,4648
59.8060359954834,4647
59.832558155059814,4646
59.88493800163269,4645
59.90120315551758,4644
59.93253517150879,4643
60.01580214500427,4642
60.09812617301941,4641
61.09536623954773,4640
61.13600301742554,4639
61.6347451210022,4638
61.71647620201111,4637
62.1777720451355,4636
62.19295835494995,4635
62.39147210121155,4634
62.85051417350769,4633
62.91626715660095,4632
63.01426911354065,4631
63.77632522583008,4630
64.60459589958191,4629
66.1578962802887,4628
66.81260108947754,4627
67.00155520439148,4626
67.05392408370972,4625
68.05597734451294,4624
68.84950494766235,4623
68.94259405136108,4622
70.34616112709045,4621
70.48078417778015,4620
71.53632521629333,4619
72.11942219734192,4618
72.18869924545288,4617
74.08680701255798,4616
77.2415280342102,4615
78.84738111495972,4614
78.88543891906738,4613
79.01342511177063,4612
79.22111320495605,4611
79.56552004814148,4610
80.3396270275116,4609
81.05964422225952,4608
82.27136611938477,4607
83.28754210472107,4606
84.40603518486023,4605
84.7902820110321,4604
87.48696231842041,4603
88.08130621910095,4602
89.9360933303833,4601
90.43236017227173,4600
92.36289095878601,4599
92.80697917938232,4598
93.02803015708923,4597
93.69096112251282,4596
94.05324006080627,4595
95.09172415733337,4594
95.11517524719238,4593
96.26762008666992,4592
96.84037804603577,4591
99.12964034080505,4590
100.42785930633545,4589
100.78478622436523,4588
104.33041214942932,4587
104.3334572315216,4586
109.33960914611816,4585
112.43912506103516,4584
115.14406228065491,4583
115.98943209648132,4582
116.4459900856018,4581
124.75778102874756,4580
124.82818508148193,4579
126.10802006721497,4578
130.94818091392517,4577
132.09610104560852,4576
137.9239320755005,4575
142.33741903305054,4574
148.89910125732422,4573
153.20822310447693,4572
157.76412224769592,4571
160.30041432380676,4570
161.98006296157837,4569
164.27752900123596,4568
167.69860315322876,4567
178.68651795387268,4566
195.98263812065125,4565
196.48131608963013,4564
214.74186611175537,4563
216.82270622253418,4562
226.74736404418945,4561
242.84071111679077,4560
244.1592402458191,4559
285.66629910469055,4558
287.67432594299316,4557
292.0746741294861,4556
321.36496210098267,4555
321.8830871582031,4554
343.5188591480255,4553
421.2143301963806,4552
468.92603516578674,4551
530.0924191474915,4550
543.7618401050568,4549
567.5599331855774,4548
573.5982611179352,4547
