5.023831129074097,7038
11.517603158950806,7037
14.233234882354736,7036
17.76619791984558,7035
21.205271005630493,7034
24.407858848571777,7033
30.899865865707397,7032
36.91035294532776,7031
42.56422805786133,7030
43.31751799583435,7029
43.730660915374756,7028
47.7526068687439,7027
56.218414068222046,7026
57.723186016082764,7025
62.86550712585449,7024
65.64730906486511,7023
68.73302817344666,7022
70.21044993400574,7021
76.69915294647217,7020
77.09072995185852,7019
77.18799591064453,7018
77.798672914505,7017
79.30023980140686,7016
83.77664399147034,7015
84.29287815093994,7014
85.06411600112915,7013
87.21463990211487,7012
91.0845639705658,7011
93.52999496459961,7010
93.74819779396057,7009
105.13378190994263,7008
106.12679815292358,7007
108.24840807914734,7006
109.80526304244995,7005
122.53789591789246,7004
125.05248093605042,7003
153.19523096084595,7002
170.99975991249084,7001
172.687096118927,7000
191.2297990322113,6999
201.47286105155945,6998
218.69980192184448,6997
224.0536630153656,6996
233.68709778785706,6995
238.95208096504211,6994
244.64500617980957,6993
248.59500098228455,6992
258.91648411750793,6991
273.28508400917053,6990
287.44387197494507,6989
287.5841600894928,6988
315.7146649360657,6987
323.56230187416077,6986
328.8504168987274,6985
329.3656361103058,6984
332.736132144928,6983
337.338338136673,6982
340.072793006897,6981
341.84126687049866,6980
350.3750190734863,6979
380.0331130027771,6978
397.244961977005,6977
399.40579986572266,6976
408.928582906723,6975
455.24351477622986,6974
470.6979510784149,6973
476.6640350818634,6972
495.8913199901581,6971
511.29046511650085,6970
533.4449479579926,6969
533.6836149692535,6968
