5.076148986816406,7038
9.984786987304688,7037
24.746360063552856,7036
37.4471321105957,7035
42.546929121017456,7034
45.82724189758301,7033
47.76760911941528,7032
58.203006982803345,7031
62.15763807296753,7030
63.09534406661987,7029
69.58141899108887,7028
71.67074298858643,7027
71.67415285110474,7026
77.84370994567871,7025
83.4984130859375,7024
87.88418698310852,7023
93.83946585655212,7022
95.03127121925354,7021
97.87391090393066,7020
98.5743191242218,7019
104.48983597755432,7018
107.36692810058594,7017
116.25864291191101,7016
117.90777277946472,7015
123.02450394630432,7014
126.74762201309204,7013
127.86372399330139,7012
129.27845096588135,7011
132.51070618629456,7010
132.77053904533386,7009
138.14732909202576,7008
139.67364811897278,7007
145.51421093940735,7006
155.89457893371582,7005
161.7233510017395,7004
164.25881481170654,7003
168.02077317237854,7002
178.5666470527649,7001
180.8986051082611,7000
181.47766709327698,6999
181.99680995941162,6998
188.49967193603516,6997
189.6248700618744,6996
200.53223180770874,6995
202.6091911792755,6994
247.9435420036316,6993
287.84381198883057,6992
303.10567593574524,6991
330.03182792663574,6990
334.53905987739563,6989
346.7766010761261,6988
355.09444189071655,6987
387.60860991477966,6986
390.89298820495605,6985
404.5491449832916,6984
418.7431719303131,6983
445.50983905792236,6982
477.49105501174927,6981
478.3572220802307,6980
509.56652998924255,6979
549.0068359375,6978
552.5418741703033,6977
555.6766440868378,6976
561.0187408924103,6975
585.8703570365906,6974
