5.05841588973999,7038
15.476900815963745,7037
18.063796997070312,7036
19.0801260471344,7035
24.176393032073975,7034
24.594058990478516,7033
31.167707920074463,7032
32.92079710960388,7031
33.13444685935974,7030
35.50601100921631,7029
40.33310079574585,7028
41.88588881492615,7027
42.59927415847778,7026
45.93200993537903,7025
46.465429067611694,7024
46.46613311767578,7023
47.45381689071655,7022
49.36835289001465,7021
50.19259786605835,7020
63.8783278465271,7019
67.73571681976318,7018
70.2250771522522,7017
70.88935589790344,7016
73.71387600898743,7015
74.36249089241028,7014
79.2756917476654,7013
85.07553696632385,7012
86.00030398368835,7011
94.15824604034424,7010
94.21323704719543,7009
103.29806900024414,7008
106.09495210647583,7007
106.32954406738281,7006
107.57566976547241,7005
112.89202785491943,7004
112.93581795692444,7003
114.46814393997192,7002
121.41578602790833,7001
125.64456295967102,7000
150.39369678497314,6999
152.09754395484924,6998
152.32928895950317,6997
203.09765100479126,6996
203.11201786994934,6995
211.60849380493164,6994
212.47533702850342,6993
231.32455682754517,6992
243.3305060863495,6991
263.5298671722412,6990
269.82660388946533,6989
270.00568199157715,6988
275.98933386802673,6987
305.2159550189972,6986
321.38503193855286,6985
321.96941804885864,6984
354.5056858062744,6983
364.68128490448,6982
397.97693705558777,6981
422.9332067966461,6980
459.5134198665619,6979
466.96078181266785,6978
466.9854190349579,6977
471.68614196777344,6976
519.5230329036713,6975
525.4675140380859,6974
549.5226669311523,6973
562.300863981247,6972
572.4627678394318,6971
