10.028690099716187,4856
11.129379034042358,4855
12.154746294021606,4854
12.186491250991821,4853
12.216788053512573,4852
12.303959131240845,4851
12.353180885314941,4850
12.455725193023682,4849
12.961581230163574,4848
13.007004976272583,4847
13.049663066864014,4846
13.051957130432129,4845
13.357840299606323,4844
13.421492099761963,4843
13.559283971786499,4842
13.664337873458862,4841
13.877637147903442,4840
13.970459222793579,4839
14.068483114242554,4838
14.442409038543701,4837
14.765773057937622,4836
14.836865186691284,4835
15.280900239944458,4834
15.442463159561157,4833
15.841036081314087,4832
16.102572202682495,4831
16.17400312423706,4830
16.3400399684906,4829
16.48581624031067,4828
16.504881143569946,4827
16.594221115112305,4826
16.756541967391968,4825
16.811450242996216,4824
16.967319011688232,4823
16.990161895751953,4822
16.999911069869995,4821
17.041382312774658,4820
17.166402101516724,4819
17.37947392463684,4818
17.520792245864868,4817
17.5763680934906,4816
17.682744026184082,4815
17.73201012611389,4814
17.80004620552063,4813
17.8268461227417,4812
17.980425119400024,4811
18.005383014678955,4810
18.213292121887207,4809
18.26287531852722,4808
18.8035089969635,4807
18.82185125350952,4806
19.081494092941284,4805
19.715753078460693,4804
19.782629251480103,4803
19.782958269119263,4802
19.846665143966675,4801
20.168216228485107,4800
20.174524068832397,4799
20.21620202064514,4798
20.732550144195557,4797
20.85977602005005,4796
20.874507188796997,4795
21.238197088241577,4794
21.256405115127563,4793
21.608527183532715,4792
21.634785175323486,4791
21.740603923797607,4790
21.81560707092285,4789
22.093276977539062,4788
22.246278285980225,4787
22.920635223388672,4786
23.311394214630127,4785
23.466758251190186,4784
23.778658151626587,4783
23.803115129470825,4782
23.826385021209717,4781
23.857344150543213,4780
24.214564085006714,4779
24.30843210220337,4778
24.505712270736694,4777
24.815031051635742,4776
24.82213306427002,4775
25.07317304611206,4774
25.133689165115356,4773
25.240992069244385,4772
25.275057315826416,4771
25.811722993850708,4770
26.128201961517334,4769
26.731029987335205,4768
26.989809274673462,4767
27.012156009674072,4766
27.310757160186768,4765
27.48295307159424,4764
27.56124496459961,4763
27.56763505935669,4762
27.57789707183838,4761
28.08802890777588,4760
28.526612043380737,4759
29.142173051834106,4758
29.77922797203064,4757
29.809446334838867,4756
29.91419005393982,4755
29.934664964675903,4754
29.961483001708984,4753
30.66546320915222,4752
31.361809015274048,4751
31.430009126663208,4750
31.4477641582489,4749
31.615164041519165,4748
31.734516143798828,4747
32.212234020233154,4746
32.25235104560852,4745
32.28339505195618,4744
33.06824016571045,4743
33.06999921798706,4742
33.07111406326294,4741
33.13092613220215,4740
33.470914125442505,4739
33.475017070770264,4738
34.015491247177124,4737
34.430819034576416,4736
34.661898136138916,4735
34.758724212646484,4734
35.06424617767334,4733
35.118383169174194,4732
35.21007204055786,4731
35.270111083984375,4730
35.31038308143616,4729
35.39619302749634,4728
35.46886110305786,4727
35.966405153274536,4726
36.44845914840698,4725
36.470717906951904,4724
36.50467300415039,4723
36.67100501060486,4722
36.909088134765625,4721
36.910051107406616,4720
36.94874596595764,4719
37.5044150352478,4718
37.55843210220337,4717
37.877934217453,4716
37.90490221977234,4715
38.956273317337036,4714
39.0603551864624,4713
39.064651012420654,4712
39.172476053237915,4711
39.233664989471436,4710
39.82032012939453,4709
39.881378173828125,4708
40.528226137161255,4707
40.570521116256714,4706
40.57168793678284,4705
40.84822201728821,4704
41.12045431137085,4703
42.19698095321655,4702
42.56363320350647,4701
42.85671401023865,4700
42.856966972351074,4699
42.881619930267334,4698
42.89114713668823,4697
43.54811716079712,4696
43.56488394737244,4695
43.74605917930603,4694
43.87355709075928,4693
44.460822105407715,4692
44.86576509475708,4691
44.87441802024841,4690
44.92278814315796,4689
45.21550488471985,4688
45.46310615539551,4687
46.10036826133728,4686
46.316242933273315,4685
46.33565807342529,4684
47.309497117996216,4683
47.320561170578,4682
47.78378224372864,4681
48.5872540473938,4680
48.779253005981445,4679
49.258387088775635,4678
49.48197913169861,4677
49.51159620285034,4676
49.51182699203491,4675
51.278701066970825,4674
51.98789095878601,4673
52.02503299713135,4672
52.672059297561646,4671
53.09597611427307,4670
53.33743596076965,4669
53.96781897544861,4668
53.969871282577515,4667
54.528778076171875,4666
54.5615119934082,4665
55.140443325042725,4664
56.24363923072815,4663
56.35148215293884,4662
56.71542191505432,4661
56.92174315452576,4660
57.096450090408325,4659
57.363866090774536,4658
57.85609412193298,4657
57.91615319252014,4656
58.75136208534241,4655
59.41213417053223,4654
59.463778018951416,4653
59.68210315704346,4652
60.37319087982178,4651
61.23162293434143,4650
61.3874728679657,4649
61.40589213371277,4648
62.0801842212677,4647
62.324090242385864,4646
62.54943609237671,4645
63.185121059417725,4644
63.49778723716736,4643
63.645148038864136,4642
63.714274168014526,4641
64.51603627204895,4640
64.8335030078888,4639
66.48401618003845,4638
66.74016618728638,4637
67.57759594917297,4636
67.590576171875,4635
68.00326824188232,4634
69.0056791305542,4633
69.07262420654297,4632
69.19557929039001,4631
69.19958305358887,4630
69.50553297996521,4629
69.70842814445496,4628
70.11495804786682,4627
71.97923612594604,4626
73.44160413742065,4625
73.63448715209961,4624
73.72127509117126,4623
74.01717710494995,4622
74.89798212051392,4621
75.67383408546448,4620
75.90191602706909,4619
76.46442914009094,4618
76.64919400215149,4617
76.88513708114624,4616
77.23714423179626,4615
79.29068803787231,4614
79.33797407150269,4613
79.51797103881836,4612
80.69068121910095,4611
80.7605209350586,4610
81.59341812133789,4609
82.3659839630127,4608
82.39788913726807,4607
82.95190715789795,4606
82.96499013900757,4605
82.99568629264832,4604
83.13626027107239,4603
84.74899005889893,4602
87.17725014686584,4601
90.57056617736816,4600
90.62259006500244,4599
92.20855498313904,4598
93.4188323020935,4597
94.58037996292114,4596
95.15477919578552,4595
95.90761709213257,4594
97.36220598220825,4593
97.69679307937622,4592
99.30939602851868,4591
99.95580816268921,4590
100.82234501838684,4589
102.12791109085083,4588
102.86201596260071,4587
102.86458110809326,4586
103.73714900016785,4585
104.90571904182434,4584
106.59506893157959,4583
110.80465793609619,4582
110.91227006912231,4581
115.0005362033844,4580
116.78636407852173,4579
122.89993500709534,4578
126.13507890701294,4577
128.6395080089569,4576
147.6896619796753,4575
153.11591291427612,4574
158.43434810638428,4573
160.41880297660828,4572
169.72616815567017,4571
172.39000916481018,4570
175.93908619880676,4569
198.61661505699158,4568
199.3817002773285,4567
203.15507102012634,4566
203.26684594154358,4565
222.82510018348694,4564
224.22908902168274,4563
230.27998518943787,4562
245.7811152935028,4561
248.24536204338074,4560
328.2416009902954,4559
335.4789741039276,4558
342.9214680194855,4557
364.87183690071106,4556
369.3044202327728,4555
375.0784411430359,4554
421.5006630420685,4553
422.3203270435333,4552
435.9649889469147,4551
445.50664806365967,4550
501.113557100296,4549
533.5522072315216,4548
541.9207301139832,4547
545.0857770442963,4546
