9.889379262924194,4856
9.946467161178589,4855
11.121723175048828,4854
11.285927295684814,4853
11.578829050064087,4852
11.890547275543213,4851
12.63044810295105,4850
12.777822256088257,4849
12.940361261367798,4848
13.177632093429565,4847
13.191712141036987,4846
13.263977289199829,4845
13.392991065979004,4844
14.12172532081604,4843
14.19706916809082,4842
14.244088172912598,4841
14.326590299606323,4840
15.077203273773193,4839
15.392829179763794,4838
16.16373610496521,4837
16.24071717262268,4836
16.575330018997192,4835
16.90057110786438,4834
17.130637168884277,4833
17.46736216545105,4832
17.652690172195435,4831
17.670610189437866,4830
17.690006017684937,4829
17.857555389404297,4828
17.869884252548218,4827
17.883255004882812,4826
18.120603322982788,4825
18.17687225341797,4824
18.29181718826294,4823
18.396400213241577,4822
18.604114294052124,4821
18.622934103012085,4820
18.898978233337402,4819
19.190032243728638,4818
19.76504397392273,4817
19.772136211395264,4816
19.81191325187683,4815
19.819525241851807,4814
20.19985818862915,4813
20.26684021949768,4812
20.576456308364868,4811
20.629629373550415,4810
20.652822017669678,4809
20.849626302719116,4808
21.26313018798828,4807
21.63440728187561,4806
21.851556062698364,4805
21.852792263031006,4804
22.314136266708374,4803
22.41312003135681,4802
22.658889293670654,4801
22.68502926826477,4800
22.834620237350464,4799
23.017033338546753,4798
23.231810092926025,4797
23.45987629890442,4796
23.65727734565735,4795
23.902889251708984,4794
24.22985601425171,4793
24.246060132980347,4792
24.96216607093811,4791
25.018869161605835,4790
25.03764510154724,4789
25.07014298439026,4788
25.121527194976807,4787
25.247257232666016,4786
25.90356135368347,4785
25.933926343917847,4784
26.0092830657959,4783
26.01410937309265,4782
26.080153226852417,4781
26.614781379699707,4780
26.62353825569153,4779
26.715983152389526,4778
26.730972290039062,4777
26.76204800605774,4776
27.260849237442017,4775
27.520655155181885,4774
27.664542198181152,4773
27.711693048477173,4772
27.890608310699463,4771
27.936857223510742,4770
28.14347219467163,4769
28.151747226715088,4768
28.151997327804565,4767
28.40300416946411,4766
28.404134273529053,4765
28.43419313430786,4764
28.529638290405273,4763
28.64980125427246,4762
28.846635103225708,4761
29.378923177719116,4760
29.58637523651123,4759
29.624081134796143,4758
29.631168127059937,4757
29.78611922264099,4756
29.96823811531067,4755
30.073002099990845,4754
30.401194095611572,4753
30.40855121612549,4752
30.579289197921753,4751
30.622452974319458,4750
30.972678184509277,4749
31.576443195343018,4748
31.996111154556274,4747
32.161357164382935,4746
32.18438220024109,4745
32.2234103679657,4744
32.41478514671326,4743
32.87841725349426,4742
32.977896213531494,4741
33.029789209365845,4740
33.721768379211426,4739
33.92169809341431,4738
33.98551821708679,4737
34.017902135849,4736
34.070980072021484,4735
34.34315609931946,4734
34.99199628829956,4733
35.15245723724365,4732
35.2491672039032,4731
36.1263689994812,4730
36.2067232131958,4729
36.59154009819031,4728
36.67182898521423,4727
37.12557411193848,4726
37.22038221359253,4725
37.341726303100586,4724
37.66394805908203,4723
38.33232831954956,4722
38.5535249710083,4721
38.55558133125305,4720
38.63334822654724,4719
39.094335079193115,4718
39.236446380615234,4717
39.885085344314575,4716
39.909170150756836,4715
39.91879320144653,4714
39.94416618347168,4713
40.208829164505005,4712
40.31008815765381,4711
40.727880239486694,4710
40.89627122879028,4709
41.30375599861145,4708
42.41865921020508,4707
42.72515821456909,4706
42.806700229644775,4705
43.206507205963135,4704
43.24037313461304,4703
43.37312722206116,4702
43.396223068237305,4701
43.42809438705444,4700
43.54994511604309,4699
43.58245134353638,4698
43.62527322769165,4697
43.9560923576355,4696
44.092114210128784,4695
44.93911910057068,4694
45.314929246902466,4693
45.51331615447998,4692
45.74963617324829,4691
45.7791543006897,4690
46.190346002578735,4689
46.31688117980957,4688
46.56942105293274,4687
46.590731143951416,4686
47.003345251083374,4685
47.46157741546631,4684
47.58262228965759,4683
47.590092182159424,4682
47.59632611274719,4681
47.717273235321045,4680
47.85403919219971,4679
47.8752760887146,4678
48.60600399971008,4677
48.63556218147278,4676
48.66521596908569,4675
48.85982799530029,4674
49.47452116012573,4673
50.21098518371582,4672
50.21719813346863,4671
50.39364504814148,4670
50.64184236526489,4669
50.965272188186646,4668
51.73439431190491,4667
51.754786014556885,4666
53.28090715408325,4665
53.6531503200531,4664
53.86479425430298,4663
54.12285804748535,4662
54.51287031173706,4661
54.515294313430786,4660
54.81764626502991,4659
54.899012088775635,4658
55.2955322265625,4657
56.209917306900024,4656
56.5898973941803,4655
57.18012714385986,4654
57.23082518577576,4653
57.39355230331421,4652
57.488731145858765,4651
58.53687500953674,4650
59.03051519393921,4649
59.247674226760864,4648
59.64892220497131,4647
59.678049087524414,4646
61.020100116729736,4645
61.94274425506592,4644
62.19555711746216,4643
63.01754331588745,4642
63.029752254486084,4641
64.66030526161194,4640
64.74445724487305,4639
65.8098680973053,4638
65.95864009857178,4637
66.19626903533936,4636
66.68568825721741,4635
67.44427919387817,4634
68.57744932174683,4633
68.92265319824219,4632
70.34244418144226,4631
71.38877320289612,4630
71.78181195259094,4629
71.94109010696411,4628
72.86710238456726,4627
73.29158806800842,4626
73.29184103012085,4625
73.72899198532104,4624
76.25561809539795,4623
77.5247790813446,4622
77.81010103225708,4621
80.96879315376282,4620
80.96907711029053,4619
82.18741130828857,4618
82.43205213546753,4617
82.45072221755981,4616
84.13527321815491,4615
86.28505611419678,4614
86.31836128234863,4613
87.68229126930237,4612
87.83672332763672,4611
87.88733220100403,4610
88.19714832305908,4609
88.49729609489441,4608
88.51106834411621,4607
88.63793730735779,4606
89.46285319328308,4605
89.93215322494507,4604
90.5398850440979,4603
90.71239709854126,4602
95.05850434303284,4601
96.86107802391052,4600
98.19170713424683,4599
99.46533513069153,4598
100.2195451259613,4597
100.93622136116028,4596
101.6734721660614,4595
104.35990023612976,4594
105.54487609863281,4593
106.93390917778015,4592
107.65467023849487,4591
109.87830400466919,4590
112.48949718475342,4589
113.48767733573914,4588
113.78594732284546,4587
116.46821713447571,4586
117.52574729919434,4585
118.19283032417297,4584
120.6821231842041,4583
123.72099423408508,4582
126.64343619346619,4581
128.80030417442322,4580
130.08312320709229,4579
133.34260821342468,4578
137.6722812652588,4577
139.49398016929626,4576
139.86531615257263,4575
173.9752242565155,4574
174.13264322280884,4573
178.7497901916504,4572
179.4907100200653,4571
182.21359205245972,4570
188.5540370941162,4569
190.0073971748352,4568
191.14459538459778,4567
194.67382621765137,4566
199.9889373779297,4565
200.6758053302765,4564
202.54397630691528,4563
202.61590027809143,4562
204.9922480583191,4561
226.1021111011505,4560
226.45272016525269,4559
239.2919590473175,4558
239.96548199653625,4557
256.90331625938416,4556
378.8417761325836,4555
410.1455030441284,4554
444.21118426322937,4553
451.2486562728882,4552
488.5074601173401,4551
517.4950840473175,4550
554.5191371440887,4549
561.8915362358093,4548
570.6442401409149,4547
