9.669822931289673,4856
10.326989650726318,4855
11.001579761505127,4854
11.215898752212524,4853
11.929483890533447,4852
11.956908702850342,4851
12.359055757522583,4850
12.51035189628601,4849
13.093441009521484,4848
13.382767677307129,4847
13.581142663955688,4846
13.870545864105225,4845
13.893414735794067,4844
14.233633041381836,4843
14.438082695007324,4842
14.708556652069092,4841
14.734769821166992,4840
14.896415948867798,4839
14.89897084236145,4838
15.044304847717285,4837
15.081377744674683,4836
15.14219880104065,4835
15.61544394493103,4834
15.958948850631714,4833
15.969996690750122,4832
16.00205683708191,4831
16.09881591796875,4830
16.353696823120117,4829
16.755335807800293,4828
16.755762815475464,4827
17.411149740219116,4826
17.65363359451294,4825
18.59785485267639,4824
18.618794918060303,4823
18.805989742279053,4822
19.341294765472412,4821
19.373478889465332,4820
19.399714708328247,4819
19.40828585624695,4818
19.4959077835083,4817
19.554438829421997,4816
19.779072999954224,4815
19.8436496257782,4814
19.851998805999756,4813
20.42909073829651,4812
20.740214586257935,4811
20.772379875183105,4810
20.794521808624268,4809
20.801692724227905,4808
20.82962465286255,4807
20.846799850463867,4806
20.93554997444153,4805
21.160934925079346,4804
21.206703901290894,4803
21.625525951385498,4802
21.774439811706543,4801
21.90278387069702,4800
22.126904726028442,4799
22.248750686645508,4798
22.263815879821777,4797
22.740065813064575,4796
23.318060636520386,4795
23.498411655426025,4794
23.499576807022095,4793
23.53344988822937,4792
23.611751794815063,4791
23.652809858322144,4790
23.68604588508606,4789
23.75743794441223,4788
23.767158031463623,4787
24.119783878326416,4786
24.17095184326172,4785
24.17467975616455,4784
24.348575830459595,4783
24.759045839309692,4782
24.778209686279297,4781
24.9567449092865,4780
25.11825680732727,4779
25.125656843185425,4778
25.192989826202393,4777
25.464043617248535,4776
25.518725872039795,4775
25.565582752227783,4774
25.58877968788147,4773
25.80959177017212,4772
26.0506329536438,4771
26.051055669784546,4770
26.136005878448486,4769
26.15701675415039,4768
26.461718797683716,4767
26.479695796966553,4766
26.795740842819214,4765
26.814026832580566,4764
26.98186683654785,4763
27.50606060028076,4762
27.512325763702393,4761
27.635822772979736,4760
27.66382384300232,4759
27.670975923538208,4758
27.677998781204224,4757
27.723410844802856,4756
27.894019842147827,4755
27.96021294593811,4754
28.378084659576416,4753
28.387479782104492,4752
28.462601900100708,4751
28.46992588043213,4750
28.49276065826416,4749
28.668951749801636,4748
28.792449712753296,4747
29.049548625946045,4746
29.2338228225708,4745
29.23966884613037,4744
29.521424770355225,4743
29.78831672668457,4742
30.00428581237793,4741
30.041598796844482,4740
30.41332769393921,4739
30.67755699157715,4738
32.1071879863739,4737
32.21804070472717,4736
32.68379592895508,4735
33.09162974357605,4734
33.10543775558472,4733
33.2466778755188,4732
33.26813888549805,4731
33.398531675338745,4730
33.82721185684204,4729
33.86759400367737,4728
34.131178855895996,4727
34.322880029678345,4726
34.40793490409851,4725
34.79614996910095,4724
34.80584764480591,4723
34.860617876052856,4722
35.1886248588562,4721
35.323131799697876,4720
35.328980922698975,4719
35.373907804489136,4718
35.609041929244995,4717
35.64115571975708,4716
35.75572395324707,4715
36.13758373260498,4714
36.14977788925171,4713
36.16615080833435,4712
36.20622372627258,4711
36.21037173271179,4710
36.74014592170715,4709
36.844213008880615,4708
37.15416884422302,4707
38.13840579986572,4706
38.14669990539551,4705
38.21196389198303,4704
38.61208486557007,4703
39.37291383743286,4702
39.498108863830566,4701
40.32288885116577,4700
40.3479437828064,4699
40.43736982345581,4698
41.19178581237793,4697
41.30089592933655,4696
41.50755572319031,4695
41.86584496498108,4694
42.224066734313965,4693
42.960453748703,4692
43.01858186721802,4691
43.55007886886597,4690
44.01166367530823,4689
44.326926708221436,4688
44.63530874252319,4687
45.012627840042114,4686
45.48290181159973,4685
45.89382195472717,4684
45.89781475067139,4683
47.188360929489136,4682
48.43133783340454,4681
49.0010769367218,4680
49.027833700180054,4679
49.228267669677734,4678
49.38455557823181,4677
49.61177396774292,4676
50.13137888908386,4675
50.7034478187561,4674
51.322250843048096,4673
51.4537239074707,4672
51.58020377159119,4671
51.85147190093994,4670
51.90681481361389,4669
51.90717387199402,4668
52.19236373901367,4667
53.46774888038635,4666
53.48538279533386,4665
53.553616762161255,4664
53.79494380950928,4663
54.130836963653564,4662
54.50001883506775,4661
54.869789838790894,4660
55.01623296737671,4659
55.09513187408447,4658
55.24625277519226,4657
55.96870565414429,4656
56.18855285644531,4655
57.112952709198,4654
58.735803842544556,4653
59.34294390678406,4652
59.77468490600586,4651
60.216354846954346,4650
60.24398589134216,4649
60.79231286048889,4648
60.82125782966614,4647
60.841755867004395,4646
61.25268888473511,4645
61.80669975280762,4644
62.668930768966675,4643
62.689751625061035,4642
63.37432670593262,4641
63.50978374481201,4640
63.5228967666626,4639
63.68433094024658,4638
64.30929160118103,4637
64.69361686706543,4636
64.86548781394958,4635
64.94265389442444,4634
65.76608896255493,4633
66.38382077217102,4632
67.20806503295898,4631
67.67884683609009,4630
68.24885177612305,4629
70.3718729019165,4628
70.58345866203308,4627
71.50622081756592,4626
71.51413774490356,4625
71.63473987579346,4624
72.360848903656,4623
72.43972778320312,4622
72.50572371482849,4621
77.12293672561646,4620
77.15815496444702,4619
77.3326346874237,4618
77.96539378166199,4617
79.62261581420898,4616
80.73834490776062,4615
81.3313627243042,4614
82.7208046913147,4613
83.85304975509644,4612
83.85649681091309,4611
84.15046286582947,4610
84.6237199306488,4609
85.81320285797119,4608
86.92728781700134,4607
89.96321487426758,4606
90.00774073600769,4605
90.99821591377258,4604
91.33572578430176,4603
95.14250779151917,4602
96.15575289726257,4601
96.8985767364502,4600
96.951979637146,4599
99.85224676132202,4598
99.86271786689758,4597
101.45546293258667,4596
101.48014068603516,4595
103.3377616405487,4594
103.5049819946289,4593
104.75033497810364,4592
105.1337468624115,4591
105.14066672325134,4590
106.04365992546082,4589
107.9901008605957,4588
108.3479597568512,4587
114.75068688392639,4586
122.54718589782715,4585
125.09625291824341,4584
125.86177277565002,4583
128.87929582595825,4582
131.19419169425964,4581
131.4884328842163,4580
131.81097984313965,4579
135.51528763771057,4578
140.08136677742004,4577
140.6045708656311,4576
141.92278504371643,4575
146.33079195022583,4574
151.59820795059204,4573
152.75762462615967,4572
166.77961683273315,4571
167.46409583091736,4570
168.94497203826904,4569
169.72278571128845,4568
172.97841262817383,4567
173.61438274383545,4566
174.76448678970337,4565
185.79856371879578,4564
197.3312017917633,4563
200.0573377609253,4562
201.00854182243347,4561
206.3981418609619,4560
207.78914880752563,4559
231.1054708957672,4558
234.50219678878784,4557
257.5832169055939,4556
258.5930337905884,4555
279.2848768234253,4554
294.92484974861145,4553
427.5948648452759,4552
442.17850494384766,4551
487.85404682159424,4550
