5.117918014526367,7038
9.015782833099365,7037
11.023401021957397,7036
15.781797885894775,7035
17.954237937927246,7034
21.66581082344055,7033
22.56484293937683,7032
22.91055989265442,7031
30.503737926483154,7030
32.39479088783264,7029
32.447267055511475,7028
39.38906502723694,7027
47.155630111694336,7026
50.685035943984985,7025
70.48335385322571,7024
77.91218304634094,7023
77.92362594604492,7022
81.75048398971558,7021
82.87313199043274,7020
97.08435392379761,7019
123.8226318359375,7018
129.30026173591614,7017
135.191654920578,7016
141.42445373535156,7015
151.4369978904724,7014
159.0685098171234,7013
160.2980558872223,7012
160.35504579544067,7011
161.8337218761444,7010
164.95394682884216,7009
179.94199872016907,7008
196.2346339225769,7007
211.96662092208862,7006
221.34251379966736,7005
223.28317284584045,7004
225.37913489341736,7003
232.28203797340393,7002
232.69505405426025,7001
249.08859181404114,7000
251.67989492416382,6999
274.91251611709595,6998
284.73939394950867,6997
291.45912075042725,6996
291.46581983566284,6995
298.21378779411316,6994
300.8903098106384,6993
309.307363986969,6992
315.68078994750977,6991
355.28931999206543,6990
356.8140208721161,6989
376.8723340034485,6988
381.4443120956421,6987
387.6811771392822,6986
389.6849048137665,6985
399.00278401374817,6984
430.12747502326965,6983
444.72230982780457,6982
450.10894680023193,6981
481.5175359249115,6980
516.4656088352203,6979
538.5485599040985,6978
538.6973917484283,6977
539.6536068916321,6976
541.9490218162537,6975
594.5551118850708,6974
