9.813031196594238,4856
11.151933193206787,4855
11.307071924209595,4854
11.867440223693848,4853
12.159663200378418,4852
12.33278512954712,4851
12.41277003288269,4850
12.97300124168396,4849
13.267542123794556,4848
13.282461166381836,4847
13.303869247436523,4846
13.356458902359009,4845
13.575610160827637,4844
13.787189960479736,4843
13.931564092636108,4842
14.35834527015686,4841
14.420776844024658,4840
14.44185209274292,4839
14.871816158294678,4838
15.012897968292236,4837
15.142906188964844,4836
15.188682079315186,4835
15.506591081619263,4834
15.602927207946777,4833
15.629822254180908,4832
15.693287134170532,4831
15.789583206176758,4830
15.863025188446045,4829
15.950314044952393,4828
16.11248207092285,4827
16.121894121170044,4826
16.13712215423584,4825
16.152798891067505,4824
16.159116983413696,4823
17.359783172607422,4822
17.91612219810486,4821
17.969173908233643,4820
18.02282214164734,4819
18.523665189743042,4818
18.61688494682312,4817
18.841103076934814,4816
18.937000274658203,4815
18.979806900024414,4814
18.98130202293396,4813
19.02929711341858,4812
19.057302951812744,4811
19.236577033996582,4810
19.304171085357666,4809
19.35453701019287,4808
19.35497498512268,4807
19.37149691581726,4806
19.378952264785767,4805
19.388538122177124,4804
19.587407112121582,4803
20.296155214309692,4802
20.52367401123047,4801
20.551387071609497,4800
20.763041973114014,4799
20.81382703781128,4798
21.50360107421875,4797
21.618141174316406,4796
21.64845609664917,4795
21.802581071853638,4794
21.864968299865723,4793
21.897900104522705,4792
22.77562689781189,4791
23.090099096298218,4790
23.110926151275635,4789
23.490564107894897,4788
23.604772090911865,4787
23.60493302345276,4786
23.767004251480103,4785
23.85749125480652,4784
23.987189054489136,4783
24.477182149887085,4782
24.870462894439697,4781
25.270314931869507,4780
25.323613166809082,4779
25.465647220611572,4778
25.510955095291138,4777
25.87881112098694,4776
26.154396057128906,4775
26.1632821559906,4774
26.388115167617798,4773
26.943177938461304,4772
27.262798070907593,4771
27.351840019226074,4770
27.382526874542236,4769
27.49208402633667,4768
27.688798189163208,4767
27.739795207977295,4766
28.45114517211914,4765
28.474587202072144,4764
28.479592084884644,4763
28.760469913482666,4762
28.762763023376465,4761
29.111722946166992,4760
29.34410810470581,4759
29.562182188034058,4758
29.76416826248169,4757
30.074420928955078,4756
30.20928931236267,4755
30.23720908164978,4754
30.23818325996399,4753
30.3123300075531,4752
30.51242709159851,4751
30.519787073135376,4750
30.526762008666992,4749
30.79302716255188,4748
30.91381287574768,4747
31.28838014602661,4746
31.433016061782837,4745
31.577444076538086,4744
31.634352207183838,4743
31.839388132095337,4742
31.926372051239014,4741
32.046651124954224,4740
32.34415006637573,4739
32.37101721763611,4738
32.37232708930969,4737
32.54595923423767,4736
32.56994605064392,4735
32.617356061935425,4734
32.621721029281616,4733
32.6611111164093,4732
32.70823812484741,4731
33.5481390953064,4730
33.69541811943054,4729
33.71092128753662,4728
33.832263231277466,4727
34.751506090164185,4726
34.79251408576965,4725
35.01971411705017,4724
35.48942303657532,4723
35.647985219955444,4722
35.790733098983765,4721
35.79112696647644,4720
36.102389097213745,4719
36.123507261276245,4718
36.137617111206055,4717
36.78684997558594,4716
37.12792611122131,4715
37.20091009140015,4714
37.263102293014526,4713
37.949005126953125,4712
37.97071719169617,4711
38.17316508293152,4710
38.183120012283325,4709
38.36652898788452,4708
38.40559720993042,4707
38.43099594116211,4706
38.515247106552124,4705
38.62753915786743,4704
39.7772159576416,4703
40.22198224067688,4702
40.49047017097473,4701
40.76460313796997,4700
40.95759415626526,4699
40.96183705329895,4698
40.987831115722656,4697
41.12691307067871,4696
41.215670108795166,4695
41.25003218650818,4694
42.624099016189575,4693
42.62496209144592,4692
42.62807106971741,4691
43.19789719581604,4690
43.3760781288147,4689
43.40421390533447,4688
43.568525075912476,4687
45.79400610923767,4686
46.31882119178772,4685
46.34306502342224,4684
46.58649492263794,4683
46.73901319503784,4682
46.83297419548035,4681
46.92355704307556,4680
47.13983106613159,4679
47.62689208984375,4678
48.097676038742065,4677
48.16752886772156,4676
48.19073009490967,4675
48.281978130340576,4674
48.43427515029907,4673
48.72970104217529,4672
49.06009912490845,4671
49.24000811576843,4670
49.95223808288574,4669
50.59749507904053,4668
50.709957122802734,4667
50.71498703956604,4666
50.99495816230774,4665
51.13811707496643,4664
51.16288614273071,4663
51.63900709152222,4662
52.44324612617493,4661
52.820192098617554,4660
52.95798921585083,4659
53.25453305244446,4658
53.289088010787964,4657
53.31596112251282,4656
53.86678600311279,4655
54.728700160980225,4654
55.32911205291748,4653
55.347206115722656,4652
55.35584092140198,4651
57.86508321762085,4650
58.29525399208069,4649
58.355080127716064,4648
58.95678114891052,4647
59.09781289100647,4646
59.80475687980652,4645
61.18005919456482,4644
62.45167422294617,4643
62.998538970947266,4642
63.55786204338074,4641
65.49227213859558,4640
66.80257201194763,4639
67.63582611083984,4638
68.01369428634644,4637
68.39352798461914,4636
68.86963820457458,4635
69.27672123908997,4634
69.86572527885437,4633
70.1268081665039,4632
70.14999222755432,4631
71.08556914329529,4630
71.288321018219,4629
71.96070218086243,4628
72.21585726737976,4627
72.4271399974823,4626
72.4460141658783,4625
72.48761487007141,4624
72.57581520080566,4623
72.83777713775635,4622
73.1151111125946,4621
73.56436610221863,4620
74.13238215446472,4619
74.1463348865509,4618
74.28722929954529,4617
75.73285293579102,4616
76.2570550441742,4615
80.00285696983337,4614
80.01390719413757,4613
80.08188319206238,4612
80.65699410438538,4611
81.26175999641418,4610
81.29738807678223,4609
81.92071008682251,4608
84.39640712738037,4607
85.55436420440674,4606
87.0603461265564,4605
87.10183501243591,4604
89.0500020980835,4603
89.43408417701721,4602
89.71205711364746,4601
90.13920092582703,4600
90.25736999511719,4599
90.69928216934204,4598
91.90599608421326,4597
92.29438304901123,4596
93.56134009361267,4595
94.48334312438965,4594
97.2812991142273,4593
97.46670508384705,4592
98.85674118995667,4591
99.12321996688843,4590
102.15918111801147,4589
102.33549904823303,4588
103.63607406616211,4587
107.13688802719116,4586
107.56923913955688,4585
113.0019702911377,4584
113.15681624412537,4583
116.34969019889832,4582
119.32001996040344,4581
128.21070003509521,4580
129.9339849948883,4579
141.90000891685486,4578
141.98327112197876,4577
142.46063613891602,4576
143.25219011306763,4575
147.0191900730133,4574
148.31276321411133,4573
152.67022514343262,4572
158.8363618850708,4571
161.52839493751526,4570
162.939866065979,4569
165.05956101417542,4568
167.79707598686218,4567
171.64069199562073,4566
185.07345604896545,4565
185.21025109291077,4564
210.0255742073059,4563
226.04836297035217,4562
233.93338704109192,4561
243.0018129348755,4560
245.12525725364685,4559
263.8471221923828,4558
274.24457120895386,4557
294.75992798805237,4556
296.4891691207886,4555
321.12186217308044,4554
367.8913378715515,4553
468.7490770816803,4552
470.45237612724304,4551
488.5096960067749,4550
575.7142851352692,4549
