10.063508987426758,4856
11.293565273284912,4855
12.596839904785156,4854
12.632046222686768,4853
12.845223188400269,4852
13.114753007888794,4851
13.139161109924316,4850
13.288817167282104,4849
13.422916173934937,4848
13.796619176864624,4847
14.086441993713379,4846
14.231825113296509,4845
14.282450914382935,4844
14.462691068649292,4843
14.964292049407959,4842
14.996968030929565,4841
15.235934972763062,4840
15.442222118377686,4839
15.457905292510986,4838
15.743329048156738,4837
15.889772176742554,4836
15.899256229400635,4835
15.900243997573853,4834
16.069812059402466,4833
16.070033311843872,4832
16.131985187530518,4831
16.278398036956787,4830
16.281193017959595,4829
16.443263053894043,4828
16.927876234054565,4827
17.00853419303894,4826
17.188519954681396,4825
17.236403942108154,4824
17.43453812599182,4823
17.743467092514038,4822
17.745782136917114,4821
17.772707223892212,4820
17.993863344192505,4819
18.02349328994751,4818
18.04993510246277,4817
18.05146026611328,4816
18.171882152557373,4815
18.368743181228638,4814
18.374606132507324,4813
18.54615807533264,4812
18.547096014022827,4811
18.5627179145813,4810
18.79539918899536,4809
18.827035188674927,4808
19.11016821861267,4807
19.238017082214355,4806
19.26088309288025,4805
19.326406240463257,4804
19.35488200187683,4803
19.416258096694946,4802
19.49080514907837,4801
19.49114227294922,4800
19.496365070343018,4799
19.545525074005127,4798
19.55019497871399,4797
19.678499221801758,4796
19.852022171020508,4795
20.032506227493286,4794
20.19993019104004,4793
20.406108140945435,4792
20.4356632232666,4791
20.493016242980957,4790
20.706021070480347,4789
20.7068030834198,4788
20.846582174301147,4787
21.64182710647583,4786
21.708962202072144,4785
21.812523126602173,4784
22.16131615638733,4783
23.354406118392944,4782
23.37404227256775,4781
23.68941020965576,4780
23.901682138442993,4779
23.914459228515625,4778
24.14910626411438,4777
24.218176126480103,4776
24.226721048355103,4775
24.293424129486084,4774
24.294909954071045,4773
24.41004705429077,4772
24.72257900238037,4771
24.888805150985718,4770
24.89833116531372,4769
24.958396196365356,4768
24.971692085266113,4767
25.182398080825806,4766
25.216628074645996,4765
25.306220054626465,4764
25.441097021102905,4763
25.77931022644043,4762
25.99645209312439,4761
26.13436508178711,4760
26.518429040908813,4759
27.117660999298096,4758
27.645533084869385,4757
27.854671239852905,4756
28.11467218399048,4755
28.381437301635742,4754
28.50378394126892,4753
28.78309726715088,4752
29.069823026657104,4751
29.09197998046875,4750
29.0969500541687,4749
29.351090908050537,4748
29.35872793197632,4747
29.361699104309082,4746
29.377817153930664,4745
29.458893060684204,4744
30.283932209014893,4743
30.552788972854614,4742
31.124680995941162,4741
31.1412410736084,4740
31.4031879901886,4739
31.706931114196777,4738
32.05367112159729,4737
32.06117606163025,4736
32.08540606498718,4735
32.18435001373291,4734
32.42917823791504,4733
32.57266712188721,4732
33.03951692581177,4731
33.086724281311035,4730
33.25473618507385,4729
33.26395511627197,4728
33.287858963012695,4727
33.4505832195282,4726
33.45926117897034,4725
33.50183415412903,4724
33.881712198257446,4723
34.73661804199219,4722
34.74005603790283,4721
35.017019271850586,4720
35.07995820045471,4719
36.01668405532837,4718
36.21724605560303,4717
36.690887212753296,4716
37.28865718841553,4715
37.574000120162964,4714
37.73814034461975,4713
38.070831060409546,4712
38.16647911071777,4711
38.16981816291809,4710
39.09030604362488,4709
39.12565207481384,4708
39.24127411842346,4707
39.30413007736206,4706
40.16233706474304,4705
40.29841613769531,4704
40.50263023376465,4703
40.80820608139038,4702
41.56259822845459,4701
41.881667137145996,4700
42.33055806159973,4699
42.33672618865967,4698
42.352946281433105,4697
42.54376029968262,4696
42.55477714538574,4695
43.209381103515625,4694
43.7296462059021,4693
43.923094034194946,4692
44.14933204650879,4691
44.17391633987427,4690
44.654449224472046,4689
45.561371088027954,4688
45.571585178375244,4687
45.78972601890564,4686
46.14008402824402,4685
47.43313002586365,4684
47.49428606033325,4683
48.24743032455444,4682
48.25777220726013,4681
48.956892251968384,4680
49.30619430541992,4679
49.3156681060791,4678
49.31588912010193,4677
49.3934211730957,4676
49.606566190719604,4675
49.92706823348999,4674
50.34596610069275,4673
50.35365605354309,4672
50.70014309883118,4671
50.71622824668884,4670
50.74212622642517,4669
50.985785245895386,4668
51.125296115875244,4667
51.15811824798584,4666
51.175487995147705,4665
51.50063633918762,4664
51.743860960006714,4663
51.77746629714966,4662
53.31856417655945,4661
54.053791999816895,4660
54.35187315940857,4659
54.42310619354248,4658
55.011651039123535,4657
55.024457931518555,4656
55.08881902694702,4655
55.21240019798279,4654
55.65425205230713,4653
55.896475315093994,4652
55.90583395957947,4651
56.16488814353943,4650
56.56292200088501,4649
57.664058208465576,4648
58.164751052856445,4647
58.51813507080078,4646
58.522340059280396,4645
59.039159059524536,4644
59.65586996078491,4643
60.5228910446167,4642
61.223854064941406,4641
61.86866998672485,4640
62.24786925315857,4639
63.0249810218811,4638
64.26141214370728,4637
64.38085103034973,4636
64.41231632232666,4635
64.66090106964111,4634
65.45070314407349,4633
65.86390614509583,4632
65.97993612289429,4631
66.18352627754211,4630
66.89987111091614,4629
67.16369891166687,4628
67.79989624023438,4627
67.88179111480713,4626
68.32106113433838,4625
68.42154812812805,4624
68.69787502288818,4623
69.11156606674194,4622
69.1168041229248,4621
69.23811912536621,4620
70.02284908294678,4619
70.13374018669128,4618
70.64547514915466,4617
70.88874912261963,4616
72.87485909461975,4615
72.92957806587219,4614
72.99944114685059,4613
73.24258422851562,4612
76.04451990127563,4611
76.51487731933594,4610
78.39945912361145,4609
78.4877061843872,4608
78.90713596343994,4607
80.06374311447144,4606
82.1444480419159,4605
82.60092902183533,4604
83.605553150177,4603
84.09451699256897,4602
84.67287015914917,4601
91.59447193145752,4600
93.48453617095947,4599
93.58376717567444,4598
98.30744290351868,4597
99.62007117271423,4596
100.95734190940857,4595
102.10966110229492,4594
102.40039205551147,4593
104.36024117469788,4592
104.45637035369873,4591
105.20327925682068,4590
105.25085711479187,4589
106.85539722442627,4588
107.02223801612854,4587
108.20050930976868,4586
108.39540719985962,4585
110.45228219032288,4584
111.98402714729309,4583
118.2052710056305,4582
121.57640290260315,4581
128.06763815879822,4580
133.8852391242981,4579
135.54457902908325,4578
145.12955498695374,4577
147.38446617126465,4576
151.11095023155212,4575
151.9221591949463,4574
154.88848423957825,4573
156.4894380569458,4572
157.13374018669128,4571
159.04254913330078,4570
160.08037614822388,4569
164.83325219154358,4568
169.20558214187622,4567
169.88878321647644,4566
170.9302191734314,4565
173.95215010643005,4564
198.64387011528015,4563
205.81354808807373,4562
207.7949481010437,4561
223.84873700141907,4560
230.1809151172638,4559
240.6863510608673,4558
252.19927620887756,4557
253.3483760356903,4556
259.2726299762726,4555
277.39988112449646,4554
287.79932498931885,4553
290.72371101379395,4552
333.7411301136017,4551
335.69615411758423,4550
365.47769713401794,4549
414.9762191772461,4548
