9.720185279846191,4856
10.091907262802124,4855
10.939459085464478,4854
10.972393035888672,4853
12.01348614692688,4852
12.02583122253418,4851
12.046212196350098,4850
12.0853271484375,4849
12.16896104812622,4848
12.443516254425049,4847
12.490662336349487,4846
12.501521348953247,4845
12.510870218276978,4844
13.360223054885864,4843
13.404985189437866,4842
14.196735143661499,4841
14.567431211471558,4840
14.567667961120605,4839
14.713434219360352,4838
14.883830070495605,4837
14.961843967437744,4836
15.115432977676392,4835
15.35996127128601,4834
15.861691236495972,4833
16.252379179000854,4832
16.581566333770752,4831
16.639597177505493,4830
16.640368223190308,4829
16.667014122009277,4828
16.668907165527344,4827
16.68137812614441,4826
16.69935631752014,4825
16.989378213882446,4824
17.062212228775024,4823
17.223032236099243,4822
17.237528085708618,4821
17.45519733428955,4820
17.87203097343445,4819
17.91931414604187,4818
17.98827314376831,4817
18.165475130081177,4816
18.405211210250854,4815
18.669031143188477,4814
18.71123719215393,4813
18.744259119033813,4812
19.04958724975586,4811
19.072516202926636,4810
19.23394203186035,4809
19.347325325012207,4808
20.066497087478638,4807
20.06868815422058,4806
20.68977117538452,4805
20.749356031417847,4804
21.05832600593567,4803
21.39979910850525,4802
21.65740418434143,4801
21.670903205871582,4800
22.131529331207275,4799
22.71880340576172,4798
22.894405126571655,4797
22.911893129348755,4796
23.039538145065308,4795
23.078721046447754,4794
23.086591005325317,4793
23.11943507194519,4792
23.13152527809143,4791
23.3597092628479,4790
23.405229091644287,4789
23.54441213607788,4788
23.608224153518677,4787
23.637737035751343,4786
23.882747173309326,4785
24.2915141582489,4784
24.665374279022217,4783
24.801716089248657,4782
24.827242136001587,4781
25.08740210533142,4780
25.430472373962402,4779
25.490568161010742,4778
26.684975147247314,4777
26.77440619468689,4776
27.05817699432373,4775
27.28049325942993,4774
27.28725504875183,4773
27.56215238571167,4772
28.021668195724487,4771
28.02471613883972,4770
28.123821258544922,4769
28.36028814315796,4768
28.48793125152588,4767
28.556994199752808,4766
28.557350158691406,4765
28.637529134750366,4764
28.652122259140015,4763
28.675482273101807,4762
28.693361282348633,4761
28.74998712539673,4760
28.99110221862793,4759
29.0315101146698,4758
29.195600271224976,4757
29.50395703315735,4756
29.60874605178833,4755
29.649610996246338,4754
29.662527084350586,4753
29.671539306640625,4752
29.689980268478394,4751
29.70188021659851,4750
29.92166018486023,4749
30.082168102264404,4748
30.099369049072266,4747
30.14826226234436,4746
30.759207248687744,4745
30.76028800010681,4744
31.124746084213257,4743
31.331050157546997,4742
31.802011251449585,4741
31.804917097091675,4740
31.957444190979004,4739
32.173240184783936,4738
32.18696928024292,4737
32.748902320861816,4736
32.75419902801514,4735
32.84225106239319,4734
33.655261278152466,4733
33.672351121902466,4732
34.579570293426514,4731
34.71593427658081,4730
34.7273473739624,4729
35.18674612045288,4728
35.211053133010864,4727
35.21294021606445,4726
35.44555902481079,4725
35.46522521972656,4724
36.10615611076355,4723
36.641154050827026,4722
36.80690932273865,4721
37.12318420410156,4720
37.38513517379761,4719
37.409138202667236,4718
37.67454218864441,4717
37.687947034835815,4716
37.70279622077942,4715
37.739662170410156,4714
37.917805194854736,4713
38.14210319519043,4712
38.15573215484619,4711
38.57115125656128,4710
38.8883261680603,4709
39.17905521392822,4708
39.61450505256653,4707
39.6726291179657,4706
39.8833212852478,4705
40.13996124267578,4704
40.20902705192566,4703
40.310731172561646,4702
40.65866804122925,4701
40.961013078689575,4700
41.12366008758545,4699
41.21666216850281,4698
42.80229306221008,4697
42.82095122337341,4696
42.83789324760437,4695
43.023014307022095,4694
44.47252917289734,4693
44.616798400878906,4692
44.62731313705444,4691
45.3358211517334,4690
45.354164123535156,4689
45.631720304489136,4688
45.83397722244263,4687
45.85554099082947,4686
45.889504194259644,4685
45.93167424201965,4684
46.23844933509827,4683
46.26745915412903,4682
46.46526312828064,4681
47.59632205963135,4680
47.625683307647705,4679
48.08009219169617,4678
48.12234616279602,4677
48.91295838356018,4676
49.06081414222717,4675
49.53769516944885,4674
49.641735315322876,4673
50.254658222198486,4672
51.00014328956604,4671
51.271021127700806,4670
52.5570969581604,4669
52.74884510040283,4668
53.55742526054382,4667
53.58230924606323,4666
53.64125323295593,4665
54.15172505378723,4664
54.72003412246704,4663
55.37389516830444,4662
55.973358154296875,4661
56.094425201416016,4660
56.119471073150635,4659
56.308571338653564,4658
56.46877908706665,4657
56.556005239486694,4656
57.040099143981934,4655
57.48631405830383,4654
59.91987729072571,4653
59.99240231513977,4652
60.67457723617554,4651
60.69317412376404,4650
61.063414096832275,4649
63.5616409778595,4648
64.3530752658844,4647
64.85149002075195,4646
65.22241830825806,4645
65.72518420219421,4644
65.83574914932251,4643
66.08806920051575,4642
66.09334301948547,4641
66.25164413452148,4640
66.25451421737671,4639
66.48968505859375,4638
66.74358916282654,4637
66.84790015220642,4636
68.42163038253784,4635
68.626629114151,4634
69.00976896286011,4633
69.03944706916809,4632
69.10481715202332,4631
70.34887623786926,4630
71.02756929397583,4629
71.46406722068787,4628
73.45161437988281,4627
73.76303839683533,4626
74.41622924804688,4625
74.67106628417969,4624
75.08767008781433,4623
75.74479007720947,4622
76.20580315589905,4621
77.25304818153381,4620
78.34129309654236,4619
79.35023212432861,4618
79.36879515647888,4617
79.71234726905823,4616
80.10495615005493,4615
80.98715806007385,4614
81.64158916473389,4613
82.25852012634277,4612
82.86459422111511,4611
83.70220017433167,4610
84.05061626434326,4609
84.28817009925842,4608
84.57914018630981,4607
87.64021420478821,4606
90.85262107849121,4605
90.97526931762695,4604
91.37905931472778,4603
94.76380920410156,4602
95.07002806663513,4601
95.47419595718384,4600
97.14779019355774,4599
98.58940315246582,4598
99.42349910736084,4597
104.28911209106445,4596
109.23885726928711,4595
111.29768395423889,4594
113.88743329048157,4593
114.25178122520447,4592
114.32289004325867,4591
115.2749502658844,4590
117.16737413406372,4589
118.6234381198883,4588
120.29132318496704,4587
123.35436916351318,4586
123.81157612800598,4585
123.82256317138672,4584
127.9653742313385,4583
130.92027020454407,4582
132.11585116386414,4581
132.8409242630005,4580
133.93697214126587,4579
134.33176708221436,4578
137.04867219924927,4577
137.52933931350708,4576
139.2965030670166,4575
140.71243596076965,4574
144.23310327529907,4573
145.15876626968384,4572
148.03072309494019,4571
155.26231217384338,4570
159.5971531867981,4569
168.20841431617737,4568
170.44416522979736,4567
172.8114013671875,4566
177.05084538459778,4565
181.51997208595276,4564
186.94459915161133,4563
199.04919123649597,4562
205.41935896873474,4561
206.32288122177124,4560
211.14624428749084,4559
216.01989030838013,4558
219.24768733978271,4557
234.46298027038574,4556
261.40956711769104,4555
282.267694234848,4554
285.1387541294098,4553
296.6793620586395,4552
319.4866101741791,4551
360.5267632007599,4550
386.7172040939331,4549
524.3479962348938,4548
