9.951038122177124,4856
11.809444904327393,4855
11.88640284538269,4854
12.090536117553711,4853
12.32084584236145,4852
12.673376083374023,4851
12.776180028915405,4850
12.803645133972168,4849
12.803845882415771,4848
12.92202615737915,4847
13.656105041503906,4846
13.794641017913818,4845
14.288310050964355,4844
14.354279041290283,4843
14.459805965423584,4842
14.878241777420044,4841
14.946477890014648,4840
15.412929773330688,4839
15.420601844787598,4838
15.547297954559326,4837
15.61057710647583,4836
15.776869058609009,4835
15.783299922943115,4834
16.07078194618225,4833
16.580546855926514,4832
17.32891607284546,4831
17.35170292854309,4830
17.740473985671997,4829
17.87291407585144,4828
18.062350034713745,4827
18.08234405517578,4826
18.176240921020508,4825
18.808267831802368,4824
19.341479063034058,4823
19.546539068222046,4822
19.795142889022827,4821
20.07407808303833,4820
20.224765062332153,4819
20.274284839630127,4818
20.5452880859375,4817
20.585295915603638,4816
20.69252300262451,4815
20.712177991867065,4814
20.833251953125,4813
21.01233696937561,4812
21.21443796157837,4811
21.232084035873413,4810
21.28074598312378,4809
21.485650062561035,4808
21.56439995765686,4807
21.573678970336914,4806
21.98056411743164,4805
21.986279010772705,4804
22.362261056900024,4803
22.460964918136597,4802
22.574273109436035,4801
22.650074005126953,4800
22.688436031341553,4799
23.033541917800903,4798
23.455295085906982,4797
23.561782121658325,4796
23.65564799308777,4795
23.956488132476807,4794
24.36106777191162,4793
24.713254928588867,4792
24.721964836120605,4791
24.944879055023193,4790
24.948148012161255,4789
25.199734926223755,4788
25.201252937316895,4787
25.635211944580078,4786
25.65874695777893,4785
25.753861904144287,4784
25.859768867492676,4783
25.86030912399292,4782
26.340983867645264,4781
26.406238079071045,4780
26.52226996421814,4779
26.56535506248474,4778
26.892505884170532,4777
26.895331859588623,4776
27.34583306312561,4775
27.352949142456055,4774
27.423866987228394,4773
27.518723011016846,4772
28.041708946228027,4771
28.05036187171936,4770
28.221801042556763,4769
28.26129698753357,4768
28.362208127975464,4767
28.41913890838623,4766
28.57128405570984,4765
28.58626389503479,4764
29.128748893737793,4763
29.136229991912842,4762
29.175312995910645,4761
29.196917057037354,4760
29.75395393371582,4759
29.898258924484253,4758
30.1928768157959,4757
31.062803030014038,4756
31.148679971694946,4755
31.165279150009155,4754
31.1789767742157,4753
31.800153970718384,4752
31.90767812728882,4751
32.60220813751221,4750
32.84662699699402,4749
33.16730618476868,4748
33.29355502128601,4747
33.31271409988403,4746
33.87188386917114,4745
33.904640197753906,4744
33.987730979919434,4743
34.08084321022034,4742
34.09198594093323,4741
34.446418046951294,4740
34.67301893234253,4739
35.161739110946655,4738
35.211585998535156,4737
35.30308794975281,4736
35.854032039642334,4735
35.870015144348145,4734
36.10035490989685,4733
36.260047912597656,4732
36.294682025909424,4731
36.32694888114929,4730
36.370665073394775,4729
36.68056893348694,4728
37.29891586303711,4727
37.3656210899353,4726
37.40239405632019,4725
37.407273054122925,4724
37.61788082122803,4723
37.90652799606323,4722
38.23806190490723,4721
38.683237075805664,4720
38.96882104873657,4719
39.40058207511902,4718
40.23803496360779,4717
40.3713538646698,4716
40.612454891204834,4715
40.63911700248718,4714
40.654577016830444,4713
40.72393989562988,4712
40.77799415588379,4711
40.98009514808655,4710
40.989314794540405,4709
41.03643298149109,4708
42.49708604812622,4707
42.509788036346436,4706
42.90381979942322,4705
43.448890924453735,4704
44.375760078430176,4703
44.56594276428223,4702
44.5874981880188,4701
44.79793691635132,4700
45.27324891090393,4699
45.37376809120178,4698
45.5336480140686,4697
45.85412311553955,4696
45.85441279411316,4695
45.85791301727295,4694
45.881178855895996,4693
45.99026703834534,4692
46.26590085029602,4691
46.51372194290161,4690
46.55917811393738,4689
48.202263832092285,4688
48.54535698890686,4687
49.421513080596924,4686
49.543936014175415,4685
49.768709897994995,4684
50.76448392868042,4683
50.90664887428284,4682
51.25623679161072,4681
51.598549127578735,4680
51.81082892417908,4679
52.02204394340515,4678
52.295270919799805,4677
52.65466094017029,4676
53.42077398300171,4675
53.53648090362549,4674
53.619670152664185,4673
53.638251066207886,4672
53.73286509513855,4671
53.9441339969635,4670
54.24061918258667,4669
54.29751396179199,4668
54.54481387138367,4667
54.71788811683655,4666
54.81944680213928,4665
55.60645794868469,4664
55.99630284309387,4663
56.096384048461914,4662
56.1068811416626,4661
56.730305910110474,4660
57.62758111953735,4659
58.41011118888855,4658
58.61306309700012,4657
58.61357307434082,4656
59.39702582359314,4655
59.434020042419434,4654
59.88968801498413,4653
60.11802101135254,4652
60.18359684944153,4651
60.32989811897278,4650
60.41317009925842,4649
60.846210956573486,4648
61.79837203025818,4647
62.495856046676636,4646
62.64853096008301,4645
63.79007601737976,4644
63.94178009033203,4643
64.08432507514954,4642
64.24396920204163,4641
64.25915598869324,4640
64.5642409324646,4639
65.6258111000061,4638
65.62632417678833,4637
66.10028100013733,4636
66.15125489234924,4635
67.18853783607483,4634
67.81373810768127,4633
68.00377297401428,4632
68.65236687660217,4631
70.0062780380249,4630
71.53651118278503,4629
71.58269000053406,4628
71.58313393592834,4627
72.35538792610168,4626
73.2763090133667,4625
74.51250386238098,4624
74.94464111328125,4623
77.45408916473389,4622
77.69170212745667,4621
77.89780592918396,4620
79.2095251083374,4619
79.63142681121826,4618
80.25495195388794,4617
81.61318111419678,4616
81.80653595924377,4615
81.8258810043335,4614
81.93143010139465,4613
83.67791700363159,4612
83.72010898590088,4611
84.51357388496399,4610
86.91326999664307,4609
88.10221600532532,4608
88.1463840007782,4607
88.25591516494751,4606
88.80223608016968,4605
91.72073793411255,4604
91.92879605293274,4603
93.19519186019897,4602
94.54517197608948,4601
94.60986399650574,4600
94.81349420547485,4599
95.3331527709961,4598
95.50886416435242,4597
96.01739287376404,4596
97.46402502059937,4595
97.87703680992126,4594
98.76464486122131,4593
99.4642059803009,4592
101.41448903083801,4591
101.6937530040741,4590
101.71809911727905,4589
103.46845293045044,4588
103.90651082992554,4587
104.66021490097046,4586
104.66620302200317,4585
105.76465106010437,4584
106.33049988746643,4583
106.84647417068481,4582
112.59075379371643,4581
113.59411096572876,4580
119.0593249797821,4579
119.7881829738617,4578
123.44718599319458,4577
130.46218705177307,4576
134.3427438735962,4575
136.36290287971497,4574
136.36714601516724,4573
136.5564260482788,4572
136.66743516921997,4571
136.71928095817566,4570
138.4819631576538,4569
149.57117819786072,4568
152.07065200805664,4567
157.32316493988037,4566
159.24919199943542,4565
165.0337839126587,4564
167.30852580070496,4563
175.20103788375854,4562
177.00947213172913,4561
190.2097671031952,4560
215.08143186569214,4559
234.35481882095337,4558
243.12282705307007,4557
243.36304187774658,4556
253.32196593284607,4555
276.4683759212494,4554
311.50362610816956,4553
322.74389696121216,4552
371.3879671096802,4551
437.7160611152649,4550
459.5724549293518,4549
464.3240568637848,4548
574.1968650817871,4547
590.2569098472595,4546
