5.073790788650513,7038
8.83401083946228,7037
11.647089719772339,7036
13.758933782577515,7035
15.29606556892395,7034
15.479033708572388,7033
19.523178815841675,7032
20.17443871498108,7031
28.69823384284973,7030
35.26832890510559,7029
60.67542386054993,7028
60.87707185745239,7027
66.98275971412659,7026
66.98821878433228,7025
71.77335381507874,7024
72.9934949874878,7023
88.9829969406128,7022
89.62746071815491,7021
91.53033876419067,7020
102.50281286239624,7019
105.39108562469482,7018
111.3552188873291,7017
119.77391576766968,7016
128.33810782432556,7015
131.20804381370544,7014
134.2957046031952,7013
135.09070992469788,7012
136.2926425933838,7011
139.4543058872223,7010
158.4278028011322,7009
165.58411979675293,7008
167.39140582084656,7007
197.86765789985657,7006
199.30665493011475,7005
214.32180786132812,7004
216.76352787017822,7003
222.46333169937134,7002
223.41673588752747,7001
230.3362009525299,7000
242.7906928062439,6999
252.95457792282104,6998
282.9015107154846,6997
289.94033789634705,6996
309.77631878852844,6995
315.5722596645355,6994
332.25136375427246,6993
334.7150499820709,6992
336.1097059249878,6991
344.0986588001251,6990
367.97703289985657,6989
383.5089068412781,6988
388.4437828063965,6987
414.8914957046509,6986
422.05047583580017,6985
430.11269092559814,6984
433.45836067199707,6983
470.8099126815796,6982
495.989786863327,6981
511.98172068595886,6980
524.6806876659393,6979
544.8890039920807,6978
575.0262217521667,6977
582.3069989681244,6976
