5.1016693115234375,7038
13.441044092178345,7037
24.052635192871094,7036
29.288140058517456,7035
33.35014295578003,7034
35.35598111152649,7033
37.296685218811035,7032
40.20806908607483,7031
41.852046251297,7030
45.521305084228516,7029
46.437288999557495,7028
48.74701118469238,7027
51.011883020401,7026
55.386687994003296,7025
56.891993045806885,7024
57.26181411743164,7023
57.79639911651611,7022
59.22298717498779,7021
73.40811920166016,7020
74.17701816558838,7019
76.62691402435303,7018
90.78307723999023,7017
102.41822409629822,7016
108.38370323181152,7015
114.03050708770752,7014
119.46533203125,7013
137.80991530418396,7012
139.27131700515747,7011
147.2078161239624,7010
153.9600281715393,7009
154.01101517677307,7008
158.82954907417297,7007
174.89333605766296,7006
177.43375515937805,7005
201.2346591949463,7004
203.54920721054077,7003
209.1143560409546,7002
209.388934135437,7001
212.80275917053223,7000
214.19846200942993,6999
220.396888256073,6998
225.99002313613892,6997
237.0809600353241,6996
237.11823225021362,6995
259.7499279975891,6994
264.1894211769104,6993
285.1556270122528,6992
293.2887990474701,6991
295.7392420768738,6990
308.844820022583,6989
312.51586413383484,6988
338.5506019592285,6987
362.23515009880066,6986
380.5904052257538,6985
400.31572008132935,6984
401.66920804977417,6983
420.2132091522217,6982
421.7117760181427,6981
429.06471705436707,6980
430.6220180988312,6979
431.359078168869,6978
438.6019730567932,6977
442.51011419296265,6976
478.2364239692688,6975
482.3584141731262,6974
505.6835231781006,6973
552.2970821857452,6972
591.1517641544342,6971
592.3764581680298,6970
