9.63474988937378,4856
10.044137954711914,4855
11.261465072631836,4854
11.452210903167725,4853
11.828012943267822,4852
11.860406875610352,4851
11.877551078796387,4850
12.05625319480896,4849
12.329071044921875,4848
12.386129140853882,4847
13.167216062545776,4846
13.267717123031616,4845
13.303309917449951,4844
13.322427988052368,4843
13.334966897964478,4842
13.354028940200806,4841
13.828252077102661,4840
14.855039834976196,4839
14.943203926086426,4838
15.047230958938599,4837
15.086061000823975,4836
15.162612915039062,4835
15.624433994293213,4834
15.680216073989868,4833
16.178226947784424,4832
16.45933985710144,4831
16.936877012252808,4830
17.215787887573242,4829
17.25317907333374,4828
17.717129945755005,4827
17.742385149002075,4826
18.14088797569275,4825
18.256325006484985,4824
18.537328004837036,4823
18.554042100906372,4822
18.869512796401978,4821
19.25591015815735,4820
19.40380597114563,4819
19.64777398109436,4818
19.754863023757935,4817
19.849379062652588,4816
19.87005090713501,4815
20.113862991333008,4814
20.117468118667603,4813
20.645973920822144,4812
20.73308515548706,4811
20.860435962677002,4810
21.265076875686646,4809
21.35565996170044,4808
21.375528812408447,4807
21.650282859802246,4806
21.653881072998047,4805
21.664813995361328,4804
21.84139895439148,4803
21.851382970809937,4802
22.172430992126465,4801
22.338266134262085,4800
22.431986093521118,4799
22.462927103042603,4798
22.50328016281128,4797
22.902074098587036,4796
23.092298984527588,4795
23.10695481300354,4794
23.134119033813477,4793
23.151274919509888,4792
23.4342679977417,4791
23.439475774765015,4790
23.516731023788452,4789
23.54555106163025,4788
23.668079137802124,4787
23.668627977371216,4786
23.687240839004517,4785
23.731152057647705,4784
23.732138872146606,4783
23.736522912979126,4782
23.741607189178467,4781
23.766166925430298,4780
24.049241065979004,4779
24.65780282020569,4778
24.70664095878601,4777
25.09662413597107,4776
25.416444063186646,4775
25.91442608833313,4774
26.53884196281433,4773
26.791093826293945,4772
26.882025957107544,4771
27.12125515937805,4770
27.24621605873108,4769
28.104748964309692,4768
28.30623197555542,4767
28.31132411956787,4766
28.700536966323853,4765
28.854713916778564,4764
28.870335817337036,4763
29.171733856201172,4762
29.233286142349243,4761
29.476161003112793,4760
29.668253898620605,4759
29.766923904418945,4758
30.305811882019043,4757
30.313397884368896,4756
30.32400393486023,4755
30.541334867477417,4754
30.774849891662598,4753
30.97539710998535,4752
31.010626077651978,4751
31.264349937438965,4750
31.29023790359497,4749
31.616013050079346,4748
31.787659883499146,4747
31.805958032608032,4746
31.82651400566101,4745
31.964313983917236,4744
31.997473001480103,4743
32.022419929504395,4742
32.02262496948242,4741
32.230908155441284,4740
32.50728797912598,4739
32.7974328994751,4738
32.872400999069214,4737
33.10871481895447,4736
33.494526863098145,4735
33.53129482269287,4734
33.77350687980652,4733
33.96545600891113,4732
34.298386096954346,4731
34.30978202819824,4730
34.60253405570984,4729
35.07851576805115,4728
35.177672147750854,4727
35.185011863708496,4726
35.7325279712677,4725
35.86967587471008,4724
36.014699935913086,4723
36.14316511154175,4722
36.25663781166077,4721
36.537925004959106,4720
36.548218965530396,4719
37.2527129650116,4718
37.36619687080383,4717
37.717154026031494,4716
37.800822019577026,4715
38.20986580848694,4714
38.22754096984863,4713
38.778104066848755,4712
39.126060009002686,4711
39.477859020233154,4710
39.55598711967468,4709
39.59617304801941,4708
39.61263084411621,4707
39.752768993377686,4706
39.8495659828186,4705
40.09917402267456,4704
40.3785879611969,4703
40.83250904083252,4702
41.156152963638306,4701
41.536524057388306,4700
41.54882097244263,4699
41.577330112457275,4698
41.954134941101074,4697
42.137974977493286,4696
42.21157097816467,4695
42.214669942855835,4694
42.22240495681763,4693
42.25551414489746,4692
42.8936550617218,4691
43.790632009506226,4690
44.10294485092163,4689
44.3085081577301,4688
44.46477007865906,4687
45.01524019241333,4686
45.162522077560425,4685
45.2463960647583,4684
45.51522612571716,4683
45.651228189468384,4682
45.665313959121704,4681
45.90122413635254,4680
46.30883193016052,4679
47.466081857681274,4678
47.89773201942444,4677
48.091840982437134,4676
48.469740867614746,4675
48.66331195831299,4674
49.1684410572052,4673
49.495863914489746,4672
49.78350210189819,4671
49.802101850509644,4670
49.98239779472351,4669
50.213557958602905,4668
51.057446002960205,4667
51.07797598838806,4666
51.5291428565979,4665
52.09704113006592,4664
52.26927995681763,4663
52.272512912750244,4662
52.75134086608887,4661
52.79542016983032,4660
53.12870192527771,4659
53.40796780586243,4658
53.44226408004761,4657
53.534383058547974,4656
53.84503102302551,4655
54.12437391281128,4654
54.35101795196533,4653
54.43240213394165,4652
55.649247884750366,4651
56.802804946899414,4650
57.08928894996643,4649
57.50718092918396,4648
57.56166696548462,4647
57.71512484550476,4646
58.20599293708801,4645
59.09122920036316,4644
60.26286721229553,4643
60.53347897529602,4642
61.1491379737854,4641
61.970736026763916,4640
61.98927402496338,4639
62.63363599777222,4638
63.263521909713745,4637
63.28437280654907,4636
64.55988907814026,4635
66.00647902488708,4634
66.064120054245,4633
66.58623790740967,4632
67.04738402366638,4631
67.73224210739136,4630
68.13727712631226,4629
68.46236801147461,4628
69.29557704925537,4627
70.18340301513672,4626
70.19068884849548,4625
70.41028690338135,4624
70.57573080062866,4623
70.88886594772339,4622
71.031564950943,4621
72.12667894363403,4620
73.72410011291504,4619
74.00546979904175,4618
74.37754893302917,4617
75.17506814002991,4616
75.41676998138428,4615
77.74215006828308,4614
78.14072704315186,4613
78.1654679775238,4612
78.19974184036255,4611
78.61495685577393,4610
78.94170594215393,4609
79.12452507019043,4608
79.30786609649658,4607
79.96795988082886,4606
80.28122210502625,4605
83.61358094215393,4604
83.62241983413696,4603
83.79784893989563,4602
83.80000305175781,4601
84.53031396865845,4600
85.5867280960083,4599
86.22276997566223,4598
87.56353998184204,4597
88.6981418132782,4596
89.6177749633789,4595
91.18717312812805,4594
91.4489209651947,4593
92.6317949295044,4592
95.48608994483948,4591
95.57994103431702,4590
96.88666486740112,4589
99.43931412696838,4588
99.88503003120422,4587
102.47312879562378,4586
103.71162796020508,4585
104.22631788253784,4584
105.10508990287781,4583
109.56324815750122,4582
115.99237704277039,4581
116.42892694473267,4580
130.33743000030518,4579
134.07364702224731,4578
153.42724895477295,4577
170.55738401412964,4576
172.29300713539124,4575
178.07122802734375,4574
181.67289209365845,4573
183.4982409477234,4572
187.97498297691345,4571
198.19155097007751,4570
204.45939898490906,4569
207.63540387153625,4568
210.8363790512085,4567
211.6344428062439,4566
218.08591508865356,4565
220.36762595176697,4564
227.3298978805542,4563
230.7555160522461,4562
235.6761498451233,4561
241.07301902770996,4560
241.37568402290344,4559
243.88706612586975,4558
272.6956510543823,4557
273.04612708091736,4556
276.8913588523865,4555
280.81839776039124,4554
343.3152508735657,4553
359.39699697494507,4552
363.3055319786072,4551
385.38484597206116,4550
457.9247260093689,4549
