9.895351886749268,4856
10.945592880249023,4855
11.318260908126831,4854
12.084033012390137,4853
12.268580913543701,4852
12.326192855834961,4851
13.375181913375854,4850
14.002558946609497,4849
14.050049781799316,4848
14.27157998085022,4847
14.307903051376343,4846
14.309346675872803,4845
14.410637855529785,4844
14.624713897705078,4843
14.819417715072632,4842
14.837925910949707,4841
15.425352811813354,4840
15.755579948425293,4839
15.837027788162231,4838
15.914784908294678,4837
16.245523929595947,4836
16.261790990829468,4835
16.26961898803711,4834
16.62347984313965,4833
16.6528000831604,4832
16.669827699661255,4831
16.969841957092285,4830
17.01186203956604,4829
17.026973009109497,4828
17.175334930419922,4827
17.175554752349854,4826
17.18889880180359,4825
17.21186089515686,4824
17.27311372756958,4823
17.28624176979065,4822
17.431766748428345,4821
17.445981979370117,4820
17.647743940353394,4819
17.849165678024292,4818
17.850438833236694,4817
17.85167169570923,4816
17.92049479484558,4815
18.035826921463013,4814
18.17254090309143,4813
18.241015672683716,4812
18.649216890335083,4811
18.71466875076294,4810
19.01307702064514,4809
19.29978585243225,4808
19.303925037384033,4807
19.551146984100342,4806
19.67065691947937,4805
19.71272087097168,4804
19.78859281539917,4803
19.799858808517456,4802
19.89163088798523,4801
20.368459939956665,4800
20.538042783737183,4799
20.562169790267944,4798
20.612645864486694,4797
20.7865469455719,4796
21.06135392189026,4795
21.09709906578064,4794
21.119541883468628,4793
21.21967577934265,4792
21.34008288383484,4791
21.3778817653656,4790
21.547060012817383,4789
21.622384786605835,4788
21.62582492828369,4787
21.64634394645691,4786
21.79862880706787,4785
21.834608793258667,4784
22.44529891014099,4783
22.577499866485596,4782
23.418896913528442,4781
23.44215488433838,4780
23.504606008529663,4779
23.731639862060547,4778
23.889930963516235,4777
24.253328800201416,4776
24.29413080215454,4775
24.460320949554443,4774
24.887202739715576,4773
25.050726890563965,4772
25.076581954956055,4771
25.584682941436768,4770
25.75718092918396,4769
26.01234793663025,4768
26.07277798652649,4767
26.25713086128235,4766
26.684387922286987,4765
26.865670919418335,4764
27.00001287460327,4763
27.204336881637573,4762
27.62189483642578,4761
27.74737572669983,4760
27.75119686126709,4759
27.91950488090515,4758
27.94171690940857,4757
28.05960178375244,4756
28.1921808719635,4755
28.40121293067932,4754
28.73192286491394,4753
28.76000690460205,4752
28.767179012298584,4751
29.40127182006836,4750
29.576878786087036,4749
29.61312985420227,4748
29.717850923538208,4747
29.864471673965454,4746
30.155841827392578,4745
30.32743501663208,4744
30.34534192085266,4743
30.58203387260437,4742
30.58350896835327,4741
31.338626861572266,4740
31.434828758239746,4739
31.481558799743652,4738
31.689826726913452,4737
31.800673007965088,4736
31.80607008934021,4735
31.80975890159607,4734
32.02750897407532,4733
32.03138589859009,4732
32.048375844955444,4731
32.273601770401,4730
32.30327892303467,4729
32.77811884880066,4728
32.819164991378784,4727
33.008463859558105,4726
33.228182792663574,4725
33.29734492301941,4724
33.663798809051514,4723
34.0298798084259,4722
34.14177107810974,4721
34.148194789886475,4720
34.34392595291138,4719
34.433029890060425,4718
34.4601616859436,4717
34.50223684310913,4716
34.697104930877686,4715
34.7267849445343,4714
34.969950914382935,4713
34.98460602760315,4712
35.027732849121094,4711
35.52230191230774,4710
35.76729488372803,4709
36.003806829452515,4708
36.23544788360596,4707
36.440398931503296,4706
36.48443794250488,4705
36.706419944763184,4704
36.80744504928589,4703
37.59151291847229,4702
37.81923985481262,4701
37.86150789260864,4700
37.89875674247742,4699
38.00971603393555,4698
38.24298596382141,4697
38.31020379066467,4696
38.475175857543945,4695
38.55914282798767,4694
38.64201784133911,4693
38.875158071517944,4692
39.30076599121094,4691
39.3652868270874,4690
39.3696026802063,4689
39.39148283004761,4688
39.50752377510071,4687
39.5667667388916,4686
40.256189823150635,4685
40.888431787490845,4684
40.91011881828308,4683
41.242700815200806,4682
41.85088896751404,4681
42.206143856048584,4680
42.70946788787842,4679
42.944867849349976,4678
43.0600209236145,4677
43.10148096084595,4676
43.11199593544006,4675
43.49834871292114,4674
43.528379917144775,4673
43.91813683509827,4672
44.87987995147705,4671
44.935664892196655,4670
45.1931357383728,4669
45.205511808395386,4668
45.40770387649536,4667
45.55546188354492,4666
46.01314187049866,4665
46.188814878463745,4664
46.65001606941223,4663
46.93165898323059,4662
46.952624797821045,4661
46.99246597290039,4660
47.320483922958374,4659
47.32664608955383,4658
47.62021589279175,4657
48.10234808921814,4656
48.11759901046753,4655
48.98404383659363,4654
49.410815954208374,4653
49.693984031677246,4652
50.015602827072144,4651
50.24092483520508,4650
50.620790004730225,4649
50.94420099258423,4648
51.03136992454529,4647
51.07796001434326,4646
51.41674184799194,4645
51.57948589324951,4644
51.659461975097656,4643
52.20768165588379,4642
52.79284191131592,4641
52.830766916275024,4640
53.748748779296875,4639
54.1711859703064,4638
54.52644896507263,4637
54.8046178817749,4636
54.95445990562439,4635
55.7259247303009,4634
57.917757987976074,4633
58.64769387245178,4632
58.66252398490906,4631
59.588971853256226,4630
60.18052577972412,4629
60.46997284889221,4628
60.976701974868774,4627
61.195780754089355,4626
61.91429877281189,4625
62.775484800338745,4624
62.89331364631653,4623
63.88263297080994,4622
64.31754779815674,4621
65.04067373275757,4620
66.6667709350586,4619
66.80513572692871,4618
67.04841089248657,4617
67.54385089874268,4616
67.63954281806946,4615
67.6696047782898,4614
68.86902499198914,4613
69.14985990524292,4612
70.96751070022583,4611
71.19450283050537,4610
71.6403398513794,4609
71.80242586135864,4608
72.89456486701965,4607
74.36727094650269,4606
75.00308394432068,4605
75.59921383857727,4604
75.95675277709961,4603
76.1713559627533,4602
76.53116798400879,4601
79.03395676612854,4600
79.28185606002808,4599
80.40001368522644,4598
80.60224485397339,4597
83.32701086997986,4596
85.25355696678162,4595
86.70449686050415,4594
87.19744682312012,4593
87.46862077713013,4592
90.1559419631958,4591
90.69872903823853,4590
91.0005099773407,4589
92.11095666885376,4588
93.63205409049988,4587
95.2903048992157,4586
100.9525556564331,4585
103.79362988471985,4584
103.99344491958618,4583
106.71249890327454,4582
107.66541886329651,4581
108.38343405723572,4580
116.01321983337402,4579
119.23329782485962,4578
119.26847076416016,4577
127.49768686294556,4576
132.41179084777832,4575
132.7417390346527,4574
137.83284091949463,4573
138.6752369403839,4572
143.53967189788818,4571
145.20382380485535,4570
147.5326669216156,4569
161.47791695594788,4568
175.07949805259705,4567
185.76449584960938,4566
187.6095187664032,4565
187.8105547428131,4564
197.74553084373474,4563
199.10274577140808,4562
214.92323207855225,4561
219.05161094665527,4560
219.20620274543762,4559
225.17365288734436,4558
227.11455583572388,4557
245.24708104133606,4556
262.28032898902893,4555
270.4734947681427,4554
274.4587609767914,4553
337.6818058490753,4552
441.27748465538025,4551
480.5869929790497,4550
498.39247274398804,4549
