10.034679651260376,4856
12.02468466758728,4855
12.371047973632812,4854
12.54174280166626,4853
12.644699811935425,4852
12.814406871795654,4851
13.187820672988892,4850
13.967193841934204,4849
14.11376166343689,4848
14.160071849822998,4847
14.705163717269897,4846
15.06633973121643,4845
15.388617992401123,4844
15.400623798370361,4843
15.625556945800781,4842
15.625779867172241,4841
15.646086931228638,4840
15.839865922927856,4839
16.215110778808594,4838
16.247015953063965,4837
16.263490676879883,4836
16.528514862060547,4835
16.620044708251953,4834
16.83497190475464,4833
16.92825484275818,4832
16.930014848709106,4831
16.94745182991028,4830
17.07568883895874,4829
17.201491832733154,4828
17.230413675308228,4827
17.285988807678223,4826
17.3209228515625,4825
17.528881788253784,4824
17.55900478363037,4823
17.707652807235718,4822
17.93723702430725,4821
17.964208841323853,4820
17.98213791847229,4819
17.9857759475708,4818
18.171141862869263,4817
18.290334939956665,4816
18.55488681793213,4815
18.656025886535645,4814
18.744892835617065,4813
18.953444719314575,4812
19.103664875030518,4811
19.145095825195312,4810
19.492848873138428,4809
19.63564896583557,4808
19.6669659614563,4807
19.690096855163574,4806
19.694411039352417,4805
19.709645748138428,4804
20.45285677909851,4803
20.642966747283936,4802
20.899970769882202,4801
21.410552740097046,4800
21.589114904403687,4799
21.628300666809082,4798
21.910238027572632,4797
21.910645008087158,4796
22.005757808685303,4795
22.03707194328308,4794
22.13228178024292,4793
22.15539288520813,4792
22.158987760543823,4791
22.49312686920166,4790
22.92445182800293,4789
23.027968883514404,4788
23.106599807739258,4787
23.127583980560303,4786
23.136367797851562,4785
23.178591012954712,4784
23.188979864120483,4783
23.364574909210205,4782
23.364872932434082,4781
23.373644828796387,4780
23.813105821609497,4779
23.83155083656311,4778
23.854207038879395,4777
24.11150074005127,4776
24.21738290786743,4775
24.65518593788147,4774
24.66420888900757,4773
24.804203033447266,4772
24.956905841827393,4771
25.266756772994995,4770
25.26698398590088,4769
25.78229784965515,4768
25.855252981185913,4767
26.256064891815186,4766
26.33949589729309,4765
26.370614767074585,4764
26.778894901275635,4763
26.788548707962036,4762
26.890207052230835,4761
27.263632774353027,4760
27.501718044281006,4759
27.64653182029724,4758
27.926987648010254,4757
28.199495792388916,4756
28.44993281364441,4755
28.455286741256714,4754
28.735026836395264,4753
29.205135822296143,4752
29.535369873046875,4751
29.545997858047485,4750
29.639425039291382,4749
30.085250854492188,4748
30.131982803344727,4747
31.1148898601532,4746
31.9354567527771,4745
32.06513571739197,4744
32.21888279914856,4743
32.75951290130615,4742
33.325199842453,4741
33.52640986442566,4740
34.20051097869873,4739
34.77401781082153,4738
34.98705005645752,4737
35.05409097671509,4736
35.061460971832275,4735
35.4516339302063,4734
36.1500198841095,4733
36.230512857437134,4732
36.41180396080017,4731
36.74513578414917,4730
37.14702272415161,4729
37.24701285362244,4728
37.329150915145874,4727
37.3592529296875,4726
37.398470878601074,4725
37.432502031326294,4724
37.454938888549805,4723
38.102224826812744,4722
38.10788297653198,4721
38.15503287315369,4720
38.498443841934204,4719
39.379982709884644,4718
39.40681076049805,4717
39.5473358631134,4716
39.72830390930176,4715
39.766249895095825,4714
39.84495782852173,4713
40.2921359539032,4712
40.512391805648804,4711
40.52153706550598,4710
40.538373947143555,4709
40.55048990249634,4708
40.648746967315674,4707
42.00985074043274,4706
42.35680389404297,4705
42.785632610321045,4704
42.89228081703186,4703
43.40011191368103,4702
43.40712785720825,4701
44.64648079872131,4700
45.19567799568176,4699
45.83190202713013,4698
45.930485010147095,4697
46.87037801742554,4696
46.90860080718994,4695
46.92940807342529,4694
47.27528381347656,4693
47.49765396118164,4692
47.55094385147095,4691
47.807963848114014,4690
48.24388289451599,4689
48.6046679019928,4688
48.85979700088501,4687
48.86021566390991,4686
48.88461971282959,4685
48.907020807266235,4684
49.475764989852905,4683
49.62113690376282,4682
49.63501191139221,4681
50.00687384605408,4680
50.26887774467468,4679
50.666401863098145,4678
50.963573932647705,4677
50.97108197212219,4676
51.207273960113525,4675
51.207627058029175,4674
51.70006990432739,4673
52.082890033721924,4672
52.88700795173645,4671
52.96863794326782,4670
53.65808582305908,4669
54.07369589805603,4668
54.578285694122314,4667
54.780075788497925,4666
55.144537925720215,4665
55.51834583282471,4664
56.515015840530396,4663
56.95245170593262,4662
57.280308961868286,4661
57.75359582901001,4660
57.82221698760986,4659
58.3517119884491,4658
59.22512698173523,4657
59.45653295516968,4656
60.35794687271118,4655
60.36450672149658,4654
60.3797447681427,4653
60.50152397155762,4652
60.550373792648315,4651
61.03009366989136,4650
61.726693868637085,4649
62.12874698638916,4648
62.28044390678406,4647
62.773526668548584,4646
62.818790912628174,4645
63.001330852508545,4644
63.66089177131653,4643
63.859492778778076,4642
64.70009183883667,4641
64.73206877708435,4640
65.79744100570679,4639
66.30080485343933,4638
67.1412706375122,4637
67.74122285842896,4636
69.3967649936676,4635
70.16449999809265,4634
70.34822487831116,4633
70.88881278038025,4632
71.34478378295898,4631
71.80899477005005,4630
72.48275876045227,4629
72.64122772216797,4628
73.38954973220825,4627
73.73631072044373,4626
74.6067168712616,4625
75.14456391334534,4624
76.35909676551819,4623
76.49412679672241,4622
77.37653684616089,4621
77.38144087791443,4620
77.69167494773865,4619
77.89272093772888,4618
82.12969183921814,4617
82.69953274726868,4616
84.09627604484558,4615
84.21157193183899,4614
86.0072410106659,4613
86.58613467216492,4612
86.627938747406,4611
88.05955266952515,4610
90.08076477050781,4609
91.04373574256897,4608
91.33882093429565,4607
92.02859592437744,4606
93.03881883621216,4605
94.69386768341064,4604
96.40191793441772,4603
100.48305678367615,4602
100.78788185119629,4601
107.50558280944824,4600
107.9382107257843,4599
110.2519097328186,4598
110.25911664962769,4597
112.67178988456726,4596
113.93889093399048,4595
114.81246495246887,4594
116.83410382270813,4593
116.91143870353699,4592
123.97256779670715,4591
124.07032680511475,4590
124.5292809009552,4589
126.38416075706482,4588
130.34935569763184,4587
131.4180727005005,4586
133.07794380187988,4585
138.74121975898743,4584
140.62072777748108,4583
143.57041692733765,4582
143.964115858078,4581
144.88953280448914,4580
145.6937928199768,4579
149.36141180992126,4578
151.68676471710205,4577
152.3090376853943,4576
152.65027570724487,4575
154.83716297149658,4574
161.46090602874756,4573
166.2725019454956,4572
166.5276689529419,4571
181.22970604896545,4570
188.5546157360077,4569
188.71106100082397,4568
201.93108081817627,4567
206.2498598098755,4566
208.6906340122223,4565
211.73312783241272,4564
224.89758491516113,4563
227.9309220314026,4562
260.7142059803009,4561
296.4238119125366,4560
301.2404899597168,4559
313.17633271217346,4558
320.2195956707001,4557
347.15706181526184,4556
349.0920729637146,4555
373.77569103240967,4554
375.9218029975891,4553
416.3690707683563,4552
451.5173876285553,4551
