9.859927892684937,4856
10.50918197631836,4855
10.896486759185791,4854
11.424945831298828,4853
11.547131061553955,4852
11.913733005523682,4851
12.136956930160522,4850
12.213361740112305,4849
12.286756038665771,4848
12.504263877868652,4847
12.58836817741394,4846
12.593504905700684,4845
12.726732015609741,4844
12.733821868896484,4843
12.780334949493408,4842
12.942198038101196,4841
13.946264028549194,4840
13.951825857162476,4839
13.969438791275024,4838
14.172775983810425,4837
14.448517084121704,4836
14.452842950820923,4835
14.578041076660156,4834
14.903525114059448,4833
14.920082807540894,4832
15.046546936035156,4831
15.065508127212524,4830
15.311886072158813,4829
16.387049913406372,4828
16.575119972229004,4827
16.69621181488037,4826
16.743639945983887,4825
16.824827909469604,4824
16.830573081970215,4823
16.88631010055542,4822
16.896875858306885,4821
17.254478931427002,4820
17.257811784744263,4819
17.314279794692993,4818
17.805456161499023,4817
17.814800024032593,4816
17.890684843063354,4815
18.091320037841797,4814
18.132518768310547,4813
18.197718858718872,4812
18.214367866516113,4811
18.22492480278015,4810
18.3248770236969,4809
18.36530876159668,4808
18.64255404472351,4807
18.761414766311646,4806
18.94802188873291,4805
18.97599506378174,4804
19.32591676712036,4803
19.363318920135498,4802
19.457025051116943,4801
19.573307037353516,4800
19.81020998954773,4799
19.855979919433594,4798
20.30202007293701,4797
20.788005113601685,4796
20.886192083358765,4795
20.893476963043213,4794
20.96788501739502,4793
21.035761833190918,4792
21.06158471107483,4791
21.171613931655884,4790
21.287879943847656,4789
21.625242948532104,4788
21.703629970550537,4787
21.778475046157837,4786
21.827955961227417,4785
22.470284938812256,4784
22.484827041625977,4783
22.51419687271118,4782
22.613295078277588,4781
22.730345010757446,4780
22.831778049468994,4779
22.869552850723267,4778
23.272939920425415,4777
23.438945055007935,4776
23.471734046936035,4775
23.498283863067627,4774
23.51589608192444,4773
23.552227020263672,4772
23.585624933242798,4771
23.958115100860596,4770
24.169188976287842,4769
24.68407702445984,4768
24.719846725463867,4767
25.045259952545166,4766
25.061166048049927,4765
25.194904088974,4764
25.461050033569336,4763
25.464282035827637,4762
25.546061038970947,4761
25.60587215423584,4760
25.619611740112305,4759
25.830570936203003,4758
26.108407974243164,4757
26.11344003677368,4756
26.210092067718506,4755
26.32175898551941,4754
26.55710005760193,4753
26.55967688560486,4752
26.59846591949463,4751
26.6198787689209,4750
26.86376190185547,4749
26.89006471633911,4748
27.30764389038086,4747
27.365904808044434,4746
27.659103870391846,4745
27.68875789642334,4744
27.704691886901855,4743
27.75466799736023,4742
27.76994776725769,4741
27.80834698677063,4740
27.832427978515625,4739
27.873697996139526,4738
28.16004180908203,4737
28.3192880153656,4736
28.39694309234619,4735
28.735195875167847,4734
28.785712718963623,4733
29.017127752304077,4732
29.324368000030518,4731
29.38007688522339,4730
29.97172975540161,4729
30.334777116775513,4728
30.67135190963745,4727
30.690124034881592,4726
30.700092792510986,4725
31.182172775268555,4724
31.364080905914307,4723
31.480170965194702,4722
31.618287086486816,4721
32.35592699050903,4720
32.410309076309204,4719
32.73982095718384,4718
32.894360065460205,4717
33.021201848983765,4716
33.62929391860962,4715
33.68182182312012,4714
34.116596937179565,4713
34.35055589675903,4712
34.64569115638733,4711
34.69128084182739,4710
34.90903401374817,4709
35.10706877708435,4708
35.46294903755188,4707
35.4805428981781,4706
35.508363008499146,4705
35.50862193107605,4704
35.5186128616333,4703
36.145405769348145,4702
36.85311985015869,4701
36.94822382926941,4700
37.41726994514465,4699
37.554919958114624,4698
37.75089192390442,4697
39.82958197593689,4696
40.83096694946289,4695
41.15565800666809,4694
41.201967000961304,4693
41.404640913009644,4692
41.4583158493042,4691
41.720025062561035,4690
41.73111295700073,4689
41.9472439289093,4688
41.99552512168884,4687
42.00284790992737,4686
42.303478956222534,4685
42.431674003601074,4684
42.47683501243591,4683
43.43576383590698,4682
43.66528511047363,4681
43.8488130569458,4680
43.93830990791321,4679
44.01919889450073,4678
44.037039041519165,4677
44.32874011993408,4676
44.508517026901245,4675
45.04552173614502,4674
45.51206707954407,4673
45.64508104324341,4672
45.84249997138977,4671
46.29025602340698,4670
46.51188611984253,4669
46.63024616241455,4668
46.778857946395874,4667
46.9220609664917,4666
47.28343176841736,4665
47.427793741226196,4664
47.581231117248535,4663
47.604912757873535,4662
48.131088733673096,4661
48.44991207122803,4660
48.47251510620117,4659
48.755056858062744,4658
48.902709007263184,4657
49.23567581176758,4656
49.399805784225464,4655
49.72369885444641,4654
49.7593719959259,4653
50.98158001899719,4652
52.50835704803467,4651
54.16866183280945,4650
54.206642866134644,4649
54.55733299255371,4648
54.935429096221924,4647
56.14953684806824,4646
56.31113791465759,4645
56.58455181121826,4644
56.96516704559326,4643
57.03533482551575,4642
57.54387092590332,4641
59.10728693008423,4640
59.85507392883301,4639
59.92131185531616,4638
60.578025817871094,4637
60.95322394371033,4636
62.69720482826233,4635
63.88918709754944,4634
64.28154110908508,4633
64.5640640258789,4632
64.63353180885315,4631
65.79088616371155,4630
66.07680583000183,4629
66.34971904754639,4628
66.91096186637878,4627
67.74021697044373,4626
69.51477694511414,4625
69.5251088142395,4624
69.65750074386597,4623
69.83951306343079,4622
71.09490704536438,4621
72.47405195236206,4620
73.86331701278687,4619
74.36784100532532,4618
74.57153987884521,4617
76.17071199417114,4616
76.43282198905945,4615
77.03407788276672,4614
77.21644306182861,4613
79.0113639831543,4612
81.35933780670166,4611
82.58693385124207,4610
86.1936559677124,4609
87.28872394561768,4608
87.50150299072266,4607
88.03307008743286,4606
88.35826301574707,4605
91.06598091125488,4604
94.40170788764954,4603
95.04513597488403,4602
95.86823081970215,4601
96.48351407051086,4600
98.0311689376831,4599
99.92979407310486,4598
103.69041681289673,4597
109.10053181648254,4596
111.28683495521545,4595
111.33856391906738,4594
111.45669198036194,4593
111.97584295272827,4592
115.03934693336487,4591
115.93490099906921,4590
119.23975491523743,4589
124.24335503578186,4588
125.72641491889954,4587
127.56893587112427,4586
129.2217960357666,4585
129.33438110351562,4584
133.98717212677002,4583
134.3023920059204,4582
143.37918782234192,4581
146.95906496047974,4580
148.63755202293396,4579
150.00651478767395,4578
150.20475578308105,4577
151.5341181755066,4576
154.16193199157715,4575
155.6553599834442,4574
173.5149438381195,4573
175.61774682998657,4572
175.81472897529602,4571
176.76862001419067,4570
178.8064570426941,4569
178.8912389278412,4568
179.08404803276062,4567
180.69060802459717,4566
183.99852681159973,4565
192.26647686958313,4564
257.78884196281433,4563
259.9290060997009,4562
262.985976934433,4561
293.07112073898315,4560
296.14857292175293,4559
333.25075602531433,4558
346.59244894981384,4557
369.4845860004425,4556
376.747594833374,4555
383.82190680503845,4554
405.4663460254669,4553
405.5575180053711,4552
417.85253286361694,4551
418.4601128101349,4550
578.1758809089661,4549
