5.182567119598389,7038
11.614313840866089,7037
12.243412017822266,7036
15.205112934112549,7035
16.753092050552368,7034
25.304742097854614,7033
25.767680883407593,7032
31.941819190979004,7031
35.261857986450195,7030
36.12719202041626,7029
37.71246314048767,7028
39.4102098941803,7027
44.058143854141235,7026
55.1480610370636,7025
56.4353461265564,7024
62.80237412452698,7023
64.54985499382019,7022
66.4383978843689,7021
67.6890549659729,7020
67.81648993492126,7019
86.13241314888,7018
87.81739521026611,7017
94.18937110900879,7016
94.31071305274963,7015
102.2807559967041,7014
109.55083703994751,7013
112.95849108695984,7012
113.17714190483093,7011
120.88863515853882,7010
123.06142783164978,7009
124.3728539943695,7008
125.04748511314392,7007
131.7639331817627,7006
137.1599690914154,7005
141.9150881767273,7004
157.40992999076843,7003
172.00773811340332,7002
191.56008386611938,7001
204.59442806243896,7000
224.56043314933777,6999
230.0583348274231,6998
234.82792210578918,6997
240.4553210735321,6996
246.487135887146,6995
255.88797616958618,6994
257.83540201187134,6993
265.3043739795685,6992
282.2806272506714,6991
299.89063692092896,6990
307.68620681762695,6989
340.23434591293335,6988
344.4681158065796,6987
365.7893490791321,6986
374.0636429786682,6985
395.22147011756897,6984
408.64692306518555,6983
413.0409200191498,6982
416.7025420665741,6981
418.44705986976624,6980
442.1463830471039,6979
471.0286920070648,6978
479.2890100479126,6977
518.2511501312256,6976
530.0685522556305,6975
579.0237209796906,6974
580.104828119278,6973
