5.084819078445435,7038
24.58532190322876,7037
27.332310914993286,7036
29.156208038330078,7035
33.05071711540222,7034
35.480254888534546,7033
38.82926893234253,7032
39.27218294143677,7031
40.23245620727539,7030
41.34601593017578,7029
46.20555901527405,7028
49.80183005332947,7027
56.35881423950195,7026
56.83282709121704,7025
58.69600820541382,7024
62.175122022628784,7023
70.39307522773743,7022
82.21980905532837,7021
82.7588620185852,7020
86.83501887321472,7019
93.02406215667725,7018
99.0265121459961,7017
103.603835105896,7016
103.9528648853302,7015
104.43187284469604,7014
107.55326294898987,7013
109.05760097503662,7012
114.52077794075012,7011
114.92979907989502,7010
120.8705370426178,7009
121.19600820541382,7008
128.35170602798462,7007
131.70640897750854,7006
133.12672090530396,7005
134.21316194534302,7004
144.68850898742676,7003
152.40598487854004,7002
156.39557003974915,7001
170.33563899993896,7000
180.81364011764526,6999
207.85660886764526,6998
207.85744309425354,6997
237.95663499832153,6996
262.71352100372314,6995
273.49302101135254,6994
286.49408197402954,6993
297.0899679660797,6992
297.5335650444031,6991
298.8744180202484,6990
303.52733993530273,6989
309.66536808013916,6988
320.3468132019043,6987
323.3002758026123,6986
337.2914080619812,6985
345.7489478588104,6984
362.92597103118896,6983
368.03036403656006,6982
396.5205109119415,6981
408.9181318283081,6980
431.59440207481384,6979
445.8151819705963,6978
449.0759551525116,6977
451.69212198257446,6976
465.50072383880615,6975
509.4036650657654,6974
520.9478151798248,6973
526.8560900688171,6972
545.4996259212494,6971
570.2198119163513,6970
