9.793097972869873,4856
10.241484880447388,4855
11.519680976867676,4854
11.645906925201416,4853
11.756932735443115,4852
12.252538919448853,4851
12.32755994796753,4850
12.692226886749268,4849
12.95618486404419,4848
13.118169784545898,4847
13.396045684814453,4846
13.783395767211914,4845
13.815463781356812,4844
14.067137956619263,4843
14.07485294342041,4842
14.13412880897522,4841
14.309907913208008,4840
15.444545984268188,4839
15.803510904312134,4838
15.833570718765259,4837
16.543165922164917,4836
16.953369855880737,4835
17.18695092201233,4834
17.449360847473145,4833
17.46539807319641,4832
17.51603412628174,4831
17.555611848831177,4830
18.189512014389038,4829
18.87034797668457,4828
19.258302927017212,4827
19.29968786239624,4826
19.442858934402466,4825
20.095098733901978,4824
20.096252918243408,4823
20.683786869049072,4822
20.754080057144165,4821
21.11685299873352,4820
21.345279932022095,4819
21.74912190437317,4818
22.49946689605713,4817
22.55889582633972,4816
22.665944814682007,4815
22.677276849746704,4814
22.948816776275635,4813
22.970196962356567,4812
23.256399869918823,4811
23.398311853408813,4810
23.4177029132843,4809
23.578978061676025,4808
23.623435974121094,4807
23.654505968093872,4806
23.735874891281128,4805
23.980093955993652,4804
24.45647883415222,4803
24.468570947647095,4802
25.075835943222046,4801
25.34221601486206,4800
25.63509511947632,4799
25.65249276161194,4798
26.0293607711792,4797
26.071594953536987,4796
26.08757996559143,4795
26.336225032806396,4794
26.430522918701172,4793
26.556164741516113,4792
26.78684902191162,4791
26.812883853912354,4790
26.95809268951416,4789
27.03956890106201,4788
27.142816066741943,4787
27.400771856307983,4786
27.45128607749939,4785
27.481029748916626,4784
27.917804956436157,4783
27.937538862228394,4782
28.31234383583069,4781
28.312681913375854,4780
28.41849398612976,4779
28.47020173072815,4778
28.67545986175537,4777
28.68354892730713,4776
29.31828999519348,4775
29.368600845336914,4774
29.931742906570435,4773
30.182936906814575,4772
30.1991868019104,4771
30.200779914855957,4770
30.3475399017334,4769
30.542305946350098,4768
30.764168977737427,4767
30.942279815673828,4766
31.069978952407837,4765
31.30906391143799,4764
31.34292984008789,4763
31.3831889629364,4762
31.430464029312134,4761
31.635419845581055,4760
32.3816499710083,4759
32.407317876815796,4758
32.42099475860596,4757
32.64770293235779,4756
32.69584107398987,4755
32.70090913772583,4754
33.14139175415039,4753
33.14184784889221,4752
33.20176100730896,4751
33.20732283592224,4750
33.34433579444885,4749
33.551973819732666,4748
33.57129693031311,4747
33.63893985748291,4746
33.64584279060364,4745
33.82441687583923,4744
33.95136594772339,4743
34.06883978843689,4742
34.31323480606079,4741
34.381247997283936,4740
35.069847106933594,4739
35.07136368751526,4738
35.27846884727478,4737
35.46977472305298,4736
35.98023295402527,4735
36.184990882873535,4734
36.20291185379028,4733
36.55589985847473,4732
36.638492822647095,4731
36.66958475112915,4730
36.67687678337097,4729
36.6825008392334,4728
36.759769916534424,4727
36.8046019077301,4726
36.968870878219604,4725
37.51657795906067,4724
37.53980994224548,4723
37.72309494018555,4722
37.7417209148407,4721
37.74634385108948,4720
37.85345101356506,4719
38.32935667037964,4718
38.57423186302185,4717
38.58712196350098,4716
38.84123969078064,4715
39.118937730789185,4714
39.46592092514038,4713
39.6498818397522,4712
39.692582845687866,4711
39.756651878356934,4710
39.94647979736328,4709
40.42907190322876,4708
40.91365885734558,4707
41.20605683326721,4706
41.910786867141724,4705
42.21159291267395,4704
42.35623788833618,4703
42.38575100898743,4702
42.731602907180786,4701
43.027591943740845,4700
43.43013095855713,4699
43.768717765808105,4698
44.17490100860596,4697
44.240986824035645,4696
44.29176712036133,4695
44.6825008392334,4694
44.68811082839966,4693
44.70793867111206,4692
45.056901931762695,4691
45.120585918426514,4690
46.648969888687134,4689
46.991076946258545,4688
47.55544400215149,4687
48.064018964767456,4686
48.46269392967224,4685
48.50450587272644,4684
49.268033027648926,4683
49.41472578048706,4682
50.512035846710205,4681
50.55992889404297,4680
51.094988107681274,4679
51.42245388031006,4678
51.5974977016449,4677
52.661850929260254,4676
52.84729599952698,4675
52.899893045425415,4674
53.49942398071289,4673
53.6915168762207,4672
54.21322178840637,4671
54.21531581878662,4670
54.235507011413574,4669
55.037715911865234,4668
55.04035997390747,4667
56.33890199661255,4666
56.56353998184204,4665
57.19311165809631,4664
57.24128794670105,4663
57.27809190750122,4662
57.64182090759277,4661
58.12171173095703,4660
59.38385200500488,4659
59.733675956726074,4658
60.690457820892334,4657
61.36468195915222,4656
61.75230598449707,4655
61.76001191139221,4654
61.85518002510071,4653
62.131043910980225,4652
64.0376558303833,4651
65.4214677810669,4650
65.86923694610596,4649
66.28219175338745,4648
66.60050106048584,4647
67.0497510433197,4646
67.59905099868774,4645
67.67511892318726,4644
67.93424272537231,4643
68.07846975326538,4642
68.3947868347168,4641
68.9534740447998,4640
69.08832287788391,4639
69.10974788665771,4638
69.31387090682983,4637
70.20429992675781,4636
71.01742887496948,4635
71.24610376358032,4634
71.60700583457947,4633
72.1231107711792,4632
72.25394105911255,4631
72.98635983467102,4630
73.61513876914978,4629
74.34149503707886,4628
74.74492907524109,4627
75.81461501121521,4626
76.16882300376892,4625
76.30810379981995,4624
76.35063695907593,4623
77.44563579559326,4622
78.3364827632904,4621
78.95591688156128,4620
78.9992949962616,4619
79.09089994430542,4618
79.34492588043213,4617
79.38080596923828,4616
81.48952984809875,4615
81.8216917514801,4614
84.4928367137909,4613
85.05683898925781,4612
89.27118682861328,4611
90.68657302856445,4610
90.74797487258911,4609
94.08723092079163,4608
95.20719790458679,4607
97.189857006073,4606
97.32970690727234,4605
97.86699986457825,4604
98.83100390434265,4603
100.90326285362244,4602
102.6871018409729,4601
102.7729218006134,4600
103.22562980651855,4599
107.99265694618225,4598
109.9079999923706,4597
111.91056275367737,4596
112.29427981376648,4595
112.5568540096283,4594
113.72556281089783,4593
113.82651972770691,4592
117.36377191543579,4591
117.6008448600769,4590
120.55734181404114,4589
121.26797008514404,4588
122.55949997901917,4587
132.1591010093689,4586
132.62904500961304,4585
133.0811357498169,4584
133.7230200767517,4583
135.88898372650146,4582
138.05903577804565,4581
141.21126508712769,4580
141.5695538520813,4579
142.345685005188,4578
142.93658089637756,4577
142.94960379600525,4576
144.37911772727966,4575
147.30735898017883,4574
158.01225590705872,4573
160.9990358352661,4572
166.99554991722107,4571
174.84214782714844,4570
179.0828537940979,4569
181.67491102218628,4568
186.9151849746704,4567
188.01915979385376,4566
188.98072385787964,4565
191.0430428981781,4564
193.4864320755005,4563
201.78719282150269,4562
212.11917901039124,4561
226.40145587921143,4560
228.60479187965393,4559
232.50233602523804,4558
238.3183138370514,4557
269.6803138256073,4556
307.3320870399475,4555
374.5749349594116,4554
432.8921048641205,4553
449.74179673194885,4552
580.0466659069061,4551
585.4844107627869,4550
590.4663798809052,4549
598.929249048233,4548
