5.278054714202881,7038
7.504562854766846,7037
14.294257879257202,7036
18.900033950805664,7035
19.352291107177734,7034
20.22261905670166,7033
25.76891589164734,7032
25.979233026504517,7031
26.422064781188965,7030
27.395325899124146,7029
28.277709007263184,7028
31.28158402442932,7027
31.33825397491455,7026
31.405487060546875,7025
34.98487591743469,7024
36.29466271400452,7023
42.76219391822815,7022
51.76526880264282,7021
52.69767689704895,7020
57.035542011260986,7019
60.36166286468506,7018
61.10874271392822,7017
62.62258505821228,7016
73.86573696136475,7015
74.05627584457397,7014
74.79030394554138,7013
76.93915271759033,7012
77.47325491905212,7011
78.18241095542908,7010
81.37668991088867,7009
114.7516667842865,7008
117.43154191970825,7007
130.52985072135925,7006
136.4617977142334,7005
145.8355689048767,7004
148.59790587425232,7003
154.89721274375916,7002
163.24119806289673,7001
165.07278680801392,7000
169.9857919216156,6999
170.8204710483551,6998
171.12560105323792,6997
177.39884209632874,6996
203.63836884498596,6995
216.35934400558472,6994
219.282958984375,6993
227.14520382881165,6992
242.35240077972412,6991
247.39199995994568,6990
259.7358589172363,6989
264.9404139518738,6988
287.50188994407654,6987
333.7881541252136,6986
335.08459997177124,6985
347.6884047985077,6984
348.64136385917664,6983
350.86912202835083,6982
354.7270739078522,6981
377.06286692619324,6980
386.8957209587097,6979
388.98130679130554,6978
413.4294898509979,6977
417.74717473983765,6976
425.12697076797485,6975
440.4307870864868,6974
471.0193147659302,6973
475.798202753067,6972
507.7790880203247,6971
517.2680299282074,6970
535.7194428443909,6969
