5.084741830825806,7038
22.611069917678833,7037
26.356459140777588,7036
32.02837777137756,7035
33.34316396713257,7034
37.63367986679077,7033
46.45372915267944,7032
48.168668031692505,7031
50.33299207687378,7030
50.83680486679077,7029
56.375362157821655,7028
57.59039497375488,7027
59.506922006607056,7026
62.658639907836914,7025
63.56821298599243,7024
65.7840678691864,7023
69.53192400932312,7022
72.04683995246887,7021
73.07193994522095,7020
90.6718819141388,7019
94.12130093574524,7018
106.58227205276489,7017
121.42802000045776,7016
128.10875916481018,7015
134.18732595443726,7014
136.64578700065613,7013
139.43154907226562,7012
142.53873801231384,7011
143.0833969116211,7010
146.3914351463318,7009
148.5146210193634,7008
155.9106571674347,7007
159.794086933136,7006
164.57665395736694,7005
170.28235697746277,7004
177.99781799316406,7003
178.1915237903595,7002
187.98593091964722,7001
215.00416803359985,7000
221.5769238471985,6999
228.9282100200653,6998
234.7719419002533,6997
253.03050088882446,6996
255.70150685310364,6995
262.6698589324951,6994
273.1364150047302,6993
277.8446569442749,6992
295.3684220314026,6991
308.9773859977722,6990
323.9807059764862,6989
339.59653902053833,6988
344.2546889781952,6987
369.55281591415405,6986
380.5261788368225,6985
386.4841890335083,6984
396.3749010562897,6983
402.8738408088684,6982
429.2684369087219,6981
470.37328600883484,6980
475.01147294044495,6979
484.6485769748688,6978
500.0597240924835,6977
508.43665385246277,6976
511.29473996162415,6975
541.2047779560089,6974
587.7281119823456,6973
