10.086892127990723,4856
10.81511402130127,4855
11.251771926879883,4854
11.919847965240479,4853
12.543796062469482,4852
13.176115989685059,4851
13.176561832427979,4850
13.437551975250244,4849
13.536212921142578,4848
13.787696838378906,4847
13.804004907608032,4846
14.696430921554565,4845
14.898894786834717,4844
14.913466930389404,4843
14.97957992553711,4842
14.98903512954712,4841
15.020925045013428,4840
15.088119983673096,4839
15.136484861373901,4838
15.238968133926392,4837
15.536715984344482,4836
15.681732892990112,4835
15.843012809753418,4834
16.186875820159912,4833
16.289703845977783,4832
16.585081815719604,4831
16.588650941848755,4830
16.598702907562256,4829
16.612989902496338,4828
17.260385036468506,4827
17.34735107421875,4826
17.416050910949707,4825
17.576956033706665,4824
17.774523973464966,4823
17.861515998840332,4822
18.055996894836426,4821
18.338788986206055,4820
18.44054412841797,4819
18.588709831237793,4818
18.677590131759644,4817
18.89022207260132,4816
18.903825998306274,4815
19.017082929611206,4814
19.12751007080078,4813
19.215156078338623,4812
19.480334758758545,4811
19.678421020507812,4810
19.684364080429077,4809
19.830695867538452,4808
20.104100227355957,4807
20.106607913970947,4806
20.289340019226074,4805
20.330868005752563,4804
20.704198837280273,4803
20.72359800338745,4802
21.133245944976807,4801
21.237367153167725,4800
21.492208003997803,4799
21.49827790260315,4798
21.64858388900757,4797
22.22677516937256,4796
22.31631112098694,4795
22.6179039478302,4794
22.68307399749756,4793
22.748959064483643,4792
22.753451108932495,4791
22.850548028945923,4790
23.13950276374817,4789
23.26087188720703,4788
23.712769031524658,4787
23.922465085983276,4786
24.21951198577881,4785
24.2308189868927,4784
24.421945810317993,4783
24.474329948425293,4782
24.54404616355896,4781
24.561710834503174,4780
24.908859968185425,4779
25.864101886749268,4778
25.864351987838745,4777
26.003492832183838,4776
26.003782987594604,4775
26.131967067718506,4774
26.31719708442688,4773
26.32234811782837,4772
26.326590061187744,4771
26.84303307533264,4770
27.31573510169983,4769
27.371748208999634,4768
27.513031005859375,4767
27.740839958190918,4766
28.052947998046875,4765
28.187114000320435,4764
28.23728585243225,4763
28.280919075012207,4762
28.494271993637085,4761
28.532668828964233,4760
28.60608196258545,4759
28.606382131576538,4758
28.62079906463623,4757
28.64250898361206,4756
28.984735012054443,4755
29.099609851837158,4754
29.14887809753418,4753
29.43575882911682,4752
29.671173810958862,4751
29.90472102165222,4750
30.590739965438843,4749
30.755373001098633,4748
31.141261100769043,4747
31.156257152557373,4746
31.70407509803772,4745
32.29630994796753,4744
32.334551095962524,4743
32.77067184448242,4742
32.8243567943573,4741
32.83349394798279,4740
32.96570611000061,4739
32.97541785240173,4738
33.64868402481079,4737
33.738702058792114,4736
33.93771004676819,4735
34.56473088264465,4734
34.5747389793396,4733
34.676100969314575,4732
34.70287013053894,4731
34.75587511062622,4730
34.772862911224365,4729
35.199461936950684,4728
35.461551904678345,4727
35.66722512245178,4726
35.71101903915405,4725
35.75265407562256,4724
36.131125926971436,4723
37.001933097839355,4722
37.3690288066864,4721
37.507246017456055,4720
37.53841209411621,4719
38.187856912612915,4718
38.20262885093689,4717
38.280704975128174,4716
38.38829493522644,4715
38.487602949142456,4714
38.703449964523315,4713
38.714969873428345,4712
38.73348689079285,4711
38.7789089679718,4710
39.52773189544678,4709
39.6763231754303,4708
39.719353914260864,4707
39.757246017456055,4706
40.078043937683105,4705
40.087562084198,4704
40.552371978759766,4703
40.626851081848145,4702
40.92834687232971,4701
41.30663299560547,4700
41.513648986816406,4699
42.181215047836304,4698
42.18324398994446,4697
42.737667083740234,4696
43.04678297042847,4695
43.12205100059509,4694
43.7502920627594,4693
43.762856006622314,4692
43.886451959609985,4691
44.04231810569763,4690
44.370100021362305,4689
44.56206011772156,4688
45.155317068099976,4687
45.218350887298584,4686
45.56635403633118,4685
46.66537809371948,4684
46.781026124954224,4683
47.27428102493286,4682
47.342292070388794,4681
48.04572892189026,4680
48.061712980270386,4679
48.063555002212524,4678
48.55930805206299,4677
48.973838806152344,4676
49.52034902572632,4675
50.29156303405762,4674
50.294787883758545,4673
50.508095026016235,4672
50.576819896698,4671
50.748419761657715,4670
51.05069279670715,4669
51.98230504989624,4668
52.03383803367615,4667
52.05295991897583,4666
52.06793403625488,4665
52.07736396789551,4664
52.58410906791687,4663
52.58953285217285,4662
52.599225759506226,4661
52.69495701789856,4660
53.00125598907471,4659
53.725361824035645,4658
53.78039503097534,4657
54.25540614128113,4656
54.8137469291687,4655
54.923112869262695,4654
54.958597898483276,4653
55.83304405212402,4652
56.24223589897156,4651
56.34605598449707,4650
56.60317587852478,4649
57.5195689201355,4648
57.57914900779724,4647
58.18749499320984,4646
58.46338987350464,4645
58.58881402015686,4644
58.6536009311676,4643
58.86997413635254,4642
59.45732092857361,4641
59.495875120162964,4640
59.7750768661499,4639
59.79756999015808,4638
59.80467104911804,4637
60.607593059539795,4636
61.0310480594635,4635
62.12088704109192,4634
62.34867596626282,4633
62.417295932769775,4632
63.012765884399414,4631
63.037575006484985,4630
63.16353487968445,4629
63.36711096763611,4628
63.80732011795044,4627
64.28586196899414,4626
66.26972794532776,4625
67.32384204864502,4624
67.78373599052429,4623
67.83570790290833,4622
69.99084186553955,4621
70.42555594444275,4620
72.96437883377075,4619
73.0639979839325,4618
73.61189198493958,4617
73.68127202987671,4616
74.28043603897095,4615
75.45758199691772,4614
75.69114804267883,4613
76.01654601097107,4612
77.21497917175293,4611
77.3495078086853,4610
77.5074679851532,4609
77.68890500068665,4608
78.1541051864624,4607
78.67069101333618,4606
79.76249504089355,4605
79.99395513534546,4604
84.47738814353943,4603
86.80709195137024,4602
86.90853309631348,4601
90.19934391975403,4600
90.42031216621399,4599
93.43987584114075,4598
94.05808305740356,4597
96.15094804763794,4596
96.16034007072449,4595
97.48225212097168,4594
99.48627090454102,4593
103.01467800140381,4592
107.11343097686768,4591
108.94773602485657,4590
111.3878710269928,4589
111.6111650466919,4588
112.85304498672485,4587
114.43265700340271,4586
114.62702298164368,4585
120.1862621307373,4584
120.67690300941467,4583
121.5625410079956,4582
125.66064095497131,4581
129.25807785987854,4580
130.00600504875183,4579
137.62370419502258,4578
138.5099458694458,4577
140.68044018745422,4576
143.24919891357422,4575
151.77883291244507,4574
153.8276629447937,4573
163.11723279953003,4572
167.9072859287262,4571
168.13102102279663,4570
169.85873579978943,4569
170.5895230770111,4568
172.8106780052185,4567
175.78397798538208,4566
184.29589104652405,4565
187.66150307655334,4564
190.27340483665466,4563
192.13170790672302,4562
195.5754029750824,4561
226.38285899162292,4560
230.12738299369812,4559
237.78217816352844,4558
273.15783882141113,4557
276.91600012779236,4556
287.7663938999176,4555
304.2812988758087,4554
305.4339771270752,4553
306.996169090271,4552
