9.582831859588623,4856
9.911827802658081,4855
9.947499990463257,4854
10.04836392402649,4853
10.820024013519287,4852
11.80326771736145,4851
12.605826616287231,4850
12.769709825515747,4849
13.507526874542236,4848
14.179734945297241,4847
14.188544034957886,4846
14.269731760025024,4845
14.408131837844849,4844
14.486949920654297,4843
14.50221061706543,4842
14.635886669158936,4841
14.69078779220581,4840
15.125712871551514,4839
15.605877876281738,4838
15.963758707046509,4837
15.969377040863037,4836
15.98633599281311,4835
16.278172731399536,4834
16.32882785797119,4833
16.33275079727173,4832
17.349265813827515,4831
17.35393977165222,4830
17.44560480117798,4829
17.44594097137451,4828
17.658565759658813,4827
17.719295978546143,4826
17.765718936920166,4825
17.783145904541016,4824
18.155609846115112,4823
18.378741979599,4822
18.71849799156189,4821
18.85293173789978,4820
18.853562831878662,4819
19.052186727523804,4818
19.09024691581726,4817
19.29708170890808,4816
19.83382773399353,4815
19.85640597343445,4814
20.015959978103638,4813
20.054877758026123,4812
20.076364040374756,4811
20.105525970458984,4810
20.375537872314453,4809
20.412903785705566,4808
20.44962191581726,4807
20.454441785812378,4806
20.703637838363647,4805
21.14362382888794,4804
21.17155385017395,4803
21.198417901992798,4802
21.231554746627808,4801
21.327581882476807,4800
21.48121190071106,4799
21.578393697738647,4798
21.845128774642944,4797
21.850114822387695,4796
22.000220775604248,4795
22.070335865020752,4794
22.070533752441406,4793
22.400389909744263,4792
22.625421047210693,4791
22.68354296684265,4790
22.8691189289093,4789
22.994305849075317,4788
23.101764678955078,4787
23.379440784454346,4786
23.625191926956177,4785
23.62893795967102,4784
23.63368797302246,4783
24.06506586074829,4782
24.28390598297119,4781
24.329357862472534,4780
24.726953983306885,4779
24.802332878112793,4778
24.82402205467224,4777
24.834836959838867,4776
24.995242834091187,4775
25.27366280555725,4774
25.628497838974,4773
25.89828872680664,4772
26.011565685272217,4771
26.506767749786377,4770
26.508479833602905,4769
26.566694736480713,4768
26.569123029708862,4767
26.587164878845215,4766
26.618276834487915,4765
26.703067779541016,4764
26.799078941345215,4763
26.865715980529785,4762
27.124836683273315,4761
27.42591881752014,4760
27.71450185775757,4759
28.153121948242188,4758
28.161213874816895,4757
28.173719882965088,4756
28.483502864837646,4755
28.688074827194214,4754
28.84406089782715,4753
28.87104892730713,4752
29.21806287765503,4751
29.68441867828369,4750
29.98259997367859,4749
29.988951921463013,4748
30.115120887756348,4747
30.201616764068604,4746
30.20273995399475,4745
30.231544017791748,4744
30.651965856552124,4743
31.18141484260559,4742
31.409770011901855,4741
31.447876691818237,4740
31.456206798553467,4739
31.468446969985962,4738
31.717681884765625,4737
32.03031778335571,4736
32.676652908325195,4735
32.74030685424805,4734
32.89258694648743,4733
32.94830274581909,4732
32.996511936187744,4731
33.246386766433716,4730
33.277719020843506,4729
33.35633897781372,4728
33.372408866882324,4727
33.384145736694336,4726
34.104864835739136,4725
34.26015591621399,4724
35.1378870010376,4723
35.96878099441528,4722
36.04534077644348,4721
36.54863381385803,4720
36.577388048172,4719
36.79216289520264,4718
36.81231474876404,4717
36.86648869514465,4716
36.979121923446655,4715
37.51606607437134,4714
37.81025791168213,4713
37.82122492790222,4712
38.078131914138794,4711
38.34376883506775,4710
38.612643003463745,4709
38.75331401824951,4708
38.82154178619385,4707
38.8989839553833,4706
38.972545862197876,4705
39.10788679122925,4704
39.201504945755005,4703
39.37969183921814,4702
39.74439072608948,4701
40.058841705322266,4700
40.816996812820435,4699
41.190802812576294,4698
41.99976086616516,4697
42.06268882751465,4696
42.52167773246765,4695
43.004087924957275,4694
43.02325391769409,4693
43.30490493774414,4692
43.840298891067505,4691
44.14429473876953,4690
44.28740406036377,4689
44.35815382003784,4688
44.486013889312744,4687
44.49272584915161,4686
44.80667781829834,4685
45.11069178581238,4684
45.77786684036255,4683
46.10307502746582,4682
46.10380578041077,4681
46.14795184135437,4680
46.57267689704895,4679
47.065741777420044,4678
47.14729595184326,4677
47.35775375366211,4676
47.89813494682312,4675
47.93130683898926,4674
48.471051931381226,4673
49.153796672821045,4672
49.77650690078735,4671
49.99258804321289,4670
50.44280791282654,4669
50.90749478340149,4668
51.22348070144653,4667
51.37290692329407,4666
51.667481660842896,4665
51.679985761642456,4664
52.08278298377991,4663
52.50106906890869,4662
52.58333110809326,4661
52.65028500556946,4660
52.74066185951233,4659
53.07384395599365,4658
53.3788628578186,4657
53.44162893295288,4656
53.713337659835815,4655
53.80026888847351,4654
54.40224885940552,4653
54.81804180145264,4652
55.28845477104187,4651
56.54266905784607,4650
57.24320673942566,4649
57.263609886169434,4648
57.39438581466675,4647
57.40917992591858,4646
57.45502996444702,4645
58.47522187232971,4644
59.02189898490906,4643
59.5043568611145,4642
59.834964990615845,4641
60.381091833114624,4640
60.54479265213013,4639
60.5857138633728,4638
61.774685859680176,4637
63.08564877510071,4636
63.60789775848389,4635
64.11695265769958,4634
65.37306380271912,4633
65.94272470474243,4632
66.57478094100952,4631
66.65260791778564,4630
66.92573690414429,4629
68.26687264442444,4628
68.37271499633789,4627
68.46354579925537,4626
69.73307800292969,4625
70.16493272781372,4624
71.44390773773193,4623
71.48858904838562,4622
72.11163282394409,4621
72.98393082618713,4620
73.33552098274231,4619
73.84620594978333,4618
74.11872386932373,4617
75.04551696777344,4616
75.90664291381836,4615
76.28161883354187,4614
76.3174078464508,4613
77.41313672065735,4612
78.5535159111023,4611
78.6784279346466,4610
79.30601596832275,4609
79.31729483604431,4608
79.76458191871643,4607
80.34382796287537,4606
81.54516983032227,4605
81.95402073860168,4604
81.95626187324524,4603
83.99535489082336,4602
85.05988788604736,4601
86.08061385154724,4600
87.99104690551758,4599
88.81222081184387,4598
90.04027700424194,4597
90.47752976417542,4596
91.29385590553284,4595
94.21230983734131,4594
95.73694896697998,4593
96.78539800643921,4592
97.87178182601929,4591
98.59817600250244,4590
98.92746067047119,4589
99.70790767669678,4588
101.95176482200623,4587
102.08014798164368,4586
102.41916489601135,4585
103.27419066429138,4584
104.86285996437073,4583
106.83188772201538,4582
106.8457658290863,4581
109.47600293159485,4580
109.8170759677887,4579
109.83786797523499,4578
113.51968884468079,4577
128.565997838974,4576
135.98072600364685,4575
137.84355092048645,4574
140.23522472381592,4573
141.85011100769043,4572
145.1831066608429,4571
148.85270881652832,4570
156.03340482711792,4569
159.1939718723297,4568
173.84038186073303,4567
180.60194993019104,4566
189.62817883491516,4565
203.82836508750916,4564
214.83198881149292,4563
225.31785702705383,4562
249.44705772399902,4561
253.69205784797668,4560
258.71792364120483,4559
276.97260785102844,4558
357.1932888031006,4557
399.15676379203796,4556
447.3538749217987,4555
448.5475969314575,4554
449.4291639328003,4553
478.23643684387207,4552
483.3460328578949,4551
484.3465840816498,4550
485.869845867157,4549
526.2066988945007,4548
