9.997285842895508,4856
12.409827709197998,4855
13.007364749908447,4854
13.321271657943726,4853
14.382205963134766,4852
14.427947044372559,4851
14.496270895004272,4850
15.027504920959473,4849
15.066935777664185,4848
15.36252498626709,4847
15.377408027648926,4846
15.9319167137146,4845
15.966694831848145,4844
16.05104899406433,4843
16.06051206588745,4842
16.489173889160156,4841
16.81464982032776,4840
17.199931859970093,4839
17.53199791908264,4838
17.770484924316406,4837
17.832995891571045,4836
18.344209909439087,4835
18.377184629440308,4834
18.530577898025513,4833
19.07797884941101,4832
19.238598823547363,4831
19.3229079246521,4830
19.324570894241333,4829
19.329195022583008,4828
19.419393062591553,4827
19.51128888130188,4826
19.529078722000122,4825
19.60834574699402,4824
19.780155897140503,4823
20.023545742034912,4822
20.138568878173828,4821
20.424713850021362,4820
20.555927753448486,4819
20.866044998168945,4818
21.065748929977417,4817
21.282878875732422,4816
21.403814792633057,4815
21.617050886154175,4814
21.621150016784668,4813
21.88965892791748,4812
21.892287969589233,4811
21.94430184364319,4810
22.143743991851807,4809
22.161877870559692,4808
22.23678994178772,4807
22.34454584121704,4806
22.504179000854492,4805
22.52178692817688,4804
22.8560688495636,4803
22.919651746749878,4802
22.969796895980835,4801
22.997931718826294,4800
23.004969835281372,4799
23.053242921829224,4798
23.335269927978516,4797
23.589857816696167,4796
23.659257888793945,4795
23.989532947540283,4794
24.02356481552124,4793
24.041292667388916,4792
24.253147840499878,4791
24.374422788619995,4790
24.45360493659973,4789
24.677501916885376,4788
24.77827477455139,4787
24.820905923843384,4786
24.933976888656616,4785
25.382991790771484,4784
25.66910481452942,4783
25.670467853546143,4782
25.67157292366028,4781
25.900913953781128,4780
25.96006202697754,4779
26.110898971557617,4778
26.117441654205322,4777
26.24034571647644,4776
26.25269389152527,4775
26.54424285888672,4774
26.682153940200806,4773
26.689772844314575,4772
26.70466685295105,4771
26.74523091316223,4770
27.361358880996704,4769
27.37197184562683,4768
27.46524977684021,4767
27.501312971115112,4766
27.529071807861328,4765
27.771387815475464,4764
27.804367780685425,4763
28.34489870071411,4762
28.689241886138916,4761
29.03364086151123,4760
29.165514945983887,4759
29.647185802459717,4758
29.90213894844055,4757
29.905187845230103,4756
30.11582374572754,4755
30.174393892288208,4754
30.73637294769287,4753
30.89706587791443,4752
31.853968858718872,4751
32.684194803237915,4750
32.83314490318298,4749
33.01126194000244,4748
33.166313886642456,4747
33.16654682159424,4746
33.50243377685547,4745
33.98091983795166,4744
34.01173686981201,4743
34.530786752700806,4742
34.5832998752594,4741
34.629398822784424,4740
35.19089984893799,4739
35.23555278778076,4738
35.24189496040344,4737
35.269378900527954,4736
35.38422989845276,4735
35.464832067489624,4734
35.72888398170471,4733
35.766467809677124,4732
35.80274271965027,4731
35.86973476409912,4730
35.89622688293457,4729
35.939661741256714,4728
36.11422681808472,4727
36.13908672332764,4726
36.394749879837036,4725
36.397090673446655,4724
36.6032509803772,4723
36.71068072319031,4722
36.90177798271179,4721
37.280043840408325,4720
37.62869095802307,4719
37.75814771652222,4718
37.800467014312744,4717
37.82002782821655,4716
37.8315646648407,4715
37.95024371147156,4714
38.12739276885986,4713
38.66506290435791,4712
39.13037896156311,4711
39.14265584945679,4710
39.35248589515686,4709
40.04046583175659,4708
40.40860176086426,4707
40.71592593193054,4706
41.22535681724548,4705
41.22831583023071,4704
41.23394775390625,4703
41.73893880844116,4702
42.16431379318237,4701
42.1726438999176,4700
42.934871673583984,4699
42.95348286628723,4698
42.97864389419556,4697
43.089688777923584,4696
43.15666365623474,4695
43.492830991744995,4694
43.8358268737793,4693
44.154865980148315,4692
44.46653699874878,4691
45.20946192741394,4690
45.241843938827515,4689
45.98871088027954,4688
46.231472969055176,4687
46.801689863204956,4686
47.31899809837341,4685
47.45820593833923,4684
47.53562784194946,4683
48.04092979431152,4682
49.12632179260254,4681
49.57056474685669,4680
49.70606064796448,4679
49.758187770843506,4678
49.9972779750824,4677
50.18626284599304,4676
50.3900249004364,4675
50.68592596054077,4674
51.081148862838745,4673
51.762823820114136,4672
51.790323972702026,4671
52.086580991744995,4670
52.453835010528564,4669
52.531221866607666,4668
53.27330279350281,4667
53.29501175880432,4666
53.511066913604736,4665
53.655553102493286,4664
53.79666781425476,4663
54.510514974594116,4662
54.55675172805786,4661
54.914543867111206,4660
55.475358963012695,4659
55.581846714019775,4658
55.657163858413696,4657
55.66178369522095,4656
55.81330585479736,4655
56.105841875076294,4654
56.76043701171875,4653
57.264930725097656,4652
57.50648283958435,4651
57.51613187789917,4650
57.62951874732971,4649
58.09401488304138,4648
58.13552689552307,4647
58.17524576187134,4646
58.58760094642639,4645
58.61147594451904,4644
58.625221967697144,4643
59.10910391807556,4642
59.393754959106445,4641
59.611217975616455,4640
59.622063875198364,4639
60.190349817276,4638
60.190746784210205,4637
60.3011908531189,4636
60.571932792663574,4635
60.58357000350952,4634
60.85091996192932,4633
61.454065799713135,4632
61.56891584396362,4631
62.059311866760254,4630
62.66755199432373,4629
63.54064178466797,4628
63.82240271568298,4627
65.45352673530579,4626
66.40492081642151,4625
66.7853786945343,4624
67.08581471443176,4623
67.78722286224365,4622
68.69177985191345,4621
70.21587371826172,4620
71.05115604400635,4619
71.50292682647705,4618
72.85029983520508,4617
73.50112104415894,4616
73.52799797058105,4615
73.78714871406555,4614
73.87454175949097,4613
74.5035138130188,4612
75.2081606388092,4611
76.62452101707458,4610
77.15122985839844,4609
77.88121390342712,4608
78.4646909236908,4607
78.62301182746887,4606
81.77460384368896,4605
83.53067970275879,4604
83.95788288116455,4603
84.05419588088989,4602
85.80137991905212,4601
87.4465160369873,4600
87.58361768722534,4599
87.60976696014404,4598
89.5448808670044,4597
90.2333550453186,4596
93.45422577857971,4595
93.83791995048523,4594
94.63929605484009,4593
99.11148285865784,4592
99.34786677360535,4591
99.92584991455078,4590
101.13911199569702,4589
101.37567067146301,4588
101.48860192298889,4587
105.54159188270569,4586
106.25637102127075,4585
106.81072688102722,4584
110.0245988368988,4583
111.29965686798096,4582
111.67216277122498,4581
111.67844581604004,4580
112.06623578071594,4579
112.47738981246948,4578
113.92757773399353,4577
117.97727179527283,4576
118.41343188285828,4575
118.91783571243286,4574
132.3432719707489,4573
133.83697485923767,4572
134.19074892997742,4571
143.93210697174072,4570
158.79618787765503,4569
159.24686074256897,4568
164.5035948753357,4567
171.31137490272522,4566
171.34093189239502,4565
184.08233284950256,4564
189.7580349445343,4563
192.67358589172363,4562
233.36217880249023,4561
265.4504277706146,4560
271.43376183509827,4559
280.35951375961304,4558
317.6388318538666,4557
328.97166895866394,4556
339.93645906448364,4555
376.5025427341461,4554
391.0206558704376,4553
485.8419098854065,4552
488.19570899009705,4551
525.7970848083496,4550
582.7243819236755,4549
