5.074347019195557,7038
12.283716917037964,7037
15.575532913208008,7036
16.207844972610474,7035
21.737669944763184,7034
24.50102400779724,7033
33.31526589393616,7032
34.53951907157898,7031
36.74940609931946,7030
43.11900806427002,7029
43.52987599372864,7028
45.41066312789917,7027
51.43846011161804,7026
56.44222092628479,7025
59.258657932281494,7024
61.786186933517456,7023
67.24229216575623,7022
70.53640794754028,7021
80.30768084526062,7020
86.30468392372131,7019
86.99836993217468,7018
90.16064500808716,7017
91.95946407318115,7016
93.79414987564087,7015
97.64857506752014,7014
98.50337195396423,7013
102.27490282058716,7012
111.12472987174988,7011
116.93640995025635,7010
124.5174720287323,7009
127.64416694641113,7008
130.17124319076538,7007
150.67980885505676,7006
156.8307888507843,7005
162.21896886825562,7004
163.58214402198792,7003
167.15127110481262,7002
187.5301730632782,7001
191.46012806892395,7000
203.32729506492615,6999
210.54949688911438,6998
252.41193985939026,6997
261.26422905921936,6996
263.2806169986725,6995
265.0975389480591,6994
268.3155469894409,6993
272.2733211517334,6992
279.1866989135742,6991
297.2893259525299,6990
339.991730928421,6989
348.38383293151855,6988
362.17013597488403,6987
365.8750958442688,6986
407.2842710018158,6985
419.6180109977722,6984
428.05604314804077,6983
461.02449011802673,6982
470.6104040145874,6981
499.2185480594635,6980
522.3123269081116,6979
542.2522010803223,6978
544.8065350055695,6977
547.220959186554,6976
549.6395769119263,6975
573.8912310600281,6974
590.1419098377228,6973
