5.304868698120117,7038
9.213310956954956,7037
10.197386980056763,7036
14.402936697006226,7035
16.10777497291565,7034
25.460489988327026,7033
25.681147813796997,7032
26.33381676673889,7031
27.558677911758423,7030
35.986854791641235,7029
37.48749899864197,7028
38.35891389846802,7027
45.31447672843933,7026
50.175758838653564,7025
63.27232384681702,7024
66.04095983505249,7023
74.22188067436218,7022
97.5739209651947,7021
106.1790976524353,7020
114.73922777175903,7019
115.30901074409485,7018
116.16116285324097,7017
117.46431159973145,7016
117.48464179039001,7015
133.2858066558838,7014
148.11221289634705,7013
162.50176572799683,7012
164.62145280838013,7011
174.8396496772766,7010
177.29214692115784,7009
178.36023783683777,7008
178.85672760009766,7007
180.2457389831543,7006
183.14828991889954,7005
197.8164668083191,7004
228.10305094718933,7003
237.49651098251343,7002
249.24517679214478,7001
250.73202991485596,7000
270.94938588142395,6999
271.38792395591736,6998
317.98840379714966,6997
322.01759099960327,6996
337.64337372779846,6995
348.5202257633209,6994
363.3493218421936,6993
363.80369877815247,6992
363.9740397930145,6991
372.539098739624,6990
377.4938328266144,6989
391.05029487609863,6988
396.68899297714233,6987
406.5876569747925,6986
453.8619749546051,6985
465.5818657875061,6984
465.74471974372864,6983
477.70671486854553,6982
504.5618119239807,6981
507.12847089767456,6980
524.437326669693,6979
527.2064828872681,6978
545.8578338623047,6977
555.3777837753296,6976
598.3405859470367,6975
