5.028781890869141,7038
8.77203893661499,7037
11.707024812698364,7036
19.709138870239258,7035
26.893885850906372,7034
34.01602268218994,7033
38.72265601158142,7032
42.19347882270813,7031
44.05505681037903,7030
59.244558811187744,7029
60.1239550113678,7028
61.13309288024902,7027
61.686293601989746,7026
63.50781488418579,7025
67.3281638622284,7024
70.16993069648743,7023
83.47200059890747,7022
89.62887287139893,7021
91.53168177604675,7020
93.65234994888306,7019
96.56062483787537,7018
101.82190179824829,7017
103.10477495193481,7016
109.65986275672913,7015
121.71237301826477,7014
123.39476370811462,7013
128.816832780838,7012
129.27269196510315,7011
131.79872679710388,7010
133.01555681228638,7009
138.06608176231384,7008
140.0261037349701,7007
161.5970847606659,7006
162.3308596611023,7005
162.49474000930786,7004
170.49946761131287,7003
172.93838381767273,7002
172.93991780281067,7001
181.51819777488708,7000
184.33167386054993,6999
216.80214977264404,6998
219.09608674049377,6997
246.52334785461426,6996
251.0519688129425,6995
260.12370467185974,6994
267.7760639190674,6993
276.7728877067566,6992
284.11955189704895,6991
288.9287407398224,6990
292.7046227455139,6989
318.1425287723541,6988
320.6389136314392,6987
328.4987316131592,6986
333.2011647224426,6985
359.53704500198364,6984
377.9184498786926,6983
399.2979648113251,6982
418.5162467956543,6981
418.7860019207001,6980
422.5616087913513,6979
423.55674481391907,6978
445.3779647350311,6977
456.1948800086975,6976
514.8446447849274,6975
527.9374969005585,6974
562.0049779415131,6973
574.9702296257019,6972
