9.8804612159729,4856
9.977505207061768,4855
10.541581153869629,4854
10.984143257141113,4853
11.016802072525024,4852
11.591577053070068,4851
11.931629180908203,4850
12.46989917755127,4849
12.992199182510376,4848
13.026814937591553,4847
13.317318201065063,4846
13.620942115783691,4845
13.689135074615479,4844
13.739559888839722,4843
13.76809024810791,4842
14.45544719696045,4841
14.55969524383545,4840
15.29581904411316,4839
15.342023134231567,4838
15.387423038482666,4837
15.40398907661438,4836
15.430750131607056,4835
15.674337148666382,4834
15.761040210723877,4833
15.848068237304688,4832
15.896705150604248,4831
16.051531076431274,4830
16.219946146011353,4829
16.220546007156372,4828
16.38244318962097,4827
16.752746105194092,4826
16.79605507850647,4825
17.00084114074707,4824
17.002007007598877,4823
17.01689600944519,4822
17.029924154281616,4821
17.07651114463806,4820
17.083534240722656,4819
17.174803018569946,4818
17.369500160217285,4817
17.64650011062622,4816
17.67854619026184,4815
17.822875261306763,4814
17.867708921432495,4813
17.970031261444092,4812
17.97895908355713,4811
18.030302047729492,4810
18.18368625640869,4809
18.26514220237732,4808
18.359337091445923,4807
18.614456176757812,4806
18.685219049453735,4805
19.10550093650818,4804
19.34931993484497,4803
19.35244107246399,4802
19.46468710899353,4801
19.476641178131104,4800
19.58668804168701,4799
19.621785163879395,4798
19.697144031524658,4797
19.776371955871582,4796
19.77918314933777,4795
19.900193214416504,4794
19.903156995773315,4793
20.29945397377014,4792
20.392439126968384,4791
20.436089277267456,4790
20.458937168121338,4789
20.659938097000122,4788
20.68323302268982,4787
20.79668927192688,4786
21.259796142578125,4785
21.4052951335907,4784
21.510921955108643,4783
21.821258068084717,4782
21.939868927001953,4781
21.953864097595215,4780
22.557340145111084,4779
22.785640001296997,4778
22.800496101379395,4777
22.883939027786255,4776
23.0105881690979,4775
23.01970410346985,4774
23.15711998939514,4773
23.317697048187256,4772
23.329883098602295,4771
23.370666027069092,4770
23.450016021728516,4769
23.621789932250977,4768
23.75431203842163,4767
24.33288812637329,4766
24.958383083343506,4765
25.27303123474121,4764
25.307976007461548,4763
25.39112615585327,4762
25.52271318435669,4761
25.559638023376465,4760
25.61212420463562,4759
25.815282106399536,4758
26.04419708251953,4757
26.05918526649475,4756
26.126166105270386,4755
26.503238201141357,4754
26.604615211486816,4753
26.753623008728027,4752
26.775020122528076,4751
26.815332174301147,4750
27.028271198272705,4749
27.13583207130432,4748
27.13594388961792,4747
27.246309280395508,4746
27.25794005393982,4745
27.30001425743103,4744
27.547003269195557,4743
27.584580183029175,4742
27.695887088775635,4741
28.47031307220459,4740
28.52847909927368,4739
28.691046237945557,4738
28.705356121063232,4737
29.35883593559265,4736
29.642202138900757,4735
29.865910053253174,4734
29.91854214668274,4733
30.133957147598267,4732
30.311601877212524,4731
30.93955111503601,4730
31.1319842338562,4729
31.189574241638184,4728
31.29457712173462,4727
31.8471360206604,4726
32.47755408287048,4725
32.49187517166138,4724
33.32731008529663,4723
34.73719620704651,4722
34.77042007446289,4721
34.770601987838745,4720
34.80349898338318,4719
35.28983116149902,4718
35.54102611541748,4717
35.54786729812622,4716
35.59438633918762,4715
35.834620237350464,4714
36.05077910423279,4713
36.38598012924194,4712
37.308619022369385,4711
37.335182189941406,4710
37.80937910079956,4709
37.84420299530029,4708
38.173243284225464,4707
38.18655014038086,4706
40.445263147354126,4705
40.48091220855713,4704
41.05431032180786,4703
41.07429099082947,4702
41.819486141204834,4701
42.46552395820618,4700
42.70796012878418,4699
42.72088122367859,4698
43.030389070510864,4697
43.08831810951233,4696
43.276963233947754,4695
43.36105513572693,4694
44.370052099227905,4693
44.377583265304565,4692
44.52962112426758,4691
44.57301616668701,4690
45.17871427536011,4689
45.78390407562256,4688
45.993812084198,4687
46.125614166259766,4686
46.18989610671997,4685
46.739766120910645,4684
46.77239012718201,4683
47.13883900642395,4682
47.14757704734802,4681
47.233368158340454,4680
47.56794333457947,4679
47.85643124580383,4678
47.88105225563049,4677
48.14761018753052,4676
48.687663078308105,4675
48.78520607948303,4674
49.0949821472168,4673
49.698509216308594,4672
49.699642181396484,4671
49.98147511482239,4670
51.05728101730347,4669
51.29664731025696,4668
51.62520909309387,4667
51.97825002670288,4666
52.109387159347534,4665
52.2435519695282,4664
52.561668157577515,4663
52.565354108810425,4662
52.646040201187134,4661
52.64731502532959,4660
53.00021314620972,4659
53.76538920402527,4658
54.360045194625854,4657
54.419902086257935,4656
54.63337802886963,4655
55.13236618041992,4654
56.09972405433655,4653
57.28570914268494,4652
58.541850090026855,4651
58.67929410934448,4650
58.9220290184021,4649
59.34173226356506,4648
59.36439609527588,4647
59.83241605758667,4646
59.83267307281494,4645
60.20913910865784,4644
60.62841606140137,4643
60.99643325805664,4642
62.89198899269104,4641
63.0390043258667,4640
64.17688512802124,4639
64.62141919136047,4638
64.97714614868164,4637
65.20550918579102,4636
67.79727911949158,4635
68.78277611732483,4634
68.96958017349243,4633
69.88919401168823,4632
70.41737008094788,4631
70.56298804283142,4630
71.04811120033264,4629
71.39757418632507,4628
72.6559202671051,4627
73.3218240737915,4626
73.51204299926758,4625
74.34061002731323,4624
74.6367301940918,4623
74.90012001991272,4622
75.32171392440796,4621
75.84201288223267,4620
76.15636920928955,4619
77.04886031150818,4618
77.17858719825745,4617
77.72771215438843,4616
78.37701296806335,4615
79.47749090194702,4614
80.14761805534363,4613
80.5265462398529,4612
82.79543018341064,4611
82.93921113014221,4610
82.963876247406,4609
83.06089115142822,4608
83.23538303375244,4607
85.06785321235657,4606
86.37482333183289,4605
86.39158821105957,4604
87.78785419464111,4603
90.29832410812378,4602
90.90159893035889,4601
91.46671795845032,4600
93.68508315086365,4599
95.45748829841614,4598
95.65061807632446,4597
95.90312504768372,4596
98.307058095932,4595
98.77151107788086,4594
99.52341413497925,4593
100.15914011001587,4592
100.44993305206299,4591
102.28448414802551,4590
103.00246715545654,4589
104.20285105705261,4588
104.28483200073242,4587
104.3050320148468,4586
107.64714503288269,4585
109.22583508491516,4584
109.95130920410156,4583
111.53971934318542,4582
111.8984739780426,4581
112.73765516281128,4580
114.61402702331543,4579
115.26717209815979,4578
117.14626097679138,4577
119.01004004478455,4576
119.77562403678894,4575
125.52526021003723,4574
129.85864925384521,4573
132.75085020065308,4572
132.80311512947083,4571
138.5104923248291,4570
147.63717103004456,4569
148.20446610450745,4568
150.29275608062744,4567
151.16783690452576,4566
153.26127791404724,4565
159.7614221572876,4564
161.30694031715393,4563
173.51549124717712,4562
181.4434781074524,4561
207.0973150730133,4560
225.38572812080383,4559
229.86616110801697,4558
277.55355429649353,4557
309.0816230773926,4556
312.479385137558,4555
313.8122932910919,4554
365.5577380657196,4553
372.60667610168457,4552
479.02784419059753,4551
480.73822116851807,4550
481.26093316078186,4549
492.736426115036,4548
515.8376541137695,4547
