5.121495008468628,7038
8.32388973236084,7037
8.879475831985474,7036
10.961645603179932,7035
16.124988794326782,7034
18.317214965820312,7033
23.077727794647217,7032
28.629868745803833,7031
32.68680286407471,7030
34.759424924850464,7029
41.59731197357178,7028
43.72559475898743,7027
45.61962866783142,7026
52.769537925720215,7025
57.18880772590637,7024
61.2494957447052,7023
65.46791172027588,7022
68.85050582885742,7021
77.92000675201416,7020
81.7127628326416,7019
96.180579662323,7018
100.98140573501587,7017
115.13265585899353,7016
116.32530570030212,7015
118.3354549407959,7014
124.75547695159912,7013
125.9887387752533,7012
132.77697587013245,7011
134.42846179008484,7010
155.00223875045776,7009
165.9815547466278,7008
170.52112793922424,7007
170.9306287765503,7006
193.28846073150635,7005
203.30173587799072,7004
211.70316886901855,7003
214.89991188049316,7002
235.01958775520325,7001
242.37523984909058,7000
243.6264419555664,6999
245.2333219051361,6998
251.9565498828888,6997
261.9932909011841,6996
262.67126178741455,6995
294.9494037628174,6994
312.6881070137024,6993
312.7698218822479,6992
316.8548138141632,6991
320.1854410171509,6990
328.3083007335663,6989
332.6532428264618,6988
416.82542061805725,6987
417.2478938102722,6986
430.9809398651123,6985
441.8441777229309,6984
468.31749391555786,6983
483.9293818473816,6982
490.0907757282257,6981
492.64823389053345,6980
516.8654699325562,6979
557.3691477775574,6978
565.9523966312408,6977
574.5467519760132,6976
