5.22100305557251,7038
10.008979082107544,7037
20.895965099334717,7036
21.625492095947266,7035
40.70788311958313,7034
44.11690807342529,7033
44.26836109161377,7032
52.14362025260925,7031
59.629231214523315,7030
60.70518207550049,7029
68.45550799369812,7028
69.41147112846375,7027
73.70741629600525,7026
76.1793782711029,7025
78.57440423965454,7024
78.93554615974426,7023
83.14270424842834,7022
86.1160500049591,7021
95.02944326400757,7020
108.49599695205688,7019
109.85041618347168,7018
110.09477114677429,7017
111.27880930900574,7016
113.6166341304779,7015
119.69207501411438,7014
120.4479250907898,7013
132.5959610939026,7012
137.44850611686707,7011
144.64995002746582,7010
148.08535194396973,7009
149.94837307929993,7008
179.79392313957214,7007
180.62100505828857,7006
182.74862003326416,7005
185.0092101097107,7004
191.23179817199707,7003
195.13850808143616,7002
199.1522512435913,7001
205.7578911781311,7000
214.0137221813202,6999
244.8154103755951,6998
248.90855503082275,6997
255.15626502037048,6996
274.1944272518158,6995
300.76915216445923,6994
302.4755210876465,6993
303.2323100566864,6992
308.4431302547455,6991
313.0515263080597,6990
319.8958532810211,6989
341.3108012676239,6988
345.62009716033936,6987
349.46291613578796,6986
358.8351900577545,6985
372.8912010192871,6984
378.7979221343994,6983
383.1372141838074,6982
383.8226990699768,6981
384.7207691669464,6980
386.75136518478394,6979
402.1307809352875,6978
433.5175030231476,6977
442.0384180545807,6976
450.28200912475586,6975
455.00274634361267,6974
464.8289773464203,6973
563.7252781391144,6972
569.7408442497253,6971
