10.563177824020386,4856
13.312556982040405,4855
13.474527835845947,4854
13.597354888916016,4853
13.702095031738281,4852
13.731877088546753,4851
13.875733852386475,4850
13.919393062591553,4849
14.110790014266968,4848
14.122539043426514,4847
14.217710971832275,4846
14.374160051345825,4845
14.704005002975464,4844
14.932996988296509,4843
14.983407020568848,4842
15.029239892959595,4841
15.225955963134766,4840
15.343411207199097,4839
16.202089071273804,4838
16.47829008102417,4837
16.845728874206543,4836
16.866539001464844,4835
16.868829011917114,4834
17.193495988845825,4833
17.70232892036438,4832
18.45243215560913,4831
18.452871084213257,4830
18.457308053970337,4829
18.511476039886475,4828
18.649226903915405,4827
18.660412073135376,4826
18.70661497116089,4825
19.1072039604187,4824
19.185758113861084,4823
19.20060896873474,4822
19.22356104850769,4821
19.224600076675415,4820
19.50964593887329,4819
19.570727109909058,4818
19.66446805000305,4817
19.67448592185974,4816
19.96441102027893,4815
19.9931480884552,4814
20.00748610496521,4813
20.028373956680298,4812
20.180470943450928,4811
20.511422872543335,4810
20.517879962921143,4809
20.971746921539307,4808
21.18621802330017,4807
21.356186151504517,4806
21.37436008453369,4805
21.54571008682251,4804
21.692378997802734,4803
21.70437216758728,4802
22.36601424217224,4801
22.376988172531128,4800
22.840778827667236,4799
23.270824193954468,4798
23.5798659324646,4797
23.615325212478638,4796
23.830504179000854,4795
23.832250118255615,4794
23.9806170463562,4793
23.988786220550537,4792
24.84532594680786,4791
24.88886308670044,4790
25.04260492324829,4789
25.044998168945312,4788
25.064444065093994,4787
25.094670057296753,4786
25.18928098678589,4785
25.232136011123657,4784
25.276564121246338,4783
25.29482102394104,4782
25.299187183380127,4781
25.37858295440674,4780
25.840676069259644,4779
25.860835075378418,4778
25.930243968963623,4777
26.38267683982849,4776
26.483296871185303,4775
26.953892946243286,4774
27.056090116500854,4773
27.19234609603882,4772
27.382822036743164,4771
27.53776717185974,4770
27.59570813179016,4769
27.63269805908203,4768
27.63584804534912,4767
27.65411400794983,4766
27.739206075668335,4765
28.092260122299194,4764
28.370781183242798,4763
28.60849094390869,4762
28.633733987808228,4761
29.003945112228394,4760
29.14031410217285,4759
29.222835063934326,4758
29.23360300064087,4757
29.24252414703369,4756
29.254053115844727,4755
29.27027201652527,4754
29.639567136764526,4753
29.65723419189453,4752
29.66796112060547,4751
29.889338970184326,4750
29.918220043182373,4749
30.204766035079956,4748
30.439956188201904,4747
30.44288396835327,4746
30.487663984298706,4745
30.570566177368164,4744
30.576236963272095,4743
30.647555112838745,4742
30.81459903717041,4741
31.553303956985474,4740
31.612900972366333,4739
31.74563193321228,4738
32.59405994415283,4737
32.62837290763855,4736
33.20610022544861,4735
33.23044395446777,4734
33.30189514160156,4733
33.417726039886475,4732
34.20240807533264,4731
34.992539167404175,4730
35.391358852386475,4729
35.496280908584595,4728
35.50242495536804,4727
35.69115114212036,4726
35.729289054870605,4725
35.760095834732056,4724
36.02520704269409,4723
36.587785959243774,4722
36.62476205825806,4721
36.870254039764404,4720
37.643731117248535,4719
37.829904079437256,4718
37.86106514930725,4717
38.03924798965454,4716
38.17213296890259,4715
38.72884488105774,4714
38.7320659160614,4713
38.85171294212341,4712
39.22368407249451,4711
39.32296013832092,4710
39.367668867111206,4709
39.885234117507935,4708
40.06868004798889,4707
40.143259048461914,4706
40.422401905059814,4705
40.49238204956055,4704
40.58248591423035,4703
40.68598914146423,4702
40.896836042404175,4701
41.09629201889038,4700
41.25154399871826,4699
41.99775505065918,4698
42.01635193824768,4697
42.30651903152466,4696
42.59006881713867,4695
42.63591909408569,4694
42.781760931015015,4693
42.95910596847534,4692
43.10971212387085,4691
43.109904050827026,4690
43.94976997375488,4689
44.03963899612427,4688
44.369405031204224,4687
44.740156173706055,4686
44.875818967819214,4685
45.105839014053345,4684
45.349661111831665,4683
45.67167615890503,4682
46.21281409263611,4681
46.262473821640015,4680
48.176031827926636,4679
48.36301612854004,4678
48.81056618690491,4677
48.88113188743591,4676
51.01993203163147,4675
51.033414125442505,4674
51.314740896224976,4673
51.66357398033142,4672
52.1421160697937,4671
52.18612599372864,4670
52.4775710105896,4669
52.72326707839966,4668
52.7938232421875,4667
53.09801697731018,4666
53.38998222351074,4665
54.07021498680115,4664
54.35097002983093,4663
54.3535270690918,4662
54.36719298362732,4661
55.052927017211914,4660
55.41705322265625,4659
55.930208921432495,4658
56.73504400253296,4657
57.11629796028137,4656
57.20948386192322,4655
57.279134035110474,4654
57.52916407585144,4653
59.44007897377014,4652
59.46000599861145,4651
60.16184902191162,4650
60.62042689323425,4649
61.73120093345642,4648
62.312483072280884,4647
62.493048906326294,4646
63.5872700214386,4645
64.540048122406,4644
64.71264100074768,4643
65.70254302024841,4642
65.86767411231995,4641
65.99617099761963,4640
67.9513189792633,4639
69.75063014030457,4638
70.75546002388,4637
71.0822389125824,4636
72.42383313179016,4635
72.79202914237976,4634
73.2375168800354,4633
73.41875290870667,4632
73.68381190299988,4631
73.68928909301758,4630
74.46881103515625,4629
75.40776419639587,4628
75.9006040096283,4627
76.52731108665466,4626
77.53522610664368,4625
77.86672616004944,4624
77.90396404266357,4623
78.35531902313232,4622
79.00790596008301,4621
79.2849349975586,4620
79.29837703704834,4619
79.54441404342651,4618
79.73523807525635,4617
80.65464901924133,4616
81.74768996238708,4615
82.21646499633789,4614
82.35493016242981,4613
83.34224200248718,4612
85.70711016654968,4611
87.24660301208496,4610
87.36394214630127,4609
89.59325003623962,4608
90.6430811882019,4607
91.36460995674133,4606
92.14680314064026,4605
92.33783006668091,4604
92.8149139881134,4603
92.83018517494202,4602
92.88748788833618,4601
95.66871690750122,4600
97.09339904785156,4599
97.8255569934845,4598
99.63217091560364,4597
102.08257389068604,4596
102.3163890838623,4595
104.73470306396484,4594
107.07820510864258,4593
107.1277859210968,4592
110.31919002532959,4591
112.18525314331055,4590
112.41169714927673,4589
114.14270615577698,4588
116.63045907020569,4587
119.5290641784668,4586
122.99727511405945,4585
126.952064037323,4584
129.024906873703,4583
132.24653601646423,4582
133.4420609474182,4581
134.6039969921112,4580
138.79707884788513,4579
141.08927822113037,4578
143.38562393188477,4577
145.0112659931183,4576
151.0830340385437,4575
165.44096612930298,4574
168.604150056839,4573
170.8019199371338,4572
173.31934809684753,4571
177.15455293655396,4570
179.08531022071838,4569
180.59705209732056,4568
183.6744740009308,4567
187.80450296401978,4566
188.17580890655518,4565
203.55078792572021,4564
231.9159882068634,4563
249.7994499206543,4562
288.05703592300415,4561
296.1099088191986,4560
303.6195511817932,4559
325.4574041366577,4558
327.08542823791504,4557
338.0202519893646,4556
350.3424479961395,4555
359.2866761684418,4554
373.3524270057678,4553
409.4702880382538,4552
415.6082580089569,4551
461.23067903518677,4550
478.25846695899963,4549
497.35919189453125,4548
553.1701850891113,4547
