(744, 0.30800509452819824)
(743, 0.30957484245300293)
(742, 0.3099799156188965)
(741, 0.31163811683654785)
(740, 0.3122429847717285)
(739, 0.312777042388916)
(738, 0.31418609619140625)
(737, 0.3142521381378174)
(736, 0.3158688545227051)
(735, 0.3163890838623047)
(734, 0.31653499603271484)
(733, 0.31801700592041016)
(732, 0.31928086280822754)
(731, 0.3203730583190918)
(730, 0.321796178817749)
(729, 0.3228180408477783)
(728, 0.3231010437011719)
(727, 0.3286099433898926)
(726, 0.33791422843933105)
(725, 0.33981895446777344)
(724, 0.3435850143432617)
(723, 0.3438420295715332)
(722, 0.34587907791137695)
(721, 0.34594297409057617)
(720, 0.34619903564453125)
(719, 0.3671000003814697)
(718, 0.7199161052703857)
(717, 0.7264959812164307)
(716, 0.73934006690979)
(715, 0.7456939220428467)
(714, 0.7460930347442627)
(713, 0.7715959548950195)
(712, 0.838252067565918)
(711, 0.839526891708374)
(710, 0.8601410388946533)
(709, 0.8906199932098389)
(708, 1.0366249084472656)
(707, 1.0478808879852295)
(706, 1.3343501091003418)
(705, 1.6197850704193115)
(704, 1.821357011795044)
