(744, 0.30997705459594727)
(743, 0.31113195419311523)
(742, 0.3119161128997803)
(741, 0.3125591278076172)
(740, 0.31306910514831543)
(739, 0.3136861324310303)
(738, 0.31391000747680664)
(737, 0.3152792453765869)
(736, 0.31597900390625)
(735, 0.3169131278991699)
(734, 0.31818222999572754)
(733, 0.3195199966430664)
(732, 0.3242151737213135)
(731, 0.3257122039794922)
(730, 0.3265061378479004)
(729, 0.3300631046295166)
(728, 0.348646879196167)
(727, 0.3500223159790039)
(726, 0.35404014587402344)
(725, 0.36821985244750977)
(724, 0.36854100227355957)
(723, 0.37543296813964844)
(722, 0.37638401985168457)
(721, 0.38843512535095215)
(720, 0.3894031047821045)
(719, 0.396914005279541)
(718, 0.5767900943756104)
(717, 0.5788431167602539)
(716, 0.5793900489807129)
(715, 0.5802440643310547)
(714, 0.5993022918701172)
(713, 0.6637911796569824)
(712, 0.8243672847747803)
(711, 0.885188102722168)
(710, 0.9407920837402344)
(709, 1.0173282623291016)
(708, 1.332340955734253)
(707, 1.4026260375976562)
(706, 1.8453760147094727)
(705, 1.9512951374053955)
(704, 2.5958621501922607)
