(744, 0.3080151081085205)
(743, 0.30891919136047363)
(742, 0.3094191551208496)
(741, 0.3108038902282715)
(740, 0.3108680248260498)
(739, 0.3120880126953125)
(738, 0.3129270076751709)
(737, 0.31403326988220215)
(736, 0.3157382011413574)
(735, 0.31693601608276367)
(734, 0.3173360824584961)
(733, 0.31896305084228516)
(732, 0.3192410469055176)
(731, 0.3198530673980713)
(730, 0.3229360580444336)
(729, 0.32424402236938477)
(728, 0.32771825790405273)
(727, 0.3345940113067627)
(726, 0.3722810745239258)
(725, 0.3880300521850586)
(724, 0.38863301277160645)
(723, 0.39154720306396484)
(722, 0.396975040435791)
(721, 0.4127950668334961)
(720, 0.5711531639099121)
(719, 0.5751302242279053)
(718, 0.5777459144592285)
(717, 0.5840849876403809)
(716, 0.634376049041748)
(715, 0.6425390243530273)
(714, 0.6597659587860107)
(713, 0.6745779514312744)
(712, 0.6823201179504395)
(711, 0.7177212238311768)
(710, 0.8383438587188721)
(709, 0.9141392707824707)
(708, 1.3824150562286377)
(707, 1.4149820804595947)
(706, 1.6652140617370605)
(705, 2.9471218585968018)
(704, 3.203062057495117)
