(744, 0.3139321804046631)
(743, 0.3149280548095703)
(742, 0.31531596183776855)
(741, 0.317033052444458)
(740, 0.3178739547729492)
(739, 0.3179440498352051)
(738, 0.3194599151611328)
(737, 0.3205289840698242)
(736, 0.3213059902191162)
(735, 0.32264089584350586)
(734, 0.3244051933288574)
(733, 0.3255188465118408)
(732, 0.3274991512298584)
(731, 0.3284721374511719)
(730, 0.3289220333099365)
(729, 0.3301520347595215)
(728, 0.33040904998779297)
(727, 0.3317101001739502)
(726, 0.3350050449371338)
(725, 0.363753080368042)
(724, 0.37071704864501953)
(723, 0.3831000328063965)
(722, 0.38510704040527344)
(721, 0.38781023025512695)
(720, 0.3937108516693115)
(719, 0.6783339977264404)
(718, 0.696584939956665)
(717, 0.7008719444274902)
(716, 0.7156848907470703)
(715, 0.7687759399414062)
(714, 0.7736310958862305)
(713, 0.8137669563293457)
(712, 0.8426761627197266)
(711, 1.0141000747680664)
(710, 1.0254950523376465)
(709, 1.0712120532989502)
(708, 1.0894620418548584)
(707, 1.2430942058563232)
(706, 1.5389149188995361)
(705, 2.6048378944396973)
(704, 3.9894001483917236)
