(744, 0.3088109493255615)
(743, 0.309643030166626)
(742, 0.31003284454345703)
(741, 0.31124091148376465)
(740, 0.3115568161010742)
(739, 0.3135859966278076)
(738, 0.3138308525085449)
(737, 0.31586503982543945)
(736, 0.3170340061187744)
(735, 0.3174409866333008)
(734, 0.3185579776763916)
(733, 0.3190340995788574)
(732, 0.3190948963165283)
(731, 0.3199191093444824)
(730, 0.3209657669067383)
(729, 0.32236695289611816)
(728, 0.3228437900543213)
(727, 0.3235909938812256)
(726, 0.3241908550262451)
(725, 0.3290879726409912)
(724, 0.35668087005615234)
(723, 0.3665189743041992)
(722, 0.500809907913208)
(721, 0.5017778873443604)
(720, 0.5513429641723633)
(719, 0.5531268119812012)
(718, 0.5701050758361816)
(717, 0.573265790939331)
(716, 0.5865359306335449)
(715, 0.5917880535125732)
(714, 0.630673885345459)
(713, 0.6338729858398438)
(712, 0.6371879577636719)
(711, 1.0044310092926025)
(710, 1.1413259506225586)
(709, 1.1616530418395996)
(708, 1.2565808296203613)
(707, 1.4445319175720215)
(706, 1.5962820053100586)
(705, 1.7297039031982422)
(704, 1.954009771347046)
