(744, 0.3122432231903076)
(743, 0.313521146774292)
(742, 0.31392621994018555)
(741, 0.3149869441986084)
(740, 0.31539130210876465)
(739, 0.3177981376647949)
(738, 0.31899523735046387)
(737, 0.3198230266571045)
(736, 0.32201528549194336)
(735, 0.322498083114624)
(734, 0.3234751224517822)
(733, 0.32378411293029785)
(732, 0.3244171142578125)
(731, 0.3283650875091553)
(730, 0.3285641670227051)
(729, 0.32972097396850586)
(728, 0.3311491012573242)
(727, 0.33597612380981445)
(726, 0.3438262939453125)
(725, 0.35208797454833984)
(724, 0.3525879383087158)
(723, 0.3580191135406494)
(722, 0.35863614082336426)
(721, 0.38006114959716797)
(720, 0.3808481693267822)
(719, 0.41804003715515137)
(718, 0.41832709312438965)
(717, 0.4289672374725342)
(716, 0.8699691295623779)
(715, 0.8799779415130615)
(714, 0.9051601886749268)
(713, 0.9425482749938965)
(712, 0.9618210792541504)
(711, 1.1393752098083496)
(710, 1.1432759761810303)
(709, 1.223242998123169)
(708, 1.289236307144165)
(707, 1.304936170578003)
(706, 2.0371031761169434)
(705, 2.074542999267578)
(704, 2.2746012210845947)
