(744, 0.3077511787414551)
(743, 0.3092169761657715)
(742, 0.3096132278442383)
(741, 0.3109450340270996)
(740, 0.3111710548400879)
(739, 0.3120591640472412)
(738, 0.3122990131378174)
(737, 0.31436800956726074)
(736, 0.3154580593109131)
(735, 0.3158900737762451)
(734, 0.3165261745452881)
(733, 0.3175981044769287)
(732, 0.3182241916656494)
(731, 0.3207690715789795)
(730, 0.3217432498931885)
(729, 0.3232691287994385)
(728, 0.3265872001647949)
(727, 0.3291959762573242)
(726, 0.3479349613189697)
(725, 0.3658430576324463)
(724, 0.37537097930908203)
(723, 0.37697410583496094)
(722, 0.37703704833984375)
(721, 0.377810001373291)
(720, 0.37876105308532715)
(719, 0.38085412979125977)
(718, 0.384735107421875)
(717, 0.7490701675415039)
(716, 0.7619080543518066)
(715, 0.7655549049377441)
(714, 0.7729661464691162)
(713, 0.788567066192627)
(712, 0.7998411655426025)
(711, 0.8269429206848145)
(710, 0.8273930549621582)
(709, 0.8374440670013428)
(708, 0.9002420902252197)
(707, 1.090179204940796)
(706, 1.0937790870666504)
(705, 2.8307461738586426)
(704, 4.04852819442749)
