(744, 0.3092837333679199)
(743, 0.31028199195861816)
(742, 0.31067895889282227)
(741, 0.3116447925567627)
(740, 0.31204771995544434)
(739, 0.3125598430633545)
(738, 0.31319594383239746)
(737, 0.31360578536987305)
(736, 0.3136608600616455)
(735, 0.31560587882995605)
(734, 0.31566572189331055)
(733, 0.3168649673461914)
(732, 0.31728267669677734)
(731, 0.31832385063171387)
(730, 0.31891465187072754)
(729, 0.3204538822174072)
(728, 0.3222839832305908)
(727, 0.34309887886047363)
(726, 0.3433718681335449)
(725, 0.34366488456726074)
(724, 0.38016772270202637)
(723, 0.38060593605041504)
(722, 0.38417887687683105)
(721, 0.3873269557952881)
(720, 0.6375918388366699)
(719, 0.6431798934936523)
(718, 0.6432528495788574)
(717, 0.6686718463897705)
(716, 0.675029993057251)
(715, 0.6986308097839355)
(714, 0.7089958190917969)
(713, 0.7462668418884277)
(712, 0.8454248905181885)
(711, 0.8540847301483154)
(710, 0.8793227672576904)
(709, 0.9217138290405273)
(708, 1.024695634841919)
(707, 1.2288577556610107)
(706, 1.2866828441619873)
(705, 1.3447248935699463)
(704, 3.6450769901275635)
