(744, 0.30767393112182617)
(743, 0.3090949058532715)
(742, 0.30969905853271484)
(741, 0.31055402755737305)
(740, 0.31095075607299805)
(739, 0.3128371238708496)
(738, 0.31305909156799316)
(737, 0.31435108184814453)
(736, 0.3150157928466797)
(735, 0.3152499198913574)
(734, 0.3162658214569092)
(733, 0.3167588710784912)
(732, 0.3174750804901123)
(731, 0.31795811653137207)
(730, 0.31801891326904297)
(729, 0.3190340995788574)
(728, 0.31909799575805664)
(727, 0.32222986221313477)
(726, 0.322998046875)
(725, 0.3247079849243164)
(724, 0.3255629539489746)
(723, 0.3292069435119629)
(722, 0.34760499000549316)
(721, 0.6176159381866455)
(720, 0.6186678409576416)
(719, 0.6322469711303711)
(718, 0.6395080089569092)
(717, 0.6492860317230225)
(716, 0.7012369632720947)
(715, 0.707266092300415)
(714, 0.7262210845947266)
(713, 0.7707698345184326)
(712, 0.7795228958129883)
(711, 0.8005077838897705)
(710, 0.881767749786377)
(709, 0.9949507713317871)
(708, 1.0559108257293701)
(707, 1.3920581340789795)
(706, 1.4522218704223633)
(705, 1.6687448024749756)
(704, 4.633721113204956)
