(744, 0.30910420417785645)
(743, 0.31022000312805176)
(742, 0.31061291694641113)
(741, 0.3119537830352783)
(740, 0.3120079040527344)
(739, 0.31223392486572266)
(738, 0.3129720687866211)
(737, 0.3134169578552246)
(736, 0.3158230781555176)
(735, 0.315899133682251)
(734, 0.31772422790527344)
(733, 0.31813716888427734)
(732, 0.31885313987731934)
(731, 0.31934523582458496)
(730, 0.32016515731811523)
(729, 0.32376813888549805)
(728, 0.32393908500671387)
(727, 0.3260509967803955)
(726, 0.32962512969970703)
(725, 0.3308441638946533)
(724, 0.33112120628356934)
(723, 0.33275890350341797)
(722, 0.39942097663879395)
(721, 0.5624818801879883)
(720, 0.5753068923950195)
(719, 0.5793561935424805)
(718, 0.580775260925293)
(717, 0.5820558071136475)
(716, 0.5852479934692383)
(715, 0.5859220027923584)
(714, 0.6821579933166504)
(713, 0.686121940612793)
(712, 0.7015700340270996)
(711, 0.720102071762085)
(710, 0.7248690128326416)
(709, 0.7398300170898438)
(708, 0.7506711483001709)
(707, 1.459611177444458)
(706, 1.6820337772369385)
(705, 2.073992967605591)
(704, 2.3540680408477783)
