(614, 0.4841959476470947)
(613, 0.4842529296875)
(612, 0.48450708389282227)
(611, 0.4848799705505371)
(610, 0.4850940704345703)
(609, 0.485576868057251)
(608, 0.48667383193969727)
(607, 0.4902770519256592)
(606, 0.49281787872314453)
(605, 0.4932668209075928)
(604, 0.4944000244140625)
(603, 0.4955871105194092)
(602, 0.49909281730651855)
(601, 0.503000020980835)
(600, 0.5086257457733154)
(599, 0.5089631080627441)
(598, 0.5131709575653076)
(597, 0.6714329719543457)
(596, 0.7106208801269531)
(595, 0.7161457538604736)
