(614, 0.4834592342376709)
(613, 0.4835200309753418)
(612, 0.48377418518066406)
(611, 0.4841032028198242)
(610, 0.48448729515075684)
(609, 0.4845449924468994)
(608, 0.4851040840148926)
(607, 0.48771119117736816)
(606, 0.48801422119140625)
(605, 0.4889962673187256)
(604, 0.4919569492340088)
(603, 0.49218034744262695)
(602, 0.4922652244567871)
(601, 0.49356532096862793)
(600, 0.49433422088623047)
(599, 0.49461913108825684)
(598, 0.6365962028503418)
(597, 0.6411252021789551)
(596, 0.6966903209686279)
(595, 0.7276792526245117)
