(614, 0.48492002487182617)
(613, 0.48498082160949707)
(612, 0.48525381088256836)
(611, 0.4856288433074951)
(610, 0.48593568801879883)
(609, 0.48625898361206055)
(608, 0.48664283752441406)
(607, 0.487764835357666)
(606, 0.48958373069763184)
(605, 0.49217796325683594)
(604, 0.49344682693481445)
(603, 0.4948117733001709)
(602, 0.5410068035125732)
(601, 0.5451328754425049)
(600, 0.573300838470459)
(599, 0.6038699150085449)
(598, 0.6183207035064697)
(597, 0.622338056564331)
(596, 0.6234769821166992)
(595, 0.6254117488861084)
