(614, 0.48352694511413574)
(613, 0.48359012603759766)
(612, 0.4838449954986572)
(611, 0.4841728210449219)
(610, 0.4843869209289551)
(609, 0.4848928451538086)
(608, 0.4861609935760498)
(607, 0.4883129596710205)
(606, 0.48835301399230957)
(605, 0.48889803886413574)
(604, 0.4917638301849365)
(603, 0.49195384979248047)
(602, 0.4933500289916992)
(601, 0.4950828552246094)
(600, 0.5099880695343018)
(599, 0.5339188575744629)
(598, 0.5761439800262451)
(597, 0.6536097526550293)
(596, 0.8152077198028564)
(595, 0.9497499465942383)
