(614, 0.4842689037322998)
(613, 0.4843251705169678)
(612, 0.48515820503234863)
(611, 0.4854152202606201)
(610, 0.48564910888671875)
(609, 0.4857170581817627)
(608, 0.4862251281738281)
(607, 0.4874460697174072)
(606, 0.48749303817749023)
(605, 0.4894840717315674)
(604, 0.4903290271759033)
(603, 0.490725040435791)
(602, 0.4926319122314453)
(601, 0.49301600456237793)
(600, 0.49411821365356445)
(599, 0.4951601028442383)
(598, 0.6033110618591309)
(597, 0.620678186416626)
(596, 0.7075109481811523)
(595, 1.0175468921661377)
