(614, 0.4855968952178955)
(613, 0.4856541156768799)
(612, 0.48590803146362305)
(611, 0.4862809181213379)
(610, 0.4864959716796875)
(609, 0.4869811534881592)
(608, 0.48799705505371094)
(607, 0.48964715003967285)
(606, 0.49019312858581543)
(605, 0.4908261299133301)
(604, 0.49388909339904785)
(603, 0.49572205543518066)
(602, 0.49700403213500977)
(601, 0.5023150444030762)
(600, 0.5028460025787354)
(599, 0.5140371322631836)
(598, 0.6105852127075195)
(597, 0.6109111309051514)
(596, 0.6109519004821777)
(595, 1.0873491764068604)
