(614, 0.49062609672546387)
(613, 0.4906880855560303)
(612, 0.49094200134277344)
(611, 0.49134278297424316)
(610, 0.4915621280670166)
(609, 0.4919910430908203)
(608, 0.49314212799072266)
(607, 0.4942469596862793)
(606, 0.49536800384521484)
(605, 0.495419979095459)
(604, 0.49834299087524414)
(603, 0.49877500534057617)
(602, 0.5002748966217041)
(601, 0.5016899108886719)
(600, 0.5068948268890381)
(599, 0.5074131488800049)
(598, 0.6731359958648682)
(597, 0.6743819713592529)
(596, 0.757347822189331)
(595, 0.7603521347045898)
