(614, 0.4841761589050293)
(613, 0.4842369556427002)
(612, 0.48464512825012207)
(611, 0.4850809574127197)
(610, 0.4856381416320801)
(609, 0.4864029884338379)
(608, 0.48696184158325195)
(607, 0.4882621765136719)
(606, 0.49219608306884766)
(605, 0.4933199882507324)
(604, 0.4949679374694824)
(603, 0.5056760311126709)
(602, 0.506321907043457)
(601, 0.5083880424499512)
(600, 0.5086140632629395)
(599, 0.5260360240936279)
(598, 0.6530947685241699)
(597, 0.684628963470459)
(596, 0.7114360332489014)
(595, 0.8604018688201904)
