(614, 0.4851391315460205)
(613, 0.4852008819580078)
(612, 0.4856698513031006)
(611, 0.48606014251708984)
(610, 0.48635292053222656)
(609, 0.4866631031036377)
(608, 0.48737215995788574)
(607, 0.48822903633117676)
(606, 0.4883129596710205)
(605, 0.4898719787597656)
(604, 0.49421095848083496)
(603, 0.49576497077941895)
(602, 0.4965541362762451)
(601, 0.4975440502166748)
(600, 0.5062589645385742)
(599, 0.6322121620178223)
(598, 0.6452791690826416)
(597, 0.6976017951965332)
(596, 0.7294847965240479)
(595, 1.1148040294647217)
