(614, 0.48503923416137695)
(613, 0.48510098457336426)
(612, 0.4853551387786865)
(611, 0.48572731018066406)
(610, 0.485943078994751)
(609, 0.48650598526000977)
(608, 0.48761415481567383)
(607, 0.4888341426849365)
(606, 0.48946309089660645)
(605, 0.4902031421661377)
(604, 0.49071407318115234)
(603, 0.4915001392364502)
(602, 0.49326205253601074)
(601, 0.4935133457183838)
(600, 0.4949009418487549)
(599, 0.4964122772216797)
(598, 0.6969461441040039)
(597, 0.7167651653289795)
(596, 0.7221651077270508)
(595, 0.7483730316162109)
