(2262, 8.847946882247925)
(2261, 8.858392000198364)
(2260, 8.864567041397095)
(2259, 8.865665912628174)
(2258, 8.871492862701416)
(2257, 8.87977385520935)
(2256, 8.885442972183228)
(2255, 8.888144731521606)
(2254, 8.888917922973633)
(2253, 8.889873743057251)
(2252, 8.891448020935059)
(2251, 8.89587688446045)
(2250, 8.900028944015503)
(2249, 8.902849912643433)
(2248, 8.921296834945679)
(2247, 8.933430910110474)
(2246, 8.93661880493164)
(2245, 8.937172889709473)
(2244, 8.938334941864014)
(2243, 8.938883066177368)
(2242, 8.942430973052979)
(2241, 8.947558879852295)
(2240, 8.949445724487305)
(2239, 8.951697826385498)
(2238, 8.957957744598389)
(2237, 8.973281860351562)
(2236, 8.983850955963135)
(2235, 9.003204822540283)
(2234, 9.009101629257202)
(2233, 9.015123844146729)
(2232, 9.032111883163452)
(2231, 9.032713890075684)
(2230, 9.03873586654663)
(2229, 9.057286739349365)
(2228, 10.566149711608887)
(2227, 10.591641664505005)
(2226, 10.629726886749268)
(2225, 10.682843923568726)
(2224, 10.69157886505127)
(2223, 10.774188995361328)
(2222, 10.837156772613525)
(2221, 10.90613079071045)
(2220, 11.08332896232605)
(2219, 11.142984867095947)
(2218, 11.244978904724121)
(2217, 11.284360885620117)
(2216, 11.399755954742432)
(2215, 12.335400819778442)
(2214, 12.386006832122803)
(2213, 12.40499496459961)
(2212, 12.845029830932617)
(2211, 12.848312854766846)
(2210, 13.004942655563354)
(2209, 16.698867797851562)
(2208, 17.11917781829834)
(2207, 17.634008646011353)
(2206, 19.098503828048706)
(2205, 19.12568688392639)
(2204, 21.765540838241577)
