(2262, 8.869480848312378)
(2261, 8.878535747528076)
(2260, 8.886515855789185)
(2259, 8.88666582107544)
(2258, 8.888460874557495)
(2257, 8.892750978469849)
(2256, 8.904815912246704)
(2255, 8.90962290763855)
(2254, 8.912108898162842)
(2253, 8.912882089614868)
(2252, 8.91382908821106)
(2251, 8.916092157363892)
(2250, 8.91900110244751)
(2249, 8.92419981956482)
(2248, 8.927083015441895)
(2247, 8.93411898612976)
(2246, 8.944852828979492)
(2245, 8.954873085021973)
(2244, 8.957905769348145)
(2243, 8.958655834197998)
(2242, 8.959421873092651)
(2241, 8.960594892501831)
(2240, 8.961366891860962)
(2239, 8.968954086303711)
(2238, 8.970173835754395)
(2237, 8.972580909729004)
(2236, 8.977468729019165)
(2235, 8.99577784538269)
(2234, 9.005372762680054)
(2233, 9.02450704574585)
(2232, 9.030242919921875)
(2231, 9.038182020187378)
(2230, 9.050928115844727)
(2229, 9.053426027297974)
(2228, 9.05716609954834)
(2227, 9.071971893310547)
(2226, 9.074716091156006)
(2225, 9.092281103134155)
(2224, 11.165948152542114)
(2223, 13.210124015808105)
(2222, 13.223370790481567)
(2221, 13.294727802276611)
(2220, 13.337981939315796)
(2219, 13.338500022888184)
(2218, 13.36403489112854)
(2217, 14.401388883590698)
(2216, 14.760983943939209)
(2215, 15.734601974487305)
(2214, 16.800189971923828)
(2213, 18.054404973983765)
(2212, 19.088610887527466)
(2211, 21.30675506591797)
(2210, 22.548423051834106)
(2209, 23.563749074935913)
(2208, 24.21193790435791)
(2207, 26.44067692756653)
(2206, 28.658942937850952)
(2205, 41.24283576011658)
(2204, 47.36243486404419)
