(2262, 8.936115980148315)
(2261, 8.94713807106018)
(2260, 8.955224990844727)
(2259, 8.956762075424194)
(2258, 8.963039875030518)
(2257, 8.973473072052002)
(2256, 8.980036973953247)
(2255, 8.982850074768066)
(2254, 8.98460578918457)
(2253, 8.986396074295044)
(2252, 8.987979888916016)
(2251, 8.993849039077759)
(2250, 8.996693849563599)
(2249, 9.011043071746826)
(2248, 9.012814044952393)
(2247, 9.023441791534424)
(2246, 9.024019002914429)
(2245, 9.026493787765503)
(2244, 9.02808690071106)
(2243, 9.028849840164185)
(2242, 9.029376029968262)
(2241, 9.036046028137207)
(2240, 9.037487983703613)
(2239, 9.039963006973267)
(2238, 9.047404050827026)
(2237, 9.057874917984009)
(2236, 9.069179058074951)
(2235, 9.080224990844727)
(2234, 9.099699974060059)
(2233, 9.104305028915405)
(2232, 9.111324071884155)
(2231, 9.125658988952637)
(2230, 9.127671957015991)
(2229, 9.131479978561401)
(2228, 9.132723808288574)
(2227, 9.164521932601929)
(2226, 10.99846601486206)
(2225, 11.024326801300049)
(2224, 11.029112100601196)
(2223, 11.128091096878052)
(2222, 11.226583003997803)
(2221, 11.28932809829712)
(2220, 11.30964994430542)
(2219, 11.487576961517334)
(2218, 11.596943140029907)
(2217, 11.64015007019043)
(2216, 12.145457744598389)
(2215, 12.262250900268555)
(2214, 13.334975004196167)
(2213, 13.688996076583862)
(2212, 13.97694993019104)
(2211, 15.002938985824585)
(2210, 16.692830801010132)
(2209, 17.161691188812256)
(2208, 17.859025955200195)
(2207, 18.864206075668335)
(2206, 21.979938983917236)
(2205, 24.117769956588745)
(2204, 31.09603190422058)
