(2262, 8.883384943008423)
(2261, 8.887219905853271)
(2260, 8.89240288734436)
(2259, 8.90023684501648)
(2258, 8.900387048721313)
(2257, 8.90212869644165)
(2256, 8.905292987823486)
(2255, 8.916859865188599)
(2254, 8.924473762512207)
(2253, 8.928080797195435)
(2252, 8.929893732070923)
(2251, 8.931951761245728)
(2250, 8.93854570388794)
(2249, 8.940770864486694)
(2248, 8.947964906692505)
(2247, 8.956236839294434)
(2246, 8.956374883651733)
(2245, 8.957935094833374)
(2244, 8.967305898666382)
(2243, 8.969346046447754)
(2242, 8.969895839691162)
(2241, 8.971268653869629)
(2240, 8.971795797348022)
(2239, 8.979569911956787)
(2238, 8.981019735336304)
(2237, 8.985399961471558)
(2236, 8.990808963775635)
(2235, 9.000174045562744)
(2234, 9.008568048477173)
(2233, 9.009676933288574)
(2232, 9.018661737442017)
(2231, 9.04090690612793)
(2230, 9.044583797454834)
(2229, 9.052248001098633)
(2228, 9.066873788833618)
(2227, 9.069140911102295)
(2226, 9.072581768035889)
(2225, 9.09234881401062)
(2224, 11.381434679031372)
(2223, 11.496847867965698)
(2222, 11.528615713119507)
(2221, 11.535362005233765)
(2220, 11.69486689567566)
(2219, 11.696255922317505)
(2218, 11.738152742385864)
(2217, 12.198055744171143)
(2216, 12.879448890686035)
(2215, 13.770925998687744)
(2214, 14.179406881332397)
(2213, 14.77685809135437)
(2212, 14.90363883972168)
(2211, 16.30408477783203)
(2210, 16.475530862808228)
(2209, 18.107399940490723)
(2208, 19.042781829833984)
(2207, 20.3363356590271)
(2206, 20.63956093788147)
(2205, 21.26048183441162)
(2204, 22.85806679725647)
