(2262, 8.883916854858398)
(2261, 8.893326997756958)
(2260, 8.900735139846802)
(2259, 8.900886058807373)
(2258, 8.902198076248169)
(2257, 8.907297849655151)
(2256, 8.918529748916626)
(2255, 8.924630880355835)
(2254, 8.928011894226074)
(2253, 8.930505990982056)
(2252, 8.933026790618896)
(2251, 8.93791389465332)
(2250, 8.940332889556885)
(2249, 8.956799983978271)
(2248, 8.959022998809814)
(2247, 8.971417903900146)
(2246, 8.973906993865967)
(2245, 8.975090980529785)
(2244, 8.975933074951172)
(2243, 8.976470947265625)
(2242, 8.97724199295044)
(2241, 8.985636949539185)
(2240, 8.98685908317566)
(2239, 8.989021062850952)
(2238, 8.994805097579956)
(2237, 9.011354923248291)
(2236, 9.022067070007324)
(2235, 9.040557861328125)
(2234, 9.046341896057129)
(2233, 9.053096055984497)
(2232, 9.064864873886108)
(2231, 9.065500020980835)
(2230, 9.069594860076904)
(2229, 9.070339918136597)
(2228, 9.085230827331543)
(2227, 9.101121187210083)
(2226, 10.846118927001953)
(2225, 10.914625883102417)
(2224, 11.1026771068573)
(2223, 11.252822160720825)
(2222, 11.713313817977905)
(2221, 11.7582528591156)
(2220, 11.801449060440063)
(2219, 11.911648750305176)
(2218, 11.973406076431274)
(2217, 12.062960863113403)
(2216, 12.29407811164856)
(2215, 12.601573944091797)
(2214, 12.821797847747803)
(2213, 14.104072093963623)
(2212, 14.138376951217651)
(2211, 14.150262832641602)
(2210, 15.166239023208618)
(2209, 15.532678842544556)
(2208, 15.96220088005066)
(2207, 17.224814891815186)
(2206, 18.10079789161682)
(2205, 23.305651903152466)
(2204, 39.225046157836914)
