(2262, 8.86874008178711)
(2261, 8.878831148147583)
(2260, 8.886840105056763)
(2259, 8.887622117996216)
(2258, 8.889049053192139)
(2257, 8.8941171169281)
(2256, 8.903322219848633)
(2255, 8.909427881240845)
(2254, 8.913429021835327)
(2253, 8.91507601737976)
(2252, 8.91734004020691)
(2251, 8.922493934631348)
(2250, 8.925339221954346)
(2249, 8.932541131973267)
(2248, 8.941631078720093)
(2247, 8.942236185073853)
(2246, 8.955258131027222)
(2245, 8.957480907440186)
(2244, 8.957627058029175)
(2243, 8.958399057388306)
(2242, 8.961251974105835)
(2241, 8.963934183120728)
(2240, 8.966405153274536)
(2239, 8.967854976654053)
(2238, 8.970643997192383)
(2237, 8.975667238235474)
(2236, 8.994473934173584)
(2235, 9.005989074707031)
(2234, 9.024333953857422)
(2233, 9.030174970626831)
(2232, 9.037395238876343)
(2231, 9.048570156097412)
(2230, 9.050577163696289)
(2229, 9.055910110473633)
(2228, 9.070542097091675)
(2227, 9.076323986053467)
(2226, 10.675771236419678)
(2225, 10.694432973861694)
(2224, 10.714052200317383)
(2223, 10.786689043045044)
(2222, 10.939342975616455)
(2221, 11.221490144729614)
(2220, 11.375225067138672)
(2219, 11.38178825378418)
(2218, 11.769798040390015)
(2217, 11.858451128005981)
(2216, 12.13182806968689)
(2215, 12.698639154434204)
(2214, 12.702476978302002)
(2213, 13.41450309753418)
(2212, 14.392412185668945)
(2211, 15.175964117050171)
(2210, 15.516013145446777)
(2209, 17.875609159469604)
(2208, 19.009692192077637)
(2207, 26.735944986343384)
(2206, 26.84430503845215)
(2205, 30.580738067626953)
(2204, 32.9711971282959)
