(2262, 8.859131813049316)
(2261, 8.86219072341919)
(2260, 8.867887735366821)
(2259, 8.875598907470703)
(2258, 8.876718759536743)
(2257, 8.879867792129517)
(2256, 8.89103388786316)
(2255, 8.89647102355957)
(2254, 8.899412870407104)
(2253, 8.901242971420288)
(2252, 8.903262853622437)
(2251, 8.907796859741211)
(2250, 8.910861015319824)
(2249, 8.917800903320312)
(2248, 8.927552938461304)
(2247, 8.928086996078491)
(2246, 8.928911924362183)
(2245, 8.93886685371399)
(2244, 8.941378116607666)
(2243, 8.942147016525269)
(2242, 8.943321943283081)
(2241, 8.94409704208374)
(2240, 8.951303005218506)
(2239, 8.952761888504028)
(2238, 8.955370903015137)
(2237, 8.978598833084106)
(2236, 8.98927903175354)
(2235, 9.008938074111938)
(2234, 9.014969825744629)
(2233, 9.023871898651123)
(2232, 9.03850793838501)
(2231, 9.040791034698486)
(2230, 9.045217037200928)
(2229, 9.06467580795288)
(2228, 9.086980819702148)
(2227, 10.884814739227295)
(2226, 10.920376777648926)
(2225, 10.959913969039917)
(2224, 11.121160984039307)
(2223, 11.207897901535034)
(2222, 11.265401840209961)
(2221, 11.370834827423096)
(2220, 11.49404501914978)
(2219, 11.922904014587402)
(2218, 12.25062608718872)
(2217, 12.706986904144287)
(2216, 12.795916080474854)
(2215, 13.249116897583008)
(2214, 14.690145015716553)
(2213, 15.088327884674072)
(2212, 15.096800088882446)
(2211, 15.400918960571289)
(2210, 16.215785026550293)
(2209, 18.366010904312134)
(2208, 18.368927001953125)
(2207, 19.94396996498108)
(2206, 19.96060013771057)
(2205, 27.697684049606323)
(2204, 31.56583285331726)
