(2262, 8.849979162216187)
(2261, 8.853579998016357)
(2260, 8.860203981399536)
(2259, 8.86759901046753)
(2258, 8.868910074234009)
(2257, 8.873798847198486)
(2256, 8.8821439743042)
(2255, 8.88965916633606)
(2254, 8.893243074417114)
(2253, 8.895762920379639)
(2252, 8.898047924041748)
(2251, 8.904412746429443)
(2250, 8.914182901382446)
(2249, 8.921622037887573)
(2248, 8.92218279838562)
(2247, 8.924497127532959)
(2246, 8.930024862289429)
(2245, 8.932500839233398)
(2244, 8.934309005737305)
(2243, 8.935078144073486)
(2242, 8.936230897903442)
(2241, 8.936988830566406)
(2240, 8.945226907730103)
(2239, 8.946441888809204)
(2238, 8.949373960494995)
(2237, 8.965375900268555)
(2236, 8.973905801773071)
(2235, 8.983999013900757)
(2234, 9.002497911453247)
(2233, 9.008492946624756)
(2232, 9.01641583442688)
(2231, 9.031963109970093)
(2230, 9.033462047576904)
(2229, 9.03991174697876)
(2228, 9.056521892547607)
(2227, 9.08021593093872)
(2226, 11.31541395187378)
(2225, 11.357943058013916)
(2224, 11.437423944473267)
(2223, 11.470929145812988)
(2222, 11.883878946304321)
(2221, 12.52642297744751)
(2220, 12.826571941375732)
(2219, 12.831067085266113)
(2218, 12.833897829055786)
(2217, 13.950448036193848)
(2216, 14.09726595878601)
(2215, 15.111629009246826)
(2214, 15.487903833389282)
(2213, 15.544277906417847)
(2212, 15.724940061569214)
(2211, 16.026470184326172)
(2210, 17.007901906967163)
(2209, 17.26563286781311)
(2208, 17.943355083465576)
(2207, 19.530107736587524)
(2206, 23.155366897583008)
(2205, 23.716113805770874)
(2204, 24.93005108833313)
