(2262, 8.856561183929443)
(2261, 8.865417003631592)
(2260, 8.87518310546875)
(2259, 8.875335931777954)
(2258, 8.876461029052734)
(2257, 8.882289171218872)
(2256, 8.890907287597656)
(2255, 8.896368265151978)
(2254, 8.899326086044312)
(2253, 8.901303052902222)
(2252, 8.903853178024292)
(2251, 8.906357049942017)
(2250, 8.912706136703491)
(2249, 8.915541172027588)
(2248, 8.922774076461792)
(2247, 8.93153715133667)
(2246, 8.93209719657898)
(2245, 8.93228006362915)
(2244, 8.934077978134155)
(2243, 8.935795068740845)
(2242, 8.9447500705719)
(2241, 8.947238206863403)
(2240, 8.947790145874023)
(2239, 8.949477195739746)
(2238, 8.95023798942566)
(2237, 8.957399129867554)
(2236, 8.958844184875488)
(2235, 8.96101713180542)
(2234, 8.967304944992065)
(2233, 8.982510089874268)
(2232, 8.984751224517822)
(2231, 8.994136095046997)
(2230, 9.014076232910156)
(2229, 9.018919229507446)
(2228, 9.028326272964478)
(2227, 9.04186224937439)
(2226, 9.044376134872437)
(2225, 9.04752516746521)
(2224, 9.049000263214111)
(2223, 9.066787242889404)
(2222, 9.074822187423706)
(2221, 11.480741262435913)
(2220, 11.638543128967285)
(2219, 11.793404340744019)
(2218, 12.274994373321533)
(2217, 12.70456600189209)
(2216, 13.582178115844727)
(2215, 15.441708087921143)
(2214, 16.11335825920105)
(2213, 16.156647205352783)
(2212, 16.785827159881592)
(2211, 17.00883936882019)
(2210, 17.032872200012207)
(2209, 17.227797031402588)
(2208, 21.048988342285156)
(2207, 23.14791512489319)
(2206, 26.192893981933594)
(2205, 32.94977521896362)
(2204, 44.75204515457153)
