(2262, 8.894054889678955)
(2261, 8.900906801223755)
(2260, 8.908305883407593)
(2259, 8.909894704818726)
(2258, 8.91041088104248)
(2257, 8.91667890548706)
(2256, 8.92574691772461)
(2255, 8.931192874908447)
(2254, 8.933499097824097)
(2253, 8.935055017471313)
(2252, 8.937519073486328)
(2251, 8.93933367729187)
(2250, 8.945024967193604)
(2249, 8.947306871414185)
(2248, 8.955182075500488)
(2247, 8.962646961212158)
(2246, 8.964907884597778)
(2245, 8.965725898742676)
(2244, 8.973548889160156)
(2243, 8.975600004196167)
(2242, 8.976151943206787)
(2241, 8.977307081222534)
(2240, 8.977835893630981)
(2239, 8.983427047729492)
(2238, 8.987393856048584)
(2237, 8.98884391784668)
(2236, 8.991822004318237)
(2235, 8.998064756393433)
(2234, 9.01805591583252)
(2233, 9.02873682975769)
(2232, 9.047096967697144)
(2231, 9.052586793899536)
(2230, 9.060273885726929)
(2229, 9.075398921966553)
(2228, 9.077435731887817)
(2227, 9.081348896026611)
(2226, 10.775511026382446)
(2225, 11.185953855514526)
(2224, 11.276403903961182)
(2223, 11.305166006088257)
(2222, 11.363893985748291)
(2221, 11.612984895706177)
(2220, 12.355584859848022)
(2219, 12.583738088607788)
(2218, 12.894463777542114)
(2217, 12.985541820526123)
(2216, 13.375253915786743)
(2215, 14.279392004013062)
(2214, 14.389843940734863)
(2213, 14.726610898971558)
(2212, 15.523468017578125)
(2211, 15.694687843322754)
(2210, 17.330739974975586)
(2209, 18.06623888015747)
(2208, 18.202321767807007)
(2207, 19.20777702331543)
(2206, 29.07949686050415)
(2205, 29.62664008140564)
(2204, 40.76925086975098)
