(4856, 154.1410596370697)
(4855, 154.14406776428223)
(4854, 154.14774560928345)
(4853, 154.14845061302185)
(4852, 154.15151572227478)
(4851, 154.15221095085144)
(4850, 154.15319967269897)
(4849, 154.16896176338196)
(4848, 154.17186665534973)
(4847, 154.17371487617493)
(4846, 154.17600989341736)
(4845, 154.17779779434204)
(4844, 154.1786937713623)
(4843, 154.1806137561798)
(4842, 154.1847517490387)
(4841, 154.18554759025574)
(4840, 154.18619084358215)
(4839, 154.18702387809753)
(4838, 154.1897668838501)
(4837, 154.19628167152405)
(4836, 154.19701671600342)
(4835, 154.20061779022217)
(4834, 154.20607590675354)
(4833, 154.21166896820068)
(4832, 154.21611857414246)
(4831, 154.21974277496338)
(4830, 154.2226586341858)
(4829, 154.2277548313141)
(4828, 154.23156094551086)
(4827, 154.23824977874756)
(4826, 154.2474045753479)
(4825, 154.24962258338928)
(4824, 154.2524769306183)
(4823, 154.25334477424622)
(4822, 154.26159477233887)
(4821, 154.26464772224426)
(4820, 154.26734375953674)
(4819, 154.26991367340088)
(4818, 154.27191972732544)
(4817, 154.27682375907898)
(4816, 154.2786135673523)
(4815, 154.28704261779785)
(4814, 154.28740978240967)
(4813, 154.28837871551514)
(4812, 154.29030680656433)
(4811, 154.29542875289917)
(4810, 154.30339193344116)
(4809, 154.309800863266)
(4808, 154.31015872955322)
(4807, 154.31772875785828)
(4806, 154.31839895248413)
(4805, 154.31970477104187)
(4804, 154.32786774635315)
(4803, 154.33111572265625)
(4802, 154.332772731781)
(4801, 154.33365297317505)
(4800, 154.33671879768372)
(4799, 154.351500749588)
(4798, 154.35789895057678)
(4797, 154.35978388786316)
(4796, 154.36400175094604)
(4795, 154.36599779129028)
(4794, 154.36682271957397)
(4793, 154.3723907470703)
(4792, 154.38838291168213)
(4791, 154.40262985229492)
(4790, 154.4090428352356)
(4789, 154.4125108718872)
(4788, 154.41353273391724)
(4787, 154.4193069934845)
(4786, 154.42671990394592)
(4785, 154.4286708831787)
(4784, 154.43003964424133)
(4783, 154.4304325580597)
(4782, 154.45716190338135)
(4781, 154.46579480171204)
(4780, 154.47604870796204)
(4779, 154.47927379608154)
(4778, 154.4814736843109)
(4777, 154.50110268592834)
(4776, 154.50243663787842)
(4775, 154.50597476959229)
(4774, 154.5085928440094)
(4773, 154.50984287261963)
(4772, 154.51836681365967)
(4771, 154.52356457710266)
(4770, 154.52571272850037)
(4769, 154.53119897842407)
(4768, 154.53873372077942)
(4767, 154.5401268005371)
(4766, 154.54162883758545)
(4765, 154.55428767204285)
(4764, 154.55481672286987)
(4763, 154.55532789230347)
(4762, 154.56228685379028)
(4761, 154.57875275611877)
(4760, 154.58001565933228)
(4759, 154.58788084983826)
(4758, 154.59426975250244)
(4757, 154.5955138206482)
(4756, 154.61417174339294)
(4755, 154.61659574508667)
(4754, 154.61902785301208)
(4753, 154.61972570419312)
(4752, 154.62041187286377)
(4751, 154.6313018798828)
(4750, 154.63933897018433)
(4749, 154.63974475860596)
(4748, 154.64654278755188)
(4747, 154.66198778152466)
(4746, 154.66684579849243)
(4745, 154.667320728302)
(4744, 154.6694300174713)
(4743, 154.67166376113892)
(4742, 154.679616689682)
(4741, 154.68032670021057)
(4740, 154.68302059173584)
(4739, 154.69126391410828)
(4738, 154.69364976882935)
(4737, 154.69720673561096)
(4736, 154.7001976966858)
(4735, 154.7035686969757)
(4734, 154.70571184158325)
(4733, 154.70681476593018)
(4732, 154.71408987045288)
(4731, 154.7148139476776)
(4730, 154.71800184249878)
(4729, 154.71845293045044)
(4728, 154.7188596725464)
(4727, 154.72050786018372)
(4726, 154.7211856842041)
(4725, 154.72472596168518)
(4724, 154.72718381881714)
(4723, 154.73000764846802)
(4722, 154.73776054382324)
(4721, 154.7399458885193)
(4720, 154.74587965011597)
(4719, 154.7503547668457)
(4718, 154.75086069107056)
(4717, 154.7568325996399)
(4716, 154.75915575027466)
(4715, 154.75981068611145)
(4714, 154.7704997062683)
(4713, 154.77493286132812)
(4712, 154.78002882003784)
(4711, 154.7867088317871)
(4710, 154.80140686035156)
(4709, 154.80185174942017)
(4708, 154.80238890647888)
(4707, 154.80976581573486)
(4706, 154.8155927658081)
(4705, 154.84179091453552)
(4704, 154.8573088645935)
(4703, 154.87244486808777)
(4702, 154.87873673439026)
(4701, 154.88645768165588)
(4700, 154.89323592185974)
(4699, 154.90725779533386)
(4698, 154.91305088996887)
(4697, 154.93237280845642)
(4696, 154.933269739151)
(4695, 154.93841886520386)
(4694, 154.93906569480896)
(4693, 154.95174884796143)
(4692, 154.95772790908813)
(4691, 154.9666109085083)
(4690, 154.98453569412231)
(4689, 154.98692870140076)
(4688, 154.999835729599)
(4687, 155.02351570129395)
(4686, 155.03662061691284)
(4685, 155.0417516231537)
(4684, 155.04262399673462)
(4683, 155.04813170433044)
(4682, 155.04854464530945)
(4681, 155.05023884773254)
(4680, 155.05597972869873)
(4679, 155.05854058265686)
(4678, 155.06427693367004)
(4677, 155.07120370864868)
(4676, 155.07691860198975)
(4675, 155.11169981956482)
(4674, 155.1139588356018)
(4673, 155.1640167236328)
(4672, 155.167977809906)
(4671, 155.16864776611328)
(4670, 155.18244886398315)
(4669, 155.2015678882599)
(4668, 155.21473789215088)
(4667, 155.21836471557617)
(4666, 155.22575879096985)
(4665, 155.25161862373352)
(4664, 155.26027870178223)
(4663, 155.2955458164215)
(4662, 155.30332970619202)
(4661, 155.31209588050842)
(4660, 155.31688380241394)
(4659, 155.33698081970215)
(4658, 155.3576545715332)
(4657, 155.37694573402405)
(4656, 155.37730169296265)
(4655, 155.38058495521545)
(4654, 155.38213872909546)
(4653, 155.4208116531372)
(4652, 155.43916273117065)
(4651, 155.43963289260864)
(4650, 155.4603238105774)
(4649, 163.19870591163635)
(4648, 163.20275259017944)
(4647, 163.2723367214203)
(4646, 163.34002375602722)
(4645, 163.55782866477966)
(4644, 163.66242098808289)
(4643, 163.66619491577148)
(4642, 163.6671597957611)
(4641, 164.0198256969452)
(4640, 164.03722476959229)
(4639, 164.05428075790405)
(4638, 164.39294481277466)
(4637, 164.6644628047943)
(4636, 164.7165229320526)
(4635, 164.7622127532959)
(4634, 164.9015917778015)
(4633, 165.02728080749512)
(4632, 165.26243257522583)
(4631, 165.2694079875946)
(4630, 165.2818145751953)
(4629, 165.32484579086304)
(4628, 165.4982829093933)
(4627, 165.49857783317566)
(4626, 165.74871277809143)
(4625, 165.77982473373413)
(4624, 166.06012082099915)
(4623, 166.32701778411865)
(4622, 166.32749891281128)
(4621, 166.34894967079163)
(4620, 166.35097289085388)
(4619, 166.35146975517273)
(4618, 166.47041177749634)
(4617, 166.5308017730713)
(4616, 166.70702385902405)
(4615, 166.74497985839844)
(4614, 167.0156798362732)
(4613, 167.04052877426147)
(4612, 167.11262488365173)
(4611, 167.13191080093384)
(4610, 167.37687397003174)
(4609, 167.52408170700073)
(4608, 167.80312657356262)
(4607, 167.81911969184875)
(4606, 167.85945868492126)
(4605, 168.101500749588)
(4604, 168.4314045906067)
(4603, 168.64420461654663)
(4602, 168.89308166503906)
(4601, 168.89362978935242)
(4600, 169.38250494003296)
(4599, 169.8398289680481)
(4598, 170.31085777282715)
(4597, 170.67320489883423)
(4596, 171.24724459648132)
(4595, 171.25692176818848)
(4594, 171.26962685585022)
(4593, 171.86278772354126)
(4592, 171.86312079429626)
(4591, 171.88873076438904)
(4590, 171.92771577835083)
(4589, 172.59590673446655)
(4588, 172.5961937904358)
(4587, 172.60352873802185)
(4586, 173.0704755783081)
(4585, 175.07391476631165)
(4584, 175.77957558631897)
(4583, 176.12072086334229)
(4582, 177.0989236831665)
(4581, 177.10203576087952)
(4580, 177.10916876792908)
(4579, 177.43284678459167)
(4578, 177.63993978500366)
(4577, 177.74695658683777)
(4576, 177.82117176055908)
(4575, 180.99114871025085)
(4574, 183.21821784973145)
(4573, 183.56222486495972)
(4572, 188.4215316772461)
(4571, 188.48947882652283)
(4570, 188.6101336479187)
(4569, 189.42147564888)
(4568, 189.78085780143738)
(4567, 190.00595784187317)
(4566, 191.88425374031067)
(4565, 192.6185667514801)
(4564, 200.44957780838013)
(4563, 200.5996778011322)
(4562, 203.00712394714355)
(4561, 204.18191981315613)
(4560, 205.74472188949585)
(4559, 207.61850690841675)
(4558, 210.88826870918274)
(4557, 211.02651977539062)
(4556, 212.7100977897644)
(4555, 218.19182062149048)
(4554, 218.19393277168274)
(4553, 224.96602773666382)
(4552, 228.64417266845703)
(4551, 236.88604283332825)
(4550, 240.41533184051514)
(4549, 253.39907789230347)
(4548, 264.0846607685089)
(4547, 304.002249956131)
(4546, 305.04567670822144)
(4545, 307.20428800582886)
(4544, 351.9981577396393)
(4543, 370.1374297142029)
