(4856, 154.41934490203857)
(4855, 154.42339992523193)
(4854, 154.4241008758545)
(4853, 154.42606687545776)
(4852, 154.4307520389557)
(4851, 154.43144607543945)
(4850, 154.43243503570557)
(4849, 154.44557690620422)
(4848, 154.45073795318604)
(4847, 154.45323395729065)
(4846, 154.4554898738861)
(4845, 154.457261800766)
(4844, 154.45815205574036)
(4843, 154.46006393432617)
(4842, 154.4648118019104)
(4841, 154.46545577049255)
(4840, 154.46628379821777)
(4839, 154.46751189231873)
(4838, 154.4696867465973)
(4837, 154.47172474861145)
(4836, 154.4724497795105)
(4835, 154.4791660308838)
(4834, 154.48500990867615)
(4833, 154.49042987823486)
(4832, 154.49409699440002)
(4831, 154.49800395965576)
(4830, 154.50083994865417)
(4829, 154.50832080841064)
(4828, 154.51241302490234)
(4827, 154.51915979385376)
(4826, 154.52649402618408)
(4825, 154.52876591682434)
(4824, 154.5315399169922)
(4823, 154.5324068069458)
(4822, 154.5400059223175)
(4821, 154.54310512542725)
(4820, 154.5457947254181)
(4819, 154.54961800575256)
(4818, 154.55251383781433)
(4817, 154.55633997917175)
(4816, 154.55863571166992)
(4815, 154.56605911254883)
(4814, 154.56813502311707)
(4813, 154.5693278312683)
(4812, 154.57028889656067)
(4811, 154.57292699813843)
(4810, 154.57957196235657)
(4809, 154.58187079429626)
(4808, 154.58882904052734)
(4807, 154.59130191802979)
(4806, 154.59561681747437)
(4805, 154.5983738899231)
(4804, 154.59904170036316)
(4803, 154.60725569725037)
(4802, 154.60950183868408)
(4801, 154.60988807678223)
(4800, 154.61376786231995)
(4799, 154.61583375930786)
(4798, 154.61617803573608)
(4797, 154.63038182258606)
(4796, 154.63685083389282)
(4795, 154.6397020816803)
(4794, 154.64356780052185)
(4793, 154.64438796043396)
(4792, 154.65152382850647)
(4791, 154.65896201133728)
(4790, 154.6701090335846)
(4789, 154.67696070671082)
(4788, 154.68571400642395)
(4787, 154.69588088989258)
(4786, 154.69669890403748)
(4785, 154.69843196868896)
(4784, 154.69944667816162)
(4783, 154.70369172096252)
(4782, 154.70939087867737)
(4781, 154.7129578590393)
(4780, 154.71540594100952)
(4779, 154.71579504013062)
(4778, 154.7424557209015)
(4777, 154.7533540725708)
(4776, 154.76532673835754)
(4775, 154.77220368385315)
(4774, 154.77438807487488)
(4773, 154.7940490245819)
(4772, 154.79538106918335)
(4771, 154.798898935318)
(4770, 154.8020749092102)
(4769, 154.80268812179565)
(4768, 154.81453275680542)
(4767, 154.82104182243347)
(4766, 154.82317686080933)
(4765, 154.8280689716339)
(4764, 154.83585596084595)
(4763, 154.8372449874878)
(4762, 154.83875274658203)
(4761, 154.84608006477356)
(4760, 154.8520257472992)
(4759, 154.85255098342896)
(4758, 154.85305285453796)
(4757, 154.86445593833923)
(4756, 154.87350988388062)
(4755, 154.87422490119934)
(4754, 154.87941575050354)
(4753, 154.88366794586182)
(4752, 154.88490295410156)
(4751, 154.90054392814636)
(4750, 154.90117192268372)
(4749, 154.90534090995789)
(4748, 154.90853476524353)
(4747, 154.91980910301208)
(4746, 154.9230649471283)
(4745, 154.9238998889923)
(4744, 154.93120884895325)
(4743, 154.9446737766266)
(4742, 154.94777703285217)
(4741, 154.9482479095459)
(4740, 154.95034980773926)
(4739, 154.95257782936096)
(4738, 154.9613320827484)
(4737, 154.96221899986267)
(4736, 154.96434473991394)
(4735, 154.96559476852417)
(4734, 154.97297477722168)
(4733, 154.97535395622253)
(4732, 154.97832679748535)
(4731, 154.98058986663818)
(4730, 154.98272681236267)
(4729, 154.98382902145386)
(4728, 154.9872419834137)
(4727, 154.99049592018127)
(4726, 154.9912178516388)
(4725, 154.99309706687927)
(4724, 154.99354076385498)
(4723, 154.99567484855652)
(4722, 154.99802494049072)
(4721, 155.00145387649536)
(4720, 155.00362396240234)
(4719, 155.0103349685669)
(4718, 155.02703595161438)
(4717, 155.02754092216492)
(4716, 155.03768610954285)
(4715, 155.03832387924194)
(4714, 155.04816389083862)
(4713, 155.05325293540955)
(4712, 155.06293392181396)
(4711, 155.07485175132751)
(4710, 155.0755090713501)
(4709, 155.0760419368744)
(4708, 155.08172607421875)
(4707, 155.09124302864075)
(4706, 155.1313087940216)
(4705, 155.15672183036804)
(4704, 155.16551685333252)
(4703, 155.1831407546997)
(4702, 155.1864447593689)
(4701, 155.19900703430176)
(4700, 155.2066068649292)
(4699, 155.21000504493713)
(4698, 155.2159378528595)
(4697, 155.21625185012817)
(4696, 155.21730780601501)
(4695, 155.22103786468506)
(4694, 155.22792387008667)
(4693, 155.22830390930176)
(4692, 155.2287199497223)
(4691, 155.23155689239502)
(4690, 155.23576092720032)
(4689, 155.2437708377838)
(4688, 155.26286792755127)
(4687, 155.26389694213867)
(4686, 155.27141690254211)
(4685, 155.2943239212036)
(4684, 155.3027467727661)
(4683, 155.31157088279724)
(4682, 155.31225490570068)
(4681, 155.3188350200653)
(4680, 155.31937789916992)
(4679, 155.3325231075287)
(4678, 155.33892583847046)
(4677, 155.3597288131714)
(4676, 155.37191891670227)
(4675, 155.3779788017273)
(4674, 155.42911291122437)
(4673, 155.44011807441711)
(4672, 155.4444088935852)
(4671, 155.51147389411926)
(4670, 155.51503086090088)
(4669, 155.52264976501465)
(4668, 155.54344296455383)
(4667, 155.55242085456848)
(4666, 155.5611698627472)
(4665, 155.5773220062256)
(4664, 155.58313870429993)
(4663, 155.5945107936859)
(4662, 155.61409902572632)
(4661, 155.62186098098755)
(4660, 155.62996888160706)
(4659, 155.63611602783203)
(4658, 155.6421468257904)
(4657, 155.64546990394592)
(4656, 155.6523950099945)
(4655, 155.65617179870605)
(4654, 155.66272497177124)
(4653, 155.66925501823425)
(4652, 155.67070174217224)
(4651, 155.70386290550232)
(4650, 162.3686728477478)
(4649, 162.50135779380798)
(4648, 162.5168640613556)
(4647, 162.54212188720703)
(4646, 162.65694999694824)
(4645, 162.6660258769989)
(4644, 162.67483806610107)
(4643, 162.92083311080933)
(4642, 162.98534297943115)
(4641, 163.00323390960693)
(4640, 163.0141839981079)
(4639, 163.01868796348572)
(4638, 163.16102504730225)
(4637, 163.16627192497253)
(4636, 163.3809778690338)
(4635, 163.38245582580566)
(4634, 163.62133407592773)
(4633, 163.62171387672424)
(4632, 163.62501788139343)
(4631, 163.65606999397278)
(4630, 163.89209294319153)
(4629, 163.97074580192566)
(4628, 163.97181391716003)
(4627, 164.13779592514038)
(4626, 164.61712884902954)
(4625, 164.91503477096558)
(4624, 164.95785403251648)
(4623, 164.96620988845825)
(4622, 165.23134398460388)
(4621, 165.2357919216156)
(4620, 165.48153400421143)
(4619, 165.5009298324585)
(4618, 165.58439588546753)
(4617, 165.87392783164978)
(4616, 165.87421894073486)
(4615, 165.87855887413025)
(4614, 165.95366978645325)
(4613, 166.17499494552612)
(4612, 166.18646097183228)
(4611, 166.2043809890747)
(4610, 166.34789896011353)
(4609, 166.6901729106903)
(4608, 166.69367504119873)
(4607, 166.69876980781555)
(4606, 166.7062427997589)
(4605, 167.15017080307007)
(4604, 167.24587392807007)
(4603, 167.4981918334961)
(4602, 167.8413209915161)
(4601, 167.84320282936096)
(4600, 167.86725401878357)
(4599, 168.12982296943665)
(4598, 168.29301476478577)
(4597, 168.6914279460907)
(4596, 168.73788595199585)
(4595, 170.0478479862213)
(4594, 170.16701078414917)
(4593, 170.24678778648376)
(4592, 170.36713790893555)
(4591, 170.3676187992096)
(4590, 170.4853949546814)
(4589, 170.5054657459259)
(4588, 170.6955897808075)
(4587, 171.02134585380554)
(4586, 171.54963302612305)
(4585, 171.56226801872253)
(4584, 172.58886194229126)
(4583, 176.0776777267456)
(4582, 176.2281138896942)
(4581, 176.23285794258118)
(4580, 176.47037076950073)
(4579, 176.60067582130432)
(4578, 176.92108178138733)
(4577, 177.71988582611084)
(4576, 177.77823495864868)
(4575, 179.06068301200867)
(4574, 180.3414831161499)
(4573, 181.88909077644348)
(4572, 183.10257172584534)
(4571, 183.90803480148315)
(4570, 184.33342695236206)
(4569, 184.60288000106812)
(4568, 184.69066882133484)
(4567, 184.7888400554657)
(4566, 184.80996584892273)
(4565, 185.95152592658997)
(4564, 186.6657919883728)
(4563, 186.7217879295349)
(4562, 188.13067197799683)
(4561, 191.92835092544556)
(4560, 192.34402585029602)
(4559, 195.0836398601532)
(4558, 197.47907090187073)
(4557, 198.5428009033203)
(4556, 201.1453080177307)
(4555, 202.603453874588)
(4554, 208.678692817688)
(4553, 211.5573468208313)
(4552, 213.28369998931885)
(4551, 214.1344509124756)
(4550, 220.55138993263245)
(4549, 222.54944801330566)
(4548, 231.04907178878784)
(4547, 249.91273093223572)
(4546, 260.0542080402374)
(4545, 322.25834488868713)
(4544, 384.5599157810211)
(4543, 476.2852349281311)
