(4856, 154.08845019340515)
(4855, 154.09391832351685)
(4854, 154.09456515312195)
(4853, 154.09677910804749)
(4852, 154.09747314453125)
(4851, 154.0984592437744)
(4850, 154.11389207839966)
(4849, 154.11907815933228)
(4848, 154.12091636657715)
(4847, 154.12317323684692)
(4846, 154.12494945526123)
(4845, 154.12584114074707)
(4844, 154.12991309165955)
(4843, 154.1348171234131)
(4842, 154.13683414459229)
(4841, 154.1375710964203)
(4840, 154.13829612731934)
(4839, 154.143568277359)
(4838, 154.1485550403595)
(4837, 154.15428924560547)
(4836, 154.1578769683838)
(4835, 154.16035318374634)
(4834, 154.16319632530212)
(4833, 154.16844129562378)
(4832, 154.17302823066711)
(4831, 154.18141531944275)
(4830, 154.18916130065918)
(4829, 154.19074201583862)
(4828, 154.19359731674194)
(4827, 154.19446420669556)
(4826, 154.20181131362915)
(4825, 154.20406913757324)
(4824, 154.20681428909302)
(4823, 154.20938634872437)
(4822, 154.2122781276703)
(4821, 154.21764612197876)
(4820, 154.2217390537262)
(4819, 154.2255733013153)
(4818, 154.22930216789246)
(4817, 154.23049426078796)
(4816, 154.23145604133606)
(4815, 154.23499417304993)
(4814, 154.23923420906067)
(4813, 154.24317622184753)
(4812, 154.24944519996643)
(4811, 154.25549411773682)
(4810, 154.25722527503967)
(4809, 154.25789618492126)
(4808, 154.2672312259674)
(4807, 154.26761531829834)
(4806, 154.26890540122986)
(4805, 154.27338528633118)
(4804, 154.27492141723633)
(4803, 154.275799036026)
(4802, 154.28285312652588)
(4801, 154.29014825820923)
(4800, 154.2919762134552)
(4799, 154.29802918434143)
(4798, 154.302020072937)
(4797, 154.30646419525146)
(4796, 154.30729126930237)
(4795, 154.31443619728088)
(4794, 154.32137441635132)
(4793, 154.3291311264038)
(4792, 154.3387153148651)
(4791, 154.349915266037)
(4790, 154.36037015914917)
(4789, 154.36119437217712)
(4788, 154.36292815208435)
(4787, 154.3639464378357)
(4786, 154.37718725204468)
(4785, 154.38023328781128)
(4784, 154.38159823417664)
(4783, 154.3819923400879)
(4782, 154.40863728523254)
(4781, 154.41899704933167)
(4780, 154.4300422668457)
(4779, 154.43270134925842)
(4778, 154.43489527702332)
(4777, 154.44664907455444)
(4776, 154.4489312171936)
(4775, 154.4555630683899)
(4774, 154.45689225196838)
(4773, 154.46002316474915)
(4772, 154.4668412208557)
(4771, 154.4677231311798)
(4770, 154.47741317749023)
(4769, 154.4834532737732)
(4768, 154.48627614974976)
(4767, 154.4883303642273)
(4766, 154.49672603607178)
(4765, 154.49811935424805)
(4764, 154.4996201992035)
(4763, 154.50733423233032)
(4762, 154.5127673149109)
(4761, 154.51329040527344)
(4760, 154.51379323005676)
(4759, 154.51989912986755)
(4758, 154.53151416778564)
(4757, 154.53277325630188)
(4756, 154.53817915916443)
(4755, 154.5424451828003)
(4754, 154.543683052063)
(4753, 154.55602717399597)
(4752, 154.56154227256775)
(4751, 154.56516933441162)
(4750, 154.58044528961182)
(4749, 154.58128428459167)
(4748, 154.58962106704712)
(4747, 154.6051242351532)
(4746, 154.60845518112183)
(4745, 154.60892724990845)
(4744, 154.61178708076477)
(4743, 154.61331820487976)
(4742, 154.6214940547943)
(4741, 154.6237051486969)
(4740, 154.62459421157837)
(4739, 154.63165831565857)
(4738, 154.63404631614685)
(4737, 154.63793110847473)
(4736, 154.64241933822632)
(4735, 154.64379739761353)
(4734, 154.644305229187)
(4733, 154.64678931236267)
(4732, 154.64939641952515)
(4731, 154.65376615524292)
(4730, 154.65423011779785)
(4729, 154.65467739105225)
(4728, 154.6570291519165)
(4727, 154.65915632247925)
(4726, 154.66288304328918)
(4725, 154.66767930984497)
(4724, 154.67189717292786)
(4723, 154.6782190799713)
(4722, 154.67865014076233)
(4721, 154.68307423591614)
(4720, 154.69419622421265)
(4719, 154.70756816864014)
(4718, 154.71671509742737)
(4717, 154.7315001487732)
(4716, 154.73203420639038)
(4715, 154.7340362071991)
(4714, 154.73447918891907)
(4713, 154.74412322044373)
(4712, 154.75429224967957)
(4711, 154.75485014915466)
(4710, 154.75558137893677)
(4709, 154.75698828697205)
(4708, 154.7574532032013)
(4707, 154.76821398735046)
(4706, 154.78413105010986)
(4705, 154.79764318466187)
(4704, 154.82335829734802)
(4703, 154.834623336792)
(4702, 154.86636424064636)
(4701, 154.87603616714478)
(4700, 154.87693214416504)
(4699, 154.88131833076477)
(4698, 154.88176107406616)
(4697, 154.88444900512695)
(4696, 154.89214205741882)
(4695, 154.89252018928528)
(4694, 154.89582514762878)
(4693, 154.89855003356934)
(4692, 154.90923023223877)
(4691, 154.9232304096222)
(4690, 154.92490124702454)
(4689, 154.92533326148987)
(4688, 154.93441820144653)
(4687, 154.95621132850647)
(4686, 154.96046829223633)
(4685, 154.96250700950623)
(4684, 154.9749550819397)
(4683, 154.97907137870789)
(4682, 154.98670411109924)
(4681, 154.98725032806396)
(4680, 154.99349927902222)
(4679, 155.0068621635437)
(4678, 155.01485419273376)
(4677, 155.03699207305908)
(4676, 155.0456042289734)
(4675, 155.0499083995819)
(4674, 155.10068321228027)
(4673, 155.1010901927948)
(4672, 155.11314415931702)
(4671, 155.1257610321045)
(4670, 155.14938116073608)
(4669, 155.17664408683777)
(4668, 155.20850920677185)
(4667, 155.2090961933136)
(4666, 155.24430227279663)
(4665, 155.2478642463684)
(4664, 155.24835419654846)
(4663, 155.25664019584656)
(4662, 155.27090716362)
(4661, 155.28640007972717)
(4660, 155.28989720344543)
(4659, 155.29539728164673)
(4658, 155.3001673221588)
(4657, 155.30325031280518)
(4656, 155.32026028633118)
(4655, 163.25478720664978)
(4654, 163.41302704811096)
(4653, 163.41507625579834)
(4652, 163.4239342212677)
(4651, 163.5939302444458)
(4650, 163.62141728401184)
(4649, 163.80316019058228)
(4648, 163.85478711128235)
(4647, 164.00171637535095)
(4646, 164.04918718338013)
(4645, 164.0508463382721)
(4644, 164.25346422195435)
(4643, 164.27003741264343)
(4642, 164.27035903930664)
(4641, 164.44717741012573)
(4640, 164.48843908309937)
(4639, 164.4889841079712)
(4638, 164.48970222473145)
(4637, 164.8173544406891)
(4636, 165.0202202796936)
(4635, 165.2419183254242)
(4634, 165.2500500679016)
(4633, 165.35085821151733)
(4632, 165.35121726989746)
(4631, 165.38600611686707)
(4630, 165.4452784061432)
(4629, 165.47594714164734)
(4628, 165.57749819755554)
(4627, 165.59921312332153)
(4626, 165.67685914039612)
(4625, 165.68303513526917)
(4624, 165.761057138443)
(4623, 165.77816438674927)
(4622, 165.8491451740265)
(4621, 165.93002009391785)
(4620, 165.9834532737732)
(4619, 166.00129413604736)
(4618, 167.3975932598114)
(4617, 167.4852831363678)
(4616, 168.7609851360321)
(4615, 168.78803730010986)
(4614, 169.15542602539062)
(4613, 169.1572732925415)
(4612, 169.17504000663757)
(4611, 169.3253002166748)
(4610, 169.61229920387268)
(4609, 169.76209926605225)
(4608, 170.01408529281616)
(4607, 170.0901551246643)
(4606, 170.26092004776)
(4605, 170.28363418579102)
(4604, 170.321280002594)
(4603, 170.50888228416443)
(4602, 170.62378430366516)
(4601, 170.77304339408875)
(4600, 171.31437015533447)
(4599, 171.48008704185486)
(4598, 172.53957223892212)
(4597, 172.59483313560486)
(4596, 172.72025227546692)
(4595, 173.09355330467224)
(4594, 173.65555715560913)
(4593, 174.22817730903625)
(4592, 174.33560132980347)
(4591, 174.77408719062805)
(4590, 175.70018219947815)
(4589, 176.18049311637878)
(4588, 176.9882311820984)
(4587, 177.6600902080536)
(4586, 177.7021360397339)
(4585, 178.5788950920105)
(4584, 178.93483638763428)
(4583, 179.09946131706238)
(4582, 179.3447790145874)
(4581, 179.93430829048157)
(4580, 180.04234528541565)
(4579, 180.05182433128357)
(4578, 181.22073316574097)
(4577, 181.26809430122375)
(4576, 181.60066318511963)
(4575, 182.22892022132874)
(4574, 182.81602716445923)
(4573, 183.60198616981506)
(4572, 183.60544323921204)
(4571, 184.07579731941223)
(4570, 186.2364182472229)
(4569, 186.45399498939514)
(4568, 189.28162717819214)
(4567, 189.42609024047852)
(4566, 199.4206190109253)
(4565, 199.7378122806549)
(4564, 203.36133241653442)
(4563, 208.66366004943848)
(4562, 212.63725018501282)
(4561, 213.90732622146606)
(4560, 215.07405829429626)
(4559, 216.38013911247253)
(4558, 217.3280692100525)
(4557, 220.55100536346436)
(4556, 223.96914410591125)
(4555, 224.18365621566772)
(4554, 230.28736519813538)
(4553, 231.7548792362213)
(4552, 237.94001030921936)
(4551, 243.09822916984558)
(4550, 263.93646216392517)
(4549, 274.2813231945038)
(4548, 278.51705598831177)
(4547, 318.2015690803528)
(4546, 333.2701051235199)
(4545, 349.7033362388611)
(4544, 351.18650913238525)
