(7038, 58.96886706352234)
(7037, 58.969395875930786)
(7036, 59.151043176651)
(7035, 59.20329809188843)
(7034, 59.28934288024902)
(7033, 59.29312992095947)
(7032, 59.29716515541077)
(7031, 59.30087494850159)
(7030, 59.36023497581482)
(7029, 59.406461000442505)
(7028, 59.43852496147156)
(7027, 59.44511795043945)
(7026, 59.515361070632935)
(7025, 59.53622102737427)
(7024, 59.5480580329895)
(7023, 59.56462097167969)
(7022, 59.62772989273071)
(7021, 59.66294503211975)
(7020, 59.680678844451904)
(7019, 59.685242891311646)
(7018, 59.69509983062744)
(7017, 59.704217195510864)
(7016, 59.73905301094055)
(7015, 59.76925587654114)
(7014, 59.80141592025757)
(7013, 59.86036396026611)
(7012, 59.904221057891846)
(7011, 60.04799795150757)
(7010, 60.05464291572571)
(7009, 60.07236409187317)
(7008, 60.492372035980225)
(7007, 60.49332785606384)
(7006, 60.94841408729553)
(7005, 60.965672969818115)
(7004, 60.96669292449951)
(7003, 60.97856783866882)
(7002, 61.00207591056824)
(7001, 61.08564615249634)
(7000, 61.090184926986694)
(6999, 61.096755027770996)
(6998, 61.12169003486633)
(6997, 61.15355110168457)
(6996, 61.71276903152466)
(6995, 62.12379813194275)
(6994, 62.13045310974121)
(6993, 132.4927191734314)
(6992, 133.0425000190735)
(6991, 134.3830201625824)
(6990, 137.7272708415985)
(6989, 138.73572778701782)
(6988, 139.7160940170288)
(6987, 143.69827699661255)
(6986, 146.83189988136292)
(6985, 147.21251606941223)
(6984, 150.0552351474762)
(6983, 154.5838520526886)
(6982, 171.6178638935089)
(6981, 174.9325430393219)
(6980, 182.59504890441895)
(6979, 184.7583270072937)
(6978, 188.04331803321838)
(6977, 188.04384589195251)
(6976, 188.1569001674652)
(6975, 188.16962003707886)
(6974, 188.39093804359436)
(6973, 188.3918478488922)
(6972, 188.39237713813782)
(6971, 189.81894207000732)
(6970, 192.90368509292603)
(6969, 193.0155599117279)
(6968, 193.2363760471344)
(6967, 194.5860412120819)
(6966, 194.80415415763855)
(6965, 194.91648888587952)
(6964, 195.02804708480835)
(6963, 195.24576997756958)
(6962, 195.68200302124023)
(6961, 195.68256402015686)
(6960, 195.6834590435028)
(6959, 195.6870458126068)
(6958, 203.23548698425293)
(6957, 205.38837718963623)
(6956, 206.2292459011078)
(6955, 215.47916102409363)
(6954, 215.54142117500305)
(6953, 228.63831186294556)
(6952, 236.9651288986206)
(6951, 257.12373399734497)
(6950, 259.0795991420746)
(6949, 270.20164704322815)
(6948, 273.46257305145264)
(6947, 296.637943983078)
(6946, 298.8772768974304)
(6945, 298.90239095687866)
(6944, 301.06357884407043)
(6943, 308.7485308647156)
(6942, 310.21641397476196)
(6941, 311.8146822452545)
(6940, 313.101224899292)
(6939, 333.77448296546936)
(6938, 335.6046459674835)
(6937, 339.2517671585083)
(6936, 341.3260250091553)
(6935, 341.3821518421173)
(6934, 370.0593259334564)
(6933, 370.3142189979553)
(6932, 393.6913249492645)
(6931, 425.0171740055084)
(6930, 426.0830080509186)
(6929, 441.7136399745941)
(6928, 449.9485340118408)
(6927, 499.5071768760681)
(6926, 568.527302980423)
