(7038, 58.99526023864746)
(7037, 58.99579215049744)
(7036, 59.17749214172363)
(7035, 59.23637318611145)
(7034, 59.3053560256958)
(7033, 59.30939435958862)
(7032, 59.313125133514404)
(7031, 59.402950286865234)
(7030, 59.40990614891052)
(7029, 59.416362047195435)
(7028, 59.462247133255005)
(7027, 59.47036123275757)
(7026, 59.568379163742065)
(7025, 59.57372522354126)
(7024, 59.59689712524414)
(7023, 59.60517120361328)
(7022, 59.65698719024658)
(7021, 59.686235189437866)
(7020, 59.69428730010986)
(7019, 59.70319318771362)
(7018, 59.719667196273804)
(7017, 59.72426700592041)
(7016, 59.73181223869324)
(7015, 59.75432014465332)
(7014, 59.78924608230591)
(7013, 59.820863008499146)
(7012, 59.872029304504395)
(7011, 59.88455510139465)
(7010, 60.93717408180237)
(7009, 61.465495109558105)
(7008, 61.515305042266846)
(7007, 61.51615810394287)
(7006, 61.7457160949707)
(7005, 62.01750206947327)
(7004, 62.078630208969116)
(7003, 62.08525228500366)
(7002, 62.10487723350525)
(7001, 62.710355043411255)
(7000, 62.718810081481934)
(6999, 62.719807147979736)
(6998, 62.72077417373657)
(6997, 63.1701602935791)
(6996, 63.22508215904236)
(6995, 63.3329701423645)
(6994, 130.71459197998047)
(6993, 132.66149306297302)
(6992, 133.50788831710815)
(6991, 133.5164601802826)
(6990, 133.9221441745758)
(6989, 134.28495001792908)
(6988, 134.28695607185364)
(6987, 134.3577160835266)
(6986, 134.36652898788452)
(6985, 134.37511229515076)
(6984, 134.37556505203247)
(6983, 134.37602519989014)
(6982, 134.45781707763672)
(6981, 134.67330312728882)
(6980, 134.8174831867218)
(6979, 134.9645140171051)
(6978, 135.1826250553131)
(6977, 135.22306513786316)
(6976, 135.22361016273499)
(6975, 135.25873517990112)
(6974, 135.56605529785156)
(6973, 135.79704809188843)
(6972, 135.79749131202698)
(6971, 135.92503929138184)
(6970, 135.92545628547668)
(6969, 136.64030623435974)
(6968, 137.61910128593445)
(6967, 138.12183928489685)
(6966, 138.7450041770935)
(6965, 140.1781871318817)
(6964, 140.18171501159668)
(6963, 140.39523100852966)
(6962, 145.73652935028076)
(6961, 146.59289813041687)
(6960, 153.05572414398193)
(6959, 153.57326006889343)
(6958, 153.6807770729065)
(6957, 153.80126523971558)
(6956, 154.11085629463196)
(6955, 154.2182981967926)
(6954, 154.52725625038147)
(6953, 154.83534908294678)
(6952, 154.8358142375946)
(6951, 155.03889107704163)
(6950, 155.24224615097046)
(6949, 156.56531524658203)
(6948, 156.9284861087799)
(6947, 156.97898507118225)
(6946, 156.9843180179596)
(6945, 191.41766214370728)
(6944, 208.9214210510254)
(6943, 209.89344716072083)
(6942, 210.9609022140503)
(6941, 212.1829800605774)
(6940, 216.29189825057983)
(6939, 220.38093328475952)
(6938, 248.26099824905396)
(6937, 279.8620181083679)
(6936, 281.55325627326965)
(6935, 281.56599617004395)
(6934, 316.5180940628052)
(6933, 320.0914590358734)
(6932, 325.7139492034912)
(6931, 335.41485023498535)
(6930, 345.933984041214)
(6929, 359.5576591491699)
(6928, 360.8498623371124)
(6927, 377.08793926239014)
(6926, 404.91229009628296)
(6925, 420.8250710964203)
(6924, 440.5062770843506)
(6923, 502.1737861633301)
(6922, 545.7706050872803)
(6921, 589.5386102199554)
