(7038, 58.94580888748169)
(7037, 58.94633674621582)
(7036, 59.13369083404541)
(7035, 59.184478998184204)
(7034, 59.23790788650513)
(7033, 59.262383699417114)
(7032, 59.26333785057068)
(7031, 59.27059483528137)
(7030, 59.27314376831055)
(7029, 59.333852767944336)
(7028, 59.34184765815735)
(7027, 59.35934066772461)
(7026, 59.3897979259491)
(7025, 59.40612483024597)
(7024, 59.42563271522522)
(7023, 59.49900960922241)
(7022, 59.51228380203247)
(7021, 59.534751892089844)
(7020, 59.63897967338562)
(7019, 59.65390992164612)
(7018, 59.66042375564575)
(7017, 59.67915868759155)
(7016, 59.68311882019043)
(7015, 59.73736882209778)
(7014, 59.77061986923218)
(7013, 59.82393288612366)
(7012, 59.85625886917114)
(7011, 59.97553992271423)
(7010, 60.49152994155884)
(7009, 60.74742293357849)
(7008, 60.78403282165527)
(7007, 60.7870569229126)
(7006, 60.81738090515137)
(7005, 60.83765983581543)
(7004, 61.18315863609314)
(7003, 61.18420886993408)
(7002, 61.350685834884644)
(7001, 61.420973777770996)
(7000, 61.799530029296875)
(6999, 61.815478801727295)
(6998, 123.99942398071289)
(6997, 124.25952482223511)
(6996, 124.69128680229187)
(6995, 125.03397297859192)
(6994, 130.32751893997192)
(6993, 130.545649766922)
(6992, 131.6087076663971)
(6991, 136.57445192337036)
(6990, 137.8441197872162)
(6989, 141.30491375923157)
(6988, 142.24824976921082)
(6987, 144.44929480552673)
(6986, 144.49029183387756)
(6985, 147.09357285499573)
(6984, 147.09398198127747)
(6983, 148.16696977615356)
(6982, 152.64644479751587)
(6981, 154.91415572166443)
(6980, 157.54665875434875)
(6979, 157.5498559474945)
(6978, 159.35601997375488)
(6977, 160.39263081550598)
(6976, 161.70662569999695)
(6975, 161.71013569831848)
(6974, 161.96910881996155)
(6973, 161.9753909111023)
(6972, 162.63324880599976)
(6971, 163.38000798225403)
(6970, 163.54250597953796)
(6969, 163.5475299358368)
(6968, 163.90399384498596)
(6967, 164.02421283721924)
(6966, 164.14895486831665)
(6965, 165.86484289169312)
(6964, 167.1588716506958)
(6963, 167.9863839149475)
(6962, 168.7026538848877)
(6961, 168.7069387435913)
(6960, 168.707350730896)
(6959, 168.942804813385)
(6958, 169.06205582618713)
(6957, 176.29915189743042)
(6956, 180.26529097557068)
(6955, 204.46982979774475)
(6954, 215.00746273994446)
(6953, 215.1857078075409)
(6952, 217.25601387023926)
(6951, 217.25713896751404)
(6950, 237.3649468421936)
(6949, 250.06000065803528)
(6948, 273.74505496025085)
(6947, 342.3645119667053)
(6946, 342.8389036655426)
(6945, 345.2509136199951)
(6944, 347.56957268714905)
(6943, 348.1232838630676)
(6942, 349.6927127838135)
(6941, 377.36171865463257)
(6940, 386.1716527938843)
(6939, 390.59322690963745)
(6938, 421.77838373184204)
(6937, 429.85143971443176)
(6936, 430.41184163093567)
(6935, 431.04267597198486)
(6934, 460.3201699256897)
(6933, 464.760235786438)
(6932, 464.7790777683258)
(6931, 464.79991579055786)
(6930, 484.3807907104492)
(6929, 513.0068769454956)
(6928, 555.4852328300476)
(6927, 564.837474822998)
(6926, 564.9179739952087)
(6925, 569.8520498275757)
(6924, 583.9877429008484)
(6923, 587.6856179237366)
