(7038, 61.290055990219116)
(7037, 61.290584087371826)
(7036, 61.468324184417725)
(7035, 61.52054810523987)
(7034, 61.58804798126221)
(7033, 61.593661069869995)
(7032, 61.596189975738525)
(7031, 61.59873414039612)
(7030, 61.67388296127319)
(7029, 61.68356204032898)
(7028, 61.726288080215454)
(7027, 61.72730302810669)
(7026, 61.72935891151428)
(7025, 61.7908890247345)
(7024, 61.81807804107666)
(7023, 61.828020095825195)
(7022, 61.84521007537842)
(7021, 61.90145015716553)
(7020, 61.92732310295105)
(7019, 61.93367004394531)
(7018, 61.943299293518066)
(7017, 61.949812173843384)
(7016, 61.96323108673096)
(7015, 61.96719002723694)
(7014, 62.00092005729675)
(7013, 62.034560203552246)
(7012, 62.07125520706177)
(7011, 62.12552213668823)
(7010, 62.17879104614258)
(7009, 62.21949291229248)
(7008, 62.31263709068298)
(7007, 63.23670315742493)
(7006, 63.24484610557556)
(7005, 63.27140212059021)
(7004, 63.42361402511597)
(7003, 63.46282196044922)
(7002, 131.00144815444946)
(7001, 131.04031109809875)
(7000, 133.95744013786316)
(6999, 135.13495516777039)
(6998, 135.7803831100464)
(6997, 136.06654500961304)
(6996, 136.90983819961548)
(6995, 137.19077610969543)
(6994, 137.8433620929718)
(6993, 138.77495002746582)
(6992, 151.92734599113464)
(6991, 151.92844009399414)
(6990, 152.31519508361816)
(6989, 156.06203699111938)
(6988, 156.06250405311584)
(6987, 157.03237795829773)
(6986, 157.03924703598022)
(6985, 159.11649203300476)
(6984, 159.11692810058594)
(6983, 163.9244110584259)
(6982, 164.2996051311493)
(6981, 164.91896200180054)
(6980, 165.04563903808594)
(6979, 165.04606914520264)
(6978, 165.1714050769806)
(6977, 165.17972111701965)
(6976, 165.18058824539185)
(6975, 165.33339095115662)
(6974, 168.45775508880615)
(6973, 168.46121406555176)
(6972, 169.39244413375854)
(6971, 169.39595007896423)
(6970, 169.6417510509491)
(6969, 169.6520872116089)
(6968, 170.15510821342468)
(6967, 170.27935695648193)
(6966, 170.40308117866516)
(6965, 170.52681398391724)
(6964, 170.5301640033722)
(6963, 170.77476000785828)
(6962, 170.89869022369385)
(6961, 171.38816809654236)
(6960, 176.59861421585083)
(6959, 216.4041621685028)
(6958, 230.85600113868713)
(6957, 236.01979804039001)
(6956, 248.46394395828247)
(6955, 263.89229226112366)
(6954, 264.21611499786377)
(6953, 264.8577570915222)
(6952, 264.86261796951294)
(6951, 267.8440132141113)
(6950, 274.08324003219604)
(6949, 281.08249616622925)
(6948, 316.35415720939636)
(6947, 320.9779751300812)
(6946, 329.76881313323975)
(6945, 330.34339427948)
(6944, 343.05825901031494)
(6943, 351.06984305381775)
(6942, 351.2552390098572)
(6941, 353.78937101364136)
(6940, 393.6555001735687)
(6939, 425.05954694747925)
(6938, 427.7249581813812)
(6937, 451.33250999450684)
(6936, 502.899884223938)
(6935, 509.47248125076294)
