(4856, 153.99253606796265)
(4855, 153.99602794647217)
(4854, 153.9986720085144)
(4853, 154.00223684310913)
(4852, 154.0029330253601)
(4851, 154.00392198562622)
(4850, 154.01861310005188)
(4849, 154.02140498161316)
(4848, 154.02503085136414)
(4847, 154.02728700637817)
(4846, 154.02905917167664)
(4845, 154.02994894981384)
(4844, 154.03289008140564)
(4843, 154.03658294677734)
(4842, 154.03722500801086)
(4841, 154.03805708885193)
(4840, 154.0398349761963)
(4839, 154.04253911972046)
(4838, 154.0449550151825)
(4837, 154.04567909240723)
(4836, 154.0538740158081)
(4835, 154.05750513076782)
(4834, 154.06292295455933)
(4833, 154.06721091270447)
(4832, 154.07118391990662)
(4831, 154.0732979774475)
(4830, 154.080824136734)
(4829, 154.08660888671875)
(4828, 154.0923671722412)
(4827, 154.0989692211151)
(4826, 154.10124278068542)
(4825, 154.10410022735596)
(4824, 154.10496306419373)
(4823, 154.11159300804138)
(4822, 154.1146969795227)
(4821, 154.11737704277039)
(4820, 154.11994290351868)
(4819, 154.12338781356812)
(4818, 154.12661290168762)
(4817, 154.13170504570007)
(4816, 154.1334080696106)
(4815, 154.13898181915283)
(4814, 154.14133191108704)
(4813, 154.14229106903076)
(4812, 154.14493203163147)
(4811, 154.15206909179688)
(4810, 154.1538369655609)
(4809, 154.1584930419922)
(4808, 154.16225409507751)
(4807, 154.1650149822235)
(4806, 154.16568398475647)
(4805, 154.17455887794495)
(4804, 154.18001890182495)
(4803, 154.18047785758972)
(4802, 154.18254590034485)
(4801, 154.19546604156494)
(4800, 154.20176887512207)
(4799, 154.20856499671936)
(4798, 154.21054697036743)
(4797, 154.2113709449768)
(4796, 154.22070288658142)
(4795, 154.2270050048828)
(4794, 154.23467588424683)
(4793, 154.24358916282654)
(4792, 154.24421882629395)
(4791, 154.25470805168152)
(4790, 154.25525188446045)
(4789, 154.26207995414734)
(4788, 154.26397395133972)
(4787, 154.26529216766357)
(4786, 154.2663049697876)
(4785, 154.26953101158142)
(4784, 154.28047585487366)
(4783, 154.2847490310669)
(4782, 154.2851140499115)
(4781, 154.28550505638123)
(4780, 154.31191301345825)
(4779, 154.32175993919373)
(4778, 154.32950711250305)
(4777, 154.3301420211792)
(4776, 154.33582997322083)
(4775, 154.33801817893982)
(4774, 154.35204601287842)
(4773, 154.35311603546143)
(4772, 154.36181092262268)
(4771, 154.36612820625305)
(4770, 154.3681080341339)
(4769, 154.37240290641785)
(4768, 154.37707209587097)
(4767, 154.38203120231628)
(4766, 154.38798904418945)
(4765, 154.39012098312378)
(4764, 154.39299893379211)
(4763, 154.40046310424805)
(4762, 154.40184903144836)
(4761, 154.40334582328796)
(4760, 154.41789603233337)
(4759, 154.41841793060303)
(4758, 154.4189178943634)
(4757, 154.42686104774475)
(4756, 154.43916392326355)
(4755, 154.44043397903442)
(4754, 154.44578623771667)
(4753, 154.4509150981903)
(4752, 154.45214891433716)
(4751, 154.46702909469604)
(4750, 154.47057795524597)
(4749, 154.48011708259583)
(4748, 154.48676109313965)
(4747, 154.48897409439087)
(4746, 154.4947111606598)
(4745, 154.49739503860474)
(4744, 154.50738787651062)
(4743, 154.51160597801208)
(4742, 154.51209807395935)
(4741, 154.51257014274597)
(4740, 154.51416182518005)
(4739, 154.51471590995789)
(4738, 154.523530960083)
(4737, 154.52591013908386)
(4736, 154.52664184570312)
(4735, 154.5363531112671)
(4734, 154.53873109817505)
(4733, 154.54274606704712)
(4732, 154.5447039604187)
(4731, 154.54531502723694)
(4730, 154.54979300498962)
(4729, 154.5501470565796)
(4728, 154.55478405952454)
(4727, 154.5555078983307)
(4726, 154.55805706977844)
(4725, 154.55850195884705)
(4724, 154.5615041255951)
(4723, 154.5618679523468)
(4722, 154.56546998023987)
(4721, 154.56793093681335)
(4720, 154.57303714752197)
(4719, 154.58393812179565)
(4718, 154.58751702308655)
(4717, 154.58802008628845)
(4716, 154.59856700897217)
(4715, 154.6121311187744)
(4714, 154.6219892501831)
(4713, 154.63648414611816)
(4712, 154.63701820373535)
(4711, 154.6387641429901)
(4710, 154.64680409431458)
(4709, 154.65337705612183)
(4708, 154.66010808944702)
(4707, 154.66051506996155)
(4706, 154.66347217559814)
(4705, 154.69367814064026)
(4704, 154.72578692436218)
(4703, 154.73899221420288)
(4702, 154.74618005752563)
(4701, 154.76949095726013)
(4700, 154.7731990814209)
(4699, 154.77502584457397)
(4698, 154.7756700515747)
(4697, 154.7847020626068)
(4696, 154.78508019447327)
(4695, 154.7879228591919)
(4694, 154.7938690185547)
(4693, 154.8224320411682)
(4692, 154.8234579563141)
(4691, 154.83427619934082)
(4690, 154.85605192184448)
(4689, 154.86724495887756)
(4688, 154.8723590373993)
(4687, 154.8732271194458)
(4686, 154.88249611854553)
(4685, 154.88303995132446)
(4684, 154.9029929637909)
(4683, 154.9133529663086)
(4682, 154.93232893943787)
(4681, 154.9426760673523)
(4680, 154.95074605941772)
(4679, 155.00100708007812)
(4678, 155.01179909706116)
(4677, 155.03950810432434)
(4676, 155.0477418899536)
(4675, 155.06205320358276)
(4674, 155.0867042541504)
(4673, 155.08734798431396)
(4672, 155.11553406715393)
(4671, 155.12899088859558)
(4670, 155.1500940322876)
(4669, 155.16789603233337)
(4668, 155.18329906463623)
(4667, 155.18502807617188)
(4666, 155.20763111114502)
(4665, 155.2140510082245)
(4664, 155.21546125411987)
(4663, 155.21915698051453)
(4662, 155.22820615768433)
(4661, 155.24196815490723)
(4660, 155.24674701690674)
(4659, 155.283704996109)
(4658, 155.94222378730774)
(4657, 155.94264388084412)
(4656, 156.10331916809082)
(4655, 156.15670084953308)
(4654, 162.54637598991394)
(4653, 162.5596878528595)
(4652, 162.67129492759705)
(4651, 162.7185652256012)
(4650, 162.8115258216858)
(4649, 162.8831329345703)
(4648, 162.88846397399902)
(4647, 162.89568209648132)
(4646, 162.89828991889954)
(4645, 162.91025686264038)
(4644, 162.96733498573303)
(4643, 163.07242488861084)
(4642, 163.09906601905823)
(4641, 163.14479207992554)
(4640, 163.27394890785217)
(4639, 163.3482141494751)
(4638, 163.3973708152771)
(4637, 163.40495800971985)
(4636, 163.40905499458313)
(4635, 163.58000206947327)
(4634, 163.6368808746338)
(4633, 163.872652053833)
(4632, 163.899640083313)
(4631, 163.9041030406952)
(4630, 164.09763407707214)
(4629, 164.24831104278564)
(4628, 164.2589418888092)
(4627, 164.29595589637756)
(4626, 164.32539200782776)
(4625, 164.64063787460327)
(4624, 164.6485140323639)
(4623, 164.82718801498413)
(4622, 164.863028049469)
(4621, 165.0092899799347)
(4620, 165.1036958694458)
(4619, 165.481595993042)
(4618, 165.83177185058594)
(4617, 165.84418511390686)
(4616, 165.86619019508362)
(4615, 165.90503597259521)
(4614, 166.39126801490784)
(4613, 166.5356421470642)
(4612, 166.99794793128967)
(4611, 167.0196249485016)
(4610, 167.0258629322052)
(4609, 167.45688819885254)
(4608, 167.48682117462158)
(4607, 167.98877692222595)
(4606, 168.04427695274353)
(4605, 168.05250883102417)
(4604, 168.0807900428772)
(4603, 168.0815110206604)
(4602, 168.1271049976349)
(4601, 169.57872009277344)
(4600, 170.0894420146942)
(4599, 170.27912497520447)
(4598, 171.05304503440857)
(4597, 171.12075209617615)
(4596, 171.46148109436035)
(4595, 171.68409609794617)
(4594, 171.6896939277649)
(4593, 171.89916014671326)
(4592, 173.7190158367157)
(4591, 173.7500548362732)
(4590, 174.38111901283264)
(4589, 174.38525891304016)
(4588, 174.67266297340393)
(4587, 175.08833599090576)
(4586, 175.09524512290955)
(4585, 175.3324179649353)
(4584, 175.70169806480408)
(4583, 176.07792687416077)
(4582, 177.2796859741211)
(4581, 178.82757186889648)
(4580, 178.9957790374756)
(4579, 180.0506420135498)
(4578, 180.34533405303955)
(4577, 181.89679408073425)
(4576, 182.6300070285797)
(4575, 184.61441683769226)
(4574, 184.86931204795837)
(4573, 186.3959140777588)
(4572, 186.57196283340454)
(4571, 186.61151909828186)
(4570, 186.6394820213318)
(4569, 187.2634780406952)
(4568, 188.67362213134766)
(4567, 188.85815715789795)
(4566, 190.13691997528076)
(4565, 190.14010286331177)
(4564, 190.14547896385193)
(4563, 192.09782099723816)
(4562, 192.9147789478302)
(4561, 194.28676986694336)
(4560, 201.0713050365448)
(4559, 202.98914313316345)
(4558, 202.99748611450195)
(4557, 207.19981503486633)
(4556, 210.2916009426117)
(4555, 214.89710211753845)
(4554, 217.15986514091492)
(4553, 217.41423797607422)
(4552, 229.24620699882507)
(4551, 232.40713500976562)
(4550, 235.63902592658997)
(4549, 244.90628099441528)
(4548, 252.81024312973022)
(4547, 253.61421012878418)
(4546, 261.9492039680481)
(4545, 280.92517614364624)
(4544, 349.4088771343231)
(4543, 361.5252568721771)
