(4856, 154.09428215026855)
(4855, 154.09683322906494)
(4854, 154.09880113601685)
(4853, 154.1018533706665)
(4852, 154.10255908966064)
(4851, 154.1035602092743)
(4850, 154.12338209152222)
(4849, 154.1262731552124)
(4848, 154.12984609603882)
(4847, 154.13109922409058)
(4846, 154.13288116455078)
(4845, 154.13376998901367)
(4844, 154.13621520996094)
(4843, 154.13966727256775)
(4842, 154.14298129081726)
(4841, 154.14388918876648)
(4840, 154.1446132659912)
(4839, 154.1518692970276)
(4838, 154.1549220085144)
(4837, 154.16084933280945)
(4836, 154.16466116905212)
(4835, 154.16833114624023)
(4834, 154.1704421043396)
(4833, 154.17568826675415)
(4832, 154.18135809898376)
(4831, 154.18191719055176)
(4830, 154.18813920021057)
(4829, 154.19745421409607)
(4828, 154.19902920722961)
(4827, 154.20186495780945)
(4826, 154.2027382850647)
(4825, 154.2112913131714)
(4824, 154.21355438232422)
(4823, 154.2164442539215)
(4822, 154.21902227401733)
(4821, 154.2210202217102)
(4820, 154.22760128974915)
(4819, 154.23265624046326)
(4818, 154.23348927497864)
(4817, 154.2414791584015)
(4816, 154.2418441772461)
(4815, 154.24352312088013)
(4814, 154.2444851398468)
(4813, 154.24639105796814)
(4812, 154.2542221546173)
(4811, 154.25599122047424)
(4810, 154.26281023025513)
(4809, 154.26831722259521)
(4808, 154.2700490951538)
(4807, 154.27071738243103)
(4806, 154.27986407279968)
(4805, 154.28371024131775)
(4804, 154.28577423095703)
(4803, 154.28623008728027)
(4802, 154.2882912158966)
(4801, 154.29325699806213)
(4800, 154.30375027656555)
(4799, 154.31061720848083)
(4798, 154.3180902004242)
(4797, 154.31888937950134)
(4796, 154.31970620155334)
(4795, 154.32704424858093)
(4794, 154.34378600120544)
(4793, 154.36016011238098)
(4792, 154.36954426765442)
(4791, 154.37132120132446)
(4790, 154.37233996391296)
(4789, 154.37558031082153)
(4788, 154.37791419029236)
(4787, 154.3874523639679)
(4786, 154.3910300731659)
(4785, 154.39239501953125)
(4784, 154.39278721809387)
(4783, 154.41890716552734)
(4782, 154.42628526687622)
(4781, 154.43785119056702)
(4780, 154.4455862045288)
(4779, 154.44777703285217)
(4778, 154.4576132297516)
(4777, 154.46213817596436)
(4776, 154.46787524223328)
(4775, 154.47213006019592)
(4774, 154.47312307357788)
(4773, 154.47700715065002)
(4772, 154.48580932617188)
(4771, 154.49231219291687)
(4770, 154.49516320228577)
(4769, 154.49725008010864)
(4768, 154.5050151348114)
(4767, 154.50640416145325)
(4766, 154.5078992843628)
(4765, 154.5202121734619)
(4764, 154.52233338356018)
(4763, 154.52283334732056)
(4762, 154.5274953842163)
(4761, 154.54002118110657)
(4760, 154.54081106185913)
(4759, 154.54909920692444)
(4758, 154.55429029464722)
(4757, 154.55552625656128)
(4756, 154.5702931880951)
(4755, 154.57382822036743)
(4754, 154.57748103141785)
(4753, 154.5879201889038)
(4752, 154.5910131931305)
(4751, 154.59395098686218)
(4750, 154.60048818588257)
(4749, 154.61549639701843)
(4748, 154.61861610412598)
(4747, 154.61908721923828)
(4746, 154.62232613563538)
(4745, 154.62281823158264)
(4744, 154.63180017471313)
(4743, 154.6340160369873)
(4742, 154.63490200042725)
(4741, 154.6440613269806)
(4740, 154.6463222503662)
(4739, 154.6488630771637)
(4738, 154.65119314193726)
(4737, 154.6531262397766)
(4736, 154.653635263443)
(4735, 154.65424633026123)
(4734, 154.65735816955566)
(4733, 154.6599621772766)
(4732, 154.66520810127258)
(4731, 154.66565418243408)
(4730, 154.6660602092743)
(4729, 154.669251203537)
(4728, 154.6757791042328)
(4727, 154.68026614189148)
(4726, 154.68891596794128)
(4725, 154.69448232650757)
(4724, 154.70055222511292)
(4723, 154.70632123947144)
(4722, 154.7172462940216)
(4721, 154.72199034690857)
(4720, 154.72863125801086)
(4719, 154.74518418312073)
(4718, 154.74584221839905)
(4717, 154.74637818336487)
(4716, 154.75441718101501)
(4715, 154.76109313964844)
(4714, 154.76183032989502)
(4713, 154.7632441520691)
(4712, 154.76371026039124)
(4711, 154.76984810829163)
(4710, 154.7974190711975)
(4709, 154.79791903495789)
(4708, 154.80296230316162)
(4707, 154.83680319786072)
(4706, 154.84903407096863)
(4705, 154.85468697547913)
(4704, 154.86690211296082)
(4703, 154.87053227424622)
(4702, 154.8769612312317)
(4701, 154.87785124778748)
(4700, 154.8835952281952)
(4699, 154.8846561908722)
(4698, 154.88895916938782)
(4697, 154.89797925949097)
(4696, 154.9023232460022)
(4695, 154.90939331054688)
(4694, 154.91191506385803)
(4693, 154.930162191391)
(4692, 154.93252420425415)
(4691, 154.93961334228516)
(4690, 154.96187806129456)
(4689, 154.97123408317566)
(4688, 154.9780352115631)
(4687, 154.9864182472229)
(4686, 154.9871790409088)
(4685, 154.98772311210632)
(4684, 154.98813223838806)
(4683, 154.9900243282318)
(4682, 154.99042105674744)
(4681, 155.00394010543823)
(4680, 155.00693035125732)
(4679, 155.01022005081177)
(4678, 155.01657128334045)
(4677, 155.03417325019836)
(4676, 155.03664422035217)
(4675, 155.04534912109375)
(4674, 155.0531132221222)
(4673, 155.10439705848694)
(4672, 155.1048402786255)
(4671, 155.11698722839355)
(4670, 155.12123703956604)
(4669, 155.1217782497406)
(4668, 155.13363099098206)
(4667, 155.16096425056458)
(4666, 155.22040605545044)
(4665, 155.23227334022522)
(4664, 155.2617690563202)
(4663, 155.27297115325928)
(4662, 155.28348016738892)
(4661, 155.30028533935547)
(4660, 155.3060281276703)
(4659, 155.34071230888367)
(4658, 155.34385323524475)
(4657, 155.35960412025452)
(4656, 163.03243017196655)
(4655, 163.06571912765503)
(4654, 163.271582365036)
(4653, 163.28495907783508)
(4652, 163.34019923210144)
(4651, 163.4420132637024)
(4650, 163.44231414794922)
(4649, 163.44830417633057)
(4648, 163.46080207824707)
(4647, 163.46110916137695)
(4646, 163.5556070804596)
(4645, 163.55618000030518)
(4644, 163.55936527252197)
(4643, 163.57233309745789)
(4642, 163.73979806900024)
(4641, 163.74044919013977)
(4640, 163.75977516174316)
(4639, 164.08112835884094)
(4638, 164.17761611938477)
(4637, 164.1855821609497)
(4636, 164.18855237960815)
(4635, 164.19138526916504)
(4634, 164.32364630699158)
(4633, 164.34008812904358)
(4632, 164.58627724647522)
(4631, 164.8093822002411)
(4630, 164.809739112854)
(4629, 164.99108934402466)
(4628, 165.1074092388153)
(4627, 165.1196391582489)
(4626, 165.40099716186523)
(4625, 165.40698432922363)
(4624, 165.42250323295593)
(4623, 165.54894423484802)
(4622, 165.94473433494568)
(4621, 165.95643520355225)
(4620, 165.96618914604187)
(4619, 166.24085927009583)
(4618, 166.25986313819885)
(4617, 166.34006929397583)
(4616, 166.34359622001648)
(4615, 166.3465211391449)
(4614, 167.02592420578003)
(4613, 167.14495205879211)
(4612, 167.6975212097168)
(4611, 167.94318914413452)
(4610, 168.63585925102234)
(4609, 169.3110752105713)
(4608, 169.60356831550598)
(4607, 170.10245203971863)
(4606, 171.2435131072998)
(4605, 171.36984610557556)
(4604, 171.7128472328186)
(4603, 172.1424641609192)
(4602, 174.26524209976196)
(4601, 174.27126622200012)
(4600, 174.85159611701965)
(4599, 175.6744520664215)
(4598, 175.67993330955505)
(4597, 176.21349620819092)
(4596, 176.83983826637268)
(4595, 177.3163251876831)
(4594, 177.5329921245575)
(4593, 177.6261441707611)
(4592, 178.02888011932373)
(4591, 178.73850440979004)
(4590, 178.8442780971527)
(4589, 178.99128341674805)
(4588, 179.97680735588074)
(4587, 180.6270101070404)
(4586, 180.7692313194275)
(4585, 181.10678720474243)
(4584, 181.83365321159363)
(4583, 182.87369322776794)
(4582, 184.78123116493225)
(4581, 184.92282128334045)
(4580, 189.40641617774963)
(4579, 190.37801027297974)
(4578, 191.10578322410583)
(4577, 192.4377362728119)
(4576, 196.91491508483887)
(4575, 197.88197302818298)
(4574, 198.30390620231628)
(4573, 199.34111618995667)
(4572, 200.85487842559814)
(4571, 201.31998014450073)
(4570, 202.00324416160583)
(4569, 202.2501413822174)
(4568, 202.70179629325867)
(4567, 202.77904224395752)
(4566, 203.06652903556824)
(4565, 206.82032823562622)
(4564, 208.24413919448853)
(4563, 211.31874632835388)
(4562, 212.49102210998535)
(4561, 214.17155814170837)
(4560, 219.27397203445435)
(4559, 220.45894718170166)
(4558, 221.98199129104614)
(4557, 224.09120321273804)
(4556, 238.71602416038513)
(4555, 246.54340314865112)
(4554, 249.22130632400513)
(4553, 260.0297021865845)
(4552, 260.04966926574707)
(4551, 262.7536242008209)
(4550, 272.3840651512146)
(4549, 278.0376672744751)
(4548, 283.6411511898041)
(4547, 285.5532102584839)
(4546, 308.56061816215515)
(4545, 338.6108591556549)
(4544, 351.7519271373749)
