(7038, 58.91942811012268)
(7037, 58.91997003555298)
(7036, 59.097859144210815)
(7035, 59.114572048187256)
(7034, 59.168083906173706)
(7033, 59.19860291481018)
(7032, 59.23950910568237)
(7031, 59.2451331615448)
(7030, 59.3297700881958)
(7029, 59.34115815162659)
(7028, 59.39980101585388)
(7027, 59.41818118095398)
(7026, 59.49253821372986)
(7025, 59.49798512458801)
(7024, 59.513718128204346)
(7023, 59.568374156951904)
(7022, 59.59838318824768)
(7021, 59.61617612838745)
(7020, 59.620786905288696)
(7019, 59.640244007110596)
(7018, 59.64424395561218)
(7017, 59.6779351234436)
(7016, 59.715559244155884)
(7015, 59.766576051712036)
(7014, 59.825355052948)
(7013, 59.87882113456726)
(7012, 60.83227014541626)
(7011, 60.89228415489197)
(7010, 60.90939402580261)
(7009, 60.972005128860474)
(7008, 61.159799098968506)
(7007, 61.194417238235474)
(7006, 61.76644825935364)
(7005, 61.7923481464386)
(7004, 61.806154012680054)
(7003, 61.81066012382507)
(7002, 61.86618113517761)
(7001, 61.869802951812744)
(7000, 61.87066125869751)
(6999, 61.87430715560913)
(6998, 61.90897011756897)
(6997, 126.383798122406)
(6996, 126.43578219413757)
(6995, 126.43997406959534)
(6994, 126.44043326377869)
(6993, 126.6999580860138)
(6992, 127.7272880077362)
(6991, 128.2397859096527)
(6990, 128.24271607398987)
(6989, 128.32128620147705)
(6988, 128.32173895835876)
(6987, 128.83875918388367)
(6986, 128.84406208992004)
(6985, 129.31191301345825)
(6984, 129.50657606124878)
(6983, 129.51149892807007)
(6982, 129.74795508384705)
(6981, 130.5661060810089)
(6980, 130.68598198890686)
(6979, 131.15360307693481)
(6978, 131.85095119476318)
(6977, 131.9684431552887)
(6976, 132.20215392112732)
(6975, 132.20264291763306)
(6974, 132.20321989059448)
(6973, 132.2041871547699)
(6972, 132.20994901657104)
(6971, 137.6178538799286)
(6970, 140.95712518692017)
(6969, 145.65036487579346)
(6968, 146.12580394744873)
(6967, 146.12698817253113)
(6966, 146.27613306045532)
(6965, 146.6999192237854)
(6964, 149.3053891658783)
(6963, 149.5778031349182)
(6962, 151.200541973114)
(6961, 153.54430317878723)
(6960, 154.2534670829773)
(6959, 155.91961908340454)
(6958, 156.65882205963135)
(6957, 157.5131070613861)
(6956, 168.52021312713623)
(6955, 178.61598896980286)
(6954, 180.9752161502838)
(6953, 196.33306694030762)
(6952, 228.1298680305481)
(6951, 228.2072319984436)
(6950, 228.20815205574036)
(6949, 230.8192491531372)
(6948, 239.16070914268494)
(6947, 239.1681489944458)
(6946, 239.16896796226501)
(6945, 239.28183603286743)
(6944, 240.18694615364075)
(6943, 240.1876950263977)
(6942, 247.10666918754578)
(6941, 275.0731620788574)
(6940, 277.4590411186218)
(6939, 277.4740900993347)
(6938, 301.03391313552856)
(6937, 301.6862201690674)
(6936, 307.7173881530762)
(6935, 313.2189371585846)
(6934, 314.9102690219879)
(6933, 329.96106600761414)
(6932, 334.07349705696106)
(6931, 353.44480895996094)
(6930, 419.99756693840027)
(6929, 425.2385079860687)
(6928, 428.07572722435)
(6927, 429.8559899330139)
(6926, 452.69767022132874)
(6925, 455.1405580043793)
(6924, 465.27810192108154)
(6923, 486.0801601409912)
(6922, 487.01980900764465)
(6921, 492.359806060791)
(6920, 496.08695125579834)
(6919, 503.0496780872345)
(6918, 504.2755069732666)
(6917, 542.984304189682)
(6916, 594.7571330070496)
(6915, 595.3860411643982)
(6914, 595.5762422084808)
