(7038, 58.89416813850403)
(7037, 58.89469814300537)
(7036, 59.06932830810547)
(7035, 59.07757210731506)
(7034, 59.13216018676758)
(7033, 59.15637707710266)
(7032, 59.20475220680237)
(7031, 59.208740234375)
(7030, 59.21127128601074)
(7029, 59.21382212638855)
(7028, 59.277560234069824)
(7027, 59.30066108703613)
(7026, 59.332141160964966)
(7025, 59.33763098716736)
(7024, 59.3396852016449)
(7023, 59.356807231903076)
(7022, 59.42462205886841)
(7021, 59.43588829040527)
(7020, 59.45108914375305)
(7019, 59.452229261398315)
(7018, 59.54642629623413)
(7017, 59.55277705192566)
(7016, 59.56537127494812)
(7015, 59.571885108947754)
(7014, 59.58365321159363)
(7013, 59.59409213066101)
(7012, 59.61383128166199)
(7011, 59.652528285980225)
(7010, 59.70797920227051)
(7009, 59.75049018859863)
(7008, 59.79682421684265)
(7007, 59.92612409591675)
(7006, 60.729992389678955)
(7005, 60.73096013069153)
(7004, 61.233458280563354)
(7003, 61.59078502655029)
(7002, 61.595869302749634)
(7001, 61.807281255722046)
(7000, 61.849916219711304)
(6999, 61.89326620101929)
(6998, 61.912063121795654)
(6997, 61.91314101219177)
(6996, 61.94013714790344)
(6995, 62.64104127883911)
(6994, 62.667609214782715)
(6993, 62.738248348236084)
(6992, 126.33374905586243)
(6991, 126.35481810569763)
(6990, 127.12519311904907)
(6989, 128.24856805801392)
(6988, 128.24994206428528)
(6987, 128.25126194953918)
(6986, 128.69556307792664)
(6985, 128.92432618141174)
(6984, 132.56278133392334)
(6983, 135.83121609687805)
(6982, 135.8352861404419)
(6981, 136.3644242286682)
(6980, 139.05723428726196)
(6979, 150.9639492034912)
(6978, 170.2560591697693)
(6977, 184.23538732528687)
(6976, 184.3513901233673)
(6975, 191.96283507347107)
(6974, 204.55702304840088)
(6973, 213.9278919696808)
(6972, 221.65295100212097)
(6971, 236.17385125160217)
(6970, 255.58104133605957)
(6969, 263.49452805519104)
(6968, 263.50298023223877)
(6967, 270.93773913383484)
(6966, 271.0548269748688)
(6965, 272.61132526397705)
(6964, 274.71988320350647)
(6963, 281.39124822616577)
(6962, 283.2465441226959)
(6961, 283.6112780570984)
(6960, 302.7921552658081)
(6959, 324.8791811466217)
(6958, 329.17500019073486)
(6957, 331.91357803344727)
(6956, 331.9139771461487)
(6955, 332.0209410190582)
(6954, 337.93437814712524)
(6953, 339.1742341518402)
(6952, 339.36378717422485)
(6951, 340.07926416397095)
(6950, 340.0802083015442)
(6949, 340.28910517692566)
(6948, 340.3018922805786)
(6947, 342.23218727111816)
(6946, 342.33688402175903)
(6945, 342.33729100227356)
(6944, 342.5417971611023)
(6943, 342.5422821044922)
(6942, 342.6448550224304)
(6941, 342.6452569961548)
(6940, 348.48485016822815)
(6939, 366.7008903026581)
(6938, 366.8611001968384)
(6937, 385.2896330356598)
(6936, 388.95918321609497)
(6935, 396.7416923046112)
(6934, 404.71613216400146)
(6933, 435.19623136520386)
(6932, 491.05193400382996)
(6931, 493.8409311771393)
(6930, 537.4257571697235)
(6929, 555.4800612926483)
(6928, 582.9582002162933)
