(7038, 58.885536909103394)
(7037, 58.886064767837524)
(7036, 59.06475114822388)
(7035, 59.078279972076416)
(7034, 59.12809705734253)
(7033, 59.204004764556885)
(7032, 59.21442794799805)
(7031, 59.21538496017456)
(7030, 59.28629183769226)
(7029, 59.29694485664368)
(7028, 59.31760001182556)
(7027, 59.36018991470337)
(7026, 59.38105010986328)
(7025, 59.46898102760315)
(7024, 59.50026488304138)
(7023, 59.55178189277649)
(7022, 59.59500002861023)
(7021, 59.60545587539673)
(7020, 59.611937046051025)
(7019, 59.62124586105347)
(7018, 59.63044190406799)
(7017, 59.657817125320435)
(7016, 59.690759897232056)
(7015, 59.70388984680176)
(7014, 59.725695848464966)
(7013, 59.7852201461792)
(7012, 59.831307888031006)
(7011, 59.973921060562134)
(7010, 59.98759198188782)
(7009, 60.790436029434204)
(7008, 60.794373750686646)
(7007, 60.816858768463135)
(7006, 60.906529903411865)
(7005, 61.13529086112976)
(7004, 61.46926784515381)
(7003, 61.47036790847778)
(7002, 61.533966064453125)
(7001, 61.791120767593384)
(7000, 61.81678295135498)
(6999, 61.830949783325195)
(6998, 61.892199993133545)
(6997, 136.04416584968567)
(6996, 136.90084290504456)
(6995, 142.14031100273132)
(6994, 149.57569408416748)
(6993, 149.77345395088196)
(6992, 150.8455719947815)
(6991, 155.05579280853271)
(6990, 157.84188389778137)
(6989, 159.62735891342163)
(6988, 166.1298098564148)
(6987, 166.73699402809143)
(6986, 166.737389087677)
(6985, 167.289696931839)
(6984, 167.29285407066345)
(6983, 167.55156874656677)
(6982, 170.49055314064026)
(6981, 175.758770942688)
(6980, 185.03201413154602)
(6979, 185.71420693397522)
(6978, 185.71462893486023)
(6977, 186.02714085578918)
(6976, 186.80868101119995)
(6975, 196.90656781196594)
(6974, 197.92576003074646)
(6973, 205.11944198608398)
(6972, 205.93176698684692)
(6971, 205.94061589241028)
(6970, 209.71647191047668)
(6969, 210.325092792511)
(6968, 211.23857998847961)
(6967, 212.13808584213257)
(6966, 212.1384871006012)
(6965, 212.75823378562927)
(6964, 212.878968000412)
(6963, 213.20041298866272)
(6962, 213.77865505218506)
(6961, 214.13029408454895)
(6960, 214.24829483032227)
(6959, 215.40911889076233)
(6958, 217.37002897262573)
(6957, 222.98708081245422)
(6956, 225.01155877113342)
(6955, 225.06869387626648)
(6954, 234.90854692459106)
(6953, 237.19572615623474)
(6952, 237.81812715530396)
(6951, 251.9049129486084)
(6950, 251.96599078178406)
(6949, 263.3818199634552)
(6948, 266.7091109752655)
(6947, 267.13430404663086)
(6946, 267.9038248062134)
(6945, 279.3744819164276)
(6944, 346.2744200229645)
(6943, 358.3193531036377)
(6942, 409.00320291519165)
(6941, 429.70469975471497)
(6940, 432.0949430465698)
(6939, 481.2921679019928)
(6938, 503.40536999702454)
(6937, 574.6705598831177)
(6936, 574.6715710163116)
(6935, 575.1465239524841)
