(7038, 58.99553942680359)
(7037, 58.99607014656067)
(7036, 59.17645025253296)
(7035, 59.18621230125427)
(7034, 59.23685312271118)
(7033, 59.2564651966095)
(7032, 59.26944327354431)
(7031, 59.295597076416016)
(7030, 59.29649114608765)
(7029, 59.30055117607117)
(7028, 59.30427026748657)
(7027, 59.36478519439697)
(7026, 59.38710618019104)
(7025, 59.43515610694885)
(7024, 59.54142737388611)
(7023, 59.55987310409546)
(7022, 59.57690501213074)
(7021, 59.677956104278564)
(7020, 59.686347007751465)
(7019, 59.69284629821777)
(7018, 59.70216727256775)
(7017, 59.709702253341675)
(7016, 59.743200063705444)
(7015, 59.78234910964966)
(7014, 59.811458110809326)
(7013, 60.05401611328125)
(7012, 60.8376944065094)
(7011, 61.03641724586487)
(7010, 61.03747630119324)
(7009, 61.10141110420227)
(7008, 61.110966205596924)
(7007, 61.1164391040802)
(7006, 61.13655138015747)
(7005, 61.16794013977051)
(7004, 61.18393015861511)
(7003, 61.32484722137451)
(7002, 61.41755819320679)
(7001, 61.481133222579956)
(7000, 61.53606033325195)
(6999, 61.65745306015015)
(6998, 61.84332323074341)
(6997, 61.8712432384491)
(6996, 62.031554222106934)
(6995, 123.69540309906006)
(6994, 124.33622312545776)
(6993, 125.6481192111969)
(6992, 125.72327923774719)
(6991, 125.87964010238647)
(6990, 126.21618413925171)
(6989, 126.76665234565735)
(6988, 126.76710033416748)
(6987, 127.5425910949707)
(6986, 127.855544090271)
(6985, 128.61586213111877)
(6984, 130.6051151752472)
(6983, 131.59257912635803)
(6982, 131.78514528274536)
(6981, 132.24133729934692)
(6980, 133.0005202293396)
(6979, 139.01400518417358)
(6978, 139.98130011558533)
(6977, 141.3490171432495)
(6976, 141.3559272289276)
(6975, 143.53220510482788)
(6974, 146.4033920764923)
(6973, 146.4037880897522)
(6972, 146.54714703559875)
(6971, 147.81000232696533)
(6970, 148.02900528907776)
(6969, 148.35201621055603)
(6968, 148.35299015045166)
(6967, 148.5691831111908)
(6966, 148.57257509231567)
(6965, 149.00472807884216)
(6964, 149.2202980518341)
(6963, 149.32814526557922)
(6962, 149.3285641670227)
(6961, 149.32953238487244)
(6960, 149.6677122116089)
(6959, 150.2143030166626)
(6958, 151.2421362400055)
(6957, 168.49750399589539)
(6956, 176.11261320114136)
(6955, 179.84481120109558)
(6954, 201.77821803092957)
(6953, 203.9592411518097)
(6952, 211.39307808876038)
(6951, 215.42853140830994)
(6950, 228.0843961238861)
(6949, 232.12087607383728)
(6948, 234.79889106750488)
(6947, 249.34385323524475)
(6946, 249.55966901779175)
(6945, 252.38334012031555)
(6944, 271.9875330924988)
(6943, 279.1486551761627)
(6942, 281.58338713645935)
(6941, 281.611768245697)
(6940, 281.7621681690216)
(6939, 281.76326513290405)
(6938, 281.85512614250183)
(6937, 282.38824915885925)
(6936, 314.18471240997314)
(6935, 342.48263239860535)
(6934, 345.81931233406067)
(6933, 366.299113035202)
(6932, 368.4472222328186)
(6931, 375.7291820049286)
(6930, 376.65061020851135)
(6929, 385.51460313796997)
(6928, 405.79279804229736)
(6927, 408.7710041999817)
(6926, 433.05555033683777)
(6925, 499.3774092197418)
(6924, 501.2488672733307)
