(4856, 154.12963914871216)
(4855, 154.13153910636902)
(4854, 154.13224124908447)
(4853, 154.13421416282654)
(4852, 154.13643312454224)
(4851, 154.13713002204895)
(4850, 154.13811707496643)
(4849, 154.1555061340332)
(4848, 154.15928411483765)
(4847, 154.1624813079834)
(4846, 154.1647469997406)
(4845, 154.16705894470215)
(4844, 154.16795325279236)
(4843, 154.17090010643005)
(4842, 154.1745491027832)
(4841, 154.17534017562866)
(4840, 154.1759831905365)
(4839, 154.17681503295898)
(4838, 154.17954206466675)
(4837, 154.18148112297058)
(4836, 154.18221998214722)
(4835, 154.18940591812134)
(4834, 154.19392728805542)
(4833, 154.19898223876953)
(4832, 154.2049322128296)
(4831, 154.20662713050842)
(4830, 154.2087321281433)
(4829, 154.21691489219666)
(4828, 154.22279715538025)
(4827, 154.2233531475067)
(4826, 154.2319140434265)
(4825, 154.23932600021362)
(4824, 154.24161219596863)
(4823, 154.24446201324463)
(4822, 154.24533033370972)
(4821, 154.2538549900055)
(4820, 154.25690507888794)
(4819, 154.2596640586853)
(4818, 154.2652359008789)
(4817, 154.2675440311432)
(4816, 154.27344799041748)
(4815, 154.2747142314911)
(4814, 154.28205609321594)
(4813, 154.28242301940918)
(4812, 154.28411602973938)
(4811, 154.2850842475891)
(4810, 154.28699493408203)
(4809, 154.29416012763977)
(4808, 154.2959270477295)
(4807, 154.30408215522766)
(4806, 154.3059000968933)
(4805, 154.31023907661438)
(4804, 154.31304907798767)
(4803, 154.31367301940918)
(4802, 154.32232213020325)
(4801, 154.32621216773987)
(4800, 154.32775616645813)
(4799, 154.32863521575928)
(4798, 154.34107422828674)
(4797, 154.34730505943298)
(4796, 154.3501501083374)
(4795, 154.35352230072021)
(4794, 154.354346036911)
(4793, 154.36477422714233)
(4792, 154.37223601341248)
(4791, 154.38082933425903)
(4790, 154.38400626182556)
(4789, 154.39801216125488)
(4788, 154.40678310394287)
(4787, 154.41016912460327)
(4786, 154.41120505332947)
(4785, 154.41790103912354)
(4784, 154.4232451915741)
(4783, 154.42630100250244)
(4782, 154.42767000198364)
(4781, 154.42806029319763)
(4780, 154.45335817337036)
(4779, 154.46139121055603)
(4778, 154.47421312332153)
(4777, 154.47786903381348)
(4776, 154.4811360836029)
(4775, 154.4839973449707)
(4774, 154.4958791732788)
(4773, 154.49695014953613)
(4772, 154.5030632019043)
(4771, 154.50439405441284)
(4770, 154.50798511505127)
(4769, 154.51267313957214)
(4768, 154.51392006874084)
(4767, 154.52344703674316)
(4766, 154.52911114692688)
(4765, 154.53125023841858)
(4764, 154.53329610824585)
(4763, 154.5417821407318)
(4762, 154.54316806793213)
(4761, 154.54466915130615)
(4760, 154.55254817008972)
(4759, 154.55849409103394)
(4758, 154.55895709991455)
(4757, 154.55945801734924)
(4756, 154.56544303894043)
(4755, 154.58099818229675)
(4754, 154.58227109909058)
(4753, 154.58865308761597)
(4752, 154.59378099441528)
(4751, 154.59501600265503)
(4750, 154.61159110069275)
(4749, 154.61450219154358)
(4748, 154.63328409194946)
(4747, 154.6341199874878)
(4746, 154.64145421981812)
(4745, 154.64544892311096)
(4744, 154.65656924247742)
(4743, 154.661767244339)
(4742, 154.66226196289062)
(4741, 154.66274619102478)
(4740, 154.6650960445404)
(4739, 154.6746301651001)
(4738, 154.675518989563)
(4737, 154.6790132522583)
(4736, 154.67945408821106)
(4735, 154.68833899497986)
(4734, 154.69053602218628)
(4733, 154.69468116760254)
(4732, 154.69515419006348)
(4731, 154.6978931427002)
(4730, 154.6984031200409)
(4729, 154.70040607452393)
(4728, 154.70078206062317)
(4727, 154.70850110054016)
(4726, 154.70896911621094)
(4725, 154.7096929550171)
(4724, 154.71013808250427)
(4723, 154.71192717552185)
(4722, 154.7135660648346)
(4721, 154.71613216400146)
(4720, 154.71859407424927)
(4719, 154.72659826278687)
(4718, 154.7269229888916)
(4717, 154.73268818855286)
(4716, 154.7373321056366)
(4715, 154.75008893013)
(4714, 154.75958919525146)
(4713, 154.76515316963196)
(4712, 154.7718152999878)
(4711, 154.78443121910095)
(4710, 154.78496527671814)
(4709, 154.78663206100464)
(4708, 154.7874071598053)
(4707, 154.79547429084778)
(4706, 154.8037281036377)
(4705, 154.80870604515076)
(4704, 154.84654903411865)
(4703, 154.8657522201538)
(4702, 154.87334203720093)
(4701, 154.88513898849487)
(4700, 154.9023449420929)
(4699, 154.90565395355225)
(4698, 154.92422032356262)
(4697, 154.9251070022583)
(4696, 154.9302031993866)
(4695, 154.93085598945618)
(4694, 154.93191719055176)
(4693, 154.934641122818)
(4692, 154.94519925117493)
(4691, 154.9488410949707)
(4690, 154.9559290409088)
(4689, 154.9725420475006)
(4688, 154.9742181301117)
(4687, 154.97465109825134)
(4686, 154.9842870235443)
(4685, 155.00673627853394)
(4684, 155.01873421669006)
(4683, 155.0228590965271)
(4682, 155.02707314491272)
(4681, 155.02745008468628)
(4680, 155.03005409240723)
(4679, 155.03582310676575)
(4678, 155.03636622428894)
(4677, 155.05726218223572)
(4676, 155.06371212005615)
(4675, 155.08683323860168)
(4674, 155.09360098838806)
(4673, 155.09768509864807)
(4672, 155.11382412910461)
(4671, 155.14093708992004)
(4670, 155.1413812637329)
(4669, 155.1549141407013)
(4668, 155.16233706474304)
(4667, 155.2307960987091)
(4666, 155.2365381717682)
(4665, 155.2660732269287)
(4664, 155.29659605026245)
(4663, 155.30544424057007)
(4662, 155.3232502937317)
(4661, 155.32811427116394)
(4660, 155.3409390449524)
(4659, 155.35082817077637)
(4658, 155.3513810634613)
(4657, 155.35600209236145)
(4656, 155.3667950630188)
(4655, 155.39357113838196)
(4654, 155.40961503982544)
(4653, 155.41348004341125)
(4652, 162.67540001869202)
(4651, 162.82145524024963)
(4650, 162.91224026679993)
(4649, 162.92806911468506)
(4648, 162.93005800247192)
(4647, 163.0334451198578)
(4646, 163.03381299972534)
(4645, 163.06204223632812)
(4644, 163.06383728981018)
(4643, 163.0642602443695)
(4642, 163.06804299354553)
(4641, 163.06838011741638)
(4640, 163.50180006027222)
(4639, 163.58095526695251)
(4638, 163.73172521591187)
(4637, 163.92028212547302)
(4636, 163.92185401916504)
(4635, 164.0875780582428)
(4634, 164.09860515594482)
(4633, 164.35144114494324)
(4632, 164.74842405319214)
(4631, 164.75099897384644)
(4630, 165.0329852104187)
(4629, 165.1950261592865)
(4628, 165.27619910240173)
(4627, 165.45840406417847)
(4626, 165.54212403297424)
(4625, 165.80633401870728)
(4624, 166.0764331817627)
(4623, 166.08563923835754)
(4622, 166.1624140739441)
(4621, 166.7139720916748)
(4620, 167.36165809631348)
(4619, 167.40137600898743)
(4618, 167.4525592327118)
(4617, 167.7960503101349)
(4616, 168.13813614845276)
(4615, 169.37479710578918)
(4614, 169.97141194343567)
(4613, 170.42560625076294)
(4612, 170.476487159729)
(4611, 170.70350098609924)
(4610, 170.84072613716125)
(4609, 171.29800009727478)
(4608, 171.29830026626587)
(4607, 171.83559823036194)
(4606, 172.17997694015503)
(4605, 172.18163990974426)
(4604, 172.196622133255)
(4603, 172.6958830356598)
(4602, 173.10840511322021)
(4601, 173.32377409934998)
(4600, 173.5870771408081)
(4599, 173.59570717811584)
(4598, 173.68968605995178)
(4597, 174.21252417564392)
(4596, 174.41480803489685)
(4595, 174.44139504432678)
(4594, 174.4801652431488)
(4593, 175.16842317581177)
(4592, 175.40700602531433)
(4591, 176.07226014137268)
(4590, 177.75842213630676)
(4589, 177.7755720615387)
(4588, 178.12850093841553)
(4587, 182.18397212028503)
(4586, 182.20011496543884)
(4585, 182.77459716796875)
(4584, 182.87118697166443)
(4583, 182.92131996154785)
(4582, 184.99840307235718)
(4581, 185.87599515914917)
(4580, 186.5272011756897)
(4579, 186.54587602615356)
(4578, 187.43833804130554)
(4577, 190.87720704078674)
(4576, 191.1056730747223)
(4575, 191.5456120967865)
(4574, 191.6745011806488)
(4573, 195.95925211906433)
(4572, 196.95345306396484)
(4571, 198.62497520446777)
(4570, 201.07801914215088)
(4569, 202.9091031551361)
(4568, 203.87283301353455)
(4567, 206.1209259033203)
(4566, 209.45379400253296)
(4565, 212.32973909378052)
(4564, 212.44265007972717)
(4563, 212.99838018417358)
(4562, 214.64521026611328)
(4561, 215.30917096138)
(4560, 223.55545020103455)
(4559, 225.08536219596863)
(4558, 229.99858713150024)
(4557, 235.15583109855652)
(4556, 235.3875961303711)
(4555, 236.65432906150818)
(4554, 242.38454508781433)
(4553, 242.3851330280304)
(4552, 243.69228410720825)
(4551, 252.64829015731812)
(4550, 258.580598115921)
(4549, 267.51990127563477)
(4548, 271.4016041755676)
(4547, 274.3747560977936)
(4546, 279.01431608200073)
(4545, 343.6110529899597)
(4544, 407.13453102111816)
(4543, 409.6435661315918)
