(7038, 58.87976408004761)
(7037, 58.880293130874634)
(7036, 59.04707407951355)
(7035, 59.05722999572754)
(7034, 59.11205816268921)
(7033, 59.18399000167847)
(7032, 59.18958902359009)
(7031, 59.19212007522583)
(7030, 59.19467806816101)
(7029, 59.28305721282959)
(7028, 59.3199942111969)
(7027, 59.33498215675354)
(7026, 59.33596205711365)
(7025, 59.338011264801025)
(7024, 59.35825514793396)
(7023, 59.43827199935913)
(7022, 59.45188617706299)
(7021, 59.47178912162781)
(7020, 59.522225856781006)
(7019, 59.55067491531372)
(7018, 59.557005167007446)
(7017, 59.56659412384033)
(7016, 59.57308506965637)
(7015, 59.58596205711365)
(7014, 59.589927196502686)
(7013, 59.61545014381409)
(7012, 59.647088050842285)
(7011, 59.67033123970032)
(7010, 59.71610116958618)
(7009, 59.726802110672)
(7008, 60.95139193534851)
(7007, 61.486846923828125)
(7006, 61.48773193359375)
(7005, 61.53766107559204)
(7004, 61.607110261917114)
(7003, 61.65424108505249)
(7002, 62.60471510887146)
(7001, 62.732828855514526)
(7000, 69.10282325744629)
(6999, 69.12412428855896)
(6998, 69.15089893341064)
(6997, 69.15676689147949)
(6996, 69.21703124046326)
(6995, 69.22698712348938)
(6994, 69.24259519577026)
(6993, 70.41110301017761)
(6992, 70.7649199962616)
(6991, 71.09707117080688)
(6990, 73.2884111404419)
(6989, 73.52007412910461)
(6988, 73.70653223991394)
(6987, 73.9620349407196)
(6986, 73.97989511489868)
(6985, 135.37597513198853)
(6984, 168.30429911613464)
(6983, 168.30556225776672)
(6982, 171.0451741218567)
(6981, 173.37249302864075)
(6980, 173.45016407966614)
(6979, 176.3869502544403)
(6978, 179.59566688537598)
(6977, 179.59638500213623)
(6976, 181.09012722969055)
(6975, 181.52085709571838)
(6974, 181.95189714431763)
(6973, 182.06283712387085)
(6972, 182.06336617469788)
(6971, 182.17265009880066)
(6970, 182.1731059551239)
(6969, 182.81731820106506)
(6968, 183.24910521507263)
(6967, 183.24975109100342)
(6966, 184.15145301818848)
(6965, 184.20408606529236)
(6964, 184.52347326278687)
(6963, 184.6308789253235)
(6962, 191.41168522834778)
(6961, 192.18870186805725)
(6960, 192.18970322608948)
(6959, 203.28861117362976)
(6958, 205.55165791511536)
(6957, 208.29290008544922)
(6956, 213.07932019233704)
(6955, 223.7773518562317)
(6954, 226.591548204422)
(6953, 231.33839893341064)
(6952, 231.47343802452087)
(6951, 267.5745630264282)
(6950, 268.02724409103394)
(6949, 268.0883650779724)
(6948, 269.8488850593567)
(6947, 278.72112011909485)
(6946, 281.52748703956604)
(6945, 292.98089504241943)
(6944, 307.5413439273834)
(6943, 309.55109906196594)
(6942, 310.633437871933)
(6941, 315.48912715911865)
(6940, 331.3452899456024)
(6939, 345.76422810554504)
(6938, 362.95072412490845)
(6937, 363.8256928920746)
(6936, 374.5146460533142)
(6935, 453.79876804351807)
(6934, 464.7654070854187)
(6933, 526.8337249755859)
(6932, 538.058277130127)
(6931, 548.1731131076813)
(6930, 556.8389270305634)
(6929, 559.6897511482239)
(6928, 564.4347190856934)
(6927, 565.3554091453552)
(6926, 566.3117849826813)
(6925, 571.4196169376373)
