(4856, 155.44401097297668)
(4855, 155.44806814193726)
(4854, 155.44878005981445)
(4853, 155.450758934021)
(4852, 155.45298790931702)
(4851, 155.4536838531494)
(4850, 155.4546720981598)
(4849, 155.47442507743835)
(4848, 155.47900199890137)
(4847, 155.48257517814636)
(4846, 155.4838240146637)
(4845, 155.48612999916077)
(4844, 155.48702788352966)
(4843, 155.4894859790802)
(4842, 155.4934389591217)
(4841, 155.49563598632812)
(4840, 155.49766397476196)
(4839, 155.49840307235718)
(4838, 155.50763607025146)
(4837, 155.5112659931183)
(4836, 155.5160460472107)
(4835, 155.5232219696045)
(4834, 155.52491307258606)
(4833, 155.52700686454773)
(4832, 155.53732299804688)
(4831, 155.5411078929901)
(4830, 155.54998302459717)
(4829, 155.55774521827698)
(4828, 155.55931901931763)
(4827, 155.56210780143738)
(4826, 155.5629711151123)
(4825, 155.569265127182)
(4824, 155.571524143219)
(4823, 155.57444095611572)
(4822, 155.5782699584961)
(4821, 155.5802710056305)
(4820, 155.58572793006897)
(4819, 155.58800411224365)
(4818, 155.59553408622742)
(4817, 155.59847807884216)
(4816, 155.600270986557)
(4815, 155.6019630432129)
(4814, 155.60292506217957)
(4813, 155.60646605491638)
(4812, 155.61359000205994)
(4811, 155.61419486999512)
(4810, 155.62157487869263)
(4809, 155.6250569820404)
(4808, 155.62999081611633)
(4807, 155.6317172050476)
(4806, 155.632385969162)
(4805, 155.6425199508667)
(4804, 155.64309811592102)
(4803, 155.6467990875244)
(4802, 155.6483850479126)
(4801, 155.64991903305054)
(4800, 155.65079402923584)
(4799, 155.65690112113953)
(4798, 155.66416692733765)
(4797, 155.66713500022888)
(4796, 155.6731140613556)
(4795, 155.67591905593872)
(4794, 155.67629599571228)
(4793, 155.6812460422516)
(4792, 155.68206691741943)
(4791, 155.68791913986206)
(4790, 155.69420504570007)
(4789, 155.70301604270935)
(4788, 155.7159538269043)
(4787, 155.71649622917175)
(4786, 155.72332000732422)
(4785, 155.72520899772644)
(4784, 155.72652316093445)
(4783, 155.72754788398743)
(4782, 155.73823523521423)
(4781, 155.74017000198364)
(4780, 155.74153113365173)
(4779, 155.74192214012146)
(4778, 155.76613306999207)
(4777, 155.7752068042755)
(4776, 155.78607201576233)
(4775, 155.78933906555176)
(4774, 155.79192304611206)
(4773, 155.79479503631592)
(4772, 155.8066291809082)
(4771, 155.80937504768372)
(4770, 155.81562495231628)
(4769, 155.81695008277893)
(4768, 155.82001090049744)
(4767, 155.82827019691467)
(4766, 155.82915091514587)
(4765, 155.839252948761)
(4764, 155.8448519706726)
(4763, 155.84698224067688)
(4762, 155.85050106048584)
(4761, 155.85989618301392)
(4760, 155.86128997802734)
(4759, 155.8627860546112)
(4758, 155.87138295173645)
(4757, 155.87532997131348)
(4756, 155.87744522094727)
(4755, 155.8779489994049)
(4754, 155.88334012031555)
(4753, 155.89636611938477)
(4752, 155.8976230621338)
(4751, 155.90341091156006)
(4750, 155.9087610244751)
(4749, 155.91003489494324)
(4748, 155.92581510543823)
(4747, 155.92939710617065)
(4746, 155.93184518814087)
(4745, 155.93250513076782)
(4744, 155.93318390846252)
(4743, 155.94757390022278)
(4742, 155.9512541294098)
(4741, 155.95701813697815)
(4740, 155.97142505645752)
(4739, 155.97541403770447)
(4738, 155.97590494155884)
(4737, 155.97637820243835)
(4736, 155.97871589660645)
(4735, 155.98932814598083)
(4734, 155.99153518676758)
(4733, 155.99242210388184)
(4732, 156.0033619403839)
(4731, 156.00823712348938)
(4730, 156.01054000854492)
(4729, 156.0125970840454)
(4728, 156.01310420036316)
(4727, 156.0149428844452)
(4726, 156.01603984832764)
(4725, 156.01984906196594)
(4724, 156.02334213256836)
(4723, 156.02378606796265)
(4722, 156.0265920162201)
(4721, 156.03013610839844)
(4720, 156.03062081336975)
(4719, 156.03426003456116)
(4718, 156.0409631729126)
(4717, 156.04687309265137)
(4716, 156.05240201950073)
(4715, 156.05702185630798)
(4714, 156.0685920715332)
(4713, 156.08089399337769)
(4712, 156.09185886383057)
(4711, 156.10476803779602)
(4710, 156.1054220199585)
(4709, 156.10595607757568)
(4708, 156.11415910720825)
(4707, 156.12212705612183)
(4706, 156.12521123886108)
(4705, 156.12594413757324)
(4704, 156.12734508514404)
(4703, 156.12780690193176)
(4702, 156.14839816093445)
(4701, 156.1627688407898)
(4700, 156.18121194839478)
(4699, 156.20281600952148)
(4698, 156.21336603164673)
(4697, 156.21800184249878)
(4696, 156.2337610721588)
(4695, 156.23887515068054)
(4694, 156.24228191375732)
(4693, 156.24695014953613)
(4692, 156.2475938796997)
(4691, 156.25845408439636)
(4690, 156.2588291168213)
(4689, 156.25923991203308)
(4688, 156.26171278953552)
(4687, 156.26717114448547)
(4686, 156.27166509628296)
(4685, 156.27417588233948)
(4684, 156.2860128879547)
(4683, 156.2876842021942)
(4682, 156.28811502456665)
(4681, 156.29627799987793)
(4680, 156.31720304489136)
(4679, 156.31909203529358)
(4678, 156.32856488227844)
(4677, 156.33367800712585)
(4676, 156.33693599700928)
(4675, 156.34174299240112)
(4674, 156.3422920703888)
(4673, 156.35731601715088)
(4672, 156.36837816238403)
(4671, 156.39465594291687)
(4670, 156.39689707756042)
(4669, 156.45006108283997)
(4668, 156.46499609947205)
(4667, 156.5052101612091)
(4666, 156.53379821777344)
(4665, 156.56733417510986)
(4664, 156.56976199150085)
(4663, 156.57769799232483)
(4662, 156.5922281742096)
(4661, 156.60955595970154)
(4660, 156.6291298866272)
(4659, 156.6463439464569)
(4658, 156.6542489528656)
(4657, 156.66615390777588)
(4656, 156.6713662147522)
(4655, 156.6854441165924)
(4654, 156.71801114082336)
(4653, 163.82149600982666)
(4652, 163.8453071117401)
(4651, 163.85777616500854)
(4650, 163.9719741344452)
(4649, 163.97345089912415)
(4648, 163.97383904457092)
(4647, 163.97580099105835)
(4646, 164.0191879272461)
(4645, 164.02603697776794)
(4644, 164.04716324806213)
(4643, 164.04784417152405)
(4642, 164.12613701820374)
(4641, 164.18524312973022)
(4640, 164.20601201057434)
(4639, 164.27518796920776)
(4638, 164.31340909004211)
(4637, 164.38440489768982)
(4636, 164.38655519485474)
(4635, 164.7371940612793)
(4634, 164.7528591156006)
(4633, 165.094801902771)
(4632, 165.1951081752777)
(4631, 165.21051216125488)
(4630, 165.47849106788635)
(4629, 165.47878289222717)
(4628, 165.4961280822754)
(4627, 165.7848560810089)
(4626, 165.7949481010437)
(4625, 165.84061694145203)
(4624, 166.0925590991974)
(4623, 166.40091395378113)
(4622, 166.50731325149536)
(4621, 166.69923400878906)
(4620, 166.7116038799286)
(4619, 166.79517483711243)
(4618, 166.83624815940857)
(4617, 167.18246817588806)
(4616, 167.1856849193573)
(4615, 167.28046321868896)
(4614, 167.6044180393219)
(4613, 167.61952114105225)
(4612, 167.651526927948)
(4611, 168.06723880767822)
(4610, 168.09777402877808)
(4609, 168.1547350883484)
(4608, 168.29903888702393)
(4607, 169.2380349636078)
(4606, 169.23832488059998)
(4605, 169.2498848438263)
(4604, 169.66076707839966)
(4603, 170.12119603157043)
(4602, 170.12156891822815)
(4601, 170.22812485694885)
(4600, 170.3498020172119)
(4599, 170.60979294776917)
(4598, 170.64473390579224)
(4597, 170.7783100605011)
(4596, 170.8381712436676)
(4595, 170.96734404563904)
(4594, 171.10375022888184)
(4593, 171.12428307533264)
(4592, 171.23323106765747)
(4591, 171.62012386322021)
(4590, 172.11957502365112)
(4589, 172.55283403396606)
(4588, 173.0622091293335)
(4587, 174.10241103172302)
(4586, 174.11355209350586)
(4585, 174.57723212242126)
(4584, 174.64462208747864)
(4583, 175.12089896202087)
(4582, 175.84861588478088)
(4581, 175.86247301101685)
(4580, 175.8790090084076)
(4579, 176.37660598754883)
(4578, 176.42845797538757)
(4577, 176.55893206596375)
(4576, 177.93779397010803)
(4575, 177.9892339706421)
(4574, 177.99467492103577)
(4573, 180.8928098678589)
(4572, 184.14035201072693)
(4571, 185.58231496810913)
(4570, 186.5044448375702)
(4569, 186.85544180870056)
(4568, 186.98571586608887)
(4567, 186.99469685554504)
(4566, 187.0916018486023)
(4565, 187.66227006912231)
(4564, 189.7070231437683)
(4563, 189.84807705879211)
(4562, 192.54246187210083)
(4561, 195.2972869873047)
(4560, 198.23278212547302)
(4559, 200.41560292243958)
(4558, 202.82778215408325)
(4557, 203.51107716560364)
(4556, 203.97281193733215)
(4555, 218.73885321617126)
(4554, 220.2709391117096)
(4553, 221.2280251979828)
(4552, 228.98744010925293)
(4551, 235.73468494415283)
(4550, 249.7385458946228)
(4549, 252.67338299751282)
(4548, 280.927218914032)
(4547, 282.74278593063354)
(4546, 285.3904860019684)
(4545, 325.57877802848816)
(4544, 326.9777500629425)
(4543, 331.7214210033417)
