(4856, 153.98206400871277)
(4855, 153.98566389083862)
(4854, 153.98636507987976)
(4853, 153.98834013938904)
(4852, 153.9905571937561)
(4851, 153.99125504493713)
(4850, 153.99224710464478)
(4849, 154.0063672065735)
(4848, 154.00961923599243)
(4847, 154.01278114318848)
(4846, 154.01504397392273)
(4845, 154.01736116409302)
(4844, 154.01825618743896)
(4843, 154.02174711227417)
(4842, 154.02544021606445)
(4841, 154.02608704566956)
(4840, 154.0269169807434)
(4839, 154.0281491279602)
(4838, 154.02984523773193)
(4837, 154.0317840576172)
(4836, 154.0325150489807)
(4835, 154.03915214538574)
(4834, 154.04273295402527)
(4833, 154.0483260154724)
(4832, 154.05200099945068)
(4831, 154.05569100379944)
(4830, 154.05781388282776)
(4829, 154.0630030632019)
(4828, 154.06759119033813)
(4827, 154.07841205596924)
(4826, 154.0845170021057)
(4825, 154.08610129356384)
(4824, 154.088885307312)
(4823, 154.08975315093994)
(4822, 154.09743094444275)
(4821, 154.1005461215973)
(4820, 154.10325121879578)
(4819, 154.1058349609375)
(4818, 154.1078519821167)
(4817, 154.11291408538818)
(4816, 154.1179859638214)
(4815, 154.118821144104)
(4814, 154.1253800392151)
(4813, 154.1262640953064)
(4812, 154.12795519828796)
(4811, 154.1289200782776)
(4810, 154.13246989250183)
(4809, 154.13676619529724)
(4808, 154.13911318778992)
(4807, 154.14761424064636)
(4806, 154.15290689468384)
(4805, 154.1535770893097)
(4804, 154.15487813949585)
(4803, 154.16291618347168)
(4802, 154.16735410690308)
(4801, 154.1677942276001)
(4800, 154.16987323760986)
(4799, 154.17021822929382)
(4798, 154.18762016296387)
(4797, 154.19358205795288)
(4796, 154.19998812675476)
(4795, 154.20197701454163)
(4794, 154.2028021812439)
(4793, 154.21215987205505)
(4792, 154.22032618522644)
(4791, 154.22744703292847)
(4790, 154.23325300216675)
(4789, 154.23795294761658)
(4788, 154.24397110939026)
(4787, 154.24461889266968)
(4786, 154.25507616996765)
(4785, 154.2584731578827)
(4784, 154.2594883441925)
(4783, 154.2732322216034)
(4782, 154.2768030166626)
(4781, 154.280513048172)
(4780, 154.28090620040894)
(4779, 154.307861328125)
(4778, 154.31982707977295)
(4777, 154.3283350467682)
(4776, 154.33052730560303)
(4775, 154.3483600616455)
(4774, 154.34969425201416)
(4773, 154.352774143219)
(4772, 154.3558361530304)
(4771, 154.36807012557983)
(4770, 154.37316608428955)
(4769, 154.37531900405884)
(4768, 154.38081622123718)
(4767, 154.38753414154053)
(4766, 154.38892793655396)
(4765, 154.39042806625366)
(4764, 154.40301418304443)
(4763, 154.4034779071808)
(4762, 154.4039809703827)
(4761, 154.41092920303345)
(4760, 154.42135429382324)
(4759, 154.42214798927307)
(4758, 154.42795419692993)
(4757, 154.43217396736145)
(4756, 154.43341207504272)
(4755, 154.4501371383667)
(4754, 154.45260000228882)
(4753, 154.45326399803162)
(4752, 154.45394706726074)
(4751, 154.46860909461975)
(4750, 154.47020888328552)
(4749, 154.47620224952698)
(4748, 154.49344205856323)
(4747, 154.4983742237091)
(4746, 154.4988510608673)
(4745, 154.50096035003662)
(4744, 154.50151324272156)
(4743, 154.50305199623108)
(4742, 154.51215815544128)
(4741, 154.51305103302002)
(4740, 154.51574325561523)
(4739, 154.52246809005737)
(4738, 154.5248601436615)
(4737, 154.5278401374817)
(4736, 154.53011298179626)
(4735, 154.5314862728119)
(4734, 154.53199911117554)
(4733, 154.53410816192627)
(4732, 154.53521299362183)
(4731, 154.53892302513123)
(4730, 154.53964710235596)
(4729, 154.54315733909607)
(4728, 154.5436041355133)
(4727, 154.54517698287964)
(4726, 154.5488600730896)
(4725, 154.5495479106903)
(4724, 154.55168414115906)
(4723, 154.55386209487915)
(4722, 154.5608160495758)
(4721, 154.56404614448547)
(4720, 154.56996130943298)
(4719, 154.57463216781616)
(4718, 154.58397722244263)
(4717, 154.5999231338501)
(4716, 154.60973811149597)
(4715, 154.6212191581726)
(4714, 154.6217541694641)
(4713, 154.62351298332214)
(4712, 154.62911820411682)
(4711, 154.66928601264954)
(4710, 154.67147994041443)
(4709, 154.67377400398254)
(4708, 154.67935299873352)
(4707, 154.70631217956543)
(4706, 154.71322894096375)
(4705, 154.72535109519958)
(4704, 154.7331030368805)
(4703, 154.748113155365)
(4702, 154.7553791999817)
(4701, 154.7612020969391)
(4700, 154.7615180015564)
(4699, 154.76260018348694)
(4698, 154.7663631439209)
(4697, 154.7764720916748)
(4696, 154.7862491607666)
(4695, 154.78876113891602)
(4694, 154.79130792617798)
(4693, 154.80917406082153)
(4692, 154.8115680217743)
(4691, 154.82069325447083)
(4690, 154.8405532836914)
(4689, 154.847962141037)
(4688, 154.85648918151855)
(4687, 154.8634810447693)
(4686, 154.86434125900269)
(4685, 154.8682301044464)
(4684, 154.87317609786987)
(4683, 154.8787031173706)
(4682, 154.87924718856812)
(4681, 154.8897840976715)
(4680, 154.8938250541687)
(4679, 154.90220308303833)
(4678, 154.91863918304443)
(4677, 154.92729711532593)
(4676, 154.93489909172058)
(4675, 154.9939661026001)
(4674, 155.00521111488342)
(4673, 155.01998710632324)
(4672, 155.03932213783264)
(4671, 155.07787418365479)
(4670, 155.0841200351715)
(4669, 155.11620712280273)
(4668, 155.16033720970154)
(4667, 155.17560696601868)
(4666, 155.19039607048035)
(4665, 155.1924970149994)
(4664, 155.20048093795776)
(4663, 155.20510816574097)
(4662, 155.21269011497498)
(4661, 155.21327304840088)
(4660, 155.26798009872437)
(4659, 161.99453902244568)
(4658, 162.1669979095459)
(4657, 162.19679713249207)
(4656, 162.20062708854675)
(4655, 162.21594214439392)
(4654, 162.2604730129242)
(4653, 162.26250410079956)
(4652, 162.27055621147156)
(4651, 162.27108812332153)
(4650, 162.39168620109558)
(4649, 162.39326930046082)
(4648, 162.46071219444275)
(4647, 162.54688000679016)
(4646, 162.62988996505737)
(4645, 162.8060691356659)
(4644, 162.84142398834229)
(4643, 162.85951828956604)
(4642, 162.97888922691345)
(4641, 163.02974009513855)
(4640, 163.0328540802002)
(4639, 163.32896828651428)
(4638, 163.37492299079895)
(4637, 163.3918240070343)
(4636, 163.39769792556763)
(4635, 163.39814400672913)
(4634, 163.58401608467102)
(4633, 163.64586687088013)
(4632, 163.65716123580933)
(4631, 164.3661961555481)
(4630, 164.40532803535461)
(4629, 164.70150899887085)
(4628, 164.76534795761108)
(4627, 164.85640215873718)
(4626, 165.03417015075684)
(4625, 165.03486919403076)
(4624, 165.12411999702454)
(4623, 165.19780707359314)
(4622, 165.2811141014099)
(4621, 165.53620290756226)
(4620, 166.00919222831726)
(4619, 166.0097062587738)
(4618, 166.01371908187866)
(4617, 166.02692008018494)
(4616, 166.02726697921753)
(4615, 166.34796714782715)
(4614, 166.35210418701172)
(4613, 166.3608741760254)
(4612, 166.68009901046753)
(4611, 166.80872797966003)
(4610, 166.86317420005798)
(4609, 166.8654510974884)
(4608, 166.88876724243164)
(4607, 167.31033420562744)
(4606, 167.86975717544556)
(4605, 167.9568691253662)
(4604, 167.96380996704102)
(4603, 168.27738904953003)
(4602, 168.35869812965393)
(4601, 168.7463731765747)
(4600, 168.80072212219238)
(4599, 169.20229816436768)
(4598, 169.20259618759155)
(4597, 169.31398606300354)
(4596, 169.56668615341187)
(4595, 169.75565314292908)
(4594, 170.23869609832764)
(4593, 170.25989317893982)
(4592, 170.26336312294006)
(4591, 170.2729709148407)
(4590, 170.30570316314697)
(4589, 170.31020212173462)
(4588, 170.3916871547699)
(4587, 170.6486530303955)
(4586, 170.8427700996399)
(4585, 171.38458013534546)
(4584, 171.39878606796265)
(4583, 171.4026551246643)
(4582, 171.65149521827698)
(4581, 172.217205286026)
(4580, 172.56668615341187)
(4579, 172.56702208518982)
(4578, 173.15518307685852)
(4577, 173.90971112251282)
(4576, 173.9104700088501)
(4575, 173.99300026893616)
(4574, 175.15834617614746)
(4573, 175.92158198356628)
(4572, 175.92208909988403)
(4571, 175.9679012298584)
(4570, 178.93779802322388)
(4569, 180.385418176651)
(4568, 180.75778031349182)
(4567, 181.51997828483582)
(4566, 185.34383726119995)
(4565, 185.43343091011047)
(4564, 189.33446216583252)
(4563, 189.625962972641)
(4562, 190.36185598373413)
(4561, 192.4651072025299)
(4560, 200.92660903930664)
(4559, 202.87623000144958)
(4558, 207.88053798675537)
(4557, 212.34073519706726)
(4556, 215.7144091129303)
(4555, 216.95333409309387)
(4554, 218.06933212280273)
(4553, 219.33669805526733)
(4552, 228.8587749004364)
(4551, 242.954341173172)
(4550, 243.32482814788818)
(4549, 245.25467109680176)
(4548, 253.09816312789917)
(4547, 257.2133512496948)
(4546, 276.161828994751)
(4545, 291.9136962890625)
(4544, 307.43488097190857)
(4543, 454.65846490859985)
