(4856, 154.35826778411865)
(4855, 154.36265397071838)
(4854, 154.3630087375641)
(4853, 154.365660905838)
(4852, 154.36870670318604)
(4851, 154.3694019317627)
(4850, 154.37038683891296)
(4849, 154.38884377479553)
(4848, 154.39173674583435)
(4847, 154.39357495307922)
(4846, 154.39702677726746)
(4845, 154.39881086349487)
(4844, 154.39970207214355)
(4843, 154.40162205696106)
(4842, 154.4061119556427)
(4841, 154.40780591964722)
(4840, 154.40974283218384)
(4839, 154.4104688167572)
(4838, 154.41636776924133)
(4837, 154.4225218296051)
(4836, 154.4269518852234)
(4835, 154.43440985679626)
(4834, 154.43529391288757)
(4833, 154.43739986419678)
(4832, 154.44417691230774)
(4831, 154.4497480392456)
(4830, 154.45132684707642)
(4829, 154.45655870437622)
(4828, 154.46259999275208)
(4827, 154.46487498283386)
(4826, 154.4677450656891)
(4825, 154.4686107635498)
(4824, 154.47529697418213)
(4823, 154.47834086418152)
(4822, 154.48122692108154)
(4821, 154.48506498336792)
(4820, 154.4870729446411)
(4819, 154.49416780471802)
(4818, 154.49825286865234)
(4817, 154.50331687927246)
(4816, 154.50651383399963)
(4815, 154.50886464118958)
(4814, 154.5098328590393)
(4813, 154.51433396339417)
(4812, 154.51813888549805)
(4811, 154.52048802375793)
(4810, 154.5291428565979)
(4809, 154.52949571609497)
(4808, 154.53626585006714)
(4807, 154.5380048751831)
(4806, 154.53867387771606)
(4805, 154.54770278930664)
(4804, 154.55259084701538)
(4803, 154.55304980278015)
(4802, 154.55452179908752)
(4801, 154.55952882766724)
(4800, 154.57002091407776)
(4799, 154.57592678070068)
(4798, 154.5787799358368)
(4797, 154.58317184448242)
(4796, 154.58399176597595)
(4795, 154.58986401557922)
(4794, 154.60945105552673)
(4793, 154.6249589920044)
(4792, 154.625501871109)
(4791, 154.63189888000488)
(4790, 154.6348958015442)
(4789, 154.63558793067932)
(4788, 154.6366069316864)
(4787, 154.64056181907654)
(4786, 154.6515667438507)
(4785, 154.65571784973145)
(4784, 154.65604186058044)
(4783, 154.6564338207245)
(4782, 154.67173099517822)
(4781, 154.68014788627625)
(4780, 154.68631196022034)
(4779, 154.69722080230713)
(4778, 154.70045685768127)
(4777, 154.70265078544617)
(4776, 154.71604466438293)
(4775, 154.71781468391418)
(4774, 154.71829891204834)
(4773, 154.7217206954956)
(4772, 154.72958493232727)
(4771, 154.7309548854828)
(4770, 154.73401880264282)
(4769, 154.738538980484)
(4768, 154.74308681488037)
(4767, 154.7501289844513)
(4766, 154.7558147907257)
(4765, 154.75869178771973)
(4764, 154.76158475875854)
(4763, 154.7700810432434)
(4762, 154.77146983146667)
(4761, 154.77297282218933)
(4760, 154.78495168685913)
(4759, 154.78707480430603)
(4758, 154.78757572174072)
(4757, 154.7936818599701)
(4756, 154.8070957660675)
(4755, 154.80781292915344)
(4754, 154.81302881240845)
(4753, 154.81814670562744)
(4752, 154.8193826675415)
(4751, 154.83530282974243)
(4750, 154.83763098716736)
(4749, 154.84575176239014)
(4748, 154.8568148612976)
(4747, 154.85722184181213)
(4746, 154.866623878479)
(4745, 154.88115191459656)
(4744, 154.88449096679688)
(4743, 154.88496279716492)
(4742, 154.8870689868927)
(4741, 154.88761973381042)
(4740, 154.8891520500183)
(4739, 154.89561867713928)
(4738, 154.89782667160034)
(4737, 154.8987216949463)
(4736, 154.90660881996155)
(4735, 154.9089958667755)
(4734, 154.91321301460266)
(4733, 154.9136860370636)
(4732, 154.91703391075134)
(4731, 154.9184069633484)
(4730, 154.9189178943634)
(4729, 154.921404838562)
(4728, 154.92518186569214)
(4727, 154.92924904823303)
(4726, 154.92971396446228)
(4725, 154.93015789985657)
(4724, 154.93505573272705)
(4723, 154.94035983085632)
(4722, 154.94566583633423)
(4721, 154.9592308998108)
(4720, 154.96594381332397)
(4719, 154.968270778656)
(4718, 154.98139810562134)
(4717, 154.98514580726624)
(4716, 154.99232006072998)
(4715, 155.00726199150085)
(4714, 155.00779604911804)
(4713, 155.00979900360107)
(4712, 155.0102400779724)
(4711, 155.0176899433136)
(4710, 155.01811575889587)
(4709, 155.02659106254578)
(4708, 155.02968883514404)
(4707, 155.03024697303772)
(4706, 155.03097867965698)
(4705, 155.0323839187622)
(4704, 155.03284573554993)
(4703, 155.0657458305359)
(4702, 155.06624579429626)
(4701, 155.07425475120544)
(4700, 155.1006510257721)
(4699, 155.10627675056458)
(4698, 155.11148691177368)
(4697, 155.1403248310089)
(4696, 155.1491458415985)
(4695, 155.1500370502472)
(4694, 155.15215587615967)
(4693, 155.15246891975403)
(4692, 155.1535267829895)
(4691, 155.16248297691345)
(4690, 155.16285967826843)
(4689, 155.16327095031738)
(4688, 155.16611886024475)
(4687, 155.1698009967804)
(4686, 155.1776988506317)
(4685, 155.19638085365295)
(4684, 155.19805192947388)
(4683, 155.20722794532776)
(4682, 155.2321059703827)
(4681, 155.2435007095337)
(4680, 155.2486069202423)
(4679, 155.2494659423828)
(4678, 155.2594518661499)
(4677, 155.25999784469604)
(4676, 155.2775719165802)
(4675, 155.28398084640503)
(4674, 155.29992198944092)
(4673, 155.3154947757721)
(4672, 155.32056283950806)
(4671, 155.3727638721466)
(4670, 155.37320494651794)
(4669, 155.3828468322754)
(4668, 155.3877556324005)
(4667, 155.39183592796326)
(4666, 155.41010093688965)
(4665, 155.42521786689758)
(4664, 155.46073293685913)
(4663, 155.46346187591553)
(4662, 155.4682958126068)
(4661, 155.50312495231628)
(4660, 155.5255880355835)
(4659, 155.53376483917236)
(4658, 155.55399870872498)
(4657, 155.56955885887146)
(4656, 155.57363367080688)
(4655, 155.5869209766388)
(4654, 155.59890794754028)
(4653, 155.604660987854)
(4652, 155.608167886734)
(4651, 155.6232888698578)
(4650, 155.63706183433533)
(4649, 155.65616106987)
(4648, 155.65783786773682)
(4647, 164.87225985527039)
(4646, 164.9268889427185)
(4645, 165.00989699363708)
(4644, 165.01215887069702)
(4643, 165.16649389266968)
(4642, 165.18448281288147)
(4641, 165.32461285591125)
(4640, 165.4472508430481)
(4639, 165.62907695770264)
(4638, 165.6296148300171)
(4637, 165.6342008113861)
(4636, 165.6364758014679)
(4635, 165.63992977142334)
(4634, 165.8221218585968)
(4633, 165.96720170974731)
(4632, 165.9770908355713)
(4631, 165.98018193244934)
(4630, 165.98785781860352)
(4629, 166.09359073638916)
(4628, 166.37344074249268)
(4627, 166.55542182922363)
(4626, 166.55586004257202)
(4625, 166.95098972320557)
(4624, 166.9670307636261)
(4623, 166.97269201278687)
(4622, 167.21588778495789)
(4621, 167.57408475875854)
(4620, 167.58247184753418)
(4619, 167.5865979194641)
(4618, 167.76192688941956)
(4617, 167.90375185012817)
(4616, 168.12151098251343)
(4615, 168.20059490203857)
(4614, 168.39424800872803)
(4613, 168.53395676612854)
(4612, 168.6866157054901)
(4611, 168.96801376342773)
(4610, 169.3124988079071)
(4609, 169.3182668685913)
(4608, 169.70235586166382)
(4607, 170.10226202011108)
(4606, 170.1098906993866)
(4605, 170.11060309410095)
(4604, 170.4481098651886)
(4603, 170.94856667518616)
(4602, 170.95118379592896)
(4601, 171.7557556629181)
(4600, 172.02101302146912)
(4599, 172.9043369293213)
(4598, 173.00809288024902)
(4597, 173.03300881385803)
(4596, 173.0940239429474)
(4595, 173.18477702140808)
(4594, 173.62746596336365)
(4593, 174.27513885498047)
(4592, 174.45961785316467)
(4591, 174.47347474098206)
(4590, 174.5975399017334)
(4589, 174.971519947052)
(4588, 176.32179284095764)
(4587, 176.6687638759613)
(4586, 177.2881727218628)
(4585, 177.299489736557)
(4584, 178.54402089118958)
(4583, 179.6358518600464)
(4582, 179.70712399482727)
(4581, 179.94959998130798)
(4580, 180.23269772529602)
(4579, 181.17020988464355)
(4578, 181.82731795310974)
(4577, 182.46908688545227)
(4576, 182.53836965560913)
(4575, 183.43148398399353)
(4574, 183.7145049571991)
(4573, 184.35323810577393)
(4572, 184.853502035141)
(4571, 185.8545160293579)
(4570, 186.9526867866516)
(4569, 187.4460427761078)
(4568, 187.8523669242859)
(4567, 188.67166185379028)
(4566, 191.45594596862793)
(4565, 192.34953784942627)
(4564, 193.84299397468567)
(4563, 198.0263078212738)
(4562, 213.1890037059784)
(4561, 219.2914628982544)
(4560, 220.95933485031128)
(4559, 227.7627477645874)
(4558, 228.3686227798462)
(4557, 229.55179381370544)
(4556, 230.68601298332214)
(4555, 235.39953589439392)
(4554, 243.3822159767151)
(4553, 248.48357486724854)
(4552, 254.83068895339966)
(4551, 256.32341980934143)
(4550, 266.0435469150543)
(4549, 275.6539840698242)
(4548, 279.6289689540863)
(4547, 309.58430075645447)
(4546, 314.1068139076233)
(4545, 314.1808338165283)
(4544, 344.401912689209)
(4543, 501.1649947166443)
