(4856, 154.46777391433716)
(4855, 154.47225713729858)
(4854, 154.47262692451477)
(4853, 154.47473001480103)
(4852, 154.47694516181946)
(4851, 154.47763991355896)
(4850, 154.4786229133606)
(4849, 154.49686098098755)
(4848, 154.4996840953827)
(4847, 154.50217604637146)
(4846, 154.50562715530396)
(4845, 154.50788927078247)
(4844, 154.50875902175903)
(4843, 154.51067209243774)
(4842, 154.51713728904724)
(4841, 154.5178759098053)
(4840, 154.51980900764465)
(4839, 154.5205361843109)
(4838, 154.52685523033142)
(4837, 154.53188514709473)
(4836, 154.53794312477112)
(4835, 154.5410759449005)
(4834, 154.54499006271362)
(4833, 154.54708909988403)
(4832, 154.5558910369873)
(4831, 154.56075382232666)
(4830, 154.5627052783966)
(4829, 154.57051801681519)
(4828, 154.57601618766785)
(4827, 154.57822513580322)
(4826, 154.5810911655426)
(4825, 154.58195400238037)
(4824, 154.58777284622192)
(4823, 154.59002900123596)
(4822, 154.59298825263977)
(4821, 154.59554409980774)
(4820, 154.59754610061646)
(4819, 154.6019570827484)
(4818, 154.6042501926422)
(4817, 154.61014008522034)
(4816, 154.61285090446472)
(4815, 154.61513900756836)
(4814, 154.61610007286072)
(4813, 154.61802124977112)
(4812, 154.62361693382263)
(4811, 154.62597608566284)
(4810, 154.63334202766418)
(4809, 154.63813400268555)
(4808, 154.6399109363556)
(4807, 154.64053106307983)
(4806, 154.64959001541138)
(4805, 154.65411710739136)
(4804, 154.6549949645996)
(4803, 154.65706300735474)
(4802, 154.66201400756836)
(4801, 154.66981410980225)
(4800, 154.6762502193451)
(4799, 154.68112993240356)
(4798, 154.6830451488495)
(4797, 154.68387508392334)
(4796, 154.6929280757904)
(4795, 154.70434403419495)
(4794, 154.71030616760254)
(4793, 154.71901202201843)
(4792, 154.7295789718628)
(4791, 154.7317922115326)
(4790, 154.74224400520325)
(4789, 154.74413514137268)
(4788, 154.74545407295227)
(4787, 154.74647307395935)
(4786, 154.7497022151947)
(4785, 154.75746202468872)
(4784, 154.7588632106781)
(4783, 154.75922989845276)
(4782, 154.75962114334106)
(4781, 154.77606391906738)
(4780, 154.78745913505554)
(4779, 154.79742002487183)
(4778, 154.80675888061523)
(4777, 154.8084580898285)
(4776, 154.8113169670105)
(4775, 154.8247880935669)
(4774, 154.82512402534485)
(4773, 154.82737398147583)
(4772, 154.83585906028748)
(4771, 154.83722805976868)
(4770, 154.841814994812)
(4769, 154.8434190750122)
(4768, 154.8446662425995)
(4767, 154.8556809425354)
(4766, 154.86134099960327)
(4765, 154.8634738922119)
(4764, 154.86636304855347)
(4763, 154.87397503852844)
(4762, 154.87536096572876)
(4761, 154.876855134964)
(4760, 154.8847370147705)
(4759, 154.88966012001038)
(4758, 154.89293599128723)
(4757, 154.89343786239624)
(4756, 154.89809107780457)
(4755, 154.91689920425415)
(4754, 154.9176139831543)
(4753, 154.92344403266907)
(4752, 154.92766308784485)
(4751, 154.92889595031738)
(4750, 154.94554495811462)
(4749, 154.94787311553955)
(4748, 154.95362615585327)
(4747, 154.95433020591736)
(4746, 154.95501017570496)
(4745, 154.95861506462097)
(4744, 154.96733903884888)
(4743, 154.96975994110107)
(4742, 154.97197222709656)
(4741, 154.97879600524902)
(4740, 154.99427723884583)
(4739, 154.99832105636597)
(4738, 154.99876403808594)
(4737, 154.99923706054688)
(4736, 155.0008270740509)
(4735, 155.0013780593872)
(4734, 155.01191806793213)
(4733, 155.01281094551086)
(4732, 155.01493310928345)
(4731, 155.02196311950684)
(4730, 155.02710914611816)
(4729, 155.0294189453125)
(4728, 155.03149223327637)
(4727, 155.03200888633728)
(4726, 155.03458309173584)
(4725, 155.03495717048645)
(4724, 155.0402581691742)
(4723, 155.042809009552)
(4722, 155.0432529449463)
(4721, 155.04481410980225)
(4720, 155.0487961769104)
(4719, 155.05070900917053)
(4718, 155.05316996574402)
(4717, 155.0576410293579)
(4716, 155.0695219039917)
(4715, 155.07990288734436)
(4714, 155.09003019332886)
(4713, 155.09336018562317)
(4712, 155.09888887405396)
(4711, 155.10604691505432)
(4710, 155.1212921142578)
(4709, 155.1219482421875)
(4708, 155.12248301506042)
(4707, 155.12467098236084)
(4706, 155.13283395767212)
(4705, 155.13321495056152)
(4704, 155.13969898223877)
(4703, 155.1430149078369)
(4702, 155.14374613761902)
(4701, 155.14514827728271)
(4700, 155.14561009407043)
(4699, 155.18568301200867)
(4698, 155.21514797210693)
(4697, 155.25674700737)
(4696, 155.25763416290283)
(4695, 155.2594301700592)
(4694, 155.26007604599)
(4693, 155.26113104820251)
(4692, 155.2648901939392)
(4691, 155.27063393592834)
(4690, 155.27095913887024)
(4689, 155.2713348865509)
(4688, 155.27174496650696)
(4687, 155.27578020095825)
(4686, 155.28081107139587)
(4685, 155.2886369228363)
(4684, 155.305997133255)
(4683, 155.3064341545105)
(4682, 155.3074610233307)
(4681, 155.3156201839447)
(4680, 155.34175610542297)
(4679, 155.34363794326782)
(4678, 155.35503697395325)
(4677, 155.35914707183838)
(4676, 155.36208510398865)
(4675, 155.36969113349915)
(4674, 155.37023305892944)
(4673, 155.3888041973114)
(4672, 155.3935730457306)
(4671, 155.41587924957275)
(4670, 155.4291489124298)
(4669, 155.43487405776978)
(4668, 155.48119497299194)
(4667, 155.49470686912537)
(4666, 155.4998049736023)
(4665, 155.5396192073822)
(4664, 155.57148003578186)
(4663, 155.5767321586609)
(4662, 155.6101291179657)
(4661, 155.64962816238403)
(4660, 155.6696810722351)
(4659, 155.67741799354553)
(4658, 155.6797230243683)
(4657, 155.68711614608765)
(4656, 155.69072699546814)
(4655, 155.69464707374573)
(4654, 155.71517205238342)
(4653, 155.72418308258057)
(4652, 155.72507309913635)
(4651, 155.72571206092834)
(4650, 155.7454972267151)
(4649, 155.77188515663147)
(4648, 164.40837717056274)
(4647, 164.57738304138184)
(4646, 164.60354828834534)
(4645, 164.61124300956726)
(4644, 164.6116180419922)
(4643, 164.68188905715942)
(4642, 164.69066286087036)
(4641, 164.719251871109)
(4640, 164.8580780029297)
(4639, 164.89843106269836)
(4638, 164.9324290752411)
(4637, 165.059317111969)
(4636, 165.0667200088501)
(4635, 165.07019209861755)
(4634, 165.0795361995697)
(4633, 165.0799961090088)
(4632, 165.6425220966339)
(4631, 165.65447616577148)
(4630, 166.00023913383484)
(4629, 166.2443130016327)
(4628, 166.28271317481995)
(4627, 166.49120712280273)
(4626, 166.70320200920105)
(4625, 166.90292501449585)
(4624, 166.97092723846436)
(4623, 166.98055696487427)
(4622, 167.6959400177002)
(4621, 168.05896306037903)
(4620, 168.0648341178894)
(4619, 168.13476824760437)
(4618, 168.4163179397583)
(4617, 168.68414521217346)
(4616, 168.8446400165558)
(4615, 168.9359211921692)
(4614, 169.4710340499878)
(4613, 169.51388692855835)
(4612, 169.837158203125)
(4611, 170.02912402153015)
(4610, 170.03803324699402)
(4609, 170.03836107254028)
(4608, 170.60151410102844)
(4607, 170.86007499694824)
(4606, 171.9873640537262)
(4605, 172.22893691062927)
(4604, 173.0533881187439)
(4603, 173.07118582725525)
(4602, 173.48482823371887)
(4601, 174.0775830745697)
(4600, 174.68486905097961)
(4599, 174.8796899318695)
(4598, 175.87206029891968)
(4597, 175.90694618225098)
(4596, 176.6187400817871)
(4595, 177.33698201179504)
(4594, 177.49477410316467)
(4593, 178.13013815879822)
(4592, 178.18978714942932)
(4591, 178.31479406356812)
(4590, 178.56648015975952)
(4589, 179.22670006752014)
(4588, 179.26119017601013)
(4587, 179.55288410186768)
(4586, 179.9700689315796)
(4585, 180.9547791481018)
(4584, 181.21132898330688)
(4583, 181.22284412384033)
(4582, 181.41736125946045)
(4581, 181.89366698265076)
(4580, 183.69618892669678)
(4579, 184.63333201408386)
(4578, 184.9710578918457)
(4577, 185.36106610298157)
(4576, 185.40831208229065)
(4575, 185.98193502426147)
(4574, 186.67641592025757)
(4573, 186.71963119506836)
(4572, 187.23151421546936)
(4571, 187.27293491363525)
(4570, 187.82253217697144)
(4569, 188.53549695014954)
(4568, 190.67111110687256)
(4567, 191.90822410583496)
(4566, 194.72892427444458)
(4565, 194.74962615966797)
(4564, 198.7438189983368)
(4563, 199.99961709976196)
(4562, 205.1592981815338)
(4561, 206.7518711090088)
(4560, 209.79081797599792)
(4559, 210.2987940311432)
(4558, 212.61380290985107)
(4557, 225.24490594863892)
(4556, 226.97656393051147)
(4555, 233.91870594024658)
(4554, 236.26946210861206)
(4553, 239.80750012397766)
(4552, 240.18490314483643)
(4551, 242.67644500732422)
(4550, 247.53545022010803)
(4549, 263.8980360031128)
(4548, 288.08843207359314)
(4547, 292.86688208580017)
(4546, 318.6248109340668)
(4545, 343.78133392333984)
(4544, 464.1970181465149)
(4543, 544.9940910339355)
