(7038, 58.968255043029785)
(7037, 58.968786001205444)
(7036, 59.13829207420349)
(7035, 59.14639401435852)
(7034, 59.19798302650452)
(7033, 59.27122688293457)
(7032, 59.27367901802063)
(7031, 59.27929496765137)
(7030, 59.36043190956116)
(7029, 59.37658977508545)
(7028, 59.381954193115234)
(7027, 59.4067599773407)
(7026, 59.42271399497986)
(7025, 59.42922496795654)
(7024, 59.44905996322632)
(7023, 59.53280997276306)
(7022, 59.54421091079712)
(7021, 59.57579183578491)
(7020, 59.64282989501953)
(7019, 59.679872035980225)
(7018, 59.68485403060913)
(7017, 59.68940091133118)
(7016, 59.69926691055298)
(7015, 59.70845007896423)
(7014, 59.73877000808716)
(7013, 59.780454874038696)
(7012, 59.80829906463623)
(7011, 59.84499478340149)
(7010, 59.8710150718689)
(7009, 60.73377585411072)
(7008, 60.74039697647095)
(7007, 60.75912404060364)
(7006, 60.84252595901489)
(7005, 60.884615898132324)
(7004, 60.91724705696106)
(7003, 60.941686153411865)
(7002, 60.996705055236816)
(7001, 61.871171951293945)
(7000, 61.880181074142456)
(6999, 61.99196100234985)
(6998, 124.50325989723206)
(6997, 124.58933901786804)
(6996, 124.58974003791809)
(6995, 124.72356986999512)
(6994, 124.8481650352478)
(6993, 131.8698971271515)
(6992, 136.01637506484985)
(6991, 136.98837685585022)
(6990, 136.99304103851318)
(6989, 137.20798301696777)
(6988, 146.83781003952026)
(6987, 157.2075788974762)
(6986, 157.2084629535675)
(6985, 157.21099400520325)
(6984, 157.21207690238953)
(6983, 169.30544209480286)
(6982, 169.72125506401062)
(6981, 173.42888879776)
(6980, 176.27883505821228)
(6979, 176.44127106666565)
(6978, 177.13799715042114)
(6977, 183.17267298698425)
(6976, 183.76906394958496)
(6975, 184.3648669719696)
(6974, 197.06437587738037)
(6973, 197.065416097641)
(6972, 205.25150179862976)
(6971, 207.0580539703369)
(6970, 208.03192615509033)
(6969, 214.36666202545166)
(6968, 215.1931290626526)
(6967, 225.09431195259094)
(6966, 232.88033390045166)
(6965, 236.76881003379822)
(6964, 245.52114009857178)
(6963, 247.28273582458496)
(6962, 247.28318810462952)
(6961, 255.54292583465576)
(6960, 255.56678795814514)
(6959, 258.00938391685486)
(6958, 259.8564429283142)
(6957, 259.9613540172577)
(6956, 260.1660349369049)
(6955, 260.80718898773193)
(6954, 261.311998128891)
(6953, 261.6532440185547)
(6952, 261.65363597869873)
(6951, 261.95741605758667)
(6950, 262.05948090553284)
(6949, 263.2706549167633)
(6948, 263.7726559638977)
(6947, 279.1540298461914)
(6946, 285.12708497047424)
(6945, 292.80374002456665)
(6944, 306.32587814331055)
(6943, 309.32721495628357)
(6942, 309.3283989429474)
(6941, 322.52636909484863)
(6940, 337.93929719924927)
(6939, 345.9698169231415)
(6938, 345.9730508327484)
(6937, 345.9977970123291)
(6936, 347.33095598220825)
(6935, 356.15102791786194)
(6934, 356.1573770046234)
(6933, 359.5184509754181)
(6932, 360.90249514579773)
(6931, 363.86188197135925)
(6930, 363.8741672039032)
(6929, 363.87530303001404)
(6928, 383.38455414772034)
(6927, 385.9117031097412)
(6926, 396.7356290817261)
(6925, 421.57196497917175)
(6924, 421.57293915748596)
(6923, 429.01794481277466)
(6922, 451.3499391078949)
